[ 2018-03-19T09:07:25+08:00 ] ::1 /GuDao/Index/home
INFO: [ app_init ] --START--
INFO: Run Behavior\BuildLiteBehavior [ RunTime:0.000041s ]
INFO: [ app_init ] --END-- [ RunTime:0.132876s ]
INFO: [ app_begin ] --START--
INFO: Run Behavior\ReadHtmlCacheBehavior [ RunTime:0.051425s ]
INFO: [ app_begin ] --END-- [ RunTime:0.051607s ]
INFO: [ view_parse ] --START--
INFO: [ template_filter ] --START--
INFO: Run Behavior\ContentReplaceBehavior [ RunTime:0.000227s ]
INFO: [ template_filter ] --END-- [ RunTime:0.000410s ]
INFO: Run Behavior\ParseTemplateBehavior [ RunTime:0.246957s ]
INFO: [ view_parse ] --END-- [ RunTime:0.247185s ]
INFO: [ view_filter ] --START--
INFO: Run Behavior\WriteHtmlCacheBehavior [ RunTime:0.025899s ]
INFO: [ view_filter ] --END-- [ RunTime:0.026035s ]
INFO: [ app_end ] --START--
INFO: Run Behavior\ShowPageTraceBehavior [ RunTime:0.032903s ]
INFO: [ app_end ] --END-- [ RunTime:0.033074s ]

[ 2018-03-19T09:07:29+08:00 ] ::1 /GuDao/Index/getHotShow
INFO: [ app_init ] --START--
INFO: Run Behavior\BuildLiteBehavior [ RunTime:0.000024s ]
INFO: [ app_init ] --END-- [ RunTime:0.001455s ]
INFO: [ app_begin ] --START--
INFO: Run Behavior\ReadHtmlCacheBehavior [ RunTime:0.002928s ]
INFO: [ app_begin ] --END-- [ RunTime:0.003023s ]
SQL: SHOW COLUMNS FROM `want` [ RunTime:0.0342s ]
SQL: SHOW COLUMNS FROM `want` [ RunTime:0.0120s ]
SQL: SELECT count('user_id') as count,`show_id` FROM `want` GROUP BY show_id ORDER BY count desc LIMIT 0,4   [ RunTime:0.0010s ]
SQL: SHOW COLUMNS FROM `show` [ RunTime:0.0155s ]
SQL: SHOW COLUMNS FROM `show` [ RunTime:0.0076s ]
SQL: SELECT * FROM `show` WHERE `show_id` = 1  [ RunTime:0.0007s ]
SQL: SHOW COLUMNS FROM `show` [ RunTime:0.0076s ]
SQL: SHOW COLUMNS FROM `show` [ RunTime:0.0085s ]
SQL: SELECT * FROM `show` WHERE `show_id` = 2  [ RunTime:0.0004s ]

[ 2018-03-19T09:07:29+08:00 ] ::1 /GuDao/Index/getRecentShow
INFO: [ app_init ] --START--
INFO: Run Behavior\BuildLiteBehavior [ RunTime:0.000026s ]
INFO: [ app_init ] --END-- [ RunTime:0.001482s ]
INFO: [ app_begin ] --START--
INFO: Run Behavior\ReadHtmlCacheBehavior [ RunTime:0.003226s ]
INFO: [ app_begin ] --END-- [ RunTime:0.003318s ]
SQL: SHOW COLUMNS FROM `show` [ RunTime:0.0062s ]
SQL: SHOW COLUMNS FROM `show` [ RunTime:0.0066s ]
SQL: SELECT * FROM `show` ORDER BY show_time desc LIMIT 0,4   [ RunTime:0.0005s ]

[ 2018-03-19T09:07:29+08:00 ] ::1 /GuDao/Index/getNotice
INFO: [ app_init ] --START--
INFO: Run Behavior\BuildLiteBehavior [ RunTime:0.000025s ]
INFO: [ app_init ] --END-- [ RunTime:0.001196s ]
INFO: [ app_begin ] --START--
INFO: Run Behavior\ReadHtmlCacheBehavior [ RunTime:0.002701s ]
INFO: [ app_begin ] --END-- [ RunTime:0.002806s ]
SQL: SHOW COLUMNS FROM `notice` [ RunTime:0.0055s ]
NOTIC: [2] Missing argument 3 for Home\Model\NoticeModel::getNoticeByPage(), called in D:\xampp\htdocs\GuDao\GuDao\Home\Controller\IndexController.class.php on line 148 and defined D:\xampp\htdocs\GuDao\GuDao\Home\Model\NoticeModel.class.php 第 11 行.
SQL: SHOW COLUMNS FROM `notice` [ RunTime:0.0145s ]
NOTIC: [8] Undefined variable: condition D:\xampp\htdocs\GuDao\GuDao\Home\Model\NoticeModel.class.php 第 13 行.
SQL: SELECT * FROM `notice` ORDER BY notice_time desc LIMIT 0,7   [ RunTime:0.0004s ]

[ 2018-03-19T09:07:29+08:00 ] ::1 /GuDao/Index/getShowCalendar
INFO: [ app_init ] --START--
INFO: Run Behavior\BuildLiteBehavior [ RunTime:0.000026s ]
INFO: [ app_init ] --END-- [ RunTime:0.001175s ]
INFO: [ app_begin ] --START--
INFO: Run Behavior\ReadHtmlCacheBehavior [ RunTime:0.002666s ]
INFO: [ app_begin ] --END-- [ RunTime:0.002773s ]
SQL: SHOW COLUMNS FROM `show` [ RunTime:0.0075s ]
SQL: SHOW COLUMNS FROM `show` [ RunTime:0.0085s ]
SQL: SELECT count('show_id') as count,`show_time` FROM `show` WHERE `show_time` LIKE '2018-03%' GROUP BY show_time  [ RunTime:0.0009s ]

[ 2018-03-19T09:07:29+08:00 ] ::1 /GuDao/Index/getHotBand
INFO: [ app_init ] --START--
INFO: Run Behavior\BuildLiteBehavior [ RunTime:0.000027s ]
INFO: [ app_init ] --END-- [ RunTime:0.000729s ]
INFO: [ app_begin ] --START--
INFO: Run Behavior\ReadHtmlCacheBehavior [ RunTime:0.001100s ]
INFO: [ app_begin ] --END-- [ RunTime:0.001196s ]
SQL: SHOW COLUMNS FROM `support` [ RunTime:0.0055s ]
SQL: SHOW COLUMNS FROM `support` [ RunTime:0.0062s ]
SQL: SELECT count('user_id') as count,`band_id` FROM `support` GROUP BY band_id ORDER BY count desc LIMIT 0,4   [ RunTime:0.0005s ]
SQL: SHOW COLUMNS FROM `band` [ RunTime:0.0053s ]
SQL: SHOW COLUMNS FROM `band` [ RunTime:0.0089s ]
SQL: SELECT * FROM `band` WHERE `band_id` = 2  [ RunTime:0.0396s ]
SQL: SHOW COLUMNS FROM `band` [ RunTime:0.0077s ]
SQL: SHOW COLUMNS FROM `band` [ RunTime:0.0061s ]
SQL: SELECT * FROM `band` WHERE `band_id` = 8  [ RunTime:0.0003s ]
SQL: SHOW COLUMNS FROM `band` [ RunTime:0.0052s ]
SQL: SHOW COLUMNS FROM `band` [ RunTime:0.0083s ]
SQL: SELECT * FROM `band` WHERE `band_id` = 1  [ RunTime:0.0004s ]
SQL: SHOW COLUMNS FROM `band` [ RunTime:0.0078s ]
SQL: SHOW COLUMNS FROM `band` [ RunTime:0.0072s ]
SQL: SELECT * FROM `band` WHERE `band_id` = 4  [ RunTime:0.0004s ]

[ 2018-03-19T09:07:30+08:00 ] ::1 /GuDao/User/hasUnreadMessage?id=
INFO: [ app_init ] --START--
INFO: Run Behavior\BuildLiteBehavior [ RunTime:0.000029s ]
INFO: [ app_init ] --END-- [ RunTime:0.000934s ]
INFO: [ app_begin ] --START--
INFO: Run Behavior\ReadHtmlCacheBehavior [ RunTime:0.000985s ]
INFO: [ app_begin ] --END-- [ RunTime:0.023696s ]
SQL: SHOW COLUMNS FROM `reply` [ RunTime:0.0106s ]
SQL: SHOW COLUMNS FROM `reply` [ RunTime:0.0055s ]
SQL: SELECT * FROM `reply` WHERE `target_id` = 0  [ RunTime:0.0004s ]

[ 2018-03-19T09:07:35+08:00 ] ::1 /GuDao/Public/css/common/bootstrap.css.map
INFO: [ app_init ] --START--
INFO: Run Behavior\BuildLiteBehavior [ RunTime:0.000015s ]
INFO: [ app_init ] --END-- [ RunTime:0.000454s ]
INFO: [ app_begin ] --START--
INFO: Run Behavior\ReadHtmlCacheBehavior [ RunTime:0.000574s ]
INFO: [ app_begin ] --END-- [ RunTime:0.000635s ]
ERR: 无法加载控制器:Public

[ 2018-03-19T09:07:49+08:00 ] ::1 /GuDao/Index/home
INFO: [ app_init ] --START--
INFO: Run Behavior\BuildLiteBehavior [ RunTime:0.000023s ]
INFO: [ app_init ] --END-- [ RunTime:0.000789s ]
INFO: [ app_begin ] --START--
INFO: Run Behavior\ReadHtmlCacheBehavior [ RunTime:0.000683s ]
INFO: [ app_begin ] --END-- [ RunTime:0.000781s ]
INFO: [ view_parse ] --START--
INFO: [ template_filter ] --START--
INFO: Run Behavior\ContentReplaceBehavior [ RunTime:0.000119s ]
INFO: [ template_filter ] --END-- [ RunTime:0.000223s ]
INFO: Run Behavior\ParseTemplateBehavior [ RunTime:0.012062s ]
INFO: [ view_parse ] --END-- [ RunTime:0.012153s ]
INFO: [ view_filter ] --START--
INFO: Run Behavior\WriteHtmlCacheBehavior [ RunTime:0.000430s ]
INFO: [ view_filter ] --END-- [ RunTime:0.000476s ]
INFO: [ app_end ] --START--
INFO: Run Behavior\ShowPageTraceBehavior [ RunTime:0.000744s ]
INFO: [ app_end ] --END-- [ RunTime:0.000822s ]

[ 2018-03-19T09:07:49+08:00 ] ::1 /GuDao/Public/css/common/bootstrap.css.map
INFO: [ app_init ] --START--
INFO: Run Behavior\BuildLiteBehavior [ RunTime:0.000018s ]
INFO: [ app_init ] --END-- [ RunTime:0.000561s ]
INFO: [ app_begin ] --START--
INFO: Run Behavior\ReadHtmlCacheBehavior [ RunTime:0.000576s ]
INFO: [ app_begin ] --END-- [ RunTime:0.000640s ]
ERR: 无法加载控制器:Public

[ 2018-03-19T09:07:49+08:00 ] ::1 /GuDao/Index/getShowCalendar
INFO: [ app_init ] --START--
INFO: Run Behavior\BuildLiteBehavior [ RunTime:0.000016s ]
INFO: [ app_init ] --END-- [ RunTime:0.000485s ]
INFO: [ app_begin ] --START--
INFO: Run Behavior\ReadHtmlCacheBehavior [ RunTime:0.000677s ]
INFO: [ app_begin ] --END-- [ RunTime:0.000749s ]
SQL: SHOW COLUMNS FROM `show` [ RunTime:0.0084s ]
SQL: SHOW COLUMNS FROM `show` [ RunTime:0.0085s ]
SQL: SELECT count('show_id') as count,`show_time` FROM `show` WHERE `show_time` LIKE '2018-03%' GROUP BY show_time  [ RunTime:0.0011s ]

[ 2018-03-19T09:07:50+08:00 ] ::1 /GuDao/Index/getHotBand
INFO: [ app_init ] --START--
INFO: Run Behavior\BuildLiteBehavior [ RunTime:0.000024s ]
INFO: [ app_init ] --END-- [ RunTime:0.000654s ]
INFO: [ app_begin ] --START--
INFO: Run Behavior\ReadHtmlCacheBehavior [ RunTime:0.000842s ]
INFO: [ app_begin ] --END-- [ RunTime:0.000924s ]
SQL: SHOW COLUMNS FROM `support` [ RunTime:0.0059s ]
SQL: SHOW COLUMNS FROM `support` [ RunTime:0.0076s ]
SQL: SELECT count('user_id') as count,`band_id` FROM `support` GROUP BY band_id ORDER BY count desc LIMIT 0,4   [ RunTime:0.0008s ]
SQL: SHOW COLUMNS FROM `band` [ RunTime:0.0069s ]
SQL: SHOW COLUMNS FROM `band` [ RunTime:0.0091s ]
SQL: SELECT * FROM `band` WHERE `band_id` = 2  [ RunTime:0.0005s ]
SQL: SHOW COLUMNS FROM `band` [ RunTime:0.0122s ]
SQL: SHOW COLUMNS FROM `band` [ RunTime:0.0113s ]
SQL: SELECT * FROM `band` WHERE `band_id` = 8  [ RunTime:0.0006s ]
SQL: SHOW COLUMNS FROM `band` [ RunTime:0.0150s ]
SQL: SHOW COLUMNS FROM `band` [ RunTime:0.0057s ]
SQL: SELECT * FROM `band` WHERE `band_id` = 1  [ RunTime:0.0004s ]
SQL: SHOW COLUMNS FROM `band` [ RunTime:0.0083s ]
SQL: SHOW COLUMNS FROM `band` [ RunTime:0.0087s ]
SQL: SELECT * FROM `band` WHERE `band_id` = 4  [ RunTime:0.0021s ]

[ 2018-03-19T09:07:50+08:00 ] ::1 /GuDao/Index/getNotice
INFO: [ app_init ] --START--
INFO: Run Behavior\BuildLiteBehavior [ RunTime:0.000028s ]
INFO: [ app_init ] --END-- [ RunTime:0.001988s ]
INFO: [ app_begin ] --START--
INFO: Run Behavior\ReadHtmlCacheBehavior [ RunTime:0.002542s ]
INFO: [ app_begin ] --END-- [ RunTime:0.002648s ]
SQL: SHOW COLUMNS FROM `notice` [ RunTime:0.0133s ]
NOTIC: [2] Missing argument 3 for Home\Model\NoticeModel::getNoticeByPage(), called in D:\xampp\htdocs\GuDao\GuDao\Home\Controller\IndexController.class.php on line 148 and defined D:\xampp\htdocs\GuDao\GuDao\Home\Model\NoticeModel.class.php 第 11 行.
SQL: SHOW COLUMNS FROM `notice` [ RunTime:0.0101s ]
NOTIC: [8] Undefined variable: condition D:\xampp\htdocs\GuDao\GuDao\Home\Model\NoticeModel.class.php 第 13 行.
SQL: SELECT * FROM `notice` ORDER BY notice_time desc LIMIT 0,7   [ RunTime:0.0005s ]

[ 2018-03-19T09:07:50+08:00 ] ::1 /GuDao/Index/getHotShow
INFO: [ app_init ] --START--
INFO: Run Behavior\BuildLiteBehavior [ RunTime:0.000029s ]
INFO: [ app_init ] --END-- [ RunTime:0.001423s ]
INFO: [ app_begin ] --START--
INFO: Run Behavior\ReadHtmlCacheBehavior [ RunTime:0.003100s ]
INFO: [ app_begin ] --END-- [ RunTime:0.003198s ]
SQL: SHOW COLUMNS FROM `want` [ RunTime:0.0104s ]
SQL: SHOW COLUMNS FROM `want` [ RunTime:0.0104s ]
SQL: SELECT count('user_id') as count,`show_id` FROM `want` GROUP BY show_id ORDER BY count desc LIMIT 0,4   [ RunTime:0.0006s ]
SQL: SHOW COLUMNS FROM `show` [ RunTime:0.0126s ]
SQL: SHOW COLUMNS FROM `show` [ RunTime:0.0155s ]
SQL: SELECT * FROM `show` WHERE `show_id` = 1  [ RunTime:0.0008s ]
SQL: SHOW COLUMNS FROM `show` [ RunTime:0.0155s ]
SQL: SHOW COLUMNS FROM `show` [ RunTime:0.0262s ]
SQL: SELECT * FROM `show` WHERE `show_id` = 2  [ RunTime:0.0009s ]

[ 2018-03-19T09:07:50+08:00 ] ::1 /GuDao/Index/getRecentShow
INFO: [ app_init ] --START--
INFO: Run Behavior\BuildLiteBehavior [ RunTime:0.000028s ]
INFO: [ app_init ] --END-- [ RunTime:0.001051s ]
INFO: [ app_begin ] --START--
INFO: Run Behavior\ReadHtmlCacheBehavior [ RunTime:0.003156s ]
INFO: [ app_begin ] --END-- [ RunTime:0.003260s ]
SQL: SHOW COLUMNS FROM `show` [ RunTime:0.0062s ]
SQL: SHOW COLUMNS FROM `show` [ RunTime:0.0087s ]
SQL: SELECT * FROM `show` ORDER BY show_time desc LIMIT 0,4   [ RunTime:0.0005s ]

[ 2018-03-19T09:07:50+08:00 ] ::1 /GuDao/User/hasUnreadMessage?id=
INFO: [ app_init ] --START--
INFO: Run Behavior\BuildLiteBehavior [ RunTime:0.000029s ]
INFO: [ app_init ] --END-- [ RunTime:0.000758s ]
INFO: [ app_begin ] --START--
INFO: Run Behavior\ReadHtmlCacheBehavior [ RunTime:0.000863s ]
INFO: [ app_begin ] --END-- [ RunTime:0.000956s ]
SQL: SHOW COLUMNS FROM `reply` [ RunTime:0.0107s ]
SQL: SHOW COLUMNS FROM `reply` [ RunTime:0.0116s ]
SQL: SELECT * FROM `reply` WHERE `target_id` = 0  [ RunTime:0.0004s ]

[ 2018-03-19T09:11:53+08:00 ] ::1 /GuDao/Index/home
INFO: [ app_init ] --START--
INFO: Run Behavior\BuildLiteBehavior [ RunTime:0.000018s ]
INFO: [ app_init ] --END-- [ RunTime:0.000673s ]
INFO: [ app_begin ] --START--
INFO: Run Behavior\ReadHtmlCacheBehavior [ RunTime:0.002233s ]
INFO: [ app_begin ] --END-- [ RunTime:0.002321s ]
INFO: [ view_parse ] --START--
INFO: [ template_filter ] --START--
INFO: Run Behavior\ContentReplaceBehavior [ RunTime:0.000119s ]
INFO: [ template_filter ] --END-- [ RunTime:0.000242s ]
INFO: Run Behavior\ParseTemplateBehavior [ RunTime:0.010561s ]
INFO: [ view_parse ] --END-- [ RunTime:0.010632s ]
INFO: [ view_filter ] --START--
INFO: Run Behavior\WriteHtmlCacheBehavior [ RunTime:0.001248s ]
INFO: [ view_filter ] --END-- [ RunTime:0.001309s ]
INFO: [ app_end ] --START--
INFO: Run Behavior\ShowPageTraceBehavior [ RunTime:0.001098s ]
INFO: [ app_end ] --END-- [ RunTime:0.001160s ]

[ 2018-03-19T09:11:53+08:00 ] ::1 /GuDao/Public/css/common/bootstrap.css.map
INFO: [ app_init ] --START--
INFO: Run Behavior\BuildLiteBehavior [ RunTime:0.000029s ]
INFO: [ app_init ] --END-- [ RunTime:0.000998s ]
INFO: [ app_begin ] --START--
INFO: Run Behavior\ReadHtmlCacheBehavior [ RunTime:0.001379s ]
INFO: [ app_begin ] --END-- [ RunTime:0.001468s ]
ERR: 无法加载控制器:Public

[ 2018-03-19T09:11:53+08:00 ] ::1 /GuDao/Index/getHotShow
INFO: [ app_init ] --START--
INFO: Run Behavior\BuildLiteBehavior [ RunTime:0.000024s ]
INFO: [ app_init ] --END-- [ RunTime:0.000744s ]
INFO: [ app_begin ] --START--
INFO: Run Behavior\ReadHtmlCacheBehavior [ RunTime:0.001053s ]
INFO: [ app_begin ] --END-- [ RunTime:0.001139s ]
SQL: SHOW COLUMNS FROM `want` [ RunTime:0.0120s ]
SQL: SHOW COLUMNS FROM `want` [ RunTime:0.0128s ]
SQL: SELECT count('user_id') as count,`show_id` FROM `want` GROUP BY show_id ORDER BY count desc LIMIT 0,4   [ RunTime:0.0008s ]
SQL: SHOW COLUMNS FROM `show` [ RunTime:0.0093s ]
SQL: SHOW COLUMNS FROM `show` [ RunTime:0.0086s ]
SQL: SELECT * FROM `show` WHERE `show_id` = 1  [ RunTime:0.0004s ]
SQL: SHOW COLUMNS FROM `show` [ RunTime:0.0081s ]
SQL: SHOW COLUMNS FROM `show` [ RunTime:0.0072s ]
SQL: SELECT * FROM `show` WHERE `show_id` = 2  [ RunTime:0.0004s ]

[ 2018-03-19T09:11:53+08:00 ] ::1 /GuDao/Index/getNotice
INFO: [ app_init ] --START--
INFO: Run Behavior\BuildLiteBehavior [ RunTime:0.000023s ]
INFO: [ app_init ] --END-- [ RunTime:0.000750s ]
INFO: [ app_begin ] --START--
INFO: Run Behavior\ReadHtmlCacheBehavior [ RunTime:0.003689s ]
INFO: [ app_begin ] --END-- [ RunTime:0.004168s ]
SQL: SHOW COLUMNS FROM `notice` [ RunTime:0.0074s ]
NOTIC: [2] Missing argument 3 for Home\Model\NoticeModel::getNoticeByPage(), called in D:\xampp\htdocs\GuDao\GuDao\Home\Controller\IndexController.class.php on line 148 and defined D:\xampp\htdocs\GuDao\GuDao\Home\Model\NoticeModel.class.php 第 11 行.
SQL: SHOW COLUMNS FROM `notice` [ RunTime:0.0085s ]
NOTIC: [8] Undefined variable: condition D:\xampp\htdocs\GuDao\GuDao\Home\Model\NoticeModel.class.php 第 13 行.
SQL: SELECT * FROM `notice` ORDER BY notice_time desc LIMIT 0,7   [ RunTime:0.0006s ]

[ 2018-03-19T09:11:53+08:00 ] ::1 /GuDao/Index/getShowCalendar
INFO: [ app_init ] --START--
INFO: Run Behavior\BuildLiteBehavior [ RunTime:0.000024s ]
INFO: [ app_init ] --END-- [ RunTime:0.000746s ]
INFO: [ app_begin ] --START--
INFO: Run Behavior\ReadHtmlCacheBehavior [ RunTime:0.001425s ]
INFO: [ app_begin ] --END-- [ RunTime:0.001527s ]
SQL: SHOW COLUMNS FROM `show` [ RunTime:0.0089s ]
SQL: SHOW COLUMNS FROM `show` [ RunTime:0.0094s ]
SQL: SELECT count('show_id') as count,`show_time` FROM `show` WHERE `show_time` LIKE '2018-03%' GROUP BY show_time  [ RunTime:0.0009s ]

[ 2018-03-19T09:11:53+08:00 ] ::1 /GuDao/Index/getHotBand
INFO: [ app_init ] --START--
INFO: Run Behavior\BuildLiteBehavior [ RunTime:0.000026s ]
INFO: [ app_init ] --END-- [ RunTime:0.000873s ]
INFO: [ app_begin ] --START--
INFO: Run Behavior\ReadHtmlCacheBehavior [ RunTime:0.001373s ]
INFO: [ app_begin ] --END-- [ RunTime:0.001479s ]
SQL: SHOW COLUMNS FROM `support` [ RunTime:0.0129s ]
SQL: SHOW COLUMNS FROM `support` [ RunTime:0.0140s ]
SQL: SELECT count('user_id') as count,`band_id` FROM `support` GROUP BY band_id ORDER BY count desc LIMIT 0,4   [ RunTime:0.0009s ]
SQL: SHOW COLUMNS FROM `band` [ RunTime:0.0114s ]
SQL: SHOW COLUMNS FROM `band` [ RunTime:0.0115s ]
SQL: SELECT * FROM `band` WHERE `band_id` = 2  [ RunTime:0.0004s ]
SQL: SHOW COLUMNS FROM `band` [ RunTime:0.0118s ]
SQL: SHOW COLUMNS FROM `band` [ RunTime:0.0103s ]
SQL: SELECT * FROM `band` WHERE `band_id` = 8  [ RunTime:0.0006s ]
SQL: SHOW COLUMNS FROM `band` [ RunTime:0.0157s ]
SQL: SHOW COLUMNS FROM `band` [ RunTime:0.0157s ]
SQL: SELECT * FROM `band` WHERE `band_id` = 1  [ RunTime:0.0004s ]
SQL: SHOW COLUMNS FROM `band` [ RunTime:0.0137s ]
SQL: SHOW COLUMNS FROM `band` [ RunTime:0.0119s ]
SQL: SELECT * FROM `band` WHERE `band_id` = 4  [ RunTime:0.0007s ]

[ 2018-03-19T09:11:53+08:00 ] ::1 /GuDao/Index/getRecentShow
INFO: [ app_init ] --START--
INFO: Run Behavior\BuildLiteBehavior [ RunTime:0.000028s ]
INFO: [ app_init ] --END-- [ RunTime:0.000913s ]
INFO: [ app_begin ] --START--
INFO: Run Behavior\ReadHtmlCacheBehavior [ RunTime:0.002051s ]
INFO: [ app_begin ] --END-- [ RunTime:0.002167s ]
SQL: SHOW COLUMNS FROM `show` [ RunTime:0.0136s ]
SQL: SHOW COLUMNS FROM `show` [ RunTime:0.0098s ]
SQL: SELECT * FROM `show` ORDER BY show_time desc LIMIT 0,4   [ RunTime:0.0007s ]

[ 2018-03-19T09:11:53+08:00 ] ::1 /GuDao/User/hasUnreadMessage?id=
INFO: [ app_init ] --START--
INFO: Run Behavior\BuildLiteBehavior [ RunTime:0.000031s ]
INFO: [ app_init ] --END-- [ RunTime:0.004379s ]
INFO: [ app_begin ] --START--
INFO: Run Behavior\ReadHtmlCacheBehavior [ RunTime:0.002140s ]
INFO: [ app_begin ] --END-- [ RunTime:0.002269s ]
SQL: SHOW COLUMNS FROM `reply` [ RunTime:0.0092s ]
SQL: SHOW COLUMNS FROM `reply` [ RunTime:0.0112s ]
SQL: SELECT * FROM `reply` WHERE `target_id` = 0  [ RunTime:0.0005s ]

[ 2018-03-19T09:17:21+08:00 ] ::1 /GuDao/Index/home
INFO: [ app_init ] --START--
INFO: Run Behavior\BuildLiteBehavior [ RunTime:0.000024s ]
INFO: [ app_init ] --END-- [ RunTime:0.000779s ]
INFO: [ app_begin ] --START--
INFO: Run Behavior\ReadHtmlCacheBehavior [ RunTime:0.000978s ]
INFO: [ app_begin ] --END-- [ RunTime:0.001047s ]
INFO: [ view_parse ] --START--
INFO: [ template_filter ] --START--
INFO: Run Behavior\ContentReplaceBehavior [ RunTime:0.000084s ]
INFO: [ template_filter ] --END-- [ RunTime:0.000151s ]
INFO: Run Behavior\ParseTemplateBehavior [ RunTime:0.011180s ]
INFO: [ view_parse ] --END-- [ RunTime:0.011270s ]
INFO: [ view_filter ] --START--
INFO: Run Behavior\WriteHtmlCacheBehavior [ RunTime:0.000671s ]
INFO: [ view_filter ] --END-- [ RunTime:0.000726s ]
INFO: [ app_end ] --START--
INFO: Run Behavior\ShowPageTraceBehavior [ RunTime:0.001096s ]
INFO: [ app_end ] --END-- [ RunTime:0.001158s ]

[ 2018-03-19T09:17:22+08:00 ] ::1 /GuDao/Index/
INFO: [ app_init ] --START--
INFO: Run Behavior\BuildLiteBehavior [ RunTime:0.000031s ]
INFO: [ app_init ] --END-- [ RunTime:0.000790s ]
INFO: [ app_begin ] --START--
INFO: Run Behavior\ReadHtmlCacheBehavior [ RunTime:0.001781s ]
INFO: [ app_begin ] --END-- [ RunTime:0.001893s ]
INFO: [ view_parse ] --START--
INFO: [ template_filter ] --START--
INFO: Run Behavior\ContentReplaceBehavior [ RunTime:0.000075s ]
INFO: [ template_filter ] --END-- [ RunTime:0.000183s ]
INFO: Run Behavior\ParseTemplateBehavior [ RunTime:0.012252s ]
INFO: [ view_parse ] --END-- [ RunTime:0.012383s ]
INFO: [ view_filter ] --START--
INFO: Run Behavior\WriteHtmlCacheBehavior [ RunTime:0.001134s ]
INFO: [ view_filter ] --END-- [ RunTime:0.001221s ]
INFO: [ app_end ] --START--
INFO: Run Behavior\ShowPageTraceBehavior [ RunTime:0.001395s ]
INFO: [ app_end ] --END-- [ RunTime:0.001482s ]

[ 2018-03-19T09:17:22+08:00 ] ::1 /GuDao/
INFO: [ app_init ] --START--
INFO: Run Behavior\BuildLiteBehavior [ RunTime:0.000026s ]
INFO: [ app_init ] --END-- [ RunTime:0.000703s ]
INFO: [ app_begin ] --START--
INFO: Run Behavior\ReadHtmlCacheBehavior [ RunTime:0.000895s ]
INFO: [ app_begin ] --END-- [ RunTime:0.000960s ]
INFO: [ view_parse ] --START--
INFO: [ template_filter ] --START--
INFO: Run Behavior\ContentReplaceBehavior [ RunTime:0.000044s ]
INFO: [ template_filter ] --END-- [ RunTime:0.000111s ]
INFO: Run Behavior\ParseTemplateBehavior [ RunTime:0.008476s ]
INFO: [ view_parse ] --END-- [ RunTime:0.008601s ]
INFO: [ view_filter ] --START--
INFO: Run Behavior\WriteHtmlCacheBehavior [ RunTime:0.001123s ]
INFO: [ view_filter ] --END-- [ RunTime:0.001336s ]
INFO: [ app_end ] --START--
INFO: Run Behavior\ShowPageTraceBehavior [ RunTime:0.002995s ]
INFO: [ app_end ] --END-- [ RunTime:0.003177s ]

[ 2018-03-19T09:17:22+08:00 ] ::1 /GuDao/
INFO: [ app_init ] --START--
INFO: Run Behavior\BuildLiteBehavior [ RunTime:0.000020s ]
INFO: [ app_init ] --END-- [ RunTime:0.000552s ]
INFO: [ app_begin ] --START--
INFO: Run Behavior\ReadHtmlCacheBehavior [ RunTime:0.001109s ]
INFO: [ app_begin ] --END-- [ RunTime:0.001195s ]
INFO: [ view_parse ] --START--
INFO: [ template_filter ] --START--
INFO: Run Behavior\ContentReplaceBehavior [ RunTime:0.000070s ]
INFO: [ template_filter ] --END-- [ RunTime:0.000177s ]
INFO: Run Behavior\ParseTemplateBehavior [ RunTime:0.012628s ]
INFO: [ view_parse ] --END-- [ RunTime:0.012742s ]
INFO: [ view_filter ] --START--
INFO: Run Behavior\WriteHtmlCacheBehavior [ RunTime:0.001118s ]
INFO: [ view_filter ] --END-- [ RunTime:0.001203s ]
INFO: [ app_end ] --START--
INFO: Run Behavior\ShowPageTraceBehavior [ RunTime:0.001539s ]
INFO: [ app_end ] --END-- [ RunTime:0.001637s ]

[ 2018-03-19T09:17:23+08:00 ] ::1 /GuDao/
INFO: [ app_init ] --START--
INFO: Run Behavior\BuildLiteBehavior [ RunTime:0.000040s ]
INFO: [ app_init ] --END-- [ RunTime:0.001037s ]
INFO: [ app_begin ] --START--
INFO: Run Behavior\ReadHtmlCacheBehavior [ RunTime:0.001047s ]
INFO: [ app_begin ] --END-- [ RunTime:0.001149s ]
INFO: [ view_parse ] --START--
INFO: [ template_filter ] --START--
INFO: Run Behavior\ContentReplaceBehavior [ RunTime:0.000065s ]
INFO: [ template_filter ] --END-- [ RunTime:0.000172s ]
INFO: Run Behavior\ParseTemplateBehavior [ RunTime:0.012414s ]
INFO: [ view_parse ] --END-- [ RunTime:0.012538s ]
INFO: [ view_filter ] --START--
INFO: Run Behavior\WriteHtmlCacheBehavior [ RunTime:0.001008s ]
INFO: [ view_filter ] --END-- [ RunTime:0.001084s ]
INFO: [ app_end ] --START--
INFO: Run Behavior\ShowPageTraceBehavior [ RunTime:0.001504s ]
INFO: [ app_end ] --END-- [ RunTime:0.001587s ]

[ 2018-03-19T09:22:18+08:00 ] ::1 /GuDao/Index/home
INFO: [ app_init ] --START--
INFO: Run Behavior\BuildLiteBehavior [ RunTime:0.000030s ]
INFO: [ app_init ] --END-- [ RunTime:0.001524s ]
INFO: [ app_begin ] --START--
INFO: Run Behavior\ReadHtmlCacheBehavior [ RunTime:0.001345s ]
INFO: [ app_begin ] --END-- [ RunTime:0.001437s ]
INFO: [ view_parse ] --START--
INFO: [ template_filter ] --START--
INFO: Run Behavior\ContentReplaceBehavior [ RunTime:0.000132s ]
INFO: [ template_filter ] --END-- [ RunTime:0.000242s ]
INFO: Run Behavior\ParseTemplateBehavior [ RunTime:0.014165s ]
INFO: [ view_parse ] --END-- [ RunTime:0.014257s ]
INFO: [ view_filter ] --START--
INFO: Run Behavior\WriteHtmlCacheBehavior [ RunTime:0.000809s ]
INFO: [ view_filter ] --END-- [ RunTime:0.000860s ]
INFO: [ app_end ] --START--
INFO: Run Behavior\ShowPageTraceBehavior [ RunTime:0.001774s ]
INFO: [ app_end ] --END-- [ RunTime:0.001908s ]

[ 2018-03-19T09:22:18+08:00 ] ::1 /GuDao/Public/css/common/bootstrap.css.map
INFO: [ app_init ] --START--
INFO: Run Behavior\BuildLiteBehavior [ RunTime:0.000038s ]
INFO: [ app_init ] --END-- [ RunTime:0.001287s ]
INFO: [ app_begin ] --START--
INFO: Run Behavior\ReadHtmlCacheBehavior [ RunTime:0.001067s ]
INFO: [ app_begin ] --END-- [ RunTime:0.001168s ]
ERR: 无法加载控制器:Public

[ 2018-03-19T09:22:18+08:00 ] ::1 /GuDao/Index/getShowCalendar
INFO: [ app_init ] --START--
INFO: Run Behavior\BuildLiteBehavior [ RunTime:0.000024s ]
INFO: [ app_init ] --END-- [ RunTime:0.000728s ]
INFO: [ app_begin ] --START--
INFO: Run Behavior\ReadHtmlCacheBehavior [ RunTime:0.001954s ]
INFO: [ app_begin ] --END-- [ RunTime:0.002084s ]
SQL: SHOW COLUMNS FROM `show` [ RunTime:0.0085s ]
SQL: SHOW COLUMNS FROM `show` [ RunTime:0.0089s ]
SQL: SELECT count('show_id') as count,`show_time` FROM `show` WHERE `show_time` LIKE '2018-03%' GROUP BY show_time  [ RunTime:0.0005s ]

[ 2018-03-19T09:22:18+08:00 ] ::1 /GuDao/Index/getHotShow
INFO: [ app_init ] --START--
INFO: Run Behavior\BuildLiteBehavior [ RunTime:0.000025s ]
INFO: [ app_init ] --END-- [ RunTime:0.000855s ]
INFO: [ app_begin ] --START--
INFO: Run Behavior\ReadHtmlCacheBehavior [ RunTime:0.001864s ]
INFO: [ app_begin ] --END-- [ RunTime:0.001987s ]
SQL: SHOW COLUMNS FROM `want` [ RunTime:0.0084s ]
SQL: SHOW COLUMNS FROM `want` [ RunTime:0.0066s ]
SQL: SELECT count('user_id') as count,`show_id` FROM `want` GROUP BY show_id ORDER BY count desc LIMIT 0,4   [ RunTime:0.0005s ]
SQL: SHOW COLUMNS FROM `show` [ RunTime:0.0088s ]
SQL: SHOW COLUMNS FROM `show` [ RunTime:0.0076s ]
SQL: SELECT * FROM `show` WHERE `show_id` = 1  [ RunTime:0.0005s ]
SQL: SHOW COLUMNS FROM `show` [ RunTime:0.0078s ]
SQL: SHOW COLUMNS FROM `show` [ RunTime:0.0079s ]
SQL: SELECT * FROM `show` WHERE `show_id` = 2  [ RunTime:0.0005s ]

[ 2018-03-19T09:22:18+08:00 ] ::1 /GuDao/Index/getNotice
INFO: [ app_init ] --START--
INFO: Run Behavior\BuildLiteBehavior [ RunTime:0.000030s ]
INFO: [ app_init ] --END-- [ RunTime:0.001748s ]
INFO: [ app_begin ] --START--
INFO: Run Behavior\ReadHtmlCacheBehavior [ RunTime:0.001254s ]
INFO: [ app_begin ] --END-- [ RunTime:0.001357s ]
SQL: SHOW COLUMNS FROM `notice` [ RunTime:0.0102s ]
NOTIC: [2] Missing argument 3 for Home\Model\NoticeModel::getNoticeByPage(), called in D:\xampp\htdocs\GuDao\GuDao\Home\Controller\IndexController.class.php on line 148 and defined D:\xampp\htdocs\GuDao\GuDao\Home\Model\NoticeModel.class.php 第 11 行.
SQL: SHOW COLUMNS FROM `notice` [ RunTime:0.0091s ]
NOTIC: [8] Undefined variable: condition D:\xampp\htdocs\GuDao\GuDao\Home\Model\NoticeModel.class.php 第 13 行.
SQL: SELECT * FROM `notice` ORDER BY notice_time desc LIMIT 0,7   [ RunTime:0.0009s ]

[ 2018-03-19T09:22:18+08:00 ] ::1 /GuDao/Index/getHotBand
INFO: [ app_init ] --START--
INFO: Run Behavior\BuildLiteBehavior [ RunTime:0.000026s ]
INFO: [ app_init ] --END-- [ RunTime:0.000840s ]
INFO: [ app_begin ] --START--
INFO: Run Behavior\ReadHtmlCacheBehavior [ RunTime:0.001822s ]
INFO: [ app_begin ] --END-- [ RunTime:0.001963s ]
SQL: SHOW COLUMNS FROM `support` [ RunTime:0.0114s ]
SQL: SHOW COLUMNS FROM `support` [ RunTime:0.0335s ]
SQL: SELECT count('user_id') as count,`band_id` FROM `support` GROUP BY band_id ORDER BY count desc LIMIT 0,4   [ RunTime:0.0009s ]
SQL: SHOW COLUMNS FROM `band` [ RunTime:0.0120s ]
SQL: SHOW COLUMNS FROM `band` [ RunTime:0.0132s ]
SQL: SELECT * FROM `band` WHERE `band_id` = 2  [ RunTime:0.0007s ]
SQL: SHOW COLUMNS FROM `band` [ RunTime:0.0283s ]
SQL: SHOW COLUMNS FROM `band` [ RunTime:0.0344s ]
SQL: SELECT * FROM `band` WHERE `band_id` = 8  [ RunTime:0.0005s ]
SQL: SHOW COLUMNS FROM `band` [ RunTime:0.0100s ]
SQL: SHOW COLUMNS FROM `band` [ RunTime:0.0139s ]
SQL: SELECT * FROM `band` WHERE `band_id` = 1  [ RunTime:0.0008s ]
SQL: SHOW COLUMNS FROM `band` [ RunTime:0.0202s ]
SQL: SHOW COLUMNS FROM `band` [ RunTime:0.0104s ]
SQL: SELECT * FROM `band` WHERE `band_id` = 4  [ RunTime:0.0012s ]

[ 2018-03-19T09:22:19+08:00 ] ::1 /GuDao/Index/getRecentShow
INFO: [ app_init ] --START--
INFO: Run Behavior\BuildLiteBehavior [ RunTime:0.000028s ]
INFO: [ app_init ] --END-- [ RunTime:0.000822s ]
INFO: [ app_begin ] --START--
INFO: Run Behavior\ReadHtmlCacheBehavior [ RunTime:0.001490s ]
INFO: [ app_begin ] --END-- [ RunTime:0.001593s ]
SQL: SHOW COLUMNS FROM `show` [ RunTime:0.0128s ]
SQL: SHOW COLUMNS FROM `show` [ RunTime:0.0101s ]
SQL: SELECT * FROM `show` ORDER BY show_time desc LIMIT 0,4   [ RunTime:0.0007s ]

[ 2018-03-19T09:22:19+08:00 ] ::1 /GuDao/User/hasUnreadMessage?id=
INFO: [ app_init ] --START--
INFO: Run Behavior\BuildLiteBehavior [ RunTime:0.000096s ]
INFO: [ app_init ] --END-- [ RunTime:0.003967s ]
INFO: [ app_begin ] --START--
INFO: Run Behavior\ReadHtmlCacheBehavior [ RunTime:0.010135s ]
INFO: [ app_begin ] --END-- [ RunTime:0.010271s ]
SQL: SHOW COLUMNS FROM `reply` [ RunTime:0.0088s ]
SQL: SHOW COLUMNS FROM `reply` [ RunTime:0.0073s ]
SQL: SELECT * FROM `reply` WHERE `target_id` = 0  [ RunTime:0.0005s ]

[ 2018-03-19T09:24:55+08:00 ] ::1 /GuDao/Index/home
INFO: [ app_init ] --START--
INFO: Run Behavior\BuildLiteBehavior [ RunTime:0.000019s ]
INFO: [ app_init ] --END-- [ RunTime:0.000622s ]
INFO: [ app_begin ] --START--
INFO: Run Behavior\ReadHtmlCacheBehavior [ RunTime:0.001156s ]
INFO: [ app_begin ] --END-- [ RunTime:0.001268s ]
INFO: [ view_parse ] --START--
INFO: [ template_filter ] --START--
INFO: Run Behavior\ContentReplaceBehavior [ RunTime:0.000223s ]
INFO: [ template_filter ] --END-- [ RunTime:0.000440s ]
INFO: Run Behavior\ParseTemplateBehavior [ RunTime:0.020881s ]
INFO: [ view_parse ] --END-- [ RunTime:0.021031s ]
INFO: [ view_filter ] --START--
INFO: Run Behavior\WriteHtmlCacheBehavior [ RunTime:0.004085s ]
INFO: [ view_filter ] --END-- [ RunTime:0.004179s ]
INFO: [ app_end ] --START--
INFO: Run Behavior\ShowPageTraceBehavior [ RunTime:0.001619s ]
INFO: [ app_end ] --END-- [ RunTime:0.001722s ]

[ 2018-03-19T09:24:55+08:00 ] ::1 /GuDao/Public/css/common/bootstrap.css.map
INFO: [ app_init ] --START--
INFO: Run Behavior\BuildLiteBehavior [ RunTime:0.000017s ]
INFO: [ app_init ] --END-- [ RunTime:0.000545s ]
INFO: [ app_begin ] --START--
INFO: Run Behavior\ReadHtmlCacheBehavior [ RunTime:0.000777s ]
INFO: [ app_begin ] --END-- [ RunTime:0.000849s ]
ERR: 无法加载控制器:Public

[ 2018-03-19T09:24:55+08:00 ] ::1 /GuDao/Index/getNotice
INFO: [ app_init ] --START--
INFO: Run Behavior\BuildLiteBehavior [ RunTime:0.000029s ]
INFO: [ app_init ] --END-- [ RunTime:0.000830s ]
INFO: [ app_begin ] --START--
INFO: Run Behavior\ReadHtmlCacheBehavior [ RunTime:0.001780s ]
INFO: [ app_begin ] --END-- [ RunTime:0.001889s ]
SQL: SHOW COLUMNS FROM `notice` [ RunTime:0.0101s ]
NOTIC: [2] Missing argument 3 for Home\Model\NoticeModel::getNoticeByPage(), called in D:\xampp\htdocs\GuDao\GuDao\Home\Controller\IndexController.class.php on line 148 and defined D:\xampp\htdocs\GuDao\GuDao\Home\Model\NoticeModel.class.php 第 11 行.
SQL: SHOW COLUMNS FROM `notice` [ RunTime:0.0116s ]
NOTIC: [8] Undefined variable: condition D:\xampp\htdocs\GuDao\GuDao\Home\Model\NoticeModel.class.php 第 13 行.
SQL: SELECT * FROM `notice` ORDER BY notice_time desc LIMIT 0,7   [ RunTime:0.0006s ]

[ 2018-03-19T09:24:55+08:00 ] ::1 /GuDao/Index/getRecentShow
INFO: [ app_init ] --START--
INFO: Run Behavior\BuildLiteBehavior [ RunTime:0.000027s ]
INFO: [ app_init ] --END-- [ RunTime:0.001339s ]
INFO: [ app_begin ] --START--
INFO: Run Behavior\ReadHtmlCacheBehavior [ RunTime:0.001422s ]
INFO: [ app_begin ] --END-- [ RunTime:0.001518s ]
SQL: SHOW COLUMNS FROM `show` [ RunTime:0.0101s ]
SQL: SHOW COLUMNS FROM `show` [ RunTime:0.0108s ]
SQL: SELECT * FROM `show` ORDER BY show_time desc LIMIT 0,4   [ RunTime:0.0006s ]

[ 2018-03-19T09:24:55+08:00 ] ::1 /GuDao/Index/getHotShow
INFO: [ app_init ] --START--
INFO: Run Behavior\BuildLiteBehavior [ RunTime:0.000088s ]
INFO: [ app_init ] --END-- [ RunTime:0.000951s ]
INFO: [ app_begin ] --START--
INFO: Run Behavior\ReadHtmlCacheBehavior [ RunTime:0.002423s ]
INFO: [ app_begin ] --END-- [ RunTime:0.002548s ]
SQL: SHOW COLUMNS FROM `want` [ RunTime:0.0096s ]
SQL: SHOW COLUMNS FROM `want` [ RunTime:0.0084s ]
SQL: SELECT count('user_id') as count,`show_id` FROM `want` GROUP BY show_id ORDER BY count desc LIMIT 0,4   [ RunTime:0.0016s ]
SQL: SHOW COLUMNS FROM `show` [ RunTime:0.0093s ]
SQL: SHOW COLUMNS FROM `show` [ RunTime:0.0106s ]
SQL: SELECT * FROM `show` WHERE `show_id` = 1  [ RunTime:0.0004s ]
SQL: SHOW COLUMNS FROM `show` [ RunTime:0.0113s ]
SQL: SHOW COLUMNS FROM `show` [ RunTime:0.0094s ]
SQL: SELECT * FROM `show` WHERE `show_id` = 2  [ RunTime:0.0004s ]

[ 2018-03-19T09:24:55+08:00 ] ::1 /GuDao/Index/getShowCalendar
INFO: [ app_init ] --START--
INFO: Run Behavior\BuildLiteBehavior [ RunTime:0.000045s ]
INFO: [ app_init ] --END-- [ RunTime:0.001833s ]
INFO: [ app_begin ] --START--
INFO: Run Behavior\ReadHtmlCacheBehavior [ RunTime:0.001025s ]
INFO: [ app_begin ] --END-- [ RunTime:0.001137s ]
SQL: SHOW COLUMNS FROM `show` [ RunTime:0.0106s ]
SQL: SHOW COLUMNS FROM `show` [ RunTime:0.0101s ]
SQL: SELECT count('show_id') as count,`show_time` FROM `show` WHERE `show_time` LIKE '2018-03%' GROUP BY show_time  [ RunTime:0.0006s ]

[ 2018-03-19T09:24:56+08:00 ] ::1 /GuDao/Index/getHotBand
INFO: [ app_init ] --START--
INFO: Run Behavior\BuildLiteBehavior [ RunTime:0.000038s ]
INFO: [ app_init ] --END-- [ RunTime:0.000976s ]
INFO: [ app_begin ] --START--
INFO: Run Behavior\ReadHtmlCacheBehavior [ RunTime:0.001543s ]
INFO: [ app_begin ] --END-- [ RunTime:0.001676s ]
SQL: SHOW COLUMNS FROM `support` [ RunTime:0.0084s ]
SQL: SHOW COLUMNS FROM `support` [ RunTime:0.0272s ]
SQL: SELECT count('user_id') as count,`band_id` FROM `support` GROUP BY band_id ORDER BY count desc LIMIT 0,4   [ RunTime:0.0007s ]
SQL: SHOW COLUMNS FROM `band` [ RunTime:0.0103s ]
SQL: SHOW COLUMNS FROM `band` [ RunTime:0.0132s ]
SQL: SELECT * FROM `band` WHERE `band_id` = 2  [ RunTime:0.0004s ]
SQL: SHOW COLUMNS FROM `band` [ RunTime:0.0108s ]
SQL: SHOW COLUMNS FROM `band` [ RunTime:0.0106s ]
SQL: SELECT * FROM `band` WHERE `band_id` = 8  [ RunTime:0.0004s ]
SQL: SHOW COLUMNS FROM `band` [ RunTime:0.0100s ]
SQL: SHOW COLUMNS FROM `band` [ RunTime:0.0155s ]
SQL: SELECT * FROM `band` WHERE `band_id` = 1  [ RunTime:0.0005s ]
SQL: SHOW COLUMNS FROM `band` [ RunTime:0.0089s ]
SQL: SHOW COLUMNS FROM `band` [ RunTime:0.0143s ]
SQL: SELECT * FROM `band` WHERE `band_id` = 4  [ RunTime:0.0005s ]

[ 2018-03-19T09:24:56+08:00 ] ::1 /GuDao/User/hasUnreadMessage?id=
INFO: [ app_init ] --START--
INFO: Run Behavior\BuildLiteBehavior [ RunTime:0.000029s ]
INFO: [ app_init ] --END-- [ RunTime:0.000778s ]
INFO: [ app_begin ] --START--
INFO: Run Behavior\ReadHtmlCacheBehavior [ RunTime:0.001390s ]
INFO: [ app_begin ] --END-- [ RunTime:0.001523s ]
SQL: SHOW COLUMNS FROM `reply` [ RunTime:0.0106s ]
SQL: SHOW COLUMNS FROM `reply` [ RunTime:0.0110s ]
SQL: SELECT * FROM `reply` WHERE `target_id` = 0  [ RunTime:0.0029s ]

[ 2018-03-19T09:25:50+08:00 ] ::1 /GuDao/Index/home
INFO: [ app_init ] --START--
INFO: Run Behavior\BuildLiteBehavior [ RunTime:0.000028s ]
INFO: [ app_init ] --END-- [ RunTime:0.000772s ]
INFO: [ app_begin ] --START--
INFO: Run Behavior\ReadHtmlCacheBehavior [ RunTime:0.000660s ]
INFO: [ app_begin ] --END-- [ RunTime:0.000736s ]
INFO: [ view_parse ] --START--
INFO: [ template_filter ] --START--
INFO: Run Behavior\ContentReplaceBehavior [ RunTime:0.000150s ]
INFO: [ template_filter ] --END-- [ RunTime:0.000284s ]
INFO: Run Behavior\ParseTemplateBehavior [ RunTime:0.023734s ]
INFO: [ view_parse ] --END-- [ RunTime:0.023975s ]
INFO: [ view_filter ] --START--
INFO: Run Behavior\WriteHtmlCacheBehavior [ RunTime:0.000858s ]
INFO: [ view_filter ] --END-- [ RunTime:0.001073s ]
INFO: [ app_end ] --START--
INFO: Run Behavior\ShowPageTraceBehavior [ RunTime:0.001908s ]
INFO: [ app_end ] --END-- [ RunTime:0.002016s ]

[ 2018-03-19T09:25:50+08:00 ] ::1 /GuDao/Public/css/common/bootstrap.css.map
INFO: [ app_init ] --START--
INFO: Run Behavior\BuildLiteBehavior [ RunTime:0.000022s ]
INFO: [ app_init ] --END-- [ RunTime:0.000722s ]
INFO: [ app_begin ] --START--
INFO: Run Behavior\ReadHtmlCacheBehavior [ RunTime:0.000889s ]
INFO: [ app_begin ] --END-- [ RunTime:0.000978s ]
ERR: 无法加载控制器:Public

[ 2018-03-19T09:25:50+08:00 ] ::1 /GuDao/Index/getRecentShow
INFO: [ app_init ] --START--
INFO: Run Behavior\BuildLiteBehavior [ RunTime:0.000026s ]
INFO: [ app_init ] --END-- [ RunTime:0.000775s ]
INFO: [ app_begin ] --START--
INFO: Run Behavior\ReadHtmlCacheBehavior [ RunTime:0.001477s ]
INFO: [ app_begin ] --END-- [ RunTime:0.001566s ]
SQL: SHOW COLUMNS FROM `show` [ RunTime:0.0123s ]
SQL: SHOW COLUMNS FROM `show` [ RunTime:0.0099s ]
SQL: SELECT * FROM `show` ORDER BY show_time desc LIMIT 0,4   [ RunTime:0.0006s ]

[ 2018-03-19T09:25:50+08:00 ] ::1 /GuDao/Index/getHotShow
INFO: [ app_init ] --START--
INFO: Run Behavior\BuildLiteBehavior [ RunTime:0.000027s ]
INFO: [ app_init ] --END-- [ RunTime:0.000887s ]
INFO: [ app_begin ] --START--
INFO: Run Behavior\ReadHtmlCacheBehavior [ RunTime:0.001415s ]
INFO: [ app_begin ] --END-- [ RunTime:0.001510s ]
SQL: SHOW COLUMNS FROM `want` [ RunTime:0.0095s ]
SQL: SHOW COLUMNS FROM `want` [ RunTime:0.0077s ]
SQL: SELECT count('user_id') as count,`show_id` FROM `want` GROUP BY show_id ORDER BY count desc LIMIT 0,4   [ RunTime:0.0006s ]
SQL: SHOW COLUMNS FROM `show` [ RunTime:0.0097s ]
SQL: SHOW COLUMNS FROM `show` [ RunTime:0.0093s ]
SQL: SELECT * FROM `show` WHERE `show_id` = 1  [ RunTime:0.0004s ]
SQL: SHOW COLUMNS FROM `show` [ RunTime:0.0086s ]
SQL: SHOW COLUMNS FROM `show` [ RunTime:0.0093s ]
SQL: SELECT * FROM `show` WHERE `show_id` = 2  [ RunTime:0.0008s ]

[ 2018-03-19T09:25:51+08:00 ] ::1 /GuDao/Index/getHotBand
INFO: [ app_init ] --START--
INFO: Run Behavior\BuildLiteBehavior [ RunTime:0.000022s ]
INFO: [ app_init ] --END-- [ RunTime:0.000676s ]
INFO: [ app_begin ] --START--
INFO: Run Behavior\ReadHtmlCacheBehavior [ RunTime:0.000871s ]
INFO: [ app_begin ] --END-- [ RunTime:0.000957s ]
SQL: SHOW COLUMNS FROM `support` [ RunTime:0.0105s ]
SQL: SHOW COLUMNS FROM `support` [ RunTime:0.0102s ]
SQL: SELECT count('user_id') as count,`band_id` FROM `support` GROUP BY band_id ORDER BY count desc LIMIT 0,4   [ RunTime:0.0006s ]
SQL: SHOW COLUMNS FROM `band` [ RunTime:0.0097s ]
SQL: SHOW COLUMNS FROM `band` [ RunTime:0.0170s ]
SQL: SELECT * FROM `band` WHERE `band_id` = 2  [ RunTime:0.0011s ]
SQL: SHOW COLUMNS FROM `band` [ RunTime:0.0137s ]
SQL: SHOW COLUMNS FROM `band` [ RunTime:0.0226s ]
SQL: SELECT * FROM `band` WHERE `band_id` = 8  [ RunTime:0.0006s ]
SQL: SHOW COLUMNS FROM `band` [ RunTime:0.0101s ]
SQL: SHOW COLUMNS FROM `band` [ RunTime:0.0131s ]
SQL: SELECT * FROM `band` WHERE `band_id` = 1  [ RunTime:0.0005s ]
SQL: SHOW COLUMNS FROM `band` [ RunTime:0.0162s ]
SQL: SHOW COLUMNS FROM `band` [ RunTime:0.0101s ]
SQL: SELECT * FROM `band` WHERE `band_id` = 4  [ RunTime:0.0004s ]

[ 2018-03-19T09:25:51+08:00 ] ::1 /GuDao/Index/getShowCalendar
INFO: [ app_init ] --START--
INFO: Run Behavior\BuildLiteBehavior [ RunTime:0.000024s ]
INFO: [ app_init ] --END-- [ RunTime:0.000691s ]
INFO: [ app_begin ] --START--
INFO: Run Behavior\ReadHtmlCacheBehavior [ RunTime:0.000876s ]
INFO: [ app_begin ] --END-- [ RunTime:0.000985s ]
SQL: SHOW COLUMNS FROM `show` [ RunTime:0.0101s ]
SQL: SHOW COLUMNS FROM `show` [ RunTime:0.0121s ]
SQL: SELECT count('show_id') as count,`show_time` FROM `show` WHERE `show_time` LIKE '2018-03%' GROUP BY show_time  [ RunTime:0.0009s ]

[ 2018-03-19T09:25:51+08:00 ] ::1 /GuDao/Index/getNotice
INFO: [ app_init ] --START--
INFO: Run Behavior\BuildLiteBehavior [ RunTime:0.000026s ]
INFO: [ app_init ] --END-- [ RunTime:0.000953s ]
INFO: [ app_begin ] --START--
INFO: Run Behavior\ReadHtmlCacheBehavior [ RunTime:0.014978s ]
INFO: [ app_begin ] --END-- [ RunTime:0.015098s ]
SQL: SHOW COLUMNS FROM `notice` [ RunTime:0.0147s ]
NOTIC: [2] Missing argument 3 for Home\Model\NoticeModel::getNoticeByPage(), called in D:\xampp\htdocs\GuDao\GuDao\Home\Controller\IndexController.class.php on line 148 and defined D:\xampp\htdocs\GuDao\GuDao\Home\Model\NoticeModel.class.php 第 11 行.
SQL: SHOW COLUMNS FROM `notice` [ RunTime:0.0134s ]
NOTIC: [8] Undefined variable: condition D:\xampp\htdocs\GuDao\GuDao\Home\Model\NoticeModel.class.php 第 13 行.
SQL: SELECT * FROM `notice` ORDER BY notice_time desc LIMIT 0,7   [ RunTime:0.0006s ]

[ 2018-03-19T09:25:51+08:00 ] ::1 /GuDao/User/hasUnreadMessage?id=
INFO: [ app_init ] --START--
INFO: Run Behavior\BuildLiteBehavior [ RunTime:0.000028s ]
INFO: [ app_init ] --END-- [ RunTime:0.001150s ]
INFO: [ app_begin ] --START--
INFO: Run Behavior\ReadHtmlCacheBehavior [ RunTime:0.001640s ]
INFO: [ app_begin ] --END-- [ RunTime:0.001754s ]
SQL: SHOW COLUMNS FROM `reply` [ RunTime:0.0104s ]
SQL: SHOW COLUMNS FROM `reply` [ RunTime:0.0105s ]
SQL: SELECT * FROM `reply` WHERE `target_id` = 0  [ RunTime:0.0004s ]

