[ 2018-03-16T17:41:36+08:00 ] ::1 /GuDao/User/getUserBasicInfo?id=1
INFO: [ app_init ] --START--
INFO: Run Behavior\BuildLiteBehavior [ RunTime:0.000024s ]
INFO: [ app_init ] --END-- [ RunTime:0.000752s ]
INFO: [ app_begin ] --START--
INFO: Run Behavior\ReadHtmlCacheBehavior [ RunTime:0.003454s ]
INFO: [ app_begin ] --END-- [ RunTime:0.003807s ]
SQL: SHOW COLUMNS FROM `user` [ RunTime:0.0113s ]
SQL: SHOW COLUMNS FROM `user` [ RunTime:0.0098s ]
SQL: SELECT `user_id`,`username`,`gender`,`birthday`,`headshot`,`intro` FROM `user` WHERE `user_id` = 1  [ RunTime:0.0007s ]

[ 2018-03-16T17:41:36+08:00 ] ::1 /GuDao/User/hasUnreadMessage?id=1
INFO: [ app_init ] --START--
INFO: Run Behavior\BuildLiteBehavior [ RunTime:0.000029s ]
INFO: [ app_init ] --END-- [ RunTime:0.001038s ]
INFO: [ app_begin ] --START--
INFO: Run Behavior\ReadHtmlCacheBehavior [ RunTime:0.001372s ]
INFO: [ app_begin ] --END-- [ RunTime:0.001488s ]
SQL: SHOW COLUMNS FROM `reply` [ RunTime:0.0121s ]
SQL: SHOW COLUMNS FROM `reply` [ RunTime:0.0109s ]
SQL: SELECT * FROM `reply` WHERE `target_id` = 1 AND `read` = 0  [ RunTime:0.0006s ]

[ 2018-03-16T17:41:37+08:00 ] ::1 /GuDao/Index/home
INFO: [ app_init ] --START--
INFO: Run Behavior\BuildLiteBehavior [ RunTime:0.000029s ]
INFO: [ app_init ] --END-- [ RunTime:0.000899s ]
INFO: [ app_begin ] --START--
INFO: Run Behavior\ReadHtmlCacheBehavior [ RunTime:0.001396s ]
INFO: [ app_begin ] --END-- [ RunTime:0.001537s ]
INFO: [ view_parse ] --START--
INFO: [ template_filter ] --START--
INFO: Run Behavior\ContentReplaceBehavior [ RunTime:0.000078s ]
INFO: [ template_filter ] --END-- [ RunTime:0.000147s ]
INFO: Run Behavior\ParseTemplateBehavior [ RunTime:0.012488s ]
INFO: [ view_parse ] --END-- [ RunTime:0.012579s ]
INFO: [ view_filter ] --START--
INFO: Run Behavior\WriteHtmlCacheBehavior [ RunTime:0.000520s ]
INFO: [ view_filter ] --END-- [ RunTime:0.000567s ]
INFO: [ app_end ] --START--
INFO: Run Behavior\ShowPageTraceBehavior [ RunTime:0.001277s ]
INFO: [ app_end ] --END-- [ RunTime:0.001396s ]

[ 2018-03-16T17:41:38+08:00 ] ::1 /GuDao/Index/'/GuDao/Public/img/band/'%20+%20band.band_id%20+%20'/'%20+%20band.band_cover
INFO: [ app_init ] --START--
INFO: Run Behavior\BuildLiteBehavior [ RunTime:0.000029s ]
INFO: [ app_init ] --END-- [ RunTime:0.000867s ]
INFO: [ app_begin ] --START--
INFO: Run Behavior\ReadHtmlCacheBehavior [ RunTime:0.001320s ]
INFO: [ app_begin ] --END-- [ RunTime:0.001414s ]
ERR: 非法操作:'

[ 2018-03-16T17:41:38+08:00 ] ::1 /GuDao/Public/css/common/bootstrap.css.map
INFO: [ app_init ] --START--
INFO: Run Behavior\BuildLiteBehavior [ RunTime:0.000034s ]
INFO: [ app_init ] --END-- [ RunTime:0.001068s ]
INFO: [ app_begin ] --START--
INFO: Run Behavior\ReadHtmlCacheBehavior [ RunTime:0.001192s ]
INFO: [ app_begin ] --END-- [ RunTime:0.001311s ]
ERR: 无法加载控制器:Public

[ 2018-03-16T17:41:38+08:00 ] ::1 /GuDao/Index/getNotice
INFO: [ app_init ] --START--
INFO: Run Behavior\BuildLiteBehavior [ RunTime:0.000030s ]
INFO: [ app_init ] --END-- [ RunTime:0.000751s ]
INFO: [ app_begin ] --START--
INFO: Run Behavior\ReadHtmlCacheBehavior [ RunTime:0.001968s ]
INFO: [ app_begin ] --END-- [ RunTime:0.002063s ]
SQL: SHOW COLUMNS FROM `notice` [ RunTime:0.0102s ]
NOTIC: [2] Missing argument 3 for Home\Model\NoticeModel::getNoticeByPage(), called in D:\xampp\htdocs\GuDao\GuDao\Home\Controller\IndexController.class.php on line 148 and defined D:\xampp\htdocs\GuDao\GuDao\Home\Model\NoticeModel.class.php 第 11 行.
SQL: SHOW COLUMNS FROM `notice` [ RunTime:0.0091s ]
NOTIC: [8] Undefined variable: condition D:\xampp\htdocs\GuDao\GuDao\Home\Model\NoticeModel.class.php 第 13 行.
SQL: SELECT * FROM `notice` ORDER BY notice_time desc LIMIT 0,7   [ RunTime:0.0005s ]

[ 2018-03-16T17:41:38+08:00 ] ::1 /GuDao/Index/getHotShow
INFO: [ app_init ] --START--
INFO: Run Behavior\BuildLiteBehavior [ RunTime:0.000035s ]
INFO: [ app_init ] --END-- [ RunTime:0.001535s ]
INFO: [ app_begin ] --START--
INFO: Run Behavior\ReadHtmlCacheBehavior [ RunTime:0.001309s ]
INFO: [ app_begin ] --END-- [ RunTime:0.001401s ]
SQL: SHOW COLUMNS FROM `want` [ RunTime:0.0076s ]
SQL: SHOW COLUMNS FROM `want` [ RunTime:0.0082s ]
SQL: SELECT count('user_id') as count,`show_id` FROM `want` GROUP BY show_id ORDER BY count desc LIMIT 0,4   [ RunTime:0.0005s ]
SQL: SHOW COLUMNS FROM `show` [ RunTime:0.0077s ]
SQL: SHOW COLUMNS FROM `show` [ RunTime:0.0085s ]
SQL: SELECT * FROM `show` WHERE `show_id` = 1  [ RunTime:0.0003s ]
SQL: SHOW COLUMNS FROM `show` [ RunTime:0.0110s ]
SQL: SHOW COLUMNS FROM `show` [ RunTime:0.0077s ]
SQL: SELECT * FROM `show` WHERE `show_id` = 2  [ RunTime:0.0006s ]

[ 2018-03-16T17:41:38+08:00 ] ::1 /GuDao/Index/getHotBand
INFO: [ app_init ] --START--
INFO: Run Behavior\BuildLiteBehavior [ RunTime:0.000025s ]
INFO: [ app_init ] --END-- [ RunTime:0.000853s ]
INFO: [ app_begin ] --START--
INFO: Run Behavior\ReadHtmlCacheBehavior [ RunTime:0.001598s ]
INFO: [ app_begin ] --END-- [ RunTime:0.001708s ]
SQL: SHOW COLUMNS FROM `support` [ RunTime:0.0078s ]
SQL: SHOW COLUMNS FROM `support` [ RunTime:0.0079s ]
SQL: SELECT count('user_id') as count,`band_id` FROM `support` GROUP BY band_id ORDER BY count desc LIMIT 0,4   [ RunTime:0.0005s ]
SQL: SHOW COLUMNS FROM `band` [ RunTime:0.0079s ]
SQL: SHOW COLUMNS FROM `band` [ RunTime:0.0086s ]
SQL: SELECT * FROM `band` WHERE `band_id` = 2  [ RunTime:0.0005s ]
SQL: SHOW COLUMNS FROM `band` [ RunTime:0.0118s ]
SQL: SHOW COLUMNS FROM `band` [ RunTime:0.0095s ]
SQL: SELECT * FROM `band` WHERE `band_id` = 1  [ RunTime:0.0008s ]
SQL: SHOW COLUMNS FROM `band` [ RunTime:0.0158s ]
SQL: SHOW COLUMNS FROM `band` [ RunTime:0.0141s ]
SQL: SELECT * FROM `band` WHERE `band_id` = 4  [ RunTime:0.0005s ]
SQL: SHOW COLUMNS FROM `band` [ RunTime:0.0135s ]
SQL: SHOW COLUMNS FROM `band` [ RunTime:0.0190s ]
SQL: SELECT * FROM `band` WHERE `band_id` = 8  [ RunTime:0.0007s ]

[ 2018-03-16T17:41:38+08:00 ] ::1 /GuDao/Index/getShowCalendar
INFO: [ app_init ] --START--
INFO: Run Behavior\BuildLiteBehavior [ RunTime:0.000025s ]
INFO: [ app_init ] --END-- [ RunTime:0.000840s ]
INFO: [ app_begin ] --START--
INFO: Run Behavior\ReadHtmlCacheBehavior [ RunTime:0.001298s ]
INFO: [ app_begin ] --END-- [ RunTime:0.001404s ]
SQL: SHOW COLUMNS FROM `show` [ RunTime:0.0107s ]
SQL: SHOW COLUMNS FROM `show` [ RunTime:0.0119s ]
SQL: SELECT count('show_id') as count,`show_time` FROM `show` WHERE `show_time` LIKE '2018-03%' GROUP BY show_time  [ RunTime:0.0009s ]

[ 2018-03-16T17:41:38+08:00 ] ::1 /GuDao/Index/getRecentShow
INFO: [ app_init ] --START--
INFO: Run Behavior\BuildLiteBehavior [ RunTime:0.000024s ]
INFO: [ app_init ] --END-- [ RunTime:0.000842s ]
INFO: [ app_begin ] --START--
INFO: Run Behavior\ReadHtmlCacheBehavior [ RunTime:0.005315s ]
INFO: [ app_begin ] --END-- [ RunTime:0.005419s ]
SQL: SHOW COLUMNS FROM `show` [ RunTime:0.0140s ]
SQL: SHOW COLUMNS FROM `show` [ RunTime:0.0163s ]
SQL: SELECT * FROM `show` ORDER BY show_time desc LIMIT 0,4   [ RunTime:0.0006s ]

[ 2018-03-16T17:41:38+08:00 ] ::1 /GuDao/User/getUserBasicInfo?id=1
INFO: [ app_init ] --START--
INFO: Run Behavior\BuildLiteBehavior [ RunTime:0.000031s ]
INFO: [ app_init ] --END-- [ RunTime:0.014437s ]
INFO: [ app_begin ] --START--
INFO: Run Behavior\ReadHtmlCacheBehavior [ RunTime:0.001149s ]
INFO: [ app_begin ] --END-- [ RunTime:0.001260s ]
SQL: SHOW COLUMNS FROM `user` [ RunTime:0.0132s ]
SQL: SHOW COLUMNS FROM `user` [ RunTime:0.0135s ]
SQL: SELECT `user_id`,`username`,`gender`,`birthday`,`headshot`,`intro` FROM `user` WHERE `user_id` = 1  [ RunTime:0.0005s ]

[ 2018-03-16T17:41:38+08:00 ] ::1 /GuDao/User/hasUnreadMessage?id=1
INFO: [ app_init ] --START--
INFO: Run Behavior\BuildLiteBehavior [ RunTime:0.000033s ]
INFO: [ app_init ] --END-- [ RunTime:0.000928s ]
INFO: [ app_begin ] --START--
INFO: Run Behavior\ReadHtmlCacheBehavior [ RunTime:0.001867s ]
INFO: [ app_begin ] --END-- [ RunTime:0.001985s ]
SQL: SHOW COLUMNS FROM `reply` [ RunTime:0.0122s ]
SQL: SHOW COLUMNS FROM `reply` [ RunTime:0.0113s ]
SQL: SELECT * FROM `reply` WHERE `target_id` = 1 AND `read` = 0  [ RunTime:0.0010s ]

[ 2018-03-16T17:41:38+08:00 ] ::1 /GuDao/Index/'/GuDao/Public/img/band/'%20+%20band.band_id%20+%20'/'%20+%20band.band_cover
INFO: [ app_init ] --START--
INFO: Run Behavior\BuildLiteBehavior [ RunTime:0.000104s ]
INFO: [ app_init ] --END-- [ RunTime:0.002891s ]
INFO: [ app_begin ] --START--
INFO: Run Behavior\ReadHtmlCacheBehavior [ RunTime:0.001196s ]
INFO: [ app_begin ] --END-- [ RunTime:0.001319s ]
ERR: 非法操作:'

[ 2018-03-16T17:42:00+08:00 ] ::1 /GuDao/Public/css/common/bootstrap.css.map
INFO: [ app_init ] --START--
INFO: Run Behavior\BuildLiteBehavior [ RunTime:0.000019s ]
INFO: [ app_init ] --END-- [ RunTime:0.000771s ]
INFO: [ app_begin ] --START--
INFO: Run Behavior\ReadHtmlCacheBehavior [ RunTime:0.001139s ]
INFO: [ app_begin ] --END-- [ RunTime:0.001225s ]
ERR: 无法加载控制器:Public

[ 2018-03-16T17:42:13+08:00 ] ::1 /GuDao/Index/home
INFO: [ app_init ] --START--
INFO: Run Behavior\BuildLiteBehavior [ RunTime:0.000024s ]
INFO: [ app_init ] --END-- [ RunTime:0.000838s ]
INFO: [ app_begin ] --START--
INFO: Run Behavior\ReadHtmlCacheBehavior [ RunTime:0.001469s ]
INFO: [ app_begin ] --END-- [ RunTime:0.001667s ]
INFO: [ view_parse ] --START--
INFO: [ template_filter ] --START--
INFO: Run Behavior\ContentReplaceBehavior [ RunTime:0.000127s ]
INFO: [ template_filter ] --END-- [ RunTime:0.000203s ]
INFO: Run Behavior\ParseTemplateBehavior [ RunTime:0.009617s ]
INFO: [ view_parse ] --END-- [ RunTime:0.009692s ]
INFO: [ view_filter ] --START--
INFO: Run Behavior\WriteHtmlCacheBehavior [ RunTime:0.000524s ]
INFO: [ view_filter ] --END-- [ RunTime:0.000591s ]
INFO: [ app_end ] --START--
INFO: Run Behavior\ShowPageTraceBehavior [ RunTime:0.000712s ]
INFO: [ app_end ] --END-- [ RunTime:0.000764s ]

[ 2018-03-16T17:42:14+08:00 ] ::1 /GuDao/Index/'/GuDao/Public/img/band/'%20+%20band.band_id%20+%20'/'%20+%20band.band_cover
INFO: [ app_init ] --START--
INFO: Run Behavior\BuildLiteBehavior [ RunTime:0.000027s ]
INFO: [ app_init ] --END-- [ RunTime:0.000850s ]
INFO: [ app_begin ] --START--
INFO: Run Behavior\ReadHtmlCacheBehavior [ RunTime:0.000967s ]
INFO: [ app_begin ] --END-- [ RunTime:0.001073s ]
ERR: 非法操作:'

[ 2018-03-16T17:42:14+08:00 ] ::1 /GuDao/Public/css/common/bootstrap.css.map
INFO: [ app_init ] --START--
INFO: Run Behavior\BuildLiteBehavior [ RunTime:0.000017s ]
INFO: [ app_init ] --END-- [ RunTime:0.000569s ]
INFO: [ app_begin ] --START--
INFO: Run Behavior\ReadHtmlCacheBehavior [ RunTime:0.000850s ]
INFO: [ app_begin ] --END-- [ RunTime:0.000928s ]
ERR: 无法加载控制器:Public

[ 2018-03-16T17:42:14+08:00 ] ::1 /GuDao/Index/getNotice
INFO: [ app_init ] --START--
INFO: Run Behavior\BuildLiteBehavior [ RunTime:0.000024s ]
INFO: [ app_init ] --END-- [ RunTime:0.000683s ]
INFO: [ app_begin ] --START--
INFO: Run Behavior\ReadHtmlCacheBehavior [ RunTime:0.001453s ]
INFO: [ app_begin ] --END-- [ RunTime:0.001541s ]
SQL: SHOW COLUMNS FROM `notice` [ RunTime:0.0105s ]
NOTIC: [2] Missing argument 3 for Home\Model\NoticeModel::getNoticeByPage(), called in D:\xampp\htdocs\GuDao\GuDao\Home\Controller\IndexController.class.php on line 148 and defined D:\xampp\htdocs\GuDao\GuDao\Home\Model\NoticeModel.class.php 第 11 行.
SQL: SHOW COLUMNS FROM `notice` [ RunTime:0.0079s ]
NOTIC: [8] Undefined variable: condition D:\xampp\htdocs\GuDao\GuDao\Home\Model\NoticeModel.class.php 第 13 行.
SQL: SELECT * FROM `notice` ORDER BY notice_time desc LIMIT 0,7   [ RunTime:0.0005s ]

[ 2018-03-16T17:42:14+08:00 ] ::1 /GuDao/Index/getRecentShow
INFO: [ app_init ] --START--
INFO: Run Behavior\BuildLiteBehavior [ RunTime:0.000025s ]
INFO: [ app_init ] --END-- [ RunTime:0.000753s ]
INFO: [ app_begin ] --START--
INFO: Run Behavior\ReadHtmlCacheBehavior [ RunTime:0.001094s ]
INFO: [ app_begin ] --END-- [ RunTime:0.001178s ]
SQL: SHOW COLUMNS FROM `show` [ RunTime:0.0072s ]
SQL: SHOW COLUMNS FROM `show` [ RunTime:0.0075s ]
SQL: SELECT * FROM `show` ORDER BY show_time desc LIMIT 0,4   [ RunTime:0.0004s ]

[ 2018-03-16T17:42:14+08:00 ] ::1 /GuDao/Index/getShowCalendar
INFO: [ app_init ] --START--
INFO: Run Behavior\BuildLiteBehavior [ RunTime:0.000028s ]
INFO: [ app_init ] --END-- [ RunTime:0.000881s ]
INFO: [ app_begin ] --START--
INFO: Run Behavior\ReadHtmlCacheBehavior [ RunTime:0.001188s ]
INFO: [ app_begin ] --END-- [ RunTime:0.001288s ]
SQL: SHOW COLUMNS FROM `show` [ RunTime:0.0085s ]
SQL: SHOW COLUMNS FROM `show` [ RunTime:0.0075s ]
SQL: SELECT count('show_id') as count,`show_time` FROM `show` WHERE `show_time` LIKE '2018-03%' GROUP BY show_time  [ RunTime:0.0004s ]

[ 2018-03-16T17:42:14+08:00 ] ::1 /GuDao/Index/getHotBand
INFO: [ app_init ] --START--
INFO: Run Behavior\BuildLiteBehavior [ RunTime:0.000027s ]
INFO: [ app_init ] --END-- [ RunTime:0.000910s ]
INFO: [ app_begin ] --START--
INFO: Run Behavior\ReadHtmlCacheBehavior [ RunTime:0.001488s ]
INFO: [ app_begin ] --END-- [ RunTime:0.001592s ]
SQL: SHOW COLUMNS FROM `support` [ RunTime:0.0105s ]
SQL: SHOW COLUMNS FROM `support` [ RunTime:0.0076s ]
SQL: SELECT count('user_id') as count,`band_id` FROM `support` GROUP BY band_id ORDER BY count desc LIMIT 0,4   [ RunTime:0.0005s ]
SQL: SHOW COLUMNS FROM `band` [ RunTime:0.0103s ]
SQL: SHOW COLUMNS FROM `band` [ RunTime:0.0382s ]
SQL: SELECT * FROM `band` WHERE `band_id` = 2  [ RunTime:0.0037s ]
SQL: SHOW COLUMNS FROM `band` [ RunTime:0.0112s ]
SQL: SHOW COLUMNS FROM `band` [ RunTime:0.0085s ]
SQL: SELECT * FROM `band` WHERE `band_id` = 1  [ RunTime:0.0006s ]
SQL: SHOW COLUMNS FROM `band` [ RunTime:0.0125s ]
SQL: SHOW COLUMNS FROM `band` [ RunTime:0.0106s ]
SQL: SELECT * FROM `band` WHERE `band_id` = 4  [ RunTime:0.0006s ]
SQL: SHOW COLUMNS FROM `band` [ RunTime:0.0146s ]
SQL: SHOW COLUMNS FROM `band` [ RunTime:0.0134s ]
SQL: SELECT * FROM `band` WHERE `band_id` = 8  [ RunTime:0.0008s ]

[ 2018-03-16T17:42:14+08:00 ] ::1 /GuDao/Index/getHotShow
INFO: [ app_init ] --START--
INFO: Run Behavior\BuildLiteBehavior [ RunTime:0.000030s ]
INFO: [ app_init ] --END-- [ RunTime:0.000951s ]
INFO: [ app_begin ] --START--
INFO: Run Behavior\ReadHtmlCacheBehavior [ RunTime:0.001515s ]
INFO: [ app_begin ] --END-- [ RunTime:0.001605s ]
SQL: SHOW COLUMNS FROM `want` [ RunTime:0.0149s ]
SQL: SHOW COLUMNS FROM `want` [ RunTime:0.0131s ]
SQL: SELECT count('user_id') as count,`show_id` FROM `want` GROUP BY show_id ORDER BY count desc LIMIT 0,4   [ RunTime:0.0015s ]
SQL: SHOW COLUMNS FROM `show` [ RunTime:0.0112s ]
SQL: SHOW COLUMNS FROM `show` [ RunTime:0.0135s ]
SQL: SELECT * FROM `show` WHERE `show_id` = 1  [ RunTime:0.0044s ]
SQL: SHOW COLUMNS FROM `show` [ RunTime:0.0134s ]
SQL: SHOW COLUMNS FROM `show` [ RunTime:0.0099s ]
SQL: SELECT * FROM `show` WHERE `show_id` = 2  [ RunTime:0.0005s ]

[ 2018-03-16T17:42:14+08:00 ] ::1 /GuDao/User/getUserBasicInfo?id=1
INFO: [ app_init ] --START--
INFO: Run Behavior\BuildLiteBehavior [ RunTime:0.000025s ]
INFO: [ app_init ] --END-- [ RunTime:0.000694s ]
INFO: [ app_begin ] --START--
INFO: Run Behavior\ReadHtmlCacheBehavior [ RunTime:0.001561s ]
INFO: [ app_begin ] --END-- [ RunTime:0.001678s ]
SQL: SHOW COLUMNS FROM `user` [ RunTime:0.0176s ]
SQL: SHOW COLUMNS FROM `user` [ RunTime:0.0137s ]
SQL: SELECT `user_id`,`username`,`gender`,`birthday`,`headshot`,`intro` FROM `user` WHERE `user_id` = 1  [ RunTime:0.0005s ]

[ 2018-03-16T17:42:14+08:00 ] ::1 /GuDao/User/hasUnreadMessage?id=1
INFO: [ app_init ] --START--
INFO: Run Behavior\BuildLiteBehavior [ RunTime:0.000029s ]
INFO: [ app_init ] --END-- [ RunTime:0.001342s ]
INFO: [ app_begin ] --START--
INFO: Run Behavior\ReadHtmlCacheBehavior [ RunTime:0.001247s ]
INFO: [ app_begin ] --END-- [ RunTime:0.001362s ]
SQL: SHOW COLUMNS FROM `reply` [ RunTime:0.0361s ]
SQL: SHOW COLUMNS FROM `reply` [ RunTime:0.0125s ]
SQL: SELECT * FROM `reply` WHERE `target_id` = 1 AND `read` = 0  [ RunTime:0.0007s ]

[ 2018-03-16T17:42:14+08:00 ] ::1 /GuDao/Index/'/GuDao/Public/img/band/'%20+%20band.band_id%20+%20'/'%20+%20band.band_cover
INFO: [ app_init ] --START--
INFO: Run Behavior\BuildLiteBehavior [ RunTime:0.000071s ]
INFO: [ app_init ] --END-- [ RunTime:0.001455s ]
INFO: [ app_begin ] --START--
INFO: Run Behavior\ReadHtmlCacheBehavior [ RunTime:0.002040s ]
INFO: [ app_begin ] --END-- [ RunTime:0.002234s ]
ERR: 非法操作:'

[ 2018-03-16T17:42:57+08:00 ] ::1 /GuDao/Index/home
INFO: [ app_init ] --START--
INFO: Run Behavior\BuildLiteBehavior [ RunTime:0.000017s ]
INFO: [ app_init ] --END-- [ RunTime:0.000549s ]
INFO: [ app_begin ] --START--
INFO: Run Behavior\ReadHtmlCacheBehavior [ RunTime:0.001868s ]
INFO: [ app_begin ] --END-- [ RunTime:0.001941s ]
INFO: [ view_parse ] --START--
INFO: [ template_filter ] --START--
INFO: Run Behavior\ContentReplaceBehavior [ RunTime:0.000079s ]
INFO: [ template_filter ] --END-- [ RunTime:0.000147s ]
INFO: Run Behavior\ParseTemplateBehavior [ RunTime:0.010696s ]
INFO: [ view_parse ] --END-- [ RunTime:0.010822s ]
INFO: [ view_filter ] --START--
INFO: Run Behavior\WriteHtmlCacheBehavior [ RunTime:0.001014s ]
INFO: [ view_filter ] --END-- [ RunTime:0.001111s ]
INFO: [ app_end ] --START--
INFO: Run Behavior\ShowPageTraceBehavior [ RunTime:0.001515s ]
INFO: [ app_end ] --END-- [ RunTime:0.001643s ]

[ 2018-03-16T17:42:58+08:00 ] ::1 /GuDao/Index/'/GuDao/Public/img/band/'+band.band_id+'/'+band.band_cover
INFO: [ app_init ] --START--
INFO: Run Behavior\BuildLiteBehavior [ RunTime:0.000027s ]
INFO: [ app_init ] --END-- [ RunTime:0.000772s ]
INFO: [ app_begin ] --START--
INFO: Run Behavior\ReadHtmlCacheBehavior [ RunTime:0.001255s ]
INFO: [ app_begin ] --END-- [ RunTime:0.001380s ]
ERR: 非法操作:'

[ 2018-03-16T17:42:58+08:00 ] ::1 /GuDao/Public/css/common/bootstrap.css.map
INFO: [ app_init ] --START--
INFO: Run Behavior\BuildLiteBehavior [ RunTime:0.000017s ]
INFO: [ app_init ] --END-- [ RunTime:0.000648s ]
INFO: [ app_begin ] --START--
INFO: Run Behavior\ReadHtmlCacheBehavior [ RunTime:0.000778s ]
INFO: [ app_begin ] --END-- [ RunTime:0.000844s ]
ERR: 无法加载控制器:Public

[ 2018-03-16T17:42:58+08:00 ] ::1 /GuDao/Index/getNotice
INFO: [ app_init ] --START--
INFO: Run Behavior\BuildLiteBehavior [ RunTime:0.000025s ]
INFO: [ app_init ] --END-- [ RunTime:0.001035s ]
INFO: [ app_begin ] --START--
INFO: Run Behavior\ReadHtmlCacheBehavior [ RunTime:0.001312s ]
INFO: [ app_begin ] --END-- [ RunTime:0.001402s ]
SQL: SHOW COLUMNS FROM `notice` [ RunTime:0.0104s ]
NOTIC: [2] Missing argument 3 for Home\Model\NoticeModel::getNoticeByPage(), called in D:\xampp\htdocs\GuDao\GuDao\Home\Controller\IndexController.class.php on line 148 and defined D:\xampp\htdocs\GuDao\GuDao\Home\Model\NoticeModel.class.php 第 11 行.
SQL: SHOW COLUMNS FROM `notice` [ RunTime:0.0090s ]
NOTIC: [8] Undefined variable: condition D:\xampp\htdocs\GuDao\GuDao\Home\Model\NoticeModel.class.php 第 13 行.
SQL: SELECT * FROM `notice` ORDER BY notice_time desc LIMIT 0,7   [ RunTime:0.0004s ]

[ 2018-03-16T17:42:58+08:00 ] ::1 /GuDao/Index/getRecentShow
INFO: [ app_init ] --START--
INFO: Run Behavior\BuildLiteBehavior [ RunTime:0.000024s ]
INFO: [ app_init ] --END-- [ RunTime:0.000832s ]
INFO: [ app_begin ] --START--
INFO: Run Behavior\ReadHtmlCacheBehavior [ RunTime:0.001528s ]
INFO: [ app_begin ] --END-- [ RunTime:0.001620s ]
SQL: SHOW COLUMNS FROM `show` [ RunTime:0.0086s ]
SQL: SHOW COLUMNS FROM `show` [ RunTime:0.0110s ]
SQL: SELECT * FROM `show` ORDER BY show_time desc LIMIT 0,4   [ RunTime:0.0004s ]

[ 2018-03-16T17:42:58+08:00 ] ::1 /GuDao/Index/getShowCalendar
INFO: [ app_init ] --START--
INFO: Run Behavior\BuildLiteBehavior [ RunTime:0.000024s ]
INFO: [ app_init ] --END-- [ RunTime:0.002848s ]
INFO: [ app_begin ] --START--
INFO: Run Behavior\ReadHtmlCacheBehavior [ RunTime:0.001650s ]
INFO: [ app_begin ] --END-- [ RunTime:0.001751s ]
SQL: SHOW COLUMNS FROM `show` [ RunTime:0.0097s ]
SQL: SHOW COLUMNS FROM `show` [ RunTime:0.0086s ]
SQL: SELECT count('show_id') as count,`show_time` FROM `show` WHERE `show_time` LIKE '2018-03%' GROUP BY show_time  [ RunTime:0.0006s ]

[ 2018-03-16T17:42:58+08:00 ] ::1 /GuDao/Index/getHotShow
INFO: [ app_init ] --START--
INFO: Run Behavior\BuildLiteBehavior [ RunTime:0.000028s ]
INFO: [ app_init ] --END-- [ RunTime:0.000817s ]
INFO: [ app_begin ] --START--
INFO: Run Behavior\ReadHtmlCacheBehavior [ RunTime:0.003646s ]
INFO: [ app_begin ] --END-- [ RunTime:0.003753s ]
SQL: SHOW COLUMNS FROM `want` [ RunTime:0.0099s ]
SQL: SHOW COLUMNS FROM `want` [ RunTime:0.0097s ]
SQL: SELECT count('user_id') as count,`show_id` FROM `want` GROUP BY show_id ORDER BY count desc LIMIT 0,4   [ RunTime:0.0008s ]
SQL: SHOW COLUMNS FROM `show` [ RunTime:0.0148s ]
SQL: SHOW COLUMNS FROM `show` [ RunTime:0.0127s ]
SQL: SELECT * FROM `show` WHERE `show_id` = 1  [ RunTime:0.0021s ]
SQL: SHOW COLUMNS FROM `show` [ RunTime:0.0103s ]
SQL: SHOW COLUMNS FROM `show` [ RunTime:0.0119s ]
SQL: SELECT * FROM `show` WHERE `show_id` = 2  [ RunTime:0.0008s ]

[ 2018-03-16T17:42:58+08:00 ] ::1 /GuDao/Index/getHotBand
INFO: [ app_init ] --START--
INFO: Run Behavior\BuildLiteBehavior [ RunTime:0.000028s ]
INFO: [ app_init ] --END-- [ RunTime:0.001094s ]
INFO: [ app_begin ] --START--
INFO: Run Behavior\ReadHtmlCacheBehavior [ RunTime:0.001046s ]
INFO: [ app_begin ] --END-- [ RunTime:0.001169s ]
SQL: SHOW COLUMNS FROM `support` [ RunTime:0.0094s ]
SQL: SHOW COLUMNS FROM `support` [ RunTime:0.0116s ]
SQL: SELECT count('user_id') as count,`band_id` FROM `support` GROUP BY band_id ORDER BY count desc LIMIT 0,4   [ RunTime:0.0006s ]
SQL: SHOW COLUMNS FROM `band` [ RunTime:0.0125s ]
SQL: SHOW COLUMNS FROM `band` [ RunTime:0.0112s ]
SQL: SELECT * FROM `band` WHERE `band_id` = 2  [ RunTime:0.0004s ]
SQL: SHOW COLUMNS FROM `band` [ RunTime:0.0097s ]
SQL: SHOW COLUMNS FROM `band` [ RunTime:0.0161s ]
SQL: SELECT * FROM `band` WHERE `band_id` = 1  [ RunTime:0.0004s ]
SQL: SHOW COLUMNS FROM `band` [ RunTime:0.0161s ]
SQL: SHOW COLUMNS FROM `band` [ RunTime:0.0187s ]
SQL: SELECT * FROM `band` WHERE `band_id` = 4  [ RunTime:0.0014s ]
SQL: SHOW COLUMNS FROM `band` [ RunTime:0.0143s ]
SQL: SHOW COLUMNS FROM `band` [ RunTime:0.0131s ]
SQL: SELECT * FROM `band` WHERE `band_id` = 8  [ RunTime:0.0004s ]

[ 2018-03-16T17:42:58+08:00 ] ::1 /GuDao/User/getUserBasicInfo?id=1
INFO: [ app_init ] --START--
INFO: Run Behavior\BuildLiteBehavior [ RunTime:0.000058s ]
INFO: [ app_init ] --END-- [ RunTime:0.000956s ]
INFO: [ app_begin ] --START--
INFO: Run Behavior\ReadHtmlCacheBehavior [ RunTime:0.001532s ]
INFO: [ app_begin ] --END-- [ RunTime:0.001633s ]
SQL: SHOW COLUMNS FROM `user` [ RunTime:0.0180s ]
SQL: SHOW COLUMNS FROM `user` [ RunTime:0.0125s ]
SQL: SELECT `user_id`,`username`,`gender`,`birthday`,`headshot`,`intro` FROM `user` WHERE `user_id` = 1  [ RunTime:0.0005s ]

[ 2018-03-16T17:42:58+08:00 ] ::1 /GuDao/User/hasUnreadMessage?id=1
INFO: [ app_init ] --START--
INFO: Run Behavior\BuildLiteBehavior [ RunTime:0.000024s ]
INFO: [ app_init ] --END-- [ RunTime:0.000874s ]
INFO: [ app_begin ] --START--
INFO: Run Behavior\ReadHtmlCacheBehavior [ RunTime:0.001413s ]
INFO: [ app_begin ] --END-- [ RunTime:0.001531s ]
SQL: SHOW COLUMNS FROM `reply` [ RunTime:0.0097s ]
SQL: SHOW COLUMNS FROM `reply` [ RunTime:0.0145s ]
SQL: SELECT * FROM `reply` WHERE `target_id` = 1 AND `read` = 0  [ RunTime:0.0006s ]

[ 2018-03-16T17:42:58+08:00 ] ::1 /GuDao/Index/'/GuDao/Public/img/band/'+band.band_id+'/'+band.band_cover
INFO: [ app_init ] --START--
INFO: Run Behavior\BuildLiteBehavior [ RunTime:0.000026s ]
INFO: [ app_init ] --END-- [ RunTime:0.000955s ]
INFO: [ app_begin ] --START--
INFO: Run Behavior\ReadHtmlCacheBehavior [ RunTime:0.001254s ]
INFO: [ app_begin ] --END-- [ RunTime:0.001403s ]
ERR: 非法操作:'

[ 2018-03-16T17:43:14+08:00 ] ::1 /GuDao/Index/home
INFO: [ app_init ] --START--
INFO: Run Behavior\BuildLiteBehavior [ RunTime:0.000030s ]
INFO: [ app_init ] --END-- [ RunTime:0.000845s ]
INFO: [ app_begin ] --START--
INFO: Run Behavior\ReadHtmlCacheBehavior [ RunTime:0.000852s ]
INFO: [ app_begin ] --END-- [ RunTime:0.000932s ]
INFO: [ view_parse ] --START--
INFO: [ template_filter ] --START--
INFO: Run Behavior\ContentReplaceBehavior [ RunTime:0.000077s ]
INFO: [ template_filter ] --END-- [ RunTime:0.000142s ]
INFO: Run Behavior\ParseTemplateBehavior [ RunTime:0.013803s ]
INFO: [ view_parse ] --END-- [ RunTime:0.013885s ]
INFO: [ view_filter ] --START--
INFO: Run Behavior\WriteHtmlCacheBehavior [ RunTime:0.000588s ]
INFO: [ view_filter ] --END-- [ RunTime:0.000638s ]
INFO: [ app_end ] --START--
INFO: Run Behavior\ShowPageTraceBehavior [ RunTime:0.000831s ]
INFO: [ app_end ] --END-- [ RunTime:0.000904s ]

[ 2018-03-16T17:43:14+08:00 ] ::1 /GuDao/Public/css/common/bootstrap.css.map
INFO: [ app_init ] --START--
INFO: Run Behavior\BuildLiteBehavior [ RunTime:0.000024s ]
INFO: [ app_init ] --END-- [ RunTime:0.000869s ]
INFO: [ app_begin ] --START--
INFO: Run Behavior\ReadHtmlCacheBehavior [ RunTime:0.001365s ]
INFO: [ app_begin ] --END-- [ RunTime:0.001467s ]
ERR: 无法加载控制器:Public

[ 2018-03-16T17:43:15+08:00 ] ::1 /GuDao/Index/getNotice
INFO: [ app_init ] --START--
INFO: Run Behavior\BuildLiteBehavior [ RunTime:0.000025s ]
INFO: [ app_init ] --END-- [ RunTime:0.000782s ]
INFO: [ app_begin ] --START--
INFO: Run Behavior\ReadHtmlCacheBehavior [ RunTime:0.001431s ]
INFO: [ app_begin ] --END-- [ RunTime:0.001522s ]
SQL: SHOW COLUMNS FROM `notice` [ RunTime:0.0099s ]
NOTIC: [2] Missing argument 3 for Home\Model\NoticeModel::getNoticeByPage(), called in D:\xampp\htdocs\GuDao\GuDao\Home\Controller\IndexController.class.php on line 148 and defined D:\xampp\htdocs\GuDao\GuDao\Home\Model\NoticeModel.class.php 第 11 行.
SQL: SHOW COLUMNS FROM `notice` [ RunTime:0.0108s ]
NOTIC: [8] Undefined variable: condition D:\xampp\htdocs\GuDao\GuDao\Home\Model\NoticeModel.class.php 第 13 行.
SQL: SELECT * FROM `notice` ORDER BY notice_time desc LIMIT 0,7   [ RunTime:0.0006s ]

[ 2018-03-16T17:43:15+08:00 ] ::1 /GuDao/Index/getRecentShow
INFO: [ app_init ] --START--
INFO: Run Behavior\BuildLiteBehavior [ RunTime:0.000022s ]
INFO: [ app_init ] --END-- [ RunTime:0.000822s ]
INFO: [ app_begin ] --START--
INFO: Run Behavior\ReadHtmlCacheBehavior [ RunTime:0.001127s ]
INFO: [ app_begin ] --END-- [ RunTime:0.001217s ]
SQL: SHOW COLUMNS FROM `show` [ RunTime:0.0091s ]
SQL: SHOW COLUMNS FROM `show` [ RunTime:0.0079s ]
SQL: SELECT * FROM `show` ORDER BY show_time desc LIMIT 0,4   [ RunTime:0.0004s ]

[ 2018-03-16T17:43:15+08:00 ] ::1 /GuDao/Index/getHotBand
INFO: [ app_init ] --START--
INFO: Run Behavior\BuildLiteBehavior [ RunTime:0.000027s ]
INFO: [ app_init ] --END-- [ RunTime:0.000716s ]
INFO: [ app_begin ] --START--
INFO: Run Behavior\ReadHtmlCacheBehavior [ RunTime:0.001043s ]
INFO: [ app_begin ] --END-- [ RunTime:0.001152s ]
SQL: SHOW COLUMNS FROM `support` [ RunTime:0.0088s ]
SQL: SHOW COLUMNS FROM `support` [ RunTime:0.0112s ]
SQL: SELECT count('user_id') as count,`band_id` FROM `support` GROUP BY band_id ORDER BY count desc LIMIT 0,4   [ RunTime:0.0007s ]
SQL: SHOW COLUMNS FROM `band` [ RunTime:0.0093s ]
SQL: SHOW COLUMNS FROM `band` [ RunTime:0.0100s ]
SQL: SELECT * FROM `band` WHERE `band_id` = 2  [ RunTime:0.0004s ]
SQL: SHOW COLUMNS FROM `band` [ RunTime:0.0128s ]
SQL: SHOW COLUMNS FROM `band` [ RunTime:0.0138s ]
SQL: SELECT * FROM `band` WHERE `band_id` = 1  [ RunTime:0.0005s ]
SQL: SHOW COLUMNS FROM `band` [ RunTime:0.0113s ]
SQL: SHOW COLUMNS FROM `band` [ RunTime:0.0155s ]
SQL: SELECT * FROM `band` WHERE `band_id` = 4  [ RunTime:0.0005s ]
SQL: SHOW COLUMNS FROM `band` [ RunTime:0.0134s ]
SQL: SHOW COLUMNS FROM `band` [ RunTime:0.0123s ]
SQL: SELECT * FROM `band` WHERE `band_id` = 8  [ RunTime:0.0005s ]

[ 2018-03-16T17:43:15+08:00 ] ::1 /GuDao/Index/getHotShow
INFO: [ app_init ] --START--
INFO: Run Behavior\BuildLiteBehavior [ RunTime:0.000025s ]
INFO: [ app_init ] --END-- [ RunTime:0.000842s ]
INFO: [ app_begin ] --START--
INFO: Run Behavior\ReadHtmlCacheBehavior [ RunTime:0.002148s ]
INFO: [ app_begin ] --END-- [ RunTime:0.002253s ]
SQL: SHOW COLUMNS FROM `want` [ RunTime:0.0155s ]
SQL: SHOW COLUMNS FROM `want` [ RunTime:0.0152s ]
SQL: SELECT count('user_id') as count,`show_id` FROM `want` GROUP BY show_id ORDER BY count desc LIMIT 0,4   [ RunTime:0.0005s ]
SQL: SHOW COLUMNS FROM `show` [ RunTime:0.0212s ]
SQL: SHOW COLUMNS FROM `show` [ RunTime:0.0173s ]
SQL: SELECT * FROM `show` WHERE `show_id` = 1  [ RunTime:0.0017s ]
SQL: SHOW COLUMNS FROM `show` [ RunTime:0.0239s ]
SQL: SHOW COLUMNS FROM `show` [ RunTime:0.0185s ]
SQL: SELECT * FROM `show` WHERE `show_id` = 2  [ RunTime:0.0005s ]

[ 2018-03-16T17:43:15+08:00 ] ::1 /GuDao/Public/img/band/4/band4_01.jpg
INFO: [ app_init ] --START--
INFO: Run Behavior\BuildLiteBehavior [ RunTime:0.000037s ]
INFO: [ app_init ] --END-- [ RunTime:0.000868s ]

[ 2018-03-16T17:43:15+08:00 ] ::1 /GuDao/Index/getShowCalendar
INFO: [ app_init ] --START--
INFO: Run Behavior\BuildLiteBehavior [ RunTime:0.000026s ]
INFO: [ app_init ] --END-- [ RunTime:0.000930s ]
INFO: [ app_begin ] --START--
INFO: Run Behavior\ReadHtmlCacheBehavior [ RunTime:0.002457s ]
INFO: [ app_begin ] --END-- [ RunTime:0.002890s ]
SQL: SHOW COLUMNS FROM `show` [ RunTime:0.0099s ]
SQL: SHOW COLUMNS FROM `show` [ RunTime:0.0154s ]
SQL: SELECT count('show_id') as count,`show_time` FROM `show` WHERE `show_time` LIKE '2018-03%' GROUP BY show_time  [ RunTime:0.0006s ]

[ 2018-03-16T17:43:15+08:00 ] ::1 /GuDao/Public/img/band/8/band8_01.jpg
INFO: [ app_init ] --START--
INFO: Run Behavior\BuildLiteBehavior [ RunTime:0.000025s ]
INFO: [ app_init ] --END-- [ RunTime:0.000951s ]

[ 2018-03-16T17:43:15+08:00 ] ::1 /GuDao/User/hasUnreadMessage?id=1
INFO: [ app_init ] --START--
INFO: Run Behavior\BuildLiteBehavior [ RunTime:0.000029s ]
INFO: [ app_init ] --END-- [ RunTime:0.000997s ]
INFO: [ app_begin ] --START--
INFO: Run Behavior\ReadHtmlCacheBehavior [ RunTime:0.000949s ]
INFO: [ app_begin ] --END-- [ RunTime:0.001053s ]
SQL: SHOW COLUMNS FROM `reply` [ RunTime:0.0137s ]
SQL: SHOW COLUMNS FROM `reply` [ RunTime:0.0220s ]
SQL: SELECT * FROM `reply` WHERE `target_id` = 1 AND `read` = 0  [ RunTime:0.0005s ]

[ 2018-03-16T17:43:15+08:00 ] ::1 /GuDao/User/getUserBasicInfo?id=1
INFO: [ app_init ] --START--
INFO: Run Behavior\BuildLiteBehavior [ RunTime:0.000031s ]
INFO: [ app_init ] --END-- [ RunTime:0.016064s ]
INFO: [ app_begin ] --START--
INFO: Run Behavior\ReadHtmlCacheBehavior [ RunTime:0.001700s ]
INFO: [ app_begin ] --END-- [ RunTime:0.001869s ]
SQL: SHOW COLUMNS FROM `user` [ RunTime:0.0133s ]
SQL: SHOW COLUMNS FROM `user` [ RunTime:0.0103s ]
SQL: SELECT `user_id`,`username`,`gender`,`birthday`,`headshot`,`intro` FROM `user` WHERE `user_id` = 1  [ RunTime:0.0015s ]

[ 2018-03-16T17:43:25+08:00 ] ::1 /GuDao/Index/getShowCalendar
INFO: [ app_init ] --START--
INFO: Run Behavior\BuildLiteBehavior [ RunTime:0.000042s ]
INFO: [ app_init ] --END-- [ RunTime:0.001677s ]
INFO: [ app_begin ] --START--
INFO: Run Behavior\ReadHtmlCacheBehavior [ RunTime:0.003854s ]
INFO: [ app_begin ] --END-- [ RunTime:0.003989s ]
SQL: SHOW COLUMNS FROM `show` [ RunTime:0.0168s ]
SQL: SHOW COLUMNS FROM `show` [ RunTime:0.0226s ]
SQL: SELECT count('show_id') as count,`show_time` FROM `show` WHERE `show_time` LIKE '2018-02%' GROUP BY show_time  [ RunTime:0.0008s ]

[ 2018-03-16T17:43:27+08:00 ] ::1 /GuDao/Index/getShowCalendar
INFO: [ app_init ] --START--
INFO: Run Behavior\BuildLiteBehavior [ RunTime:0.000036s ]
INFO: [ app_init ] --END-- [ RunTime:0.004210s ]
INFO: [ app_begin ] --START--
INFO: Run Behavior\ReadHtmlCacheBehavior [ RunTime:0.001934s ]
INFO: [ app_begin ] --END-- [ RunTime:0.002072s ]
SQL: SHOW COLUMNS FROM `show` [ RunTime:0.0171s ]
SQL: SHOW COLUMNS FROM `show` [ RunTime:0.0194s ]
SQL: SELECT count('show_id') as count,`show_time` FROM `show` WHERE `show_time` LIKE '2018-01%' GROUP BY show_time  [ RunTime:0.0004s ]

[ 2018-03-16T17:43:28+08:00 ] ::1 /GuDao/Index/getShowCalendar
INFO: [ app_init ] --START--
INFO: Run Behavior\BuildLiteBehavior [ RunTime:0.000045s ]
INFO: [ app_init ] --END-- [ RunTime:0.001423s ]
INFO: [ app_begin ] --START--
INFO: Run Behavior\ReadHtmlCacheBehavior [ RunTime:0.001075s ]
INFO: [ app_begin ] --END-- [ RunTime:0.001192s ]
SQL: SHOW COLUMNS FROM `show` [ RunTime:0.0155s ]
SQL: SHOW COLUMNS FROM `show` [ RunTime:0.0178s ]
SQL: SELECT count('show_id') as count,`show_time` FROM `show` WHERE `show_time` LIKE '2017-12%' GROUP BY show_time  [ RunTime:0.0010s ]

[ 2018-03-16T17:44:28+08:00 ] ::1 /GuDao/Index/home
INFO: [ app_init ] --START--
INFO: Run Behavior\BuildLiteBehavior [ RunTime:0.000054s ]
INFO: [ app_init ] --END-- [ RunTime:0.001219s ]
INFO: [ app_begin ] --START--
INFO: Run Behavior\ReadHtmlCacheBehavior [ RunTime:0.001489s ]
INFO: [ app_begin ] --END-- [ RunTime:0.001596s ]
INFO: [ view_parse ] --START--
INFO: [ template_filter ] --START--
INFO: Run Behavior\ContentReplaceBehavior [ RunTime:0.000120s ]
INFO: [ template_filter ] --END-- [ RunTime:0.000224s ]
INFO: Run Behavior\ParseTemplateBehavior [ RunTime:0.013685s ]
INFO: [ view_parse ] --END-- [ RunTime:0.013912s ]
INFO: [ view_filter ] --START--
INFO: Run Behavior\WriteHtmlCacheBehavior [ RunTime:0.001441s ]
INFO: [ view_filter ] --END-- [ RunTime:0.001589s ]
INFO: [ app_end ] --START--
INFO: Run Behavior\ShowPageTraceBehavior [ RunTime:0.000966s ]
INFO: [ app_end ] --END-- [ RunTime:0.001022s ]

[ 2018-03-16T17:44:29+08:00 ] ::1 /GuDao/Public/css/common/bootstrap.css.map
INFO: [ app_init ] --START--
INFO: Run Behavior\BuildLiteBehavior [ RunTime:0.000037s ]
INFO: [ app_init ] --END-- [ RunTime:0.000978s ]
INFO: [ app_begin ] --START--
INFO: Run Behavior\ReadHtmlCacheBehavior [ RunTime:0.001173s ]
INFO: [ app_begin ] --END-- [ RunTime:0.001275s ]
ERR: 无法加载控制器:Public

[ 2018-03-16T17:44:29+08:00 ] ::1 /GuDao/Index/getNotice
INFO: [ app_init ] --START--
INFO: Run Behavior\BuildLiteBehavior [ RunTime:0.000033s ]
INFO: [ app_init ] --END-- [ RunTime:0.000832s ]
INFO: [ app_begin ] --START--
INFO: Run Behavior\ReadHtmlCacheBehavior [ RunTime:0.001313s ]
INFO: [ app_begin ] --END-- [ RunTime:0.001420s ]
SQL: SHOW COLUMNS FROM `notice` [ RunTime:0.0102s ]
NOTIC: [2] Missing argument 3 for Home\Model\NoticeModel::getNoticeByPage(), called in D:\xampp\htdocs\GuDao\GuDao\Home\Controller\IndexController.class.php on line 148 and defined D:\xampp\htdocs\GuDao\GuDao\Home\Model\NoticeModel.class.php 第 11 行.
SQL: SHOW COLUMNS FROM `notice` [ RunTime:0.0101s ]
NOTIC: [8] Undefined variable: condition D:\xampp\htdocs\GuDao\GuDao\Home\Model\NoticeModel.class.php 第 13 行.
SQL: SELECT * FROM `notice` ORDER BY notice_time desc LIMIT 0,7   [ RunTime:0.0005s ]

[ 2018-03-16T17:44:29+08:00 ] ::1 /GuDao/Index/getShowCalendar
INFO: [ app_init ] --START--
INFO: Run Behavior\BuildLiteBehavior [ RunTime:0.000028s ]
INFO: [ app_init ] --END-- [ RunTime:0.001633s ]
INFO: [ app_begin ] --START--
INFO: Run Behavior\ReadHtmlCacheBehavior [ RunTime:0.001253s ]
INFO: [ app_begin ] --END-- [ RunTime:0.001370s ]
SQL: SHOW COLUMNS FROM `show` [ RunTime:0.0080s ]
SQL: SHOW COLUMNS FROM `show` [ RunTime:0.0110s ]
SQL: SELECT count('show_id') as count,`show_time` FROM `show` WHERE `show_time` LIKE '2018-03%' GROUP BY show_time  [ RunTime:0.0007s ]

[ 2018-03-16T17:44:29+08:00 ] ::1 /GuDao/Index/getRecentShow
INFO: [ app_init ] --START--
INFO: Run Behavior\BuildLiteBehavior [ RunTime:0.000027s ]
INFO: [ app_init ] --END-- [ RunTime:0.000853s ]
INFO: [ app_begin ] --START--
INFO: Run Behavior\ReadHtmlCacheBehavior [ RunTime:0.001298s ]
INFO: [ app_begin ] --END-- [ RunTime:0.001397s ]
SQL: SHOW COLUMNS FROM `show` [ RunTime:0.0076s ]
SQL: SHOW COLUMNS FROM `show` [ RunTime:0.0105s ]
SQL: SELECT * FROM `show` ORDER BY show_time desc LIMIT 0,4   [ RunTime:0.0004s ]

[ 2018-03-16T17:44:29+08:00 ] ::1 /GuDao/Index/getHotBand
INFO: [ app_init ] --START--
INFO: Run Behavior\BuildLiteBehavior [ RunTime:0.000262s ]
INFO: [ app_init ] --END-- [ RunTime:0.001168s ]
INFO: [ app_begin ] --START--
INFO: Run Behavior\ReadHtmlCacheBehavior [ RunTime:0.003549s ]
INFO: [ app_begin ] --END-- [ RunTime:0.003662s ]
SQL: SHOW COLUMNS FROM `support` [ RunTime:0.0122s ]
SQL: SHOW COLUMNS FROM `support` [ RunTime:0.0125s ]
SQL: SELECT count('user_id') as count,`band_id` FROM `support` GROUP BY band_id ORDER BY count desc LIMIT 0,4   [ RunTime:0.0009s ]
SQL: SHOW COLUMNS FROM `band` [ RunTime:0.0133s ]
SQL: SHOW COLUMNS FROM `band` [ RunTime:0.0147s ]
SQL: SELECT * FROM `band` WHERE `band_id` = 2  [ RunTime:0.0005s ]
SQL: SHOW COLUMNS FROM `band` [ RunTime:0.0117s ]
SQL: SHOW COLUMNS FROM `band` [ RunTime:0.0195s ]
SQL: SELECT * FROM `band` WHERE `band_id` = 1  [ RunTime:0.0012s ]
SQL: SHOW COLUMNS FROM `band` [ RunTime:0.0095s ]
SQL: SHOW COLUMNS FROM `band` [ RunTime:0.0130s ]
SQL: SELECT * FROM `band` WHERE `band_id` = 4  [ RunTime:0.0004s ]
SQL: SHOW COLUMNS FROM `band` [ RunTime:0.0136s ]
SQL: SHOW COLUMNS FROM `band` [ RunTime:0.0140s ]
SQL: SELECT * FROM `band` WHERE `band_id` = 8  [ RunTime:0.0015s ]

[ 2018-03-16T17:44:29+08:00 ] ::1 /GuDao/Public/img/band/4/band4_01.jpg
INFO: [ app_init ] --START--
INFO: Run Behavior\BuildLiteBehavior [ RunTime:0.000048s ]
INFO: [ app_init ] --END-- [ RunTime:0.001055s ]

[ 2018-03-16T17:44:29+08:00 ] ::1 /GuDao/Public/img/band/8/band8_01.jpg
INFO: [ app_init ] --START--
INFO: Run Behavior\BuildLiteBehavior [ RunTime:0.000027s ]
INFO: [ app_init ] --END-- [ RunTime:0.000712s ]

[ 2018-03-16T17:44:29+08:00 ] ::1 /GuDao/Index/getHotShow
INFO: [ app_init ] --START--
INFO: Run Behavior\BuildLiteBehavior [ RunTime:0.000024s ]
INFO: [ app_init ] --END-- [ RunTime:0.001735s ]
INFO: [ app_begin ] --START--
INFO: Run Behavior\ReadHtmlCacheBehavior [ RunTime:0.004763s ]
INFO: [ app_begin ] --END-- [ RunTime:0.004871s ]
SQL: SHOW COLUMNS FROM `want` [ RunTime:0.0135s ]
SQL: SHOW COLUMNS FROM `want` [ RunTime:0.0146s ]
SQL: SELECT count('user_id') as count,`show_id` FROM `want` GROUP BY show_id ORDER BY count desc LIMIT 0,4   [ RunTime:0.0006s ]
SQL: SHOW COLUMNS FROM `show` [ RunTime:0.0121s ]
SQL: SHOW COLUMNS FROM `show` [ RunTime:0.0108s ]
SQL: SELECT * FROM `show` WHERE `show_id` = 1  [ RunTime:0.0007s ]
SQL: SHOW COLUMNS FROM `show` [ RunTime:0.0107s ]
SQL: SHOW COLUMNS FROM `show` [ RunTime:0.0247s ]
SQL: SELECT * FROM `show` WHERE `show_id` = 2  [ RunTime:0.0007s ]

[ 2018-03-16T17:44:29+08:00 ] ::1 /GuDao/User/getUserBasicInfo?id=1
INFO: [ app_init ] --START--
INFO: Run Behavior\BuildLiteBehavior [ RunTime:0.000033s ]
INFO: [ app_init ] --END-- [ RunTime:0.000931s ]
INFO: [ app_begin ] --START--
INFO: Run Behavior\ReadHtmlCacheBehavior [ RunTime:0.001353s ]
INFO: [ app_begin ] --END-- [ RunTime:0.001468s ]
SQL: SHOW COLUMNS FROM `user` [ RunTime:0.0107s ]
SQL: SHOW COLUMNS FROM `user` [ RunTime:0.0135s ]
SQL: SELECT `user_id`,`username`,`gender`,`birthday`,`headshot`,`intro` FROM `user` WHERE `user_id` = 1  [ RunTime:0.0005s ]

[ 2018-03-16T17:44:29+08:00 ] ::1 /GuDao/User/hasUnreadMessage?id=1
INFO: [ app_init ] --START--
INFO: Run Behavior\BuildLiteBehavior [ RunTime:0.000026s ]
INFO: [ app_init ] --END-- [ RunTime:0.000925s ]
INFO: [ app_begin ] --START--
INFO: Run Behavior\ReadHtmlCacheBehavior [ RunTime:0.001405s ]
INFO: [ app_begin ] --END-- [ RunTime:0.001553s ]
SQL: SHOW COLUMNS FROM `reply` [ RunTime:0.0177s ]
SQL: SHOW COLUMNS FROM `reply` [ RunTime:0.0140s ]
SQL: SELECT * FROM `reply` WHERE `target_id` = 1 AND `read` = 0  [ RunTime:0.0005s ]

[ 2018-03-16T17:44:36+08:00 ] ::1 /GuDao/Index/getShowCalendar
INFO: [ app_init ] --START--
INFO: Run Behavior\BuildLiteBehavior [ RunTime:0.000057s ]
INFO: [ app_init ] --END-- [ RunTime:0.001700s ]
INFO: [ app_begin ] --START--
INFO: Run Behavior\ReadHtmlCacheBehavior [ RunTime:0.002103s ]
INFO: [ app_begin ] --END-- [ RunTime:0.002403s ]
SQL: SHOW COLUMNS FROM `show` [ RunTime:0.0169s ]
SQL: SHOW COLUMNS FROM `show` [ RunTime:0.0144s ]
SQL: SELECT count('show_id') as count,`show_time` FROM `show` WHERE `show_time` LIKE '2018-03%' GROUP BY show_time  [ RunTime:0.0011s ]

