[ 2018-03-18T17:23:22+08:00 ] ::1 /GuDao/
INFO: [ app_init ] --START--
INFO: Run Behavior\BuildLiteBehavior [ RunTime:0.000018s ]
INFO: [ app_init ] --END-- [ RunTime:0.016553s ]
INFO: [ app_begin ] --START--
INFO: Run Behavior\ReadHtmlCacheBehavior [ RunTime:0.010664s ]
INFO: [ app_begin ] --END-- [ RunTime:0.010738s ]
INFO: [ view_parse ] --START--
INFO: [ template_filter ] --START--
INFO: Run Behavior\ContentReplaceBehavior [ RunTime:0.000044s ]
INFO: [ template_filter ] --END-- [ RunTime:0.000109s ]
INFO: Run Behavior\ParseTemplateBehavior [ RunTime:0.037675s ]
INFO: [ view_parse ] --END-- [ RunTime:0.037758s ]
INFO: [ view_filter ] --START--
INFO: Run Behavior\WriteHtmlCacheBehavior [ RunTime:0.037294s ]
INFO: [ view_filter ] --END-- [ RunTime:0.037355s ]
INFO: [ app_end ] --START--
INFO: Run Behavior\ShowPageTraceBehavior [ RunTime:0.011672s ]
INFO: [ app_end ] --END-- [ RunTime:0.011824s ]

[ 2018-03-18T17:24:35+08:00 ] ::1 /GuDao/
INFO: [ app_init ] --START--
INFO: Run Behavior\BuildLiteBehavior [ RunTime:0.000017s ]
INFO: [ app_init ] --END-- [ RunTime:0.000570s ]
INFO: [ app_begin ] --START--
INFO: Run Behavior\ReadHtmlCacheBehavior [ RunTime:0.000813s ]
INFO: [ app_begin ] --END-- [ RunTime:0.000888s ]
INFO: [ view_parse ] --START--
INFO: [ template_filter ] --START--
INFO: Run Behavior\ContentReplaceBehavior [ RunTime:0.000181s ]
INFO: [ template_filter ] --END-- [ RunTime:0.000300s ]
INFO: Run Behavior\ParseTemplateBehavior [ RunTime:0.008865s ]
INFO: [ view_parse ] --END-- [ RunTime:0.008936s ]
INFO: [ view_filter ] --START--
INFO: Run Behavior\WriteHtmlCacheBehavior [ RunTime:0.000607s ]
INFO: [ view_filter ] --END-- [ RunTime:0.000657s ]
INFO: [ app_end ] --START--
INFO: Run Behavior\ShowPageTraceBehavior [ RunTime:0.000835s ]
INFO: [ app_end ] --END-- [ RunTime:0.000887s ]

[ 2018-03-18T17:24:39+08:00 ] ::1 /GuDao/Index/home
INFO: [ app_init ] --START--
INFO: Run Behavior\BuildLiteBehavior [ RunTime:0.000023s ]
INFO: [ app_init ] --END-- [ RunTime:0.000549s ]
INFO: [ app_begin ] --START--
INFO: Run Behavior\ReadHtmlCacheBehavior [ RunTime:0.000822s ]
INFO: [ app_begin ] --END-- [ RunTime:0.000883s ]
INFO: [ view_parse ] --START--
INFO: [ template_filter ] --START--
INFO: Run Behavior\ContentReplaceBehavior [ RunTime:0.000113s ]
INFO: [ template_filter ] --END-- [ RunTime:0.000210s ]
INFO: Run Behavior\ParseTemplateBehavior [ RunTime:0.108437s ]
INFO: [ view_parse ] --END-- [ RunTime:0.108512s ]
INFO: [ view_filter ] --START--
INFO: Run Behavior\WriteHtmlCacheBehavior [ RunTime:0.000582s ]
INFO: [ view_filter ] --END-- [ RunTime:0.000631s ]
INFO: [ app_end ] --START--
INFO: Run Behavior\ShowPageTraceBehavior [ RunTime:0.000813s ]
INFO: [ app_end ] --END-- [ RunTime:0.000867s ]

[ 2018-03-18T17:24:42+08:00 ] ::1 /GuDao/Index/getShowCalendar
INFO: [ app_init ] --START--
INFO: Run Behavior\BuildLiteBehavior [ RunTime:0.000027s ]
INFO: [ app_init ] --END-- [ RunTime:0.000832s ]
INFO: [ app_begin ] --START--
INFO: Run Behavior\ReadHtmlCacheBehavior [ RunTime:0.000972s ]
INFO: [ app_begin ] --END-- [ RunTime:0.001080s ]
SQL: SHOW COLUMNS FROM `show` [ RunTime:0.0696s ]
SQL: SHOW COLUMNS FROM `show` [ RunTime:0.0073s ]
SQL: SELECT count('show_id') as count,`show_time` FROM `show` WHERE `show_time` LIKE '2018-03%' GROUP BY show_time  [ RunTime:0.0005s ]

[ 2018-03-18T17:24:42+08:00 ] ::1 /GuDao/Index/getNotice
INFO: [ app_init ] --START--
INFO: Run Behavior\BuildLiteBehavior [ RunTime:0.000017s ]
INFO: [ app_init ] --END-- [ RunTime:0.000558s ]
INFO: [ app_begin ] --START--
INFO: Run Behavior\ReadHtmlCacheBehavior [ RunTime:0.000897s ]
INFO: [ app_begin ] --END-- [ RunTime:0.000955s ]
SQL: SHOW COLUMNS FROM `notice` [ RunTime:0.0087s ]
NOTIC: [2] Missing argument 3 for Home\Model\NoticeModel::getNoticeByPage(), called in D:\xampp\htdocs\GuDao\GuDao\Home\Controller\IndexController.class.php on line 148 and defined D:\xampp\htdocs\GuDao\GuDao\Home\Model\NoticeModel.class.php 第 11 行.
SQL: SHOW COLUMNS FROM `notice` [ RunTime:0.0059s ]
NOTIC: [8] Undefined variable: condition D:\xampp\htdocs\GuDao\GuDao\Home\Model\NoticeModel.class.php 第 13 行.
SQL: SELECT * FROM `notice` ORDER BY notice_time desc LIMIT 0,7   [ RunTime:0.0217s ]

[ 2018-03-18T17:24:43+08:00 ] ::1 /GuDao/Index/getHotShow
INFO: [ app_init ] --START--
INFO: Run Behavior\BuildLiteBehavior [ RunTime:0.000015s ]
INFO: [ app_init ] --END-- [ RunTime:0.000557s ]
INFO: [ app_begin ] --START--
INFO: Run Behavior\ReadHtmlCacheBehavior [ RunTime:0.000780s ]
INFO: [ app_begin ] --END-- [ RunTime:0.000839s ]
SQL: SHOW COLUMNS FROM `want` [ RunTime:0.0065s ]
SQL: SHOW COLUMNS FROM `want` [ RunTime:0.0076s ]
SQL: SELECT count('user_id') as count,`show_id` FROM `want` GROUP BY show_id ORDER BY count desc LIMIT 0,4   [ RunTime:0.0005s ]
SQL: SHOW COLUMNS FROM `show` [ RunTime:0.0069s ]
SQL: SHOW COLUMNS FROM `show` [ RunTime:0.0065s ]
SQL: SELECT * FROM `show` WHERE `show_id` = 1  [ RunTime:0.0004s ]
SQL: SHOW COLUMNS FROM `show` [ RunTime:0.0059s ]
SQL: SHOW COLUMNS FROM `show` [ RunTime:0.0061s ]
SQL: SELECT * FROM `show` WHERE `show_id` = 2  [ RunTime:0.0004s ]

[ 2018-03-18T17:24:43+08:00 ] ::1 /GuDao/Index/getHotBand
INFO: [ app_init ] --START--
INFO: Run Behavior\BuildLiteBehavior [ RunTime:0.000017s ]
INFO: [ app_init ] --END-- [ RunTime:0.000513s ]
INFO: [ app_begin ] --START--
INFO: Run Behavior\ReadHtmlCacheBehavior [ RunTime:0.001041s ]
INFO: [ app_begin ] --END-- [ RunTime:0.001109s ]
SQL: SHOW COLUMNS FROM `support` [ RunTime:0.0081s ]
SQL: SHOW COLUMNS FROM `support` [ RunTime:0.0055s ]
SQL: SELECT count('user_id') as count,`band_id` FROM `support` GROUP BY band_id ORDER BY count desc LIMIT 0,4   [ RunTime:0.0004s ]
SQL: SHOW COLUMNS FROM `band` [ RunTime:0.0061s ]
SQL: SHOW COLUMNS FROM `band` [ RunTime:0.0064s ]
SQL: SELECT * FROM `band` WHERE `band_id` = 2  [ RunTime:0.0004s ]
SQL: SHOW COLUMNS FROM `band` [ RunTime:0.0058s ]
SQL: SHOW COLUMNS FROM `band` [ RunTime:0.0101s ]
SQL: SELECT * FROM `band` WHERE `band_id` = 8  [ RunTime:0.0005s ]
SQL: SHOW COLUMNS FROM `band` [ RunTime:0.0091s ]
SQL: SHOW COLUMNS FROM `band` [ RunTime:0.0061s ]
SQL: SELECT * FROM `band` WHERE `band_id` = 1  [ RunTime:0.0003s ]
SQL: SHOW COLUMNS FROM `band` [ RunTime:0.0097s ]
SQL: SHOW COLUMNS FROM `band` [ RunTime:0.0097s ]
SQL: SELECT * FROM `band` WHERE `band_id` = 4  [ RunTime:0.0005s ]

[ 2018-03-18T17:24:43+08:00 ] ::1 /GuDao/Index/getRecentShow
INFO: [ app_init ] --START--
INFO: Run Behavior\BuildLiteBehavior [ RunTime:0.000033s ]
INFO: [ app_init ] --END-- [ RunTime:0.001260s ]
INFO: [ app_begin ] --START--
INFO: Run Behavior\ReadHtmlCacheBehavior [ RunTime:0.002554s ]
INFO: [ app_begin ] --END-- [ RunTime:0.002721s ]
SQL: SHOW COLUMNS FROM `show` [ RunTime:0.0097s ]
SQL: SHOW COLUMNS FROM `show` [ RunTime:0.0137s ]
SQL: SELECT * FROM `show` ORDER BY show_time desc LIMIT 0,4   [ RunTime:0.0004s ]

[ 2018-03-18T17:24:44+08:00 ] ::1 /GuDao/User/hasUnreadMessage?id=
INFO: [ app_init ] --START--
INFO: Run Behavior\BuildLiteBehavior [ RunTime:0.000041s ]
INFO: [ app_init ] --END-- [ RunTime:0.001238s ]
INFO: [ app_begin ] --START--
INFO: Run Behavior\ReadHtmlCacheBehavior [ RunTime:0.001443s ]
INFO: [ app_begin ] --END-- [ RunTime:0.001537s ]
SQL: SHOW COLUMNS FROM `reply` [ RunTime:0.0064s ]
SQL: SHOW COLUMNS FROM `reply` [ RunTime:0.0066s ]
SQL: SELECT * FROM `reply` WHERE `target_id` = 0  [ RunTime:0.0004s ]

[ 2018-03-18T17:25:37+08:00 ] ::1 /GuDao/Index/getShowCalendar
INFO: [ app_init ] --START--
INFO: Run Behavior\BuildLiteBehavior [ RunTime:0.000037s ]
INFO: [ app_init ] --END-- [ RunTime:0.001077s ]
INFO: [ app_begin ] --START--
INFO: Run Behavior\ReadHtmlCacheBehavior [ RunTime:0.001384s ]
INFO: [ app_begin ] --END-- [ RunTime:0.001589s ]
SQL: SHOW COLUMNS FROM `show` [ RunTime:0.0163s ]
SQL: SHOW COLUMNS FROM `show` [ RunTime:0.0147s ]
SQL: SELECT count('show_id') as count,`show_time` FROM `show` WHERE `show_time` LIKE '2018-02%' GROUP BY show_time  [ RunTime:0.0004s ]

[ 2018-03-18T17:25:38+08:00 ] ::1 /GuDao/Index/getShowCalendar
INFO: [ app_init ] --START--
INFO: Run Behavior\BuildLiteBehavior [ RunTime:0.001807s ]
INFO: [ app_init ] --END-- [ RunTime:0.004167s ]
INFO: [ app_begin ] --START--
INFO: Run Behavior\ReadHtmlCacheBehavior [ RunTime:0.000955s ]
INFO: [ app_begin ] --END-- [ RunTime:0.001139s ]
SQL: SHOW COLUMNS FROM `show` [ RunTime:0.0119s ]
SQL: SHOW COLUMNS FROM `show` [ RunTime:0.0145s ]
SQL: SELECT count('show_id') as count,`show_time` FROM `show` WHERE `show_time` LIKE '2018-01%' GROUP BY show_time  [ RunTime:0.0007s ]

[ 2018-03-18T17:25:39+08:00 ] ::1 /GuDao/Index/getShowCalendar
INFO: [ app_init ] --START--
INFO: Run Behavior\BuildLiteBehavior [ RunTime:0.000032s ]
INFO: [ app_init ] --END-- [ RunTime:0.001268s ]
INFO: [ app_begin ] --START--
INFO: Run Behavior\ReadHtmlCacheBehavior [ RunTime:0.000995s ]
INFO: [ app_begin ] --END-- [ RunTime:0.001115s ]
SQL: SHOW COLUMNS FROM `show` [ RunTime:0.0131s ]
SQL: SHOW COLUMNS FROM `show` [ RunTime:0.0183s ]
SQL: SELECT count('show_id') as count,`show_time` FROM `show` WHERE `show_time` LIKE '2017-12%' GROUP BY show_time  [ RunTime:0.0010s ]

[ 2018-03-18T17:25:44+08:00 ] ::1 /GuDao/Index/getShowCalendar
INFO: [ app_init ] --START--
INFO: Run Behavior\BuildLiteBehavior [ RunTime:0.000019s ]
INFO: [ app_init ] --END-- [ RunTime:0.000777s ]
INFO: [ app_begin ] --START--
INFO: Run Behavior\ReadHtmlCacheBehavior [ RunTime:0.004017s ]
INFO: [ app_begin ] --END-- [ RunTime:0.004222s ]
SQL: SHOW COLUMNS FROM `show` [ RunTime:0.0171s ]
SQL: SHOW COLUMNS FROM `show` [ RunTime:0.0123s ]
SQL: SELECT count('show_id') as count,`show_time` FROM `show` WHERE `show_time` LIKE '2017-11%' GROUP BY show_time  [ RunTime:0.0022s ]

[ 2018-03-18T17:25:46+08:00 ] ::1 /GuDao/Index/getShowCalendar
INFO: [ app_init ] --START--
INFO: Run Behavior\BuildLiteBehavior [ RunTime:0.000088s ]
INFO: [ app_init ] --END-- [ RunTime:0.003314s ]
INFO: [ app_begin ] --START--
INFO: Run Behavior\ReadHtmlCacheBehavior [ RunTime:0.001638s ]
INFO: [ app_begin ] --END-- [ RunTime:0.002145s ]
SQL: SHOW COLUMNS FROM `show` [ RunTime:0.0151s ]
SQL: SHOW COLUMNS FROM `show` [ RunTime:0.0162s ]
SQL: SELECT count('show_id') as count,`show_time` FROM `show` WHERE `show_time` LIKE '2017-10%' GROUP BY show_time  [ RunTime:0.0004s ]

[ 2018-03-18T17:26:42+08:00 ] ::1 /GuDao/Notice
INFO: [ app_init ] --START--
INFO: Run Behavior\BuildLiteBehavior [ RunTime:0.000020s ]
INFO: [ app_init ] --END-- [ RunTime:0.000645s ]
INFO: [ app_begin ] --START--
INFO: Run Behavior\ReadHtmlCacheBehavior [ RunTime:0.000994s ]
INFO: [ app_begin ] --END-- [ RunTime:0.001081s ]
INFO: [ view_parse ] --START--
INFO: [ template_filter ] --START--
INFO: Run Behavior\ContentReplaceBehavior [ RunTime:0.000076s ]
INFO: [ template_filter ] --END-- [ RunTime:0.000174s ]
INFO: Run Behavior\ParseTemplateBehavior [ RunTime:0.021883s ]
INFO: [ view_parse ] --END-- [ RunTime:0.021994s ]
INFO: [ view_filter ] --START--
INFO: Run Behavior\WriteHtmlCacheBehavior [ RunTime:0.000682s ]
INFO: [ view_filter ] --END-- [ RunTime:0.000747s ]
INFO: [ app_end ] --START--
INFO: Run Behavior\ShowPageTraceBehavior [ RunTime:0.001417s ]
INFO: [ app_end ] --END-- [ RunTime:0.001523s ]

[ 2018-03-18T17:26:43+08:00 ] ::1 /GuDao/Notice/getNoticeByPage?pageIndex=1&pageSize=10
INFO: [ app_init ] --START--
INFO: Run Behavior\BuildLiteBehavior [ RunTime:0.000024s ]
INFO: [ app_init ] --END-- [ RunTime:0.000570s ]
INFO: [ app_begin ] --START--
INFO: Run Behavior\ReadHtmlCacheBehavior [ RunTime:0.001241s ]
INFO: [ app_begin ] --END-- [ RunTime:0.001351s ]
NOTIC: [8] Undefined index: type D:\xampp\htdocs\GuDao\GuDao\Home\Controller\NoticeController.class.php 第 14 行.
SQL: SHOW COLUMNS FROM `notice` [ RunTime:0.0202s ]
NOTIC: [8] Undefined variable: condition D:\xampp\htdocs\GuDao\GuDao\Home\Controller\NoticeController.class.php 第 18 行.
SQL: SHOW COLUMNS FROM `notice` [ RunTime:0.0096s ]
SQL: SELECT * FROM `notice` ORDER BY notice_time desc LIMIT 0,10   [ RunTime:0.0004s ]

[ 2018-03-18T17:26:43+08:00 ] ::1 /GuDao/User/hasUnreadMessage?id=
INFO: [ app_init ] --START--
INFO: Run Behavior\BuildLiteBehavior [ RunTime:0.000026s ]
INFO: [ app_init ] --END-- [ RunTime:0.000867s ]
INFO: [ app_begin ] --START--
INFO: Run Behavior\ReadHtmlCacheBehavior [ RunTime:0.000936s ]
INFO: [ app_begin ] --END-- [ RunTime:0.001003s ]
SQL: SHOW COLUMNS FROM `reply` [ RunTime:0.0063s ]
SQL: SHOW COLUMNS FROM `reply` [ RunTime:0.0070s ]
SQL: SELECT * FROM `reply` WHERE `target_id` = 0  [ RunTime:0.0011s ]

[ 2018-03-18T17:26:46+08:00 ] ::1 /GuDao/Show
INFO: [ app_init ] --START--
INFO: Run Behavior\BuildLiteBehavior [ RunTime:0.000016s ]
INFO: [ app_init ] --END-- [ RunTime:0.000591s ]
INFO: [ app_begin ] --START--
INFO: Run Behavior\ReadHtmlCacheBehavior [ RunTime:0.000984s ]
INFO: [ app_begin ] --END-- [ RunTime:0.001054s ]
INFO: [ view_parse ] --START--
INFO: [ template_filter ] --START--
INFO: Run Behavior\ContentReplaceBehavior [ RunTime:0.000073s ]
INFO: [ template_filter ] --END-- [ RunTime:0.000143s ]
INFO: Run Behavior\ParseTemplateBehavior [ RunTime:0.096696s ]
INFO: [ view_parse ] --END-- [ RunTime:0.096806s ]
INFO: [ view_filter ] --START--
INFO: Run Behavior\WriteHtmlCacheBehavior [ RunTime:0.001717s ]
INFO: [ view_filter ] --END-- [ RunTime:0.001826s ]
INFO: [ app_end ] --START--
INFO: Run Behavior\ShowPageTraceBehavior [ RunTime:0.001602s ]
INFO: [ app_end ] --END-- [ RunTime:0.001680s ]

[ 2018-03-18T17:26:46+08:00 ] ::1 /GuDao/Show/getShowPlace
INFO: [ app_init ] --START--
INFO: Run Behavior\BuildLiteBehavior [ RunTime:0.000028s ]
INFO: [ app_init ] --END-- [ RunTime:0.000874s ]
INFO: [ app_begin ] --START--
INFO: Run Behavior\ReadHtmlCacheBehavior [ RunTime:0.001252s ]
INFO: [ app_begin ] --END-- [ RunTime:0.001393s ]
SQL: SHOW COLUMNS FROM `show` [ RunTime:0.0066s ]
SQL: SHOW COLUMNS FROM `show` [ RunTime:0.0076s ]
SQL: SELECT `show_place` FROM `show` GROUP BY show_place  [ RunTime:0.0934s ]

[ 2018-03-18T17:26:46+08:00 ] ::1 /GuDao/Show/getShowByPage?pageIndex=1&pageSize=6
INFO: [ app_init ] --START--
INFO: Run Behavior\BuildLiteBehavior [ RunTime:0.000027s ]
INFO: [ app_init ] --END-- [ RunTime:0.000878s ]
INFO: [ app_begin ] --START--
INFO: Run Behavior\ReadHtmlCacheBehavior [ RunTime:0.001255s ]
INFO: [ app_begin ] --END-- [ RunTime:0.001345s ]
NOTIC: [8] Undefined index: place D:\xampp\htdocs\GuDao\GuDao\Home\Controller\ShowController.class.php 第 43 行.
NOTIC: [8] Undefined index: state D:\xampp\htdocs\GuDao\GuDao\Home\Controller\ShowController.class.php 第 46 行.
SQL: SHOW COLUMNS FROM `show` [ RunTime:0.0118s ]
NOTIC: [8] Undefined variable: condition D:\xampp\htdocs\GuDao\GuDao\Home\Controller\ShowController.class.php 第 50 行.
SQL: SHOW COLUMNS FROM `show` [ RunTime:0.0083s ]
SQL: SELECT * FROM `show` ORDER BY show_time desc LIMIT 0,6   [ RunTime:0.0005s ]
SQL: SHOW COLUMNS FROM `want` [ RunTime:0.0086s ]
SQL: SHOW COLUMNS FROM `want` [ RunTime:0.0067s ]
SQL: SELECT COUNT(*) AS tp_count FROM `want` WHERE `show_id` = 8 LIMIT 1   [ RunTime:0.0003s ]

[ 2018-03-18T17:26:46+08:00 ] ::1 /GuDao/User/hasUnreadMessage?id=
INFO: [ app_init ] --START--
INFO: Run Behavior\BuildLiteBehavior [ RunTime:0.000038s ]
INFO: [ app_init ] --END-- [ RunTime:0.001203s ]
INFO: [ app_begin ] --START--
INFO: Run Behavior\ReadHtmlCacheBehavior [ RunTime:0.001727s ]
INFO: [ app_begin ] --END-- [ RunTime:0.001903s ]
SQL: SHOW COLUMNS FROM `reply` [ RunTime:0.0079s ]
SQL: SHOW COLUMNS FROM `reply` [ RunTime:0.0103s ]
SQL: SELECT * FROM `reply` WHERE `target_id` = 0  [ RunTime:0.0003s ]

[ 2018-03-18T17:26:51+08:00 ] ::1 /GuDao/Show/detail?id=1
INFO: [ app_init ] --START--
INFO: Run Behavior\BuildLiteBehavior [ RunTime:0.000021s ]
INFO: [ app_init ] --END-- [ RunTime:0.000929s ]
INFO: [ app_begin ] --START--
INFO: Run Behavior\ReadHtmlCacheBehavior [ RunTime:0.000927s ]
INFO: [ app_begin ] --END-- [ RunTime:0.000999s ]
INFO: [ view_parse ] --START--
INFO: [ template_filter ] --START--
INFO: Run Behavior\ContentReplaceBehavior [ RunTime:0.000234s ]
INFO: [ template_filter ] --END-- [ RunTime:0.000382s ]
INFO: Run Behavior\ParseTemplateBehavior [ RunTime:0.122085s ]
INFO: [ view_parse ] --END-- [ RunTime:0.122218s ]
INFO: [ view_filter ] --START--
INFO: Run Behavior\WriteHtmlCacheBehavior [ RunTime:0.001392s ]
INFO: [ view_filter ] --END-- [ RunTime:0.001534s ]
INFO: [ app_end ] --START--
INFO: Run Behavior\ShowPageTraceBehavior [ RunTime:0.002290s ]
INFO: [ app_end ] --END-- [ RunTime:0.002422s ]

[ 2018-03-18T17:26:52+08:00 ] ::1 /GuDao/Show/getShowByID?id=1
INFO: [ app_init ] --START--
INFO: Run Behavior\BuildLiteBehavior [ RunTime:0.000024s ]
INFO: [ app_init ] --END-- [ RunTime:0.000742s ]
INFO: [ app_begin ] --START--
INFO: Run Behavior\ReadHtmlCacheBehavior [ RunTime:0.001109s ]
INFO: [ app_begin ] --END-- [ RunTime:0.001214s ]
SQL: SHOW COLUMNS FROM `show` [ RunTime:0.0064s ]
SQL: SHOW COLUMNS FROM `show` [ RunTime:0.0066s ]
SQL: SELECT * FROM `show` WHERE `show_id` = 1  [ RunTime:0.0004s ]

[ 2018-03-18T17:26:52+08:00 ] ::1 /GuDao/Show/getBandByShow?id=1
INFO: [ app_init ] --START--
INFO: Run Behavior\BuildLiteBehavior [ RunTime:0.000026s ]
INFO: [ app_init ] --END-- [ RunTime:0.000853s ]
INFO: [ app_begin ] --START--
INFO: Run Behavior\ReadHtmlCacheBehavior [ RunTime:0.001240s ]
INFO: [ app_begin ] --END-- [ RunTime:0.001332s ]
SQL: SHOW COLUMNS FROM `attend` [ RunTime:0.0060s ]
SQL: SHOW COLUMNS FROM `attend` [ RunTime:0.0064s ]
SQL: SELECT `band_id` FROM `attend` WHERE `show_id` = 1  [ RunTime:0.0004s ]
SQL: SHOW COLUMNS FROM `band` [ RunTime:0.0058s ]
SQL: SHOW COLUMNS FROM `band` [ RunTime:0.0082s ]
SQL: SELECT * FROM `band` WHERE `band_id` = 1  [ RunTime:0.0003s ]
SQL: SHOW COLUMNS FROM `band` [ RunTime:0.0081s ]
SQL: SHOW COLUMNS FROM `band` [ RunTime:0.0067s ]
SQL: SELECT * FROM `band` WHERE `band_id` = 2  [ RunTime:0.0003s ]
SQL: SHOW COLUMNS FROM `band` [ RunTime:0.0092s ]
SQL: SHOW COLUMNS FROM `band` [ RunTime:0.0065s ]
SQL: SELECT * FROM `band` WHERE `band_id` = 3  [ RunTime:0.0003s ]
SQL: SHOW COLUMNS FROM `band` [ RunTime:0.0065s ]
SQL: SHOW COLUMNS FROM `band` [ RunTime:0.0060s ]
SQL: SELECT * FROM `band` WHERE `band_id` = 4  [ RunTime:0.0003s ]
SQL: SHOW COLUMNS FROM `band` [ RunTime:0.0065s ]
SQL: SHOW COLUMNS FROM `band` [ RunTime:0.0078s ]
SQL: SELECT * FROM `band` WHERE `band_id` = 5  [ RunTime:0.0004s ]

[ 2018-03-18T17:26:52+08:00 ] ::1 /GuDao/Show/checkWant
INFO: [ app_init ] --START--
INFO: Run Behavior\BuildLiteBehavior [ RunTime:0.000017s ]
INFO: [ app_init ] --END-- [ RunTime:0.000568s ]
INFO: [ app_begin ] --START--
INFO: Run Behavior\ReadHtmlCacheBehavior [ RunTime:0.002689s ]
INFO: [ app_begin ] --END-- [ RunTime:0.002793s ]
SQL: SHOW COLUMNS FROM `want` [ RunTime:0.0731s ]
SQL: SHOW COLUMNS FROM `want` [ RunTime:0.0071s ]
SQL: SELECT * FROM `want` WHERE `user_id` = 0 AND `show_id` = 1  [ RunTime:0.0004s ]

[ 2018-03-18T17:26:52+08:00 ] ::1 /GuDao/Show/getWantUserNum?id=1
INFO: [ app_init ] --START--
INFO: Run Behavior\BuildLiteBehavior [ RunTime:0.000016s ]
INFO: [ app_init ] --END-- [ RunTime:0.000507s ]
INFO: [ app_begin ] --START--
INFO: Run Behavior\ReadHtmlCacheBehavior [ RunTime:0.000955s ]
INFO: [ app_begin ] --END-- [ RunTime:0.001015s ]
SQL: SHOW COLUMNS FROM `want` [ RunTime:0.0069s ]
SQL: SHOW COLUMNS FROM `want` [ RunTime:0.0070s ]
SQL: SELECT COUNT(*) AS tp_count FROM `want` WHERE `show_id` = 1 LIMIT 1   [ RunTime:0.0003s ]

[ 2018-03-18T17:26:53+08:00 ] ::1 /GuDao/Show/getCommentNReply?target=1&id=1
INFO: [ app_init ] --START--
INFO: Run Behavior\BuildLiteBehavior [ RunTime:0.000017s ]
INFO: [ app_init ] --END-- [ RunTime:0.000558s ]
INFO: [ app_begin ] --START--
INFO: Run Behavior\ReadHtmlCacheBehavior [ RunTime:0.000854s ]
INFO: [ app_begin ] --END-- [ RunTime:0.000911s ]
SQL: SHOW COLUMNS FROM `comment` [ RunTime:0.0067s ]
SQL: SHOW COLUMNS FROM `comment` [ RunTime:0.0055s ]
SQL: SELECT * FROM `comment` WHERE `comment_target` = 1 AND `target_id` = 1 ORDER BY comment_time desc  [ RunTime:0.0006s ]
SQL: SHOW COLUMNS FROM `user` [ RunTime:0.0073s ]
SQL: SHOW COLUMNS FROM `user` [ RunTime:0.0073s ]
SQL: SELECT `user_id`,`username`,`gender`,`birthday`,`headshot`,`intro` FROM `user` WHERE `user_id` = 1  [ RunTime:0.0007s ]
SQL: SHOW COLUMNS FROM `reply` [ RunTime:0.0059s ]
SQL: SHOW COLUMNS FROM `reply` [ RunTime:0.0060s ]
SQL: SELECT * FROM `reply` WHERE `comment_id` = 20 ORDER BY reply_time asc  [ RunTime:0.0004s ]
SQL: SHOW COLUMNS FROM `user` [ RunTime:0.0080s ]
SQL: SHOW COLUMNS FROM `user` [ RunTime:0.0077s ]
SQL: SELECT `user_id`,`username`,`gender`,`birthday`,`headshot`,`intro` FROM `user` WHERE `user_id` = 1  [ RunTime:0.0003s ]
SQL: SHOW COLUMNS FROM `reply` [ RunTime:0.0064s ]
SQL: SHOW COLUMNS FROM `reply` [ RunTime:0.0059s ]
SQL: SELECT * FROM `reply` WHERE `comment_id` = 19 ORDER BY reply_time asc  [ RunTime:0.0003s ]
SQL: SHOW COLUMNS FROM `user` [ RunTime:0.0056s ]
SQL: SHOW COLUMNS FROM `user` [ RunTime:0.0065s ]
SQL: SELECT `user_id`,`username`,`gender`,`birthday`,`headshot`,`intro` FROM `user` WHERE `user_id` = 1  [ RunTime:0.0004s ]
SQL: SHOW COLUMNS FROM `reply` [ RunTime:0.0070s ]
SQL: SHOW COLUMNS FROM `reply` [ RunTime:0.0066s ]
SQL: SELECT * FROM `reply` WHERE `comment_id` = 18 ORDER BY reply_time asc  [ RunTime:0.0003s ]
SQL: SHOW COLUMNS FROM `user` [ RunTime:0.0064s ]
SQL: SHOW COLUMNS FROM `user` [ RunTime:0.0066s ]
SQL: SELECT `user_id`,`username`,`gender`,`birthday`,`headshot`,`intro` FROM `user` WHERE `user_id` = 1  [ RunTime:0.0003s ]
SQL: SHOW COLUMNS FROM `reply` [ RunTime:0.0790s ]
SQL: SHOW COLUMNS FROM `reply` [ RunTime:0.0148s ]
SQL: SELECT * FROM `reply` WHERE `comment_id` = 17 ORDER BY reply_time asc  [ RunTime:0.0006s ]
SQL: SHOW COLUMNS FROM `user` [ RunTime:0.0081s ]
SQL: SHOW COLUMNS FROM `user` [ RunTime:0.0092s ]
SQL: SELECT `user_id`,`username`,`gender`,`birthday`,`headshot`,`intro` FROM `user` WHERE `user_id` = 1  [ RunTime:0.0004s ]
SQL: SHOW COLUMNS FROM `reply` [ RunTime:0.0079s ]
SQL: SHOW COLUMNS FROM `reply` [ RunTime:0.0058s ]
SQL: SELECT * FROM `reply` WHERE `comment_id` = 16 ORDER BY reply_time asc  [ RunTime:0.0004s ]
SQL: SHOW COLUMNS FROM `user` [ RunTime:0.0066s ]
SQL: SHOW COLUMNS FROM `user` [ RunTime:0.0076s ]
SQL: SELECT `user_id`,`username`,`gender`,`birthday`,`headshot`,`intro` FROM `user` WHERE `user_id` = 1  [ RunTime:0.0005s ]
SQL: SHOW COLUMNS FROM `reply` [ RunTime:0.0064s ]
SQL: SHOW COLUMNS FROM `reply` [ RunTime:0.0073s ]
SQL: SELECT * FROM `reply` WHERE `comment_id` = 15 ORDER BY reply_time asc  [ RunTime:0.0004s ]
SQL: SHOW COLUMNS FROM `user` [ RunTime:0.0066s ]
SQL: SHOW COLUMNS FROM `user` [ RunTime:0.0053s ]
SQL: SELECT `user_id`,`username`,`gender`,`birthday`,`headshot`,`intro` FROM `user` WHERE `user_id` = 1  [ RunTime:0.0003s ]
SQL: SHOW COLUMNS FROM `user` [ RunTime:0.0067s ]
SQL: SELECT `user_id`,`username`,`gender`,`birthday`,`headshot`,`intro` FROM `user` WHERE `user_id` = 1  [ RunTime:0.0003s ]
SQL: SHOW COLUMNS FROM `user` [ RunTime:0.0075s ]
SQL: SHOW COLUMNS FROM `user` [ RunTime:0.0055s ]
SQL: SELECT `user_id`,`username`,`gender`,`birthday`,`headshot`,`intro` FROM `user` WHERE `user_id` = 1  [ RunTime:0.0003s ]
SQL: SHOW COLUMNS FROM `user` [ RunTime:0.0073s ]
SQL: SELECT `user_id`,`username`,`gender`,`birthday`,`headshot`,`intro` FROM `user` WHERE `user_id` = 1  [ RunTime:0.0003s ]
SQL: SHOW COLUMNS FROM `user` [ RunTime:0.0063s ]
SQL: SHOW COLUMNS FROM `user` [ RunTime:0.0069s ]
SQL: SELECT `user_id`,`username`,`gender`,`birthday`,`headshot`,`intro` FROM `user` WHERE `user_id` = 1  [ RunTime:0.0004s ]
SQL: SHOW COLUMNS FROM `reply` [ RunTime:0.0060s ]
SQL: SHOW COLUMNS FROM `reply` [ RunTime:0.0063s ]
SQL: SELECT * FROM `reply` WHERE `comment_id` = 14 ORDER BY reply_time asc  [ RunTime:0.0004s ]
SQL: SHOW COLUMNS FROM `user` [ RunTime:0.0074s ]
SQL: SHOW COLUMNS FROM `user` [ RunTime:0.0070s ]
SQL: SELECT `user_id`,`username`,`gender`,`birthday`,`headshot`,`intro` FROM `user` WHERE `user_id` = 1  [ RunTime:0.0004s ]
SQL: SHOW COLUMNS FROM `user` [ RunTime:0.0074s ]
SQL: SELECT `user_id`,`username`,`gender`,`birthday`,`headshot`,`intro` FROM `user` WHERE `user_id` = 1  [ RunTime:0.0003s ]
SQL: SHOW COLUMNS FROM `user` [ RunTime:0.0073s ]
SQL: SHOW COLUMNS FROM `user` [ RunTime:0.0065s ]
SQL: SELECT `user_id`,`username`,`gender`,`birthday`,`headshot`,`intro` FROM `user` WHERE `user_id` = 1  [ RunTime:0.0003s ]
SQL: SHOW COLUMNS FROM `reply` [ RunTime:0.0069s ]
SQL: SHOW COLUMNS FROM `reply` [ RunTime:0.0076s ]
SQL: SELECT * FROM `reply` WHERE `comment_id` = 13 ORDER BY reply_time asc  [ RunTime:0.0005s ]
SQL: SHOW COLUMNS FROM `user` [ RunTime:0.0113s ]
SQL: SHOW COLUMNS FROM `user` [ RunTime:0.0097s ]
SQL: SELECT `user_id`,`username`,`gender`,`birthday`,`headshot`,`intro` FROM `user` WHERE `user_id` = 1  [ RunTime:0.0005s ]
SQL: SHOW COLUMNS FROM `reply` [ RunTime:0.0141s ]
SQL: SHOW COLUMNS FROM `reply` [ RunTime:0.0125s ]
SQL: SELECT * FROM `reply` WHERE `comment_id` = 10 ORDER BY reply_time asc  [ RunTime:0.0007s ]

[ 2018-03-18T17:26:53+08:00 ] ::1 /GuDao/Public/img/show/undefined
INFO: [ app_init ] --START--
INFO: Run Behavior\BuildLiteBehavior [ RunTime:0.000016s ]
INFO: [ app_init ] --END-- [ RunTime:0.000504s ]
INFO: [ app_begin ] --START--
INFO: Run Behavior\ReadHtmlCacheBehavior [ RunTime:0.001601s ]
INFO: [ app_begin ] --END-- [ RunTime:0.001729s ]
ERR: 无法加载控制器:Public

[ 2018-03-18T17:26:53+08:00 ] ::1 /GuDao/User/hasUnreadMessage?id=
INFO: [ app_init ] --START--
INFO: Run Behavior\BuildLiteBehavior [ RunTime:0.000033s ]
INFO: [ app_init ] --END-- [ RunTime:0.000957s ]
INFO: [ app_begin ] --START--
INFO: Run Behavior\ReadHtmlCacheBehavior [ RunTime:0.001144s ]
INFO: [ app_begin ] --END-- [ RunTime:0.001242s ]
SQL: SHOW COLUMNS FROM `reply` [ RunTime:0.0093s ]
SQL: SHOW COLUMNS FROM `reply` [ RunTime:0.0057s ]
SQL: SELECT * FROM `reply` WHERE `target_id` = 0  [ RunTime:0.0003s ]

[ 2018-03-18T17:26:58+08:00 ] ::1 /GuDao/Show/detail?id=2
INFO: [ app_init ] --START--
INFO: Run Behavior\BuildLiteBehavior [ RunTime:0.000037s ]
INFO: [ app_init ] --END-- [ RunTime:0.001273s ]
INFO: [ app_begin ] --START--
INFO: Run Behavior\ReadHtmlCacheBehavior [ RunTime:0.001326s ]
INFO: [ app_begin ] --END-- [ RunTime:0.001399s ]
INFO: [ view_parse ] --START--
INFO: [ template_filter ] --START--
INFO: Run Behavior\ContentReplaceBehavior [ RunTime:0.000099s ]
INFO: [ template_filter ] --END-- [ RunTime:0.000161s ]
INFO: Run Behavior\ParseTemplateBehavior [ RunTime:0.033217s ]
INFO: [ view_parse ] --END-- [ RunTime:0.033292s ]
INFO: [ view_filter ] --START--
INFO: Run Behavior\WriteHtmlCacheBehavior [ RunTime:0.000710s ]
INFO: [ view_filter ] --END-- [ RunTime:0.000760s ]
INFO: [ app_end ] --START--
INFO: Run Behavior\ShowPageTraceBehavior [ RunTime:0.000925s ]
INFO: [ app_end ] --END-- [ RunTime:0.000976s ]

[ 2018-03-18T17:26:59+08:00 ] ::1 /GuDao/Show/getShowByID?id=2
INFO: [ app_init ] --START--
INFO: Run Behavior\BuildLiteBehavior [ RunTime:0.000028s ]
INFO: [ app_init ] --END-- [ RunTime:0.000773s ]
INFO: [ app_begin ] --START--
INFO: Run Behavior\ReadHtmlCacheBehavior [ RunTime:0.001288s ]
INFO: [ app_begin ] --END-- [ RunTime:0.001380s ]
SQL: SHOW COLUMNS FROM `show` [ RunTime:0.0135s ]
SQL: SHOW COLUMNS FROM `show` [ RunTime:0.0128s ]
SQL: SELECT * FROM `show` WHERE `show_id` = 2  [ RunTime:0.0006s ]

[ 2018-03-18T17:26:59+08:00 ] ::1 /GuDao/Show/checkWant
INFO: [ app_init ] --START--
INFO: Run Behavior\BuildLiteBehavior [ RunTime:0.000024s ]
INFO: [ app_init ] --END-- [ RunTime:0.000759s ]
INFO: [ app_begin ] --START--
INFO: Run Behavior\ReadHtmlCacheBehavior [ RunTime:0.001108s ]
INFO: [ app_begin ] --END-- [ RunTime:0.001196s ]
SQL: SHOW COLUMNS FROM `want` [ RunTime:0.0078s ]
SQL: SHOW COLUMNS FROM `want` [ RunTime:0.0063s ]
SQL: SELECT * FROM `want` WHERE `user_id` = 0 AND `show_id` = 2  [ RunTime:0.0003s ]

[ 2018-03-18T17:26:59+08:00 ] ::1 /GuDao/Show/getCommentNReply?target=1&id=2
INFO: [ app_init ] --START--
INFO: Run Behavior\BuildLiteBehavior [ RunTime:0.000025s ]
INFO: [ app_init ] --END-- [ RunTime:0.000824s ]
INFO: [ app_begin ] --START--
INFO: Run Behavior\ReadHtmlCacheBehavior [ RunTime:0.001265s ]
INFO: [ app_begin ] --END-- [ RunTime:0.001380s ]
SQL: SHOW COLUMNS FROM `comment` [ RunTime:0.0057s ]
SQL: SHOW COLUMNS FROM `comment` [ RunTime:0.0061s ]
SQL: SELECT * FROM `comment` WHERE `comment_target` = 1 AND `target_id` = 2 ORDER BY comment_time desc  [ RunTime:0.0004s ]
SQL: SHOW COLUMNS FROM `user` [ RunTime:0.0062s ]
SQL: SHOW COLUMNS FROM `user` [ RunTime:0.0057s ]
SQL: SELECT `user_id`,`username`,`gender`,`birthday`,`headshot`,`intro` FROM `user` WHERE `user_id` = 1  [ RunTime:0.0003s ]
SQL: SHOW COLUMNS FROM `reply` [ RunTime:0.0107s ]
SQL: SHOW COLUMNS FROM `reply` [ RunTime:0.0087s ]
SQL: SELECT * FROM `reply` WHERE `comment_id` = 1 ORDER BY reply_time asc  [ RunTime:0.0010s ]
SQL: SHOW COLUMNS FROM `user` [ RunTime:0.0090s ]
SQL: SHOW COLUMNS FROM `user` [ RunTime:0.0142s ]
SQL: SELECT `user_id`,`username`,`gender`,`birthday`,`headshot`,`intro` FROM `user` WHERE `user_id` = 5  [ RunTime:0.0005s ]
SQL: SHOW COLUMNS FROM `user` [ RunTime:0.0140s ]
SQL: SELECT `user_id`,`username`,`gender`,`birthday`,`headshot`,`intro` FROM `user` WHERE `user_id` = 1  [ RunTime:0.0004s ]
SQL: SHOW COLUMNS FROM `user` [ RunTime:0.0509s ]
SQL: SHOW COLUMNS FROM `user` [ RunTime:0.0150s ]
SQL: SELECT `user_id`,`username`,`gender`,`birthday`,`headshot`,`intro` FROM `user` WHERE `user_id` = 1  [ RunTime:0.0007s ]
SQL: SHOW COLUMNS FROM `user` [ RunTime:0.0119s ]
SQL: SELECT `user_id`,`username`,`gender`,`birthday`,`headshot`,`intro` FROM `user` WHERE `user_id` = 5  [ RunTime:0.0003s ]
SQL: SHOW COLUMNS FROM `user` [ RunTime:0.0087s ]
SQL: SHOW COLUMNS FROM `user` [ RunTime:0.0079s ]
SQL: SELECT `user_id`,`username`,`gender`,`birthday`,`headshot`,`intro` FROM `user` WHERE `user_id` = 1  [ RunTime:0.0004s ]
SQL: SHOW COLUMNS FROM `user` [ RunTime:0.0102s ]
SQL: SELECT `user_id`,`username`,`gender`,`birthday`,`headshot`,`intro` FROM `user` WHERE `user_id` = 5  [ RunTime:0.0004s ]

[ 2018-03-18T17:26:59+08:00 ] ::1 /GuDao/Public/img/show/undefined
INFO: [ app_init ] --START--
INFO: Run Behavior\BuildLiteBehavior [ RunTime:0.000028s ]
INFO: [ app_init ] --END-- [ RunTime:0.000916s ]
INFO: [ app_begin ] --START--
INFO: Run Behavior\ReadHtmlCacheBehavior [ RunTime:0.002621s ]
INFO: [ app_begin ] --END-- [ RunTime:0.002752s ]
ERR: 无法加载控制器:Public

[ 2018-03-18T17:26:59+08:00 ] ::1 /GuDao/Show/getBandByShow?id=2
INFO: [ app_init ] --START--
INFO: Run Behavior\BuildLiteBehavior [ RunTime:0.000040s ]
INFO: [ app_init ] --END-- [ RunTime:0.001320s ]
INFO: [ app_begin ] --START--
INFO: Run Behavior\ReadHtmlCacheBehavior [ RunTime:0.003731s ]
INFO: [ app_begin ] --END-- [ RunTime:0.003967s ]
SQL: SHOW COLUMNS FROM `attend` [ RunTime:0.0088s ]
SQL: SHOW COLUMNS FROM `attend` [ RunTime:0.0077s ]
SQL: SELECT `band_id` FROM `attend` WHERE `show_id` = 2  [ RunTime:0.0004s ]
SQL: SHOW COLUMNS FROM `band` [ RunTime:0.0086s ]
SQL: SHOW COLUMNS FROM `band` [ RunTime:0.0095s ]
SQL: SELECT * FROM `band` WHERE `band_id` = 6  [ RunTime:0.0007s ]
SQL: SHOW COLUMNS FROM `band` [ RunTime:0.0080s ]
SQL: SHOW COLUMNS FROM `band` [ RunTime:0.0067s ]
SQL: SELECT * FROM `band` WHERE `band_id` = 7  [ RunTime:0.0007s ]
SQL: SHOW COLUMNS FROM `band` [ RunTime:0.0087s ]
SQL: SHOW COLUMNS FROM `band` [ RunTime:0.0077s ]
SQL: SELECT * FROM `band` WHERE `band_id` = 8  [ RunTime:0.0004s ]
SQL: SHOW COLUMNS FROM `band` [ RunTime:0.0074s ]
SQL: SHOW COLUMNS FROM `band` [ RunTime:0.0085s ]
SQL: SELECT * FROM `band` WHERE `band_id` = 9  [ RunTime:0.0004s ]

[ 2018-03-18T17:26:59+08:00 ] ::1 /GuDao/Show/getWantUserNum?id=2
INFO: [ app_init ] --START--
INFO: Run Behavior\BuildLiteBehavior [ RunTime:0.000091s ]
INFO: [ app_init ] --END-- [ RunTime:0.002201s ]
INFO: [ app_begin ] --START--
INFO: Run Behavior\ReadHtmlCacheBehavior [ RunTime:0.001030s ]
INFO: [ app_begin ] --END-- [ RunTime:0.001100s ]
SQL: SHOW COLUMNS FROM `want` [ RunTime:0.0081s ]
SQL: SHOW COLUMNS FROM `want` [ RunTime:0.0075s ]
SQL: SELECT COUNT(*) AS tp_count FROM `want` WHERE `show_id` = 2 LIMIT 1   [ RunTime:0.0003s ]

[ 2018-03-18T17:26:59+08:00 ] ::1 /GuDao/User/hasUnreadMessage?id=
INFO: [ app_init ] --START--
INFO: Run Behavior\BuildLiteBehavior [ RunTime:0.000018s ]
INFO: [ app_init ] --END-- [ RunTime:0.000542s ]
INFO: [ app_begin ] --START--
INFO: Run Behavior\ReadHtmlCacheBehavior [ RunTime:0.000979s ]
INFO: [ app_begin ] --END-- [ RunTime:0.001046s ]
SQL: SHOW COLUMNS FROM `reply` [ RunTime:0.0081s ]
SQL: SHOW COLUMNS FROM `reply` [ RunTime:0.0109s ]
SQL: SELECT * FROM `reply` WHERE `target_id` = 0  [ RunTime:0.0004s ]

[ 2018-03-18T22:09:47+08:00 ] ::1 /GuDao/Index/home
INFO: [ app_init ] --START--
INFO: Run Behavior\BuildLiteBehavior [ RunTime:0.000042s ]
INFO: [ app_init ] --END-- [ RunTime:0.353109s ]
INFO: [ app_begin ] --START--
INFO: Run Behavior\ReadHtmlCacheBehavior [ RunTime:0.054743s ]
INFO: [ app_begin ] --END-- [ RunTime:0.054881s ]
INFO: [ view_parse ] --START--
INFO: [ template_filter ] --START--
INFO: Run Behavior\ContentReplaceBehavior [ RunTime:0.037004s ]
INFO: [ template_filter ] --END-- [ RunTime:0.037281s ]
INFO: Run Behavior\ParseTemplateBehavior [ RunTime:0.182578s ]
INFO: [ view_parse ] --END-- [ RunTime:0.182776s ]
INFO: [ view_filter ] --START--
INFO: Run Behavior\WriteHtmlCacheBehavior [ RunTime:0.048758s ]
INFO: [ view_filter ] --END-- [ RunTime:0.048918s ]
INFO: [ app_end ] --START--
INFO: Run Behavior\ShowPageTraceBehavior [ RunTime:0.022191s ]
INFO: [ app_end ] --END-- [ RunTime:0.022417s ]

[ 2018-03-18T22:10:13+08:00 ] ::1 /GuDao/Index/getShowCalendar
INFO: [ app_init ] --START--
INFO: Run Behavior\BuildLiteBehavior [ RunTime:0.000016s ]
INFO: [ app_init ] --END-- [ RunTime:0.000507s ]
INFO: [ app_begin ] --START--
INFO: Run Behavior\ReadHtmlCacheBehavior [ RunTime:0.000909s ]
INFO: [ app_begin ] --END-- [ RunTime:0.000997s ]
SQL: SHOW COLUMNS FROM `show` [ RunTime:0.9334s ]
SQL: SHOW COLUMNS FROM `show` [ RunTime:0.0163s ]
SQL: SELECT count('show_id') as count,`show_time` FROM `show` WHERE `show_time` LIKE '2018-03%' GROUP BY show_time  [ RunTime:0.2752s ]

[ 2018-03-18T22:10:13+08:00 ] ::1 /GuDao/Index/getHotShow
INFO: [ app_init ] --START--
INFO: Run Behavior\BuildLiteBehavior [ RunTime:0.000016s ]
INFO: [ app_init ] --END-- [ RunTime:0.000527s ]
INFO: [ app_begin ] --START--
INFO: Run Behavior\ReadHtmlCacheBehavior [ RunTime:0.001034s ]
INFO: [ app_begin ] --END-- [ RunTime:0.001098s ]
SQL: SHOW COLUMNS FROM `want` [ RunTime:0.1689s ]
SQL: SHOW COLUMNS FROM `want` [ RunTime:0.0130s ]
SQL: SELECT count('user_id') as count,`show_id` FROM `want` GROUP BY show_id ORDER BY count desc LIMIT 0,4   [ RunTime:0.0523s ]
SQL: SHOW COLUMNS FROM `show` [ RunTime:0.0061s ]
SQL: SHOW COLUMNS FROM `show` [ RunTime:0.0074s ]
SQL: SELECT * FROM `show` WHERE `show_id` = 1  [ RunTime:0.0641s ]
SQL: SHOW COLUMNS FROM `show` [ RunTime:0.0147s ]
SQL: SHOW COLUMNS FROM `show` [ RunTime:0.0129s ]
SQL: SELECT * FROM `show` WHERE `show_id` = 2  [ RunTime:0.0010s ]

[ 2018-03-18T22:10:13+08:00 ] ::1 /GuDao/Index/getRecentShow
INFO: [ app_init ] --START--
INFO: Run Behavior\BuildLiteBehavior [ RunTime:0.000058s ]
INFO: [ app_init ] --END-- [ RunTime:0.001896s ]
INFO: [ app_begin ] --START--
INFO: Run Behavior\ReadHtmlCacheBehavior [ RunTime:0.064810s ]
INFO: [ app_begin ] --END-- [ RunTime:0.064927s ]
SQL: SHOW COLUMNS FROM `show` [ RunTime:0.0122s ]
SQL: SHOW COLUMNS FROM `show` [ RunTime:0.0157s ]
SQL: SELECT * FROM `show` ORDER BY show_time desc LIMIT 0,4   [ RunTime:0.1053s ]

[ 2018-03-18T22:10:14+08:00 ] ::1 /GuDao/Index/getHotBand
INFO: [ app_init ] --START--
INFO: Run Behavior\BuildLiteBehavior [ RunTime:0.000022s ]
INFO: [ app_init ] --END-- [ RunTime:0.000716s ]
INFO: [ app_begin ] --START--
INFO: Run Behavior\ReadHtmlCacheBehavior [ RunTime:0.001632s ]
INFO: [ app_begin ] --END-- [ RunTime:0.001740s ]
SQL: SHOW COLUMNS FROM `support` [ RunTime:0.0063s ]
SQL: SHOW COLUMNS FROM `support` [ RunTime:0.0065s ]
SQL: SELECT count('user_id') as count,`band_id` FROM `support` GROUP BY band_id ORDER BY count desc LIMIT 0,4   [ RunTime:0.0773s ]
SQL: SHOW COLUMNS FROM `band` [ RunTime:0.0666s ]
SQL: SHOW COLUMNS FROM `band` [ RunTime:0.0115s ]
SQL: SELECT * FROM `band` WHERE `band_id` = 2  [ RunTime:0.1210s ]
SQL: SHOW COLUMNS FROM `band` [ RunTime:0.0138s ]
SQL: SHOW COLUMNS FROM `band` [ RunTime:0.0124s ]
SQL: SELECT * FROM `band` WHERE `band_id` = 8  [ RunTime:0.0006s ]
SQL: SHOW COLUMNS FROM `band` [ RunTime:0.0132s ]
SQL: SHOW COLUMNS FROM `band` [ RunTime:0.0139s ]
SQL: SELECT * FROM `band` WHERE `band_id` = 1  [ RunTime:0.0006s ]
SQL: SHOW COLUMNS FROM `band` [ RunTime:0.0091s ]
SQL: SHOW COLUMNS FROM `band` [ RunTime:0.0095s ]
SQL: SELECT * FROM `band` WHERE `band_id` = 4  [ RunTime:0.0004s ]

[ 2018-03-18T22:10:14+08:00 ] ::1 /GuDao/Index/getNotice
INFO: [ app_init ] --START--
INFO: Run Behavior\BuildLiteBehavior [ RunTime:0.000025s ]
INFO: [ app_init ] --END-- [ RunTime:0.000738s ]
INFO: [ app_begin ] --START--
INFO: Run Behavior\ReadHtmlCacheBehavior [ RunTime:0.001683s ]
INFO: [ app_begin ] --END-- [ RunTime:0.001782s ]
SQL: SHOW COLUMNS FROM `notice` [ RunTime:0.0278s ]
NOTIC: [2] Missing argument 3 for Home\Model\NoticeModel::getNoticeByPage(), called in D:\xampp\htdocs\GuDao\GuDao\Home\Controller\IndexController.class.php on line 148 and defined D:\xampp\htdocs\GuDao\GuDao\Home\Model\NoticeModel.class.php 第 11 行.
SQL: SHOW COLUMNS FROM `notice` [ RunTime:0.0147s ]
NOTIC: [8] Undefined variable: condition D:\xampp\htdocs\GuDao\GuDao\Home\Model\NoticeModel.class.php 第 13 行.
SQL: SELECT * FROM `notice` ORDER BY notice_time desc LIMIT 0,7   [ RunTime:0.0288s ]

[ 2018-03-18T22:10:14+08:00 ] ::1 /GuDao/User/hasUnreadMessage?id=
INFO: [ app_init ] --START--
INFO: Run Behavior\BuildLiteBehavior [ RunTime:0.000019s ]
INFO: [ app_init ] --END-- [ RunTime:0.000561s ]
INFO: [ app_begin ] --START--
INFO: Run Behavior\ReadHtmlCacheBehavior [ RunTime:0.001031s ]
INFO: [ app_begin ] --END-- [ RunTime:0.001145s ]
SQL: SHOW COLUMNS FROM `reply` [ RunTime:0.0361s ]
SQL: SHOW COLUMNS FROM `reply` [ RunTime:0.0100s ]
SQL: SELECT * FROM `reply` WHERE `target_id` = 0  [ RunTime:0.0228s ]

[ 2018-03-18T22:10:38+08:00 ] ::1 /GuDao/Public/css/common/bootstrap.css.map
INFO: [ app_init ] --START--
INFO: Run Behavior\BuildLiteBehavior [ RunTime:0.000022s ]
INFO: [ app_init ] --END-- [ RunTime:0.000680s ]
INFO: [ app_begin ] --START--
INFO: Run Behavior\ReadHtmlCacheBehavior [ RunTime:0.001357s ]
INFO: [ app_begin ] --END-- [ RunTime:0.001452s ]
ERR: 无法加载控制器:Public

[ 2018-03-18T22:11:21+08:00 ] ::1 /GuDao/Index/home
INFO: [ app_init ] --START--
INFO: Run Behavior\BuildLiteBehavior [ RunTime:0.000015s ]
INFO: [ app_init ] --END-- [ RunTime:0.000514s ]
INFO: [ app_begin ] --START--
INFO: Run Behavior\ReadHtmlCacheBehavior [ RunTime:0.000907s ]
INFO: [ app_begin ] --END-- [ RunTime:0.000970s ]
INFO: [ view_parse ] --START--
INFO: [ template_filter ] --START--
INFO: Run Behavior\ContentReplaceBehavior [ RunTime:0.000086s ]
INFO: [ template_filter ] --END-- [ RunTime:0.000165s ]
INFO: Run Behavior\ParseTemplateBehavior [ RunTime:0.073846s ]
INFO: [ view_parse ] --END-- [ RunTime:0.073940s ]
INFO: [ view_filter ] --START--
INFO: Run Behavior\WriteHtmlCacheBehavior [ RunTime:0.000994s ]
INFO: [ view_filter ] --END-- [ RunTime:0.001056s ]
INFO: [ app_end ] --START--
INFO: Run Behavior\ShowPageTraceBehavior [ RunTime:0.000907s ]
INFO: [ app_end ] --END-- [ RunTime:0.000961s ]

[ 2018-03-18T22:11:22+08:00 ] ::1 /GuDao/Public/css/common/bootstrap.css.map
INFO: [ app_init ] --START--
INFO: Run Behavior\BuildLiteBehavior [ RunTime:0.000029s ]
INFO: [ app_init ] --END-- [ RunTime:0.000884s ]
INFO: [ app_begin ] --START--
INFO: Run Behavior\ReadHtmlCacheBehavior [ RunTime:0.001535s ]
INFO: [ app_begin ] --END-- [ RunTime:0.001656s ]
ERR: 无法加载控制器:Public

[ 2018-03-18T22:11:23+08:00 ] ::1 /GuDao/Index/getShowCalendar
INFO: [ app_init ] --START--
INFO: Run Behavior\BuildLiteBehavior [ RunTime:0.000027s ]
INFO: [ app_init ] --END-- [ RunTime:0.001065s ]
INFO: [ app_begin ] --START--
INFO: Run Behavior\ReadHtmlCacheBehavior [ RunTime:0.001299s ]
INFO: [ app_begin ] --END-- [ RunTime:0.001392s ]
SQL: SHOW COLUMNS FROM `show` [ RunTime:0.0083s ]
SQL: SHOW COLUMNS FROM `show` [ RunTime:0.0104s ]
SQL: SELECT count('show_id') as count,`show_time` FROM `show` WHERE `show_time` LIKE '2018-03%' GROUP BY show_time  [ RunTime:0.0005s ]

[ 2018-03-18T22:11:23+08:00 ] ::1 /GuDao/Index/getRecentShow
INFO: [ app_init ] --START--
INFO: Run Behavior\BuildLiteBehavior [ RunTime:0.000026s ]
INFO: [ app_init ] --END-- [ RunTime:0.001425s ]
INFO: [ app_begin ] --START--
INFO: Run Behavior\ReadHtmlCacheBehavior [ RunTime:0.001155s ]
INFO: [ app_begin ] --END-- [ RunTime:0.001245s ]
SQL: SHOW COLUMNS FROM `show` [ RunTime:0.0083s ]
SQL: SHOW COLUMNS FROM `show` [ RunTime:0.0110s ]
SQL: SELECT * FROM `show` ORDER BY show_time desc LIMIT 0,4   [ RunTime:0.0005s ]

[ 2018-03-18T22:11:23+08:00 ] ::1 /GuDao/Index/getHotBand
INFO: [ app_init ] --START--
INFO: Run Behavior\BuildLiteBehavior [ RunTime:0.000024s ]
INFO: [ app_init ] --END-- [ RunTime:0.000730s ]
INFO: [ app_begin ] --START--
INFO: Run Behavior\ReadHtmlCacheBehavior [ RunTime:0.001151s ]
INFO: [ app_begin ] --END-- [ RunTime:0.001259s ]
SQL: SHOW COLUMNS FROM `support` [ RunTime:0.0087s ]
SQL: SHOW COLUMNS FROM `support` [ RunTime:0.0098s ]
SQL: SELECT count('user_id') as count,`band_id` FROM `support` GROUP BY band_id ORDER BY count desc LIMIT 0,4   [ RunTime:0.0006s ]
SQL: SHOW COLUMNS FROM `band` [ RunTime:0.0108s ]
SQL: SHOW COLUMNS FROM `band` [ RunTime:0.0059s ]
SQL: SELECT * FROM `band` WHERE `band_id` = 2  [ RunTime:0.0004s ]
SQL: SHOW COLUMNS FROM `band` [ RunTime:0.0072s ]
SQL: SHOW COLUMNS FROM `band` [ RunTime:0.0103s ]
SQL: SELECT * FROM `band` WHERE `band_id` = 8  [ RunTime:0.0003s ]
SQL: SHOW COLUMNS FROM `band` [ RunTime:0.0067s ]
SQL: SHOW COLUMNS FROM `band` [ RunTime:0.0081s ]
SQL: SELECT * FROM `band` WHERE `band_id` = 1  [ RunTime:0.0003s ]
SQL: SHOW COLUMNS FROM `band` [ RunTime:0.0072s ]
SQL: SHOW COLUMNS FROM `band` [ RunTime:0.0096s ]
SQL: SELECT * FROM `band` WHERE `band_id` = 4  [ RunTime:0.0003s ]

[ 2018-03-18T22:11:24+08:00 ] ::1 /GuDao/Index/getHotShow
INFO: [ app_init ] --START--
INFO: Run Behavior\BuildLiteBehavior [ RunTime:0.000027s ]
INFO: [ app_init ] --END-- [ RunTime:0.000883s ]
INFO: [ app_begin ] --START--
INFO: Run Behavior\ReadHtmlCacheBehavior [ RunTime:0.001503s ]
INFO: [ app_begin ] --END-- [ RunTime:0.001637s ]
SQL: SHOW COLUMNS FROM `want` [ RunTime:0.0092s ]
SQL: SHOW COLUMNS FROM `want` [ RunTime:0.0088s ]
SQL: SELECT count('user_id') as count,`show_id` FROM `want` GROUP BY show_id ORDER BY count desc LIMIT 0,4   [ RunTime:0.0006s ]
SQL: SHOW COLUMNS FROM `show` [ RunTime:0.0083s ]
SQL: SHOW COLUMNS FROM `show` [ RunTime:0.0085s ]
SQL: SELECT * FROM `show` WHERE `show_id` = 1  [ RunTime:0.0004s ]
SQL: SHOW COLUMNS FROM `show` [ RunTime:0.0093s ]
SQL: SHOW COLUMNS FROM `show` [ RunTime:0.0125s ]
SQL: SELECT * FROM `show` WHERE `show_id` = 2  [ RunTime:0.0007s ]

[ 2018-03-18T22:11:24+08:00 ] ::1 /GuDao/Index/getNotice
INFO: [ app_init ] --START--
INFO: Run Behavior\BuildLiteBehavior [ RunTime:0.000023s ]
INFO: [ app_init ] --END-- [ RunTime:0.001032s ]
INFO: [ app_begin ] --START--
INFO: Run Behavior\ReadHtmlCacheBehavior [ RunTime:0.001766s ]
INFO: [ app_begin ] --END-- [ RunTime:0.001894s ]
SQL: SHOW COLUMNS FROM `notice` [ RunTime:0.1266s ]
NOTIC: [2] Missing argument 3 for Home\Model\NoticeModel::getNoticeByPage(), called in D:\xampp\htdocs\GuDao\GuDao\Home\Controller\IndexController.class.php on line 148 and defined D:\xampp\htdocs\GuDao\GuDao\Home\Model\NoticeModel.class.php 第 11 行.
SQL: SHOW COLUMNS FROM `notice` [ RunTime:0.0098s ]
NOTIC: [8] Undefined variable: condition D:\xampp\htdocs\GuDao\GuDao\Home\Model\NoticeModel.class.php 第 13 行.
SQL: SELECT * FROM `notice` ORDER BY notice_time desc LIMIT 0,7   [ RunTime:0.0006s ]

[ 2018-03-18T22:11:24+08:00 ] ::1 /GuDao/User/hasUnreadMessage?id=
INFO: [ app_init ] --START--
INFO: Run Behavior\BuildLiteBehavior [ RunTime:0.000029s ]
INFO: [ app_init ] --END-- [ RunTime:0.000867s ]
INFO: [ app_begin ] --START--
INFO: Run Behavior\ReadHtmlCacheBehavior [ RunTime:0.001284s ]
INFO: [ app_begin ] --END-- [ RunTime:0.001398s ]
SQL: SHOW COLUMNS FROM `reply` [ RunTime:0.0103s ]
SQL: SHOW COLUMNS FROM `reply` [ RunTime:0.0081s ]
SQL: SELECT * FROM `reply` WHERE `target_id` = 0  [ RunTime:0.0011s ]

