[ 2018-03-09T11:16:23+08:00 ] ::1 /GuDao/Show/detail?id=1
INFO: [ app_init ] --START--
INFO: Run Behavior\BuildLiteBehavior [ RunTime:0.000053s ]
INFO: [ app_init ] --END-- [ RunTime:0.193932s ]
INFO: [ app_begin ] --START--
INFO: Run Behavior\ReadHtmlCacheBehavior [ RunTime:0.035491s ]
INFO: [ app_begin ] --END-- [ RunTime:0.035599s ]
INFO: [ view_parse ] --START--
INFO: [ template_filter ] --START--
INFO: Run Behavior\ContentReplaceBehavior [ RunTime:0.091263s ]
INFO: [ template_filter ] --END-- [ RunTime:0.091384s ]
INFO: Run Behavior\ParseTemplateBehavior [ RunTime:0.387905s ]
INFO: [ view_parse ] --END-- [ RunTime:0.390962s ]
INFO: [ view_filter ] --START--
INFO: Run Behavior\WriteHtmlCacheBehavior [ RunTime:0.014939s ]
INFO: [ view_filter ] --END-- [ RunTime:0.015089s ]
INFO: [ app_end ] --START--
INFO: Run Behavior\ShowPageTraceBehavior [ RunTime:0.032354s ]
INFO: [ app_end ] --END-- [ RunTime:0.032433s ]

[ 2018-03-09T11:16:25+08:00 ] ::1 /GuDao/Show/getShowByID?id=1
INFO: [ app_init ] --START--
INFO: Run Behavior\BuildLiteBehavior [ RunTime:0.000024s ]
INFO: [ app_init ] --END-- [ RunTime:0.000651s ]
INFO: [ app_begin ] --START--
INFO: Run Behavior\ReadHtmlCacheBehavior [ RunTime:0.000841s ]
INFO: [ app_begin ] --END-- [ RunTime:0.000956s ]
SQL: SHOW COLUMNS FROM `show` [ RunTime:0.3341s ]
SQL: SHOW COLUMNS FROM `show` [ RunTime:0.0354s ]
SQL: SELECT * FROM `show` WHERE `show_id` = 1  [ RunTime:0.0006s ]

[ 2018-03-09T11:16:27+08:00 ] ::1 /GuDao/Show/getBandByShow?id=1
INFO: [ app_init ] --START--
INFO: Run Behavior\BuildLiteBehavior [ RunTime:0.000034s ]
INFO: [ app_init ] --END-- [ RunTime:0.000860s ]
INFO: [ app_begin ] --START--
INFO: Run Behavior\ReadHtmlCacheBehavior [ RunTime:0.001285s ]
INFO: [ app_begin ] --END-- [ RunTime:0.001395s ]
SQL: SHOW COLUMNS FROM `attend` [ RunTime:0.3052s ]
SQL: SHOW COLUMNS FROM `attend` [ RunTime:0.3367s ]
SQL: SELECT `band_id` FROM `attend` WHERE `show_id` = 1  [ RunTime:0.0008s ]
SQL: SHOW COLUMNS FROM `band` [ RunTime:0.5054s ]
SQL: SHOW COLUMNS FROM `band` [ RunTime:0.0076s ]
SQL: SELECT * FROM `band` WHERE `band_id` = 1  [ RunTime:0.0003s ]
SQL: SHOW COLUMNS FROM `band` [ RunTime:0.0128s ]
SQL: SHOW COLUMNS FROM `band` [ RunTime:0.0782s ]
SQL: SELECT * FROM `band` WHERE `band_id` = 2  [ RunTime:0.0003s ]
SQL: SHOW COLUMNS FROM `band` [ RunTime:0.0676s ]
SQL: SHOW COLUMNS FROM `band` [ RunTime:0.0054s ]
SQL: SELECT * FROM `band` WHERE `band_id` = 3  [ RunTime:0.0003s ]
SQL: SHOW COLUMNS FROM `band` [ RunTime:0.0172s ]
SQL: SHOW COLUMNS FROM `band` [ RunTime:0.0086s ]
SQL: SELECT * FROM `band` WHERE `band_id` = 4  [ RunTime:0.0003s ]
SQL: SHOW COLUMNS FROM `band` [ RunTime:0.0061s ]
SQL: SHOW COLUMNS FROM `band` [ RunTime:0.0085s ]
SQL: SELECT * FROM `band` WHERE `band_id` = 5  [ RunTime:0.0004s ]

[ 2018-03-09T11:16:27+08:00 ] ::1 /GuDao/Show/checkWant
INFO: [ app_init ] --START--
INFO: Run Behavior\BuildLiteBehavior [ RunTime:0.000026s ]
INFO: [ app_init ] --END-- [ RunTime:0.000771s ]
INFO: [ app_begin ] --START--
INFO: Run Behavior\ReadHtmlCacheBehavior [ RunTime:0.001189s ]
INFO: [ app_begin ] --END-- [ RunTime:0.001295s ]
SQL: SHOW COLUMNS FROM `want` [ RunTime:0.0768s ]
SQL: SHOW COLUMNS FROM `want` [ RunTime:0.0075s ]
SQL: SELECT * FROM `want` WHERE `user_id` = 0 AND `show_id` = 1  [ RunTime:0.0004s ]

[ 2018-03-09T11:16:27+08:00 ] ::1 /GuDao/Show/getWantUserNum?id=1
INFO: [ app_init ] --START--
INFO: Run Behavior\BuildLiteBehavior [ RunTime:0.000027s ]
INFO: [ app_init ] --END-- [ RunTime:0.000758s ]
INFO: [ app_begin ] --START--
INFO: Run Behavior\ReadHtmlCacheBehavior [ RunTime:0.001014s ]
INFO: [ app_begin ] --END-- [ RunTime:0.001102s ]
SQL: SHOW COLUMNS FROM `want` [ RunTime:0.0070s ]
SQL: SHOW COLUMNS FROM `want` [ RunTime:0.0438s ]
SQL: SELECT COUNT(*) AS tp_count FROM `want` WHERE `show_id` = 1 LIMIT 1   [ RunTime:0.0005s ]

[ 2018-03-09T11:16:28+08:00 ] ::1 /GuDao/Show/getCommentNReply?target=1&id=1
INFO: [ app_init ] --START--
INFO: Run Behavior\BuildLiteBehavior [ RunTime:0.000025s ]
INFO: [ app_init ] --END-- [ RunTime:0.000819s ]
INFO: [ app_begin ] --START--
INFO: Run Behavior\ReadHtmlCacheBehavior [ RunTime:0.000878s ]
INFO: [ app_begin ] --END-- [ RunTime:0.000972s ]
SQL: SHOW COLUMNS FROM `comment` [ RunTime:0.1078s ]
SQL: SHOW COLUMNS FROM `comment` [ RunTime:0.0095s ]
SQL: SELECT * FROM `comment` WHERE `comment_target` = 1 AND `target_id` = 1 ORDER BY comment_time desc  [ RunTime:0.0006s ]
SQL: SHOW COLUMNS FROM `user` [ RunTime:0.0357s ]
SQL: SHOW COLUMNS FROM `user` [ RunTime:0.0083s ]
SQL: SELECT `user_id`,`username`,`gender`,`birthday`,`headshot`,`intro` FROM `user` WHERE `user_id` = 1  [ RunTime:0.0005s ]
SQL: SHOW COLUMNS FROM `reply` [ RunTime:0.0785s ]
SQL: SHOW COLUMNS FROM `reply` [ RunTime:0.0072s ]
SQL: SELECT * FROM `reply` WHERE `comment_id` = 20 ORDER BY reply_time asc  [ RunTime:0.0005s ]
SQL: SHOW COLUMNS FROM `user` [ RunTime:0.0250s ]
SQL: SHOW COLUMNS FROM `user` [ RunTime:0.0058s ]
SQL: SELECT `user_id`,`username`,`gender`,`birthday`,`headshot`,`intro` FROM `user` WHERE `user_id` = 1  [ RunTime:0.0004s ]
SQL: SHOW COLUMNS FROM `reply` [ RunTime:0.0101s ]
SQL: SHOW COLUMNS FROM `reply` [ RunTime:0.0068s ]
SQL: SELECT * FROM `reply` WHERE `comment_id` = 19 ORDER BY reply_time asc  [ RunTime:0.0003s ]
SQL: SHOW COLUMNS FROM `user` [ RunTime:0.0084s ]
SQL: SHOW COLUMNS FROM `user` [ RunTime:0.0056s ]
SQL: SELECT `user_id`,`username`,`gender`,`birthday`,`headshot`,`intro` FROM `user` WHERE `user_id` = 1  [ RunTime:0.0003s ]
SQL: SHOW COLUMNS FROM `reply` [ RunTime:0.0085s ]
SQL: SHOW COLUMNS FROM `reply` [ RunTime:0.0056s ]
SQL: SELECT * FROM `reply` WHERE `comment_id` = 18 ORDER BY reply_time asc  [ RunTime:0.0003s ]
SQL: SHOW COLUMNS FROM `user` [ RunTime:0.0092s ]
SQL: SHOW COLUMNS FROM `user` [ RunTime:0.0058s ]
SQL: SELECT `user_id`,`username`,`gender`,`birthday`,`headshot`,`intro` FROM `user` WHERE `user_id` = 1  [ RunTime:0.0003s ]
SQL: SHOW COLUMNS FROM `reply` [ RunTime:0.0083s ]
SQL: SHOW COLUMNS FROM `reply` [ RunTime:0.0087s ]
SQL: SELECT * FROM `reply` WHERE `comment_id` = 17 ORDER BY reply_time asc  [ RunTime:0.0004s ]
SQL: SHOW COLUMNS FROM `user` [ RunTime:0.0237s ]
SQL: SHOW COLUMNS FROM `user` [ RunTime:0.0080s ]
SQL: SELECT `user_id`,`username`,`gender`,`birthday`,`headshot`,`intro` FROM `user` WHERE `user_id` = 1  [ RunTime:0.0004s ]
SQL: SHOW COLUMNS FROM `reply` [ RunTime:0.0095s ]
SQL: SHOW COLUMNS FROM `reply` [ RunTime:0.0069s ]
SQL: SELECT * FROM `reply` WHERE `comment_id` = 16 ORDER BY reply_time asc  [ RunTime:0.0003s ]
SQL: SHOW COLUMNS FROM `user` [ RunTime:0.0084s ]
SQL: SHOW COLUMNS FROM `user` [ RunTime:0.0062s ]
SQL: SELECT `user_id`,`username`,`gender`,`birthday`,`headshot`,`intro` FROM `user` WHERE `user_id` = 1  [ RunTime:0.0003s ]
SQL: SHOW COLUMNS FROM `reply` [ RunTime:0.0093s ]
SQL: SHOW COLUMNS FROM `reply` [ RunTime:0.0057s ]
SQL: SELECT * FROM `reply` WHERE `comment_id` = 15 ORDER BY reply_time asc  [ RunTime:0.0003s ]
SQL: SHOW COLUMNS FROM `user` [ RunTime:0.0085s ]
SQL: SHOW COLUMNS FROM `user` [ RunTime:0.0064s ]
SQL: SELECT `user_id`,`username`,`gender`,`birthday`,`headshot`,`intro` FROM `user` WHERE `user_id` = 1  [ RunTime:0.0003s ]
SQL: SHOW COLUMNS FROM `user` [ RunTime:0.0354s ]
SQL: SELECT `user_id`,`username`,`gender`,`birthday`,`headshot`,`intro` FROM `user` WHERE `user_id` = 1  [ RunTime:0.0003s ]
SQL: SHOW COLUMNS FROM `user` [ RunTime:0.0086s ]
SQL: SHOW COLUMNS FROM `user` [ RunTime:0.0057s ]
SQL: SELECT `user_id`,`username`,`gender`,`birthday`,`headshot`,`intro` FROM `user` WHERE `user_id` = 1  [ RunTime:0.0003s ]
SQL: SHOW COLUMNS FROM `user` [ RunTime:0.0089s ]
SQL: SELECT `user_id`,`username`,`gender`,`birthday`,`headshot`,`intro` FROM `user` WHERE `user_id` = 1  [ RunTime:0.0004s ]
SQL: SHOW COLUMNS FROM `user` [ RunTime:0.0074s ]
SQL: SHOW COLUMNS FROM `user` [ RunTime:0.0112s ]
SQL: SELECT `user_id`,`username`,`gender`,`birthday`,`headshot`,`intro` FROM `user` WHERE `user_id` = 1  [ RunTime:0.0005s ]
SQL: SHOW COLUMNS FROM `reply` [ RunTime:0.0102s ]
SQL: SHOW COLUMNS FROM `reply` [ RunTime:0.0060s ]
SQL: SELECT * FROM `reply` WHERE `comment_id` = 14 ORDER BY reply_time asc  [ RunTime:0.0005s ]
SQL: SHOW COLUMNS FROM `user` [ RunTime:0.0060s ]
SQL: SHOW COLUMNS FROM `user` [ RunTime:0.0068s ]
SQL: SELECT `user_id`,`username`,`gender`,`birthday`,`headshot`,`intro` FROM `user` WHERE `user_id` = 1  [ RunTime:0.0003s ]
SQL: SHOW COLUMNS FROM `user` [ RunTime:0.0066s ]
SQL: SELECT `user_id`,`username`,`gender`,`birthday`,`headshot`,`intro` FROM `user` WHERE `user_id` = 1  [ RunTime:0.0006s ]
SQL: SHOW COLUMNS FROM `user` [ RunTime:0.0070s ]
SQL: SHOW COLUMNS FROM `user` [ RunTime:0.0056s ]
SQL: SELECT `user_id`,`username`,`gender`,`birthday`,`headshot`,`intro` FROM `user` WHERE `user_id` = 1  [ RunTime:0.0003s ]
SQL: SHOW COLUMNS FROM `reply` [ RunTime:0.0065s ]
SQL: SHOW COLUMNS FROM `reply` [ RunTime:0.0236s ]
SQL: SELECT * FROM `reply` WHERE `comment_id` = 13 ORDER BY reply_time asc  [ RunTime:0.0004s ]
SQL: SHOW COLUMNS FROM `user` [ RunTime:0.0078s ]
SQL: SHOW COLUMNS FROM `user` [ RunTime:0.0085s ]
SQL: SELECT `user_id`,`username`,`gender`,`birthday`,`headshot`,`intro` FROM `user` WHERE `user_id` = 1  [ RunTime:0.0003s ]
SQL: SHOW COLUMNS FROM `reply` [ RunTime:0.0100s ]
SQL: SHOW COLUMNS FROM `reply` [ RunTime:0.0057s ]
SQL: SELECT * FROM `reply` WHERE `comment_id` = 10 ORDER BY reply_time asc  [ RunTime:0.0003s ]

[ 2018-03-09T11:16:30+08:00 ] ::1 /GuDao/Public/css/common/bootstrap.css.map
INFO: [ app_init ] --START--
INFO: Run Behavior\BuildLiteBehavior [ RunTime:0.000023s ]
INFO: [ app_init ] --END-- [ RunTime:0.000643s ]
INFO: [ app_begin ] --START--
INFO: Run Behavior\ReadHtmlCacheBehavior [ RunTime:0.000693s ]
INFO: [ app_begin ] --END-- [ RunTime:0.000766s ]
ERR: 无法加载控制器:Public

[ 2018-03-09T11:16:31+08:00 ] ::1 /GuDao/Band
INFO: [ app_init ] --START--
INFO: Run Behavior\BuildLiteBehavior [ RunTime:0.000024s ]
INFO: [ app_init ] --END-- [ RunTime:0.000616s ]
INFO: [ app_begin ] --START--
INFO: Run Behavior\ReadHtmlCacheBehavior [ RunTime:0.000957s ]
INFO: [ app_begin ] --END-- [ RunTime:0.001082s ]
INFO: [ view_parse ] --START--
INFO: [ template_filter ] --START--
INFO: Run Behavior\ContentReplaceBehavior [ RunTime:0.000063s ]
INFO: [ template_filter ] --END-- [ RunTime:0.000135s ]
INFO: Run Behavior\ParseTemplateBehavior [ RunTime:0.009577s ]
INFO: [ view_parse ] --END-- [ RunTime:0.009673s ]
INFO: [ view_filter ] --START--
INFO: Run Behavior\WriteHtmlCacheBehavior [ RunTime:0.000977s ]
INFO: [ view_filter ] --END-- [ RunTime:0.001059s ]
INFO: [ app_end ] --START--
INFO: Run Behavior\ShowPageTraceBehavior [ RunTime:0.000822s ]
INFO: [ app_end ] --END-- [ RunTime:0.000878s ]

[ 2018-03-09T11:16:32+08:00 ] ::1 /GuDao/Public/css/common/bootstrap.css.map
INFO: [ app_init ] --START--
INFO: Run Behavior\BuildLiteBehavior [ RunTime:0.000028s ]
INFO: [ app_init ] --END-- [ RunTime:0.000857s ]
INFO: [ app_begin ] --START--
INFO: Run Behavior\ReadHtmlCacheBehavior [ RunTime:0.000956s ]
INFO: [ app_begin ] --END-- [ RunTime:0.001060s ]
ERR: 无法加载控制器:Public

[ 2018-03-09T11:16:36+08:00 ] ::1 /GuDao/Band
INFO: [ app_init ] --START--
INFO: Run Behavior\BuildLiteBehavior [ RunTime:0.000022s ]
INFO: [ app_init ] --END-- [ RunTime:0.001512s ]
INFO: [ app_begin ] --START--
INFO: Run Behavior\ReadHtmlCacheBehavior [ RunTime:0.000585s ]
INFO: [ app_begin ] --END-- [ RunTime:0.000653s ]
INFO: [ view_parse ] --START--
INFO: [ template_filter ] --START--
INFO: Run Behavior\ContentReplaceBehavior [ RunTime:0.000061s ]
INFO: [ template_filter ] --END-- [ RunTime:0.000127s ]
INFO: Run Behavior\ParseTemplateBehavior [ RunTime:0.010226s ]
INFO: [ view_parse ] --END-- [ RunTime:0.010300s ]
INFO: [ view_filter ] --START--
INFO: Run Behavior\WriteHtmlCacheBehavior [ RunTime:0.000351s ]
INFO: [ view_filter ] --END-- [ RunTime:0.000408s ]
INFO: [ app_end ] --START--
INFO: Run Behavior\ShowPageTraceBehavior [ RunTime:0.000649s ]
INFO: [ app_end ] --END-- [ RunTime:0.000716s ]

[ 2018-03-09T11:16:36+08:00 ] ::1 /GuDao/Public/css/common/bootstrap.css.map
INFO: [ app_init ] --START--
INFO: Run Behavior\BuildLiteBehavior [ RunTime:0.000027s ]
INFO: [ app_init ] --END-- [ RunTime:0.000696s ]
INFO: [ app_begin ] --START--
INFO: Run Behavior\ReadHtmlCacheBehavior [ RunTime:0.000928s ]
INFO: [ app_begin ] --END-- [ RunTime:0.001029s ]
ERR: 无法加载控制器:Public

[ 2018-03-09T11:18:00+08:00 ] ::1 /GuDao/Band
INFO: [ app_init ] --START--
INFO: Run Behavior\BuildLiteBehavior [ RunTime:0.000025s ]
INFO: [ app_init ] --END-- [ RunTime:0.000521s ]
INFO: [ app_begin ] --START--
INFO: Run Behavior\ReadHtmlCacheBehavior [ RunTime:0.000879s ]
INFO: [ app_begin ] --END-- [ RunTime:0.000965s ]
INFO: [ view_parse ] --START--
INFO: [ template_filter ] --START--
INFO: Run Behavior\ContentReplaceBehavior [ RunTime:0.000066s ]
INFO: [ template_filter ] --END-- [ RunTime:0.000145s ]
INFO: Run Behavior\ParseTemplateBehavior [ RunTime:0.009715s ]
INFO: [ view_parse ] --END-- [ RunTime:0.009816s ]
INFO: [ view_filter ] --START--
INFO: Run Behavior\WriteHtmlCacheBehavior [ RunTime:0.000463s ]
INFO: [ view_filter ] --END-- [ RunTime:0.000513s ]
INFO: [ app_end ] --START--
INFO: Run Behavior\ShowPageTraceBehavior [ RunTime:0.000674s ]
INFO: [ app_end ] --END-- [ RunTime:0.000724s ]

[ 2018-03-09T11:18:00+08:00 ] ::1 /GuDao/Public/css/common/bootstrap.css.map
INFO: [ app_init ] --START--
INFO: Run Behavior\BuildLiteBehavior [ RunTime:0.000026s ]
INFO: [ app_init ] --END-- [ RunTime:0.000736s ]
INFO: [ app_begin ] --START--
INFO: Run Behavior\ReadHtmlCacheBehavior [ RunTime:0.000855s ]
INFO: [ app_begin ] --END-- [ RunTime:0.000953s ]
ERR: 无法加载控制器:Public

[ 2018-03-09T11:18:00+08:00 ] ::1 /GuDao/index.php/Home/Band/getBandBySupport?pageIndex=1&pageSize=8
INFO: [ app_init ] --START--
INFO: Run Behavior\BuildLiteBehavior [ RunTime:0.000025s ]
INFO: [ app_init ] --END-- [ RunTime:0.000643s ]
INFO: [ app_begin ] --START--
INFO: Run Behavior\ReadHtmlCacheBehavior [ RunTime:0.000587s ]
INFO: [ app_begin ] --END-- [ RunTime:0.000646s ]
SQL: SHOW COLUMNS FROM `support` [ RunTime:0.0318s ]
SQL: SHOW COLUMNS FROM `support` [ RunTime:0.0167s ]
SQL: SELECT count('user_id') as count,`band_id` FROM `support` GROUP BY band_id ORDER BY count desc LIMIT 0,8   [ RunTime:0.0025s ]
SQL: SHOW COLUMNS FROM `band` [ RunTime:0.0342s ]
SQL: SHOW COLUMNS FROM `band` [ RunTime:0.0150s ]
SQL: SELECT * FROM `band` WHERE `band_id` = 2  [ RunTime:0.0005s ]
SQL: SHOW COLUMNS FROM `band` [ RunTime:0.0152s ]
SQL: SHOW COLUMNS FROM `band` [ RunTime:0.0184s ]
SQL: SELECT * FROM `band` WHERE `band_id` = 4  [ RunTime:0.0007s ]
SQL: SHOW COLUMNS FROM `band` [ RunTime:0.0141s ]
SQL: SHOW COLUMNS FROM `band` [ RunTime:0.0133s ]
SQL: SELECT * FROM `band` WHERE `band_id` = 8  [ RunTime:0.0006s ]
SQL: SHOW COLUMNS FROM `band` [ RunTime:0.0150s ]
SQL: SHOW COLUMNS FROM `band` [ RunTime:0.0091s ]
SQL: SELECT * FROM `band` WHERE `band_id` = 1  [ RunTime:0.0004s ]

[ 2018-03-09T11:19:02+08:00 ] ::1 /GuDao/Band
INFO: [ app_init ] --START--
INFO: Run Behavior\BuildLiteBehavior [ RunTime:0.000023s ]
INFO: [ app_init ] --END-- [ RunTime:0.000775s ]
INFO: [ app_begin ] --START--
INFO: Run Behavior\ReadHtmlCacheBehavior [ RunTime:0.002440s ]
INFO: [ app_begin ] --END-- [ RunTime:0.002537s ]
INFO: [ view_parse ] --START--
INFO: [ template_filter ] --START--
INFO: Run Behavior\ContentReplaceBehavior [ RunTime:0.000060s ]
INFO: [ template_filter ] --END-- [ RunTime:0.000127s ]
INFO: Run Behavior\ParseTemplateBehavior [ RunTime:0.012469s ]
INFO: [ view_parse ] --END-- [ RunTime:0.012559s ]
INFO: [ view_filter ] --START--
INFO: Run Behavior\WriteHtmlCacheBehavior [ RunTime:0.001247s ]
INFO: [ view_filter ] --END-- [ RunTime:0.001300s ]
INFO: [ app_end ] --START--
INFO: Run Behavior\ShowPageTraceBehavior [ RunTime:0.001476s ]
INFO: [ app_end ] --END-- [ RunTime:0.001530s ]

[ 2018-03-09T11:19:02+08:00 ] ::1 /GuDao/Public/css/common/bootstrap.css.map
INFO: [ app_init ] --START--
INFO: Run Behavior\BuildLiteBehavior [ RunTime:0.000018s ]
INFO: [ app_init ] --END-- [ RunTime:0.000604s ]
INFO: [ app_begin ] --START--
INFO: Run Behavior\ReadHtmlCacheBehavior [ RunTime:0.001131s ]
INFO: [ app_begin ] --END-- [ RunTime:0.001228s ]
ERR: 无法加载控制器:Public

[ 2018-03-09T11:19:02+08:00 ] ::1 /GuDao/index.php/Home/Band/getBandBySupport?pageIndex=1&pageSize=10
INFO: [ app_init ] --START--
INFO: Run Behavior\BuildLiteBehavior [ RunTime:0.000038s ]
INFO: [ app_init ] --END-- [ RunTime:0.000848s ]
INFO: [ app_begin ] --START--
INFO: Run Behavior\ReadHtmlCacheBehavior [ RunTime:0.001830s ]
INFO: [ app_begin ] --END-- [ RunTime:0.001974s ]
SQL: SHOW COLUMNS FROM `support` [ RunTime:0.0071s ]
SQL: SHOW COLUMNS FROM `support` [ RunTime:0.0126s ]
SQL: SELECT count('user_id') as count,`band_id` FROM `support` GROUP BY band_id ORDER BY count desc LIMIT 0,10   [ RunTime:0.0005s ]
SQL: SHOW COLUMNS FROM `band` [ RunTime:0.0132s ]
SQL: SHOW COLUMNS FROM `band` [ RunTime:0.0085s ]
SQL: SELECT * FROM `band` WHERE `band_id` = 2  [ RunTime:0.0006s ]
SQL: SHOW COLUMNS FROM `band` [ RunTime:0.0085s ]
SQL: SHOW COLUMNS FROM `band` [ RunTime:0.0117s ]
SQL: SELECT * FROM `band` WHERE `band_id` = 8  [ RunTime:0.0008s ]
SQL: SHOW COLUMNS FROM `band` [ RunTime:0.0125s ]
SQL: SHOW COLUMNS FROM `band` [ RunTime:0.0088s ]
SQL: SELECT * FROM `band` WHERE `band_id` = 1  [ RunTime:0.0004s ]
SQL: SHOW COLUMNS FROM `band` [ RunTime:0.0134s ]
SQL: SHOW COLUMNS FROM `band` [ RunTime:0.0124s ]
SQL: SELECT * FROM `band` WHERE `band_id` = 4  [ RunTime:0.0006s ]

[ 2018-03-09T11:19:11+08:00 ] ::1 /GuDao/Band
INFO: [ app_init ] --START--
INFO: Run Behavior\BuildLiteBehavior [ RunTime:0.000019s ]
INFO: [ app_init ] --END-- [ RunTime:0.000714s ]
INFO: [ app_begin ] --START--
INFO: Run Behavior\ReadHtmlCacheBehavior [ RunTime:0.001335s ]
INFO: [ app_begin ] --END-- [ RunTime:0.001434s ]
INFO: [ view_parse ] --START--
INFO: [ template_filter ] --START--
INFO: Run Behavior\ContentReplaceBehavior [ RunTime:0.000087s ]
INFO: [ template_filter ] --END-- [ RunTime:0.000190s ]
INFO: Run Behavior\ParseTemplateBehavior [ RunTime:0.014133s ]
INFO: [ view_parse ] --END-- [ RunTime:0.014251s ]
INFO: [ view_filter ] --START--
INFO: Run Behavior\WriteHtmlCacheBehavior [ RunTime:0.001142s ]
INFO: [ view_filter ] --END-- [ RunTime:0.001228s ]
INFO: [ app_end ] --START--
INFO: Run Behavior\ShowPageTraceBehavior [ RunTime:0.001020s ]
INFO: [ app_end ] --END-- [ RunTime:0.001084s ]

[ 2018-03-09T11:19:11+08:00 ] ::1 /GuDao/Public/css/common/bootstrap.css.map
INFO: [ app_init ] --START--
INFO: Run Behavior\BuildLiteBehavior [ RunTime:0.000025s ]
INFO: [ app_init ] --END-- [ RunTime:0.000832s ]
INFO: [ app_begin ] --START--
INFO: Run Behavior\ReadHtmlCacheBehavior [ RunTime:0.001386s ]
INFO: [ app_begin ] --END-- [ RunTime:0.001494s ]
ERR: 无法加载控制器:Public

[ 2018-03-09T11:19:11+08:00 ] ::1 /GuDao/index.php/Home/Band/getBandBySupport?pageIndex=1&pageSize=2
INFO: [ app_init ] --START--
INFO: Run Behavior\BuildLiteBehavior [ RunTime:0.000028s ]
INFO: [ app_init ] --END-- [ RunTime:0.001068s ]
INFO: [ app_begin ] --START--
INFO: Run Behavior\ReadHtmlCacheBehavior [ RunTime:0.002911s ]
INFO: [ app_begin ] --END-- [ RunTime:0.003100s ]
SQL: SHOW COLUMNS FROM `support` [ RunTime:0.0125s ]
SQL: SHOW COLUMNS FROM `support` [ RunTime:0.0142s ]
SQL: SELECT count('user_id') as count,`band_id` FROM `support` GROUP BY band_id ORDER BY count desc LIMIT 0,2   [ RunTime:0.0011s ]
SQL: SHOW COLUMNS FROM `band` [ RunTime:0.0144s ]
SQL: SHOW COLUMNS FROM `band` [ RunTime:0.0120s ]
SQL: SELECT * FROM `band` WHERE `band_id` = 2  [ RunTime:0.0010s ]
SQL: SHOW COLUMNS FROM `band` [ RunTime:0.0133s ]
SQL: SHOW COLUMNS FROM `band` [ RunTime:0.0124s ]
SQL: SELECT * FROM `band` WHERE `band_id` = 8  [ RunTime:0.0019s ]

[ 2018-03-09T11:19:17+08:00 ] ::1 /GuDao/Band
INFO: [ app_init ] --START--
INFO: Run Behavior\BuildLiteBehavior [ RunTime:0.000017s ]
INFO: [ app_init ] --END-- [ RunTime:0.000547s ]
INFO: [ app_begin ] --START--
INFO: Run Behavior\ReadHtmlCacheBehavior [ RunTime:0.001000s ]
INFO: [ app_begin ] --END-- [ RunTime:0.001075s ]
INFO: [ view_parse ] --START--
INFO: [ template_filter ] --START--
INFO: Run Behavior\ContentReplaceBehavior [ RunTime:0.000058s ]
INFO: [ template_filter ] --END-- [ RunTime:0.000126s ]
INFO: Run Behavior\ParseTemplateBehavior [ RunTime:0.009572s ]
INFO: [ view_parse ] --END-- [ RunTime:0.009654s ]
INFO: [ view_filter ] --START--
INFO: Run Behavior\WriteHtmlCacheBehavior [ RunTime:0.000661s ]
INFO: [ view_filter ] --END-- [ RunTime:0.000721s ]
INFO: [ app_end ] --START--
INFO: Run Behavior\ShowPageTraceBehavior [ RunTime:0.000860s ]
INFO: [ app_end ] --END-- [ RunTime:0.000919s ]

[ 2018-03-09T11:19:18+08:00 ] ::1 /GuDao/Public/css/common/bootstrap.css.map
INFO: [ app_init ] --START--
INFO: Run Behavior\BuildLiteBehavior [ RunTime:0.000026s ]
INFO: [ app_init ] --END-- [ RunTime:0.000792s ]
INFO: [ app_begin ] --START--
INFO: Run Behavior\ReadHtmlCacheBehavior [ RunTime:0.000995s ]
INFO: [ app_begin ] --END-- [ RunTime:0.001123s ]
ERR: 无法加载控制器:Public

[ 2018-03-09T11:19:18+08:00 ] ::1 /GuDao/index.php/Home/Band/getBandBySupport?pageIndex=1&pageSize=5
INFO: [ app_init ] --START--
INFO: Run Behavior\BuildLiteBehavior [ RunTime:0.000027s ]
INFO: [ app_init ] --END-- [ RunTime:0.000868s ]
INFO: [ app_begin ] --START--
INFO: Run Behavior\ReadHtmlCacheBehavior [ RunTime:0.002055s ]
INFO: [ app_begin ] --END-- [ RunTime:0.002189s ]
SQL: SHOW COLUMNS FROM `support` [ RunTime:0.0132s ]
SQL: SHOW COLUMNS FROM `support` [ RunTime:0.0119s ]
SQL: SELECT count('user_id') as count,`band_id` FROM `support` GROUP BY band_id ORDER BY count desc LIMIT 0,5   [ RunTime:0.0022s ]
SQL: SHOW COLUMNS FROM `band` [ RunTime:0.0121s ]
SQL: SHOW COLUMNS FROM `band` [ RunTime:0.0112s ]
SQL: SELECT * FROM `band` WHERE `band_id` = 2  [ RunTime:0.0003s ]
SQL: SHOW COLUMNS FROM `band` [ RunTime:0.0141s ]
SQL: SHOW COLUMNS FROM `band` [ RunTime:0.0344s ]
SQL: SELECT * FROM `band` WHERE `band_id` = 8  [ RunTime:0.0003s ]
SQL: SHOW COLUMNS FROM `band` [ RunTime:0.0141s ]
SQL: SHOW COLUMNS FROM `band` [ RunTime:0.0112s ]
SQL: SELECT * FROM `band` WHERE `band_id` = 1  [ RunTime:0.0006s ]
SQL: SHOW COLUMNS FROM `band` [ RunTime:0.0122s ]
SQL: SHOW COLUMNS FROM `band` [ RunTime:0.0106s ]
SQL: SELECT * FROM `band` WHERE `band_id` = 4  [ RunTime:0.0003s ]

[ 2018-03-09T11:23:59+08:00 ] ::1 /GuDao/Band
INFO: [ app_init ] --START--
INFO: Run Behavior\BuildLiteBehavior [ RunTime:0.000019s ]
INFO: [ app_init ] --END-- [ RunTime:0.000712s ]
INFO: [ app_begin ] --START--
INFO: Run Behavior\ReadHtmlCacheBehavior [ RunTime:0.001170s ]
INFO: [ app_begin ] --END-- [ RunTime:0.001254s ]
INFO: [ view_parse ] --START--
INFO: [ template_filter ] --START--
INFO: Run Behavior\ContentReplaceBehavior [ RunTime:0.000058s ]
INFO: [ template_filter ] --END-- [ RunTime:0.000125s ]
INFO: Run Behavior\ParseTemplateBehavior [ RunTime:0.009289s ]
INFO: [ view_parse ] --END-- [ RunTime:0.009363s ]
INFO: [ view_filter ] --START--
INFO: Run Behavior\WriteHtmlCacheBehavior [ RunTime:0.000801s ]
INFO: [ view_filter ] --END-- [ RunTime:0.000849s ]
INFO: [ app_end ] --START--
INFO: Run Behavior\ShowPageTraceBehavior [ RunTime:0.001040s ]
INFO: [ app_end ] --END-- [ RunTime:0.001095s ]

[ 2018-03-09T11:24:00+08:00 ] ::1 /GuDao/Public/css/common/bootstrap.css.map
INFO: [ app_init ] --START--
INFO: Run Behavior\BuildLiteBehavior [ RunTime:0.000019s ]
INFO: [ app_init ] --END-- [ RunTime:0.000672s ]
INFO: [ app_begin ] --START--
INFO: Run Behavior\ReadHtmlCacheBehavior [ RunTime:0.001561s ]
INFO: [ app_begin ] --END-- [ RunTime:0.001672s ]
ERR: 无法加载控制器:Public

[ 2018-03-09T11:24:00+08:00 ] ::1 /GuDao/index.php/Home/Band/getBandByPage?pageIndex=1&pageSize=5
INFO: [ app_init ] --START--
INFO: Run Behavior\BuildLiteBehavior [ RunTime:0.000058s ]
INFO: [ app_init ] --END-- [ RunTime:0.001253s ]
INFO: [ app_begin ] --START--
INFO: Run Behavior\ReadHtmlCacheBehavior [ RunTime:0.001801s ]
INFO: [ app_begin ] --END-- [ RunTime:0.003113s ]
NOTIC: [8] Undefined index: initial D:\xampp\htdocs\GuDao\GuDao\Home\Controller\BandController.class.php 第 28 行.
SQL: SHOW COLUMNS FROM `band` [ RunTime:0.0139s ]
SQL: SHOW COLUMNS FROM `band` [ RunTime:0.0124s ]
SQL: SELECT * FROM `band` LIMIT 0,5   [ RunTime:0.0008s ]

[ 2018-03-09T11:24:06+08:00 ] ::1 /GuDao/Band
INFO: [ app_init ] --START--
INFO: Run Behavior\BuildLiteBehavior [ RunTime:0.000017s ]
INFO: [ app_init ] --END-- [ RunTime:0.000517s ]
INFO: [ app_begin ] --START--
INFO: Run Behavior\ReadHtmlCacheBehavior [ RunTime:0.000909s ]
INFO: [ app_begin ] --END-- [ RunTime:0.000971s ]
INFO: [ view_parse ] --START--
INFO: [ template_filter ] --START--
INFO: Run Behavior\ContentReplaceBehavior [ RunTime:0.000057s ]
INFO: [ template_filter ] --END-- [ RunTime:0.000120s ]
INFO: Run Behavior\ParseTemplateBehavior [ RunTime:0.008548s ]
INFO: [ view_parse ] --END-- [ RunTime:0.008664s ]
INFO: [ view_filter ] --START--
INFO: Run Behavior\WriteHtmlCacheBehavior [ RunTime:0.000691s ]
INFO: [ view_filter ] --END-- [ RunTime:0.000748s ]
INFO: [ app_end ] --START--
INFO: Run Behavior\ShowPageTraceBehavior [ RunTime:0.000900s ]
INFO: [ app_end ] --END-- [ RunTime:0.000955s ]

[ 2018-03-09T11:24:06+08:00 ] ::1 /GuDao/Public/css/common/bootstrap.css.map
INFO: [ app_init ] --START--
INFO: Run Behavior\BuildLiteBehavior [ RunTime:0.000028s ]
INFO: [ app_init ] --END-- [ RunTime:0.002312s ]
INFO: [ app_begin ] --START--
INFO: Run Behavior\ReadHtmlCacheBehavior [ RunTime:0.001142s ]
INFO: [ app_begin ] --END-- [ RunTime:0.001215s ]
ERR: 无法加载控制器:Public

[ 2018-03-09T11:24:06+08:00 ] ::1 /GuDao/index.php/Home/Band/getBandByPage?pageIndex=1&pageSize=8
INFO: [ app_init ] --START--
INFO: Run Behavior\BuildLiteBehavior [ RunTime:0.000018s ]
INFO: [ app_init ] --END-- [ RunTime:0.000863s ]
INFO: [ app_begin ] --START--
INFO: Run Behavior\ReadHtmlCacheBehavior [ RunTime:0.001976s ]
INFO: [ app_begin ] --END-- [ RunTime:0.002090s ]
NOTIC: [8] Undefined index: initial D:\xampp\htdocs\GuDao\GuDao\Home\Controller\BandController.class.php 第 28 行.
SQL: SHOW COLUMNS FROM `band` [ RunTime:0.0128s ]
SQL: SHOW COLUMNS FROM `band` [ RunTime:0.0113s ]
SQL: SELECT * FROM `band` LIMIT 0,8   [ RunTime:0.0007s ]

[ 2018-03-09T11:27:06+08:00 ] ::1 /GuDao/Band
INFO: [ app_init ] --START--
INFO: Run Behavior\BuildLiteBehavior [ RunTime:0.000016s ]
INFO: [ app_init ] --END-- [ RunTime:0.000507s ]
INFO: [ app_begin ] --START--
INFO: Run Behavior\ReadHtmlCacheBehavior [ RunTime:0.000969s ]
INFO: [ app_begin ] --END-- [ RunTime:0.001045s ]
INFO: [ view_parse ] --START--
INFO: [ template_filter ] --START--
INFO: Run Behavior\ContentReplaceBehavior [ RunTime:0.000057s ]
INFO: [ template_filter ] --END-- [ RunTime:0.000126s ]
INFO: Run Behavior\ParseTemplateBehavior [ RunTime:0.010347s ]
INFO: [ view_parse ] --END-- [ RunTime:0.010427s ]
INFO: [ view_filter ] --START--
INFO: Run Behavior\WriteHtmlCacheBehavior [ RunTime:0.000712s ]
INFO: [ view_filter ] --END-- [ RunTime:0.000766s ]
INFO: [ app_end ] --START--
INFO: Run Behavior\ShowPageTraceBehavior [ RunTime:0.000972s ]
INFO: [ app_end ] --END-- [ RunTime:0.001026s ]

[ 2018-03-09T11:27:07+08:00 ] ::1 /GuDao/Public/css/common/bootstrap.css.map
INFO: [ app_init ] --START--
INFO: Run Behavior\BuildLiteBehavior [ RunTime:0.000018s ]
INFO: [ app_init ] --END-- [ RunTime:0.000531s ]
INFO: [ app_begin ] --START--
INFO: Run Behavior\ReadHtmlCacheBehavior [ RunTime:0.000928s ]
INFO: [ app_begin ] --END-- [ RunTime:0.000993s ]
ERR: 无法加载控制器:Public

[ 2018-03-09T11:27:07+08:00 ] ::1 /GuDao/index.php/Home/Band/getBandByPage?pageIndex=1&pageSize=8
INFO: [ app_init ] --START--
INFO: Run Behavior\BuildLiteBehavior [ RunTime:0.000024s ]
INFO: [ app_init ] --END-- [ RunTime:0.000750s ]
INFO: [ app_begin ] --START--
INFO: Run Behavior\ReadHtmlCacheBehavior [ RunTime:0.001259s ]
INFO: [ app_begin ] --END-- [ RunTime:0.001334s ]
NOTIC: [8] Undefined index: initial D:\xampp\htdocs\GuDao\GuDao\Home\Controller\BandController.class.php 第 28 行.
SQL: SHOW COLUMNS FROM `band` [ RunTime:0.0142s ]
SQL: SHOW COLUMNS FROM `band` [ RunTime:0.0073s ]
SQL: SELECT * FROM `band` LIMIT 0,8   [ RunTime:0.0003s ]
SQL: SHOW COLUMNS FROM `support` [ RunTime:0.0111s ]
SQL: SHOW COLUMNS FROM `support` [ RunTime:0.0085s ]
SQL: SELECT COUNT(*) AS tp_count FROM `support` WHERE `band_id` = 1 LIMIT 1   [ RunTime:0.0003s ]
SQL: SHOW COLUMNS FROM `support` [ RunTime:0.0146s ]
SQL: SHOW COLUMNS FROM `support` [ RunTime:0.0129s ]
SQL: SELECT COUNT(*) AS tp_count FROM `support` WHERE `band_id` = 2 LIMIT 1   [ RunTime:0.0004s ]
SQL: SHOW COLUMNS FROM `support` [ RunTime:0.0100s ]
SQL: SHOW COLUMNS FROM `support` [ RunTime:0.0093s ]
SQL: SELECT COUNT(*) AS tp_count FROM `support` WHERE `band_id` = 3 LIMIT 1   [ RunTime:0.0003s ]
SQL: SHOW COLUMNS FROM `support` [ RunTime:0.0129s ]
SQL: SHOW COLUMNS FROM `support` [ RunTime:0.0115s ]
SQL: SELECT COUNT(*) AS tp_count FROM `support` WHERE `band_id` = 4 LIMIT 1   [ RunTime:0.0007s ]
SQL: SHOW COLUMNS FROM `support` [ RunTime:0.0072s ]
SQL: SHOW COLUMNS FROM `support` [ RunTime:0.0132s ]
SQL: SELECT COUNT(*) AS tp_count FROM `support` WHERE `band_id` = 5 LIMIT 1   [ RunTime:0.0003s ]
SQL: SHOW COLUMNS FROM `support` [ RunTime:0.0097s ]
SQL: SHOW COLUMNS FROM `support` [ RunTime:0.0081s ]
SQL: SELECT COUNT(*) AS tp_count FROM `support` WHERE `band_id` = 6 LIMIT 1   [ RunTime:0.0003s ]
SQL: SHOW COLUMNS FROM `support` [ RunTime:0.0130s ]
SQL: SHOW COLUMNS FROM `support` [ RunTime:0.0086s ]
SQL: SELECT COUNT(*) AS tp_count FROM `support` WHERE `band_id` = 7 LIMIT 1   [ RunTime:0.0007s ]
SQL: SHOW COLUMNS FROM `support` [ RunTime:0.0101s ]
SQL: SHOW COLUMNS FROM `support` [ RunTime:0.0132s ]
SQL: SELECT COUNT(*) AS tp_count FROM `support` WHERE `band_id` = 8 LIMIT 1   [ RunTime:0.0003s ]

[ 2018-03-09T11:28:16+08:00 ] ::1 /GuDao/Band
INFO: [ app_init ] --START--
INFO: Run Behavior\BuildLiteBehavior [ RunTime:0.000033s ]
INFO: [ app_init ] --END-- [ RunTime:0.000704s ]
INFO: [ app_begin ] --START--
INFO: Run Behavior\ReadHtmlCacheBehavior [ RunTime:0.001038s ]
INFO: [ app_begin ] --END-- [ RunTime:0.001128s ]
INFO: [ view_parse ] --START--
INFO: [ template_filter ] --START--
INFO: Run Behavior\ContentReplaceBehavior [ RunTime:0.000066s ]
INFO: [ template_filter ] --END-- [ RunTime:0.000141s ]
INFO: Run Behavior\ParseTemplateBehavior [ RunTime:0.014071s ]
INFO: [ view_parse ] --END-- [ RunTime:0.014205s ]
INFO: [ view_filter ] --START--
INFO: Run Behavior\WriteHtmlCacheBehavior [ RunTime:0.000656s ]
INFO: [ view_filter ] --END-- [ RunTime:0.000705s ]
INFO: [ app_end ] --START--
INFO: Run Behavior\ShowPageTraceBehavior [ RunTime:0.001114s ]
INFO: [ app_end ] --END-- [ RunTime:0.001174s ]

[ 2018-03-09T11:28:16+08:00 ] ::1 /GuDao/Public/css/common/bootstrap.css.map
INFO: [ app_init ] --START--
INFO: Run Behavior\BuildLiteBehavior [ RunTime:0.000020s ]
INFO: [ app_init ] --END-- [ RunTime:0.000820s ]
INFO: [ app_begin ] --START--
INFO: Run Behavior\ReadHtmlCacheBehavior [ RunTime:0.001087s ]
INFO: [ app_begin ] --END-- [ RunTime:0.001179s ]
ERR: 无法加载控制器:Public

[ 2018-03-09T11:28:17+08:00 ] ::1 /GuDao/index.php/Home/Band/getBandByPage?pageIndex=1&pageSize=8
INFO: [ app_init ] --START--
INFO: Run Behavior\BuildLiteBehavior [ RunTime:0.000029s ]
INFO: [ app_init ] --END-- [ RunTime:0.001406s ]
INFO: [ app_begin ] --START--
INFO: Run Behavior\ReadHtmlCacheBehavior [ RunTime:0.001416s ]
INFO: [ app_begin ] --END-- [ RunTime:0.001518s ]
NOTIC: [8] Undefined index: initial D:\xampp\htdocs\GuDao\GuDao\Home\Controller\BandController.class.php 第 28 行.
SQL: SHOW COLUMNS FROM `band` [ RunTime:0.0141s ]
SQL: SHOW COLUMNS FROM `band` [ RunTime:0.0135s ]
SQL: SELECT * FROM `band` LIMIT 0,8   [ RunTime:0.0006s ]
SQL: SHOW COLUMNS FROM `support` [ RunTime:0.0109s ]
SQL: SHOW COLUMNS FROM `support` [ RunTime:0.0075s ]
SQL: SELECT COUNT(*) AS tp_count FROM `support` WHERE `band_id` = 1 LIMIT 1   [ RunTime:0.0003s ]
SQL: SHOW COLUMNS FROM `support` [ RunTime:0.0135s ]
SQL: SHOW COLUMNS FROM `support` [ RunTime:0.0129s ]
SQL: SELECT COUNT(*) AS tp_count FROM `support` WHERE `band_id` = 2 LIMIT 1   [ RunTime:0.0006s ]
SQL: SHOW COLUMNS FROM `support` [ RunTime:0.0060s ]
SQL: SHOW COLUMNS FROM `support` [ RunTime:0.0139s ]
SQL: SELECT COUNT(*) AS tp_count FROM `support` WHERE `band_id` = 3 LIMIT 1   [ RunTime:0.0003s ]
SQL: SHOW COLUMNS FROM `support` [ RunTime:0.0137s ]
SQL: SHOW COLUMNS FROM `support` [ RunTime:0.0081s ]
SQL: SELECT COUNT(*) AS tp_count FROM `support` WHERE `band_id` = 4 LIMIT 1   [ RunTime:0.0004s ]
SQL: SHOW COLUMNS FROM `support` [ RunTime:0.0069s ]
SQL: SHOW COLUMNS FROM `support` [ RunTime:0.0064s ]
SQL: SELECT COUNT(*) AS tp_count FROM `support` WHERE `band_id` = 5 LIMIT 1   [ RunTime:0.0003s ]
SQL: SHOW COLUMNS FROM `support` [ RunTime:0.0056s ]
SQL: SHOW COLUMNS FROM `support` [ RunTime:0.0067s ]
SQL: SELECT COUNT(*) AS tp_count FROM `support` WHERE `band_id` = 6 LIMIT 1   [ RunTime:0.0003s ]
SQL: SHOW COLUMNS FROM `support` [ RunTime:0.0064s ]
SQL: SHOW COLUMNS FROM `support` [ RunTime:0.0056s ]
SQL: SELECT COUNT(*) AS tp_count FROM `support` WHERE `band_id` = 7 LIMIT 1   [ RunTime:0.0003s ]
SQL: SHOW COLUMNS FROM `support` [ RunTime:0.0070s ]
SQL: SHOW COLUMNS FROM `support` [ RunTime:0.0062s ]
SQL: SELECT COUNT(*) AS tp_count FROM `support` WHERE `band_id` = 8 LIMIT 1   [ RunTime:0.0012s ]

[ 2018-03-09T11:30:00+08:00 ] ::1 /GuDao/Band
INFO: [ app_init ] --START--
INFO: Run Behavior\BuildLiteBehavior [ RunTime:0.000018s ]
INFO: [ app_init ] --END-- [ RunTime:0.000545s ]
INFO: [ app_begin ] --START--
INFO: Run Behavior\ReadHtmlCacheBehavior [ RunTime:0.001178s ]
INFO: [ app_begin ] --END-- [ RunTime:0.001286s ]
INFO: [ view_parse ] --START--
INFO: [ template_filter ] --START--
INFO: Run Behavior\ContentReplaceBehavior [ RunTime:0.000088s ]
INFO: [ template_filter ] --END-- [ RunTime:0.000184s ]
INFO: Run Behavior\ParseTemplateBehavior [ RunTime:0.009559s ]
INFO: [ view_parse ] --END-- [ RunTime:0.009637s ]
INFO: [ view_filter ] --START--
INFO: Run Behavior\WriteHtmlCacheBehavior [ RunTime:0.000542s ]
INFO: [ view_filter ] --END-- [ RunTime:0.000591s ]
INFO: [ app_end ] --START--
INFO: Run Behavior\ShowPageTraceBehavior [ RunTime:0.000755s ]
INFO: [ app_end ] --END-- [ RunTime:0.000807s ]

[ 2018-03-09T11:30:00+08:00 ] ::1 /GuDao/Public/css/common/bootstrap.css.map
INFO: [ app_init ] --START--
INFO: Run Behavior\BuildLiteBehavior [ RunTime:0.000017s ]
INFO: [ app_init ] --END-- [ RunTime:0.000521s ]
INFO: [ app_begin ] --START--
INFO: Run Behavior\ReadHtmlCacheBehavior [ RunTime:0.001145s ]
INFO: [ app_begin ] --END-- [ RunTime:0.001223s ]
ERR: 无法加载控制器:Public

[ 2018-03-09T11:30:01+08:00 ] ::1 /GuDao/index.php/Home/Band/getBandByPage?pageIndex=1&pageSize=8
INFO: [ app_init ] --START--
INFO: Run Behavior\BuildLiteBehavior [ RunTime:0.000024s ]
INFO: [ app_init ] --END-- [ RunTime:0.001006s ]
INFO: [ app_begin ] --START--
INFO: Run Behavior\ReadHtmlCacheBehavior [ RunTime:0.001334s ]
INFO: [ app_begin ] --END-- [ RunTime:0.001452s ]
NOTIC: [8] Undefined index: initial D:\xampp\htdocs\GuDao\GuDao\Home\Controller\BandController.class.php 第 28 行.
SQL: SHOW COLUMNS FROM `band` [ RunTime:0.0064s ]
SQL: SHOW COLUMNS FROM `band` [ RunTime:0.0124s ]
SQL: SELECT * FROM `band` ORDER BY band_name desc LIMIT 0,8   [ RunTime:0.0004s ]
SQL: SHOW COLUMNS FROM `support` [ RunTime:0.0129s ]
SQL: SHOW COLUMNS FROM `support` [ RunTime:0.0096s ]
SQL: SELECT COUNT(*) AS tp_count FROM `support` WHERE `band_id` = 4 LIMIT 1   [ RunTime:0.0004s ]
SQL: SHOW COLUMNS FROM `support` [ RunTime:0.0090s ]
SQL: SHOW COLUMNS FROM `support` [ RunTime:0.0129s ]
SQL: SELECT COUNT(*) AS tp_count FROM `support` WHERE `band_id` = 2 LIMIT 1   [ RunTime:0.0003s ]
SQL: SHOW COLUMNS FROM `support` [ RunTime:0.0086s ]
SQL: SHOW COLUMNS FROM `support` [ RunTime:0.0096s ]
SQL: SELECT COUNT(*) AS tp_count FROM `support` WHERE `band_id` = 1 LIMIT 1   [ RunTime:0.0003s ]
SQL: SHOW COLUMNS FROM `support` [ RunTime:0.0135s ]
SQL: SHOW COLUMNS FROM `support` [ RunTime:0.0086s ]
SQL: SELECT COUNT(*) AS tp_count FROM `support` WHERE `band_id` = 5 LIMIT 1   [ RunTime:0.0005s ]
SQL: SHOW COLUMNS FROM `support` [ RunTime:0.0084s ]
SQL: SHOW COLUMNS FROM `support` [ RunTime:0.0141s ]
SQL: SELECT COUNT(*) AS tp_count FROM `support` WHERE `band_id` = 7 LIMIT 1   [ RunTime:0.0003s ]
SQL: SHOW COLUMNS FROM `support` [ RunTime:0.0103s ]
SQL: SHOW COLUMNS FROM `support` [ RunTime:0.0076s ]
SQL: SELECT COUNT(*) AS tp_count FROM `support` WHERE `band_id` = 9 LIMIT 1   [ RunTime:0.0003s ]
SQL: SHOW COLUMNS FROM `support` [ RunTime:0.0135s ]
SQL: SHOW COLUMNS FROM `support` [ RunTime:0.0106s ]
SQL: SELECT COUNT(*) AS tp_count FROM `support` WHERE `band_id` = 8 LIMIT 1   [ RunTime:0.0006s ]
SQL: SHOW COLUMNS FROM `support` [ RunTime:0.0074s ]
SQL: SHOW COLUMNS FROM `support` [ RunTime:0.0131s ]
SQL: SELECT COUNT(*) AS tp_count FROM `support` WHERE `band_id` = 3 LIMIT 1   [ RunTime:0.0003s ]

[ 2018-03-09T11:30:56+08:00 ] ::1 /GuDao/Band
INFO: [ app_init ] --START--
INFO: Run Behavior\BuildLiteBehavior [ RunTime:0.000018s ]
INFO: [ app_init ] --END-- [ RunTime:0.000649s ]
INFO: [ app_begin ] --START--
INFO: Run Behavior\ReadHtmlCacheBehavior [ RunTime:0.000999s ]
INFO: [ app_begin ] --END-- [ RunTime:0.001074s ]
INFO: [ view_parse ] --START--
INFO: [ template_filter ] --START--
INFO: Run Behavior\ContentReplaceBehavior [ RunTime:0.000057s ]
INFO: [ template_filter ] --END-- [ RunTime:0.000122s ]
INFO: Run Behavior\ParseTemplateBehavior [ RunTime:0.009764s ]
INFO: [ view_parse ] --END-- [ RunTime:0.009871s ]
INFO: [ view_filter ] --START--
INFO: Run Behavior\WriteHtmlCacheBehavior [ RunTime:0.000741s ]
INFO: [ view_filter ] --END-- [ RunTime:0.000795s ]
INFO: [ app_end ] --START--
INFO: Run Behavior\ShowPageTraceBehavior [ RunTime:0.000945s ]
INFO: [ app_end ] --END-- [ RunTime:0.000999s ]

[ 2018-03-09T11:30:56+08:00 ] ::1 /GuDao/Public/css/common/bootstrap.css.map
INFO: [ app_init ] --START--
INFO: Run Behavior\BuildLiteBehavior [ RunTime:0.000018s ]
INFO: [ app_init ] --END-- [ RunTime:0.000556s ]
INFO: [ app_begin ] --START--
INFO: Run Behavior\ReadHtmlCacheBehavior [ RunTime:0.001479s ]
INFO: [ app_begin ] --END-- [ RunTime:0.001835s ]
ERR: 无法加载控制器:Public

[ 2018-03-09T11:30:56+08:00 ] ::1 /GuDao/index.php/Home/Band/getBandByPage?pageIndex=1&pageSize=8
INFO: [ app_init ] --START--
INFO: Run Behavior\BuildLiteBehavior [ RunTime:0.000017s ]
INFO: [ app_init ] --END-- [ RunTime:0.000461s ]
INFO: [ app_begin ] --START--
INFO: Run Behavior\ReadHtmlCacheBehavior [ RunTime:0.000549s ]
INFO: [ app_begin ] --END-- [ RunTime:0.000602s ]
NOTIC: [8] Undefined index: initial D:\xampp\htdocs\GuDao\GuDao\Home\Controller\BandController.class.php 第 28 行.
SQL: SHOW COLUMNS FROM `band` [ RunTime:0.0142s ]
SQL: SHOW COLUMNS FROM `band` [ RunTime:0.0128s ]
SQL: SELECT * FROM `band` ORDER BY band_name LIMIT 0,8   [ RunTime:0.0008s ]
SQL: SHOW COLUMNS FROM `support` [ RunTime:0.0052s ]
SQL: SHOW COLUMNS FROM `support` [ RunTime:0.0133s ]
SQL: SELECT COUNT(*) AS tp_count FROM `support` WHERE `band_id` = 6 LIMIT 1   [ RunTime:0.0003s ]
SQL: SHOW COLUMNS FROM `support` [ RunTime:0.0107s ]
SQL: SHOW COLUMNS FROM `support` [ RunTime:0.0083s ]
SQL: SELECT COUNT(*) AS tp_count FROM `support` WHERE `band_id` = 3 LIMIT 1   [ RunTime:0.0005s ]
SQL: SHOW COLUMNS FROM `support` [ RunTime:0.0123s ]
SQL: SHOW COLUMNS FROM `support` [ RunTime:0.0109s ]
SQL: SELECT COUNT(*) AS tp_count FROM `support` WHERE `band_id` = 8 LIMIT 1   [ RunTime:0.0008s ]
SQL: SHOW COLUMNS FROM `support` [ RunTime:0.0068s ]
SQL: SHOW COLUMNS FROM `support` [ RunTime:0.0124s ]
SQL: SELECT COUNT(*) AS tp_count FROM `support` WHERE `band_id` = 9 LIMIT 1   [ RunTime:0.0003s ]
SQL: SHOW COLUMNS FROM `support` [ RunTime:0.0106s ]
SQL: SHOW COLUMNS FROM `support` [ RunTime:0.0088s ]
SQL: SELECT COUNT(*) AS tp_count FROM `support` WHERE `band_id` = 7 LIMIT 1   [ RunTime:0.0003s ]
SQL: SHOW COLUMNS FROM `support` [ RunTime:0.0130s ]
SQL: SHOW COLUMNS FROM `support` [ RunTime:0.0100s ]
SQL: SELECT COUNT(*) AS tp_count FROM `support` WHERE `band_id` = 5 LIMIT 1   [ RunTime:0.0008s ]
SQL: SHOW COLUMNS FROM `support` [ RunTime:0.0068s ]
SQL: SHOW COLUMNS FROM `support` [ RunTime:0.0139s ]
SQL: SELECT COUNT(*) AS tp_count FROM `support` WHERE `band_id` = 1 LIMIT 1   [ RunTime:0.0003s ]
SQL: SHOW COLUMNS FROM `support` [ RunTime:0.0094s ]
SQL: SHOW COLUMNS FROM `support` [ RunTime:0.0083s ]
SQL: SELECT COUNT(*) AS tp_count FROM `support` WHERE `band_id` = 2 LIMIT 1   [ RunTime:0.0003s ]

[ 2018-03-09T11:32:37+08:00 ] ::1 /GuDao/Band
INFO: [ app_init ] --START--
INFO: Run Behavior\BuildLiteBehavior [ RunTime:0.000017s ]
INFO: [ app_init ] --END-- [ RunTime:0.000468s ]
INFO: [ app_begin ] --START--
INFO: Run Behavior\ReadHtmlCacheBehavior [ RunTime:0.000567s ]
INFO: [ app_begin ] --END-- [ RunTime:0.000636s ]
INFO: [ view_parse ] --START--
INFO: [ template_filter ] --START--
INFO: Run Behavior\ContentReplaceBehavior [ RunTime:0.000060s ]
INFO: [ template_filter ] --END-- [ RunTime:0.000125s ]
INFO: Run Behavior\ParseTemplateBehavior [ RunTime:0.009519s ]
INFO: [ view_parse ] --END-- [ RunTime:0.009623s ]
INFO: [ view_filter ] --START--
INFO: Run Behavior\WriteHtmlCacheBehavior [ RunTime:0.002070s ]
INFO: [ view_filter ] --END-- [ RunTime:0.002166s ]
INFO: [ app_end ] --START--
INFO: Run Behavior\ShowPageTraceBehavior [ RunTime:0.000973s ]
INFO: [ app_end ] --END-- [ RunTime:0.001047s ]

[ 2018-03-09T11:32:37+08:00 ] ::1 /GuDao/Public/css/common/bootstrap.css.map
INFO: [ app_init ] --START--
INFO: Run Behavior\BuildLiteBehavior [ RunTime:0.000024s ]
INFO: [ app_init ] --END-- [ RunTime:0.000782s ]
INFO: [ app_begin ] --START--
INFO: Run Behavior\ReadHtmlCacheBehavior [ RunTime:0.002786s ]
INFO: [ app_begin ] --END-- [ RunTime:0.003016s ]
ERR: 无法加载控制器:Public

[ 2018-03-09T11:32:37+08:00 ] ::1 /GuDao/index.php/Home/Band/getBandByPage?pageIndex=1&pageSize=8
INFO: [ app_init ] --START--
INFO: Run Behavior\BuildLiteBehavior [ RunTime:0.000031s ]
INFO: [ app_init ] --END-- [ RunTime:0.001482s ]
INFO: [ app_begin ] --START--
INFO: Run Behavior\ReadHtmlCacheBehavior [ RunTime:0.002012s ]
INFO: [ app_begin ] --END-- [ RunTime:0.002175s ]
NOTIC: [8] Undefined index: initial D:\xampp\htdocs\GuDao\GuDao\Home\Controller\BandController.class.php 第 28 行.
SQL: SHOW COLUMNS FROM `band` [ RunTime:0.0141s ]
SQL: SHOW COLUMNS FROM `band` [ RunTime:0.0110s ]
SQL: SELECT * FROM `band` LIMIT 0,8   [ RunTime:0.0008s ]
SQL: SHOW COLUMNS FROM `support` [ RunTime:0.0060s ]
SQL: SHOW COLUMNS FROM `support` [ RunTime:0.0135s ]
SQL: SELECT COUNT(*) AS tp_count FROM `support` WHERE `band_id` = 1 LIMIT 1   [ RunTime:0.0004s ]
SQL: SHOW COLUMNS FROM `support` [ RunTime:0.0128s ]
SQL: SHOW COLUMNS FROM `support` [ RunTime:0.0074s ]
SQL: SELECT COUNT(*) AS tp_count FROM `support` WHERE `band_id` = 2 LIMIT 1   [ RunTime:0.0012s ]
SQL: SHOW COLUMNS FROM `support` [ RunTime:0.0095s ]
SQL: SHOW COLUMNS FROM `support` [ RunTime:0.0129s ]
SQL: SELECT COUNT(*) AS tp_count FROM `support` WHERE `band_id` = 3 LIMIT 1   [ RunTime:0.0005s ]
SQL: SHOW COLUMNS FROM `support` [ RunTime:0.0102s ]
SQL: SHOW COLUMNS FROM `support` [ RunTime:0.0081s ]
SQL: SELECT COUNT(*) AS tp_count FROM `support` WHERE `band_id` = 4 LIMIT 1   [ RunTime:0.0004s ]
SQL: SHOW COLUMNS FROM `support` [ RunTime:0.0130s ]
SQL: SHOW COLUMNS FROM `support` [ RunTime:0.0076s ]
SQL: SELECT COUNT(*) AS tp_count FROM `support` WHERE `band_id` = 5 LIMIT 1   [ RunTime:0.0011s ]
SQL: SHOW COLUMNS FROM `support` [ RunTime:0.0100s ]
SQL: SHOW COLUMNS FROM `support` [ RunTime:0.0129s ]
SQL: SELECT COUNT(*) AS tp_count FROM `support` WHERE `band_id` = 6 LIMIT 1   [ RunTime:0.0003s ]
SQL: SHOW COLUMNS FROM `support` [ RunTime:0.0100s ]
SQL: SHOW COLUMNS FROM `support` [ RunTime:0.0092s ]
SQL: SELECT COUNT(*) AS tp_count FROM `support` WHERE `band_id` = 7 LIMIT 1   [ RunTime:0.0003s ]
SQL: SHOW COLUMNS FROM `support` [ RunTime:0.0130s ]
SQL: SHOW COLUMNS FROM `support` [ RunTime:0.0105s ]
SQL: SELECT COUNT(*) AS tp_count FROM `support` WHERE `band_id` = 8 LIMIT 1   [ RunTime:0.0005s ]
NOTIC: [2] array_multisort(): Array sizes are inconsistent D:\xampp\htdocs\GuDao\GuDao\Home\Controller\BandController.class.php 第 55 行.

[ 2018-03-09T11:35:00+08:00 ] ::1 /GuDao/Band
INFO: [ app_init ] --START--
INFO: Run Behavior\BuildLiteBehavior [ RunTime:0.000017s ]
INFO: [ app_init ] --END-- [ RunTime:0.000523s ]
INFO: [ app_begin ] --START--
INFO: Run Behavior\ReadHtmlCacheBehavior [ RunTime:0.001311s ]
INFO: [ app_begin ] --END-- [ RunTime:0.001416s ]
INFO: [ view_parse ] --START--
INFO: [ template_filter ] --START--
INFO: Run Behavior\ContentReplaceBehavior [ RunTime:0.000057s ]
INFO: [ template_filter ] --END-- [ RunTime:0.000138s ]
INFO: Run Behavior\ParseTemplateBehavior [ RunTime:0.011422s ]
INFO: [ view_parse ] --END-- [ RunTime:0.011609s ]
INFO: [ view_filter ] --START--
INFO: Run Behavior\WriteHtmlCacheBehavior [ RunTime:0.000919s ]
INFO: [ view_filter ] --END-- [ RunTime:0.000988s ]
INFO: [ app_end ] --START--
INFO: Run Behavior\ShowPageTraceBehavior [ RunTime:0.000947s ]
INFO: [ app_end ] --END-- [ RunTime:0.001001s ]

[ 2018-03-09T11:35:00+08:00 ] ::1 /GuDao/Public/css/common/bootstrap.css.map
INFO: [ app_init ] --START--
INFO: Run Behavior\BuildLiteBehavior [ RunTime:0.000017s ]
INFO: [ app_init ] --END-- [ RunTime:0.000518s ]
INFO: [ app_begin ] --START--
INFO: Run Behavior\ReadHtmlCacheBehavior [ RunTime:0.004288s ]
INFO: [ app_begin ] --END-- [ RunTime:0.004420s ]
ERR: 无法加载控制器:Public

[ 2018-03-09T11:35:00+08:00 ] ::1 /GuDao/index.php/Home/Band/getBandByPage?pageIndex=1&pageSize=8
INFO: [ app_init ] --START--
INFO: Run Behavior\BuildLiteBehavior [ RunTime:0.000018s ]
INFO: [ app_init ] --END-- [ RunTime:0.000724s ]
INFO: [ app_begin ] --START--
INFO: Run Behavior\ReadHtmlCacheBehavior [ RunTime:0.003300s ]
INFO: [ app_begin ] --END-- [ RunTime:0.003491s ]
NOTIC: [8] Undefined index: initial D:\xampp\htdocs\GuDao\GuDao\Home\Controller\BandController.class.php 第 28 行.
SQL: SHOW COLUMNS FROM `band` [ RunTime:0.0113s ]
SQL: SHOW COLUMNS FROM `band` [ RunTime:0.0130s ]
SQL: SELECT * FROM `band` LIMIT 0,8   [ RunTime:0.0003s ]
SQL: SHOW COLUMNS FROM `support` [ RunTime:0.0129s ]
SQL: SHOW COLUMNS FROM `support` [ RunTime:0.0061s ]
SQL: SELECT COUNT(*) AS tp_count FROM `support` WHERE `band_id` = 1 LIMIT 1   [ RunTime:0.0013s ]
SQL: SHOW COLUMNS FROM `support` [ RunTime:0.0124s ]
SQL: SHOW COLUMNS FROM `support` [ RunTime:0.0145s ]
SQL: SELECT COUNT(*) AS tp_count FROM `support` WHERE `band_id` = 2 LIMIT 1   [ RunTime:0.0003s ]
SQL: SHOW COLUMNS FROM `support` [ RunTime:0.0112s ]
SQL: SHOW COLUMNS FROM `support` [ RunTime:0.0082s ]
SQL: SELECT COUNT(*) AS tp_count FROM `support` WHERE `band_id` = 3 LIMIT 1   [ RunTime:0.0013s ]
SQL: SHOW COLUMNS FROM `support` [ RunTime:0.0118s ]
SQL: SHOW COLUMNS FROM `support` [ RunTime:0.0127s ]
SQL: SELECT COUNT(*) AS tp_count FROM `support` WHERE `band_id` = 4 LIMIT 1   [ RunTime:0.0005s ]
SQL: SHOW COLUMNS FROM `support` [ RunTime:0.0075s ]
SQL: SHOW COLUMNS FROM `support` [ RunTime:0.0109s ]
SQL: SELECT COUNT(*) AS tp_count FROM `support` WHERE `band_id` = 5 LIMIT 1   [ RunTime:0.0003s ]
SQL: SHOW COLUMNS FROM `support` [ RunTime:0.0137s ]
SQL: SHOW COLUMNS FROM `support` [ RunTime:0.0106s ]
SQL: SELECT COUNT(*) AS tp_count FROM `support` WHERE `band_id` = 6 LIMIT 1   [ RunTime:0.0005s ]
SQL: SHOW COLUMNS FROM `support` [ RunTime:0.0069s ]
SQL: SHOW COLUMNS FROM `support` [ RunTime:0.0130s ]
SQL: SELECT COUNT(*) AS tp_count FROM `support` WHERE `band_id` = 7 LIMIT 1   [ RunTime:0.0004s ]
SQL: SHOW COLUMNS FROM `support` [ RunTime:0.0081s ]
SQL: SHOW COLUMNS FROM `support` [ RunTime:0.0105s ]
SQL: SELECT COUNT(*) AS tp_count FROM `support` WHERE `band_id` = 8 LIMIT 1   [ RunTime:0.0003s ]

[ 2018-03-09T11:35:46+08:00 ] ::1 /GuDao/Band
INFO: [ app_init ] --START--
INFO: Run Behavior\BuildLiteBehavior [ RunTime:0.000018s ]
INFO: [ app_init ] --END-- [ RunTime:0.000500s ]
INFO: [ app_begin ] --START--
INFO: Run Behavior\ReadHtmlCacheBehavior [ RunTime:0.000956s ]
INFO: [ app_begin ] --END-- [ RunTime:0.001046s ]
INFO: [ view_parse ] --START--
INFO: [ template_filter ] --START--
INFO: Run Behavior\ContentReplaceBehavior [ RunTime:0.000059s ]
INFO: [ template_filter ] --END-- [ RunTime:0.000127s ]
INFO: Run Behavior\ParseTemplateBehavior [ RunTime:0.010210s ]
INFO: [ view_parse ] --END-- [ RunTime:0.010289s ]
INFO: [ view_filter ] --START--
INFO: Run Behavior\WriteHtmlCacheBehavior [ RunTime:0.000624s ]
INFO: [ view_filter ] --END-- [ RunTime:0.000673s ]
INFO: [ app_end ] --START--
INFO: Run Behavior\ShowPageTraceBehavior [ RunTime:0.000901s ]
INFO: [ app_end ] --END-- [ RunTime:0.000961s ]

[ 2018-03-09T11:35:47+08:00 ] ::1 /GuDao/index.php/Home/Band/getBandByPage?pageIndex=1&pageSize=8
INFO: [ app_init ] --START--
INFO: Run Behavior\BuildLiteBehavior [ RunTime:0.000137s ]
INFO: [ app_init ] --END-- [ RunTime:0.001035s ]
INFO: [ app_begin ] --START--
INFO: Run Behavior\ReadHtmlCacheBehavior [ RunTime:0.003458s ]
INFO: [ app_begin ] --END-- [ RunTime:0.003571s ]
NOTIC: [8] Undefined index: initial D:\xampp\htdocs\GuDao\GuDao\Home\Controller\BandController.class.php 第 28 行.
SQL: SHOW COLUMNS FROM `band` [ RunTime:0.0129s ]
SQL: SHOW COLUMNS FROM `band` [ RunTime:0.0135s ]
SQL: SELECT * FROM `band` LIMIT 0,8   [ RunTime:0.0007s ]
SQL: SHOW COLUMNS FROM `support` [ RunTime:0.0133s ]
SQL: SHOW COLUMNS FROM `support` [ RunTime:0.0067s ]
SQL: SELECT COUNT(*) AS tp_count FROM `support` WHERE `band_id` = 1 LIMIT 1   [ RunTime:0.0004s ]
SQL: SHOW COLUMNS FROM `support` [ RunTime:0.0144s ]
SQL: SHOW COLUMNS FROM `support` [ RunTime:0.0134s ]
SQL: SELECT COUNT(*) AS tp_count FROM `support` WHERE `band_id` = 2 LIMIT 1   [ RunTime:0.0004s ]
SQL: SHOW COLUMNS FROM `support` [ RunTime:0.0100s ]
SQL: SHOW COLUMNS FROM `support` [ RunTime:0.0088s ]
SQL: SELECT COUNT(*) AS tp_count FROM `support` WHERE `band_id` = 3 LIMIT 1   [ RunTime:0.0003s ]
SQL: SHOW COLUMNS FROM `support` [ RunTime:0.0144s ]
SQL: SHOW COLUMNS FROM `support` [ RunTime:0.0129s ]
SQL: SELECT COUNT(*) AS tp_count FROM `support` WHERE `band_id` = 4 LIMIT 1   [ RunTime:0.0006s ]
SQL: SHOW COLUMNS FROM `support` [ RunTime:0.0087s ]
SQL: SHOW COLUMNS FROM `support` [ RunTime:0.0113s ]
SQL: SELECT COUNT(*) AS tp_count FROM `support` WHERE `band_id` = 5 LIMIT 1   [ RunTime:0.0003s ]
SQL: SHOW COLUMNS FROM `support` [ RunTime:0.0132s ]
SQL: SHOW COLUMNS FROM `support` [ RunTime:0.0107s ]
SQL: SELECT COUNT(*) AS tp_count FROM `support` WHERE `band_id` = 6 LIMIT 1   [ RunTime:0.0007s ]
SQL: SHOW COLUMNS FROM `support` [ RunTime:0.0073s ]
SQL: SHOW COLUMNS FROM `support` [ RunTime:0.0136s ]
SQL: SELECT COUNT(*) AS tp_count FROM `support` WHERE `band_id` = 7 LIMIT 1   [ RunTime:0.0003s ]
SQL: SHOW COLUMNS FROM `support` [ RunTime:0.0123s ]
SQL: SHOW COLUMNS FROM `support` [ RunTime:0.0067s ]
SQL: SELECT COUNT(*) AS tp_count FROM `support` WHERE `band_id` = 8 LIMIT 1   [ RunTime:0.0004s ]

[ 2018-03-09T11:35:47+08:00 ] ::1 /GuDao/Public/css/common/bootstrap.css.map
INFO: [ app_init ] --START--
INFO: Run Behavior\BuildLiteBehavior [ RunTime:0.000033s ]
INFO: [ app_init ] --END-- [ RunTime:0.001027s ]
INFO: [ app_begin ] --START--
INFO: Run Behavior\ReadHtmlCacheBehavior [ RunTime:0.009732s ]
INFO: [ app_begin ] --END-- [ RunTime:0.010007s ]
ERR: 无法加载控制器:Public

[ 2018-03-09T11:36:09+08:00 ] ::1 /GuDao/Band
INFO: [ app_init ] --START--
INFO: Run Behavior\BuildLiteBehavior [ RunTime:0.000021s ]
INFO: [ app_init ] --END-- [ RunTime:0.000535s ]
INFO: [ app_begin ] --START--
INFO: Run Behavior\ReadHtmlCacheBehavior [ RunTime:0.000861s ]
INFO: [ app_begin ] --END-- [ RunTime:0.000925s ]
INFO: [ view_parse ] --START--
INFO: [ template_filter ] --START--
INFO: Run Behavior\ContentReplaceBehavior [ RunTime:0.000059s ]
INFO: [ template_filter ] --END-- [ RunTime:0.000129s ]
INFO: Run Behavior\ParseTemplateBehavior [ RunTime:0.009931s ]
INFO: [ view_parse ] --END-- [ RunTime:0.010008s ]
INFO: [ view_filter ] --START--
INFO: Run Behavior\WriteHtmlCacheBehavior [ RunTime:0.000676s ]
INFO: [ view_filter ] --END-- [ RunTime:0.000723s ]
INFO: [ app_end ] --START--
INFO: Run Behavior\ShowPageTraceBehavior [ RunTime:0.000949s ]
INFO: [ app_end ] --END-- [ RunTime:0.001005s ]

[ 2018-03-09T11:36:09+08:00 ] ::1 /GuDao/Public/css/common/bootstrap.css.map
INFO: [ app_init ] --START--
INFO: Run Behavior\BuildLiteBehavior [ RunTime:0.000032s ]
INFO: [ app_init ] --END-- [ RunTime:0.001175s ]
INFO: [ app_begin ] --START--
INFO: Run Behavior\ReadHtmlCacheBehavior [ RunTime:0.000976s ]
INFO: [ app_begin ] --END-- [ RunTime:0.001048s ]
ERR: 无法加载控制器:Public

[ 2018-03-09T11:36:09+08:00 ] ::1 /GuDao/index.php/Home/Band/getBandByPage?pageIndex=1&pageSize=8
INFO: [ app_init ] --START--
INFO: Run Behavior\BuildLiteBehavior [ RunTime:0.000032s ]
INFO: [ app_init ] --END-- [ RunTime:0.000961s ]
INFO: [ app_begin ] --START--
INFO: Run Behavior\ReadHtmlCacheBehavior [ RunTime:0.002270s ]
INFO: [ app_begin ] --END-- [ RunTime:0.002521s ]
NOTIC: [8] Undefined index: initial D:\xampp\htdocs\GuDao\GuDao\Home\Controller\BandController.class.php 第 28 行.
SQL: SHOW COLUMNS FROM `band` [ RunTime:0.0116s ]
SQL: SHOW COLUMNS FROM `band` [ RunTime:0.0083s ]
SQL: SELECT * FROM `band` LIMIT 0,8   [ RunTime:0.0003s ]
SQL: SHOW COLUMNS FROM `support` [ RunTime:0.0135s ]
SQL: SHOW COLUMNS FROM `support` [ RunTime:0.0121s ]
SQL: SELECT COUNT(*) AS tp_count FROM `support` WHERE `band_id` = 1 LIMIT 1   [ RunTime:0.0007s ]
SQL: SHOW COLUMNS FROM `support` [ RunTime:0.0084s ]
SQL: SHOW COLUMNS FROM `support` [ RunTime:0.0108s ]
SQL: SELECT COUNT(*) AS tp_count FROM `support` WHERE `band_id` = 2 LIMIT 1   [ RunTime:0.0003s ]
SQL: SHOW COLUMNS FROM `support` [ RunTime:0.0152s ]
SQL: SHOW COLUMNS FROM `support` [ RunTime:0.0120s ]
SQL: SELECT COUNT(*) AS tp_count FROM `support` WHERE `band_id` = 3 LIMIT 1   [ RunTime:0.0007s ]
SQL: SHOW COLUMNS FROM `support` [ RunTime:0.0062s ]
SQL: SHOW COLUMNS FROM `support` [ RunTime:0.0131s ]
SQL: SELECT COUNT(*) AS tp_count FROM `support` WHERE `band_id` = 4 LIMIT 1   [ RunTime:0.0003s ]
SQL: SHOW COLUMNS FROM `support` [ RunTime:0.0116s ]
SQL: SHOW COLUMNS FROM `support` [ RunTime:0.0078s ]
SQL: SELECT COUNT(*) AS tp_count FROM `support` WHERE `band_id` = 5 LIMIT 1   [ RunTime:0.0019s ]
SQL: SHOW COLUMNS FROM `support` [ RunTime:0.0104s ]
SQL: SHOW COLUMNS FROM `support` [ RunTime:0.0117s ]
SQL: SELECT COUNT(*) AS tp_count FROM `support` WHERE `band_id` = 6 LIMIT 1   [ RunTime:0.0006s ]
SQL: SHOW COLUMNS FROM `support` [ RunTime:0.0058s ]
SQL: SHOW COLUMNS FROM `support` [ RunTime:0.0129s ]
SQL: SELECT COUNT(*) AS tp_count FROM `support` WHERE `band_id` = 7 LIMIT 1   [ RunTime:0.0003s ]
SQL: SHOW COLUMNS FROM `support` [ RunTime:0.0120s ]
SQL: SHOW COLUMNS FROM `support` [ RunTime:0.0110s ]
SQL: SELECT COUNT(*) AS tp_count FROM `support` WHERE `band_id` = 8 LIMIT 1   [ RunTime:0.0011s ]

[ 2018-03-09T11:37:06+08:00 ] ::1 /GuDao/Band
INFO: [ app_init ] --START--
INFO: Run Behavior\BuildLiteBehavior [ RunTime:0.000049s ]
INFO: [ app_init ] --END-- [ RunTime:0.002138s ]
INFO: [ app_begin ] --START--
INFO: Run Behavior\ReadHtmlCacheBehavior [ RunTime:0.001203s ]
INFO: [ app_begin ] --END-- [ RunTime:0.001300s ]
INFO: [ view_parse ] --START--
INFO: [ template_filter ] --START--
INFO: Run Behavior\ContentReplaceBehavior [ RunTime:0.000092s ]
INFO: [ template_filter ] --END-- [ RunTime:0.000191s ]
INFO: Run Behavior\ParseTemplateBehavior [ RunTime:0.011608s ]
INFO: [ view_parse ] --END-- [ RunTime:0.011822s ]
INFO: [ view_filter ] --START--
INFO: Run Behavior\WriteHtmlCacheBehavior [ RunTime:0.000734s ]
INFO: [ view_filter ] --END-- [ RunTime:0.000797s ]
INFO: [ app_end ] --START--
INFO: Run Behavior\ShowPageTraceBehavior [ RunTime:0.001309s ]
INFO: [ app_end ] --END-- [ RunTime:0.001388s ]

[ 2018-03-09T11:37:06+08:00 ] ::1 /GuDao/Public/css/common/bootstrap.css.map
INFO: [ app_init ] --START--
INFO: Run Behavior\BuildLiteBehavior [ RunTime:0.000058s ]
INFO: [ app_init ] --END-- [ RunTime:0.001841s ]
INFO: [ app_begin ] --START--
INFO: Run Behavior\ReadHtmlCacheBehavior [ RunTime:0.001705s ]
INFO: [ app_begin ] --END-- [ RunTime:0.002033s ]
ERR: 无法加载控制器:Public

[ 2018-03-09T11:37:07+08:00 ] ::1 /GuDao/index.php/Home/Band/getBandByPage?pageIndex=1&pageSize=8
INFO: [ app_init ] --START--
INFO: Run Behavior\BuildLiteBehavior [ RunTime:0.000032s ]
INFO: [ app_init ] --END-- [ RunTime:0.001270s ]
INFO: [ app_begin ] --START--
INFO: Run Behavior\ReadHtmlCacheBehavior [ RunTime:0.001596s ]
INFO: [ app_begin ] --END-- [ RunTime:0.001707s ]
NOTIC: [8] Undefined index: initial D:\xampp\htdocs\GuDao\GuDao\Home\Controller\BandController.class.php 第 28 行.
SQL: SHOW COLUMNS FROM `band` [ RunTime:0.0148s ]
SQL: SHOW COLUMNS FROM `band` [ RunTime:0.0149s ]
SQL: SELECT * FROM `band` LIMIT 0,8   [ RunTime:0.0006s ]
SQL: SHOW COLUMNS FROM `support` [ RunTime:0.0131s ]
SQL: SHOW COLUMNS FROM `support` [ RunTime:0.0145s ]
SQL: SELECT COUNT(*) AS tp_count FROM `support` WHERE `band_id` = 1 LIMIT 1   [ RunTime:0.0018s ]
SQL: SHOW COLUMNS FROM `support` [ RunTime:0.0180s ]
SQL: SHOW COLUMNS FROM `support` [ RunTime:0.0148s ]
SQL: SELECT COUNT(*) AS tp_count FROM `support` WHERE `band_id` = 2 LIMIT 1   [ RunTime:0.0003s ]
SQL: SHOW COLUMNS FROM `support` [ RunTime:0.0127s ]
SQL: SHOW COLUMNS FROM `support` [ RunTime:0.0074s ]
SQL: SELECT COUNT(*) AS tp_count FROM `support` WHERE `band_id` = 3 LIMIT 1   [ RunTime:0.0004s ]
SQL: SHOW COLUMNS FROM `support` [ RunTime:0.0124s ]
SQL: SHOW COLUMNS FROM `support` [ RunTime:0.0124s ]
SQL: SELECT COUNT(*) AS tp_count FROM `support` WHERE `band_id` = 4 LIMIT 1   [ RunTime:0.0004s ]
SQL: SHOW COLUMNS FROM `support` [ RunTime:0.0096s ]
SQL: SHOW COLUMNS FROM `support` [ RunTime:0.0054s ]
SQL: SELECT COUNT(*) AS tp_count FROM `support` WHERE `band_id` = 5 LIMIT 1   [ RunTime:0.0003s ]
SQL: SHOW COLUMNS FROM `support` [ RunTime:0.0059s ]
SQL: SHOW COLUMNS FROM `support` [ RunTime:0.0069s ]
SQL: SELECT COUNT(*) AS tp_count FROM `support` WHERE `band_id` = 6 LIMIT 1   [ RunTime:0.0003s ]
SQL: SHOW COLUMNS FROM `support` [ RunTime:0.0064s ]
SQL: SHOW COLUMNS FROM `support` [ RunTime:0.0058s ]
SQL: SELECT COUNT(*) AS tp_count FROM `support` WHERE `band_id` = 7 LIMIT 1   [ RunTime:0.0003s ]
SQL: SHOW COLUMNS FROM `support` [ RunTime:0.0075s ]
SQL: SHOW COLUMNS FROM `support` [ RunTime:0.0192s ]
SQL: SELECT COUNT(*) AS tp_count FROM `support` WHERE `band_id` = 8 LIMIT 1   [ RunTime:0.0010s ]

[ 2018-03-09T11:37:32+08:00 ] ::1 /GuDao/Band
INFO: [ app_init ] --START--
INFO: Run Behavior\BuildLiteBehavior [ RunTime:0.000027s ]
INFO: [ app_init ] --END-- [ RunTime:0.000541s ]
INFO: [ app_begin ] --START--
INFO: Run Behavior\ReadHtmlCacheBehavior [ RunTime:0.000847s ]
INFO: [ app_begin ] --END-- [ RunTime:0.000920s ]
INFO: [ view_parse ] --START--
INFO: [ template_filter ] --START--
INFO: Run Behavior\ContentReplaceBehavior [ RunTime:0.000056s ]
INFO: [ template_filter ] --END-- [ RunTime:0.000120s ]
INFO: Run Behavior\ParseTemplateBehavior [ RunTime:0.009923s ]
INFO: [ view_parse ] --END-- [ RunTime:0.010006s ]
INFO: [ view_filter ] --START--
INFO: Run Behavior\WriteHtmlCacheBehavior [ RunTime:0.001786s ]
INFO: [ view_filter ] --END-- [ RunTime:0.001843s ]
INFO: [ app_end ] --START--
INFO: Run Behavior\ShowPageTraceBehavior [ RunTime:0.000983s ]
INFO: [ app_end ] --END-- [ RunTime:0.001050s ]

[ 2018-03-09T11:37:33+08:00 ] ::1 /GuDao/Public/css/common/bootstrap.css.map
INFO: [ app_init ] --START--
INFO: Run Behavior\BuildLiteBehavior [ RunTime:0.000018s ]
INFO: [ app_init ] --END-- [ RunTime:0.000523s ]
INFO: [ app_begin ] --START--
INFO: Run Behavior\ReadHtmlCacheBehavior [ RunTime:0.000723s ]
INFO: [ app_begin ] --END-- [ RunTime:0.000788s ]
ERR: 无法加载控制器:Public

[ 2018-03-09T11:37:33+08:00 ] ::1 /GuDao/index.php/Home/Band/getBandByPage?pageIndex=1&pageSize=8
INFO: [ app_init ] --START--
INFO: Run Behavior\BuildLiteBehavior [ RunTime:0.000030s ]
INFO: [ app_init ] --END-- [ RunTime:0.000911s ]
INFO: [ app_begin ] --START--
INFO: Run Behavior\ReadHtmlCacheBehavior [ RunTime:0.001120s ]
INFO: [ app_begin ] --END-- [ RunTime:0.001298s ]
NOTIC: [8] Undefined index: initial D:\xampp\htdocs\GuDao\GuDao\Home\Controller\BandController.class.php 第 28 行.
SQL: SHOW COLUMNS FROM `band` [ RunTime:0.0056s ]
SQL: SHOW COLUMNS FROM `band` [ RunTime:0.0125s ]
SQL: SELECT * FROM `band` LIMIT 0,8   [ RunTime:0.0004s ]
SQL: SHOW COLUMNS FROM `support` [ RunTime:0.0126s ]
SQL: SHOW COLUMNS FROM `support` [ RunTime:0.0049s ]
SQL: SELECT COUNT(*) AS tp_count FROM `support` WHERE `band_id` = 1 LIMIT 1   [ RunTime:0.0002s ]
SQL: SHOW COLUMNS FROM `support` [ RunTime:0.0116s ]
SQL: SHOW COLUMNS FROM `support` [ RunTime:0.0066s ]
SQL: SELECT COUNT(*) AS tp_count FROM `support` WHERE `band_id` = 2 LIMIT 1   [ RunTime:0.0021s ]
SQL: SHOW COLUMNS FROM `support` [ RunTime:0.0077s ]
SQL: SHOW COLUMNS FROM `support` [ RunTime:0.0125s ]
SQL: SELECT COUNT(*) AS tp_count FROM `support` WHERE `band_id` = 3 LIMIT 1   [ RunTime:0.0003s ]
SQL: SHOW COLUMNS FROM `support` [ RunTime:0.0057s ]
SQL: SHOW COLUMNS FROM `support` [ RunTime:0.0121s ]
SQL: SELECT COUNT(*) AS tp_count FROM `support` WHERE `band_id` = 4 LIMIT 1   [ RunTime:0.0003s ]
SQL: SHOW COLUMNS FROM `support` [ RunTime:0.0108s ]
SQL: SHOW COLUMNS FROM `support` [ RunTime:0.0096s ]
SQL: SELECT COUNT(*) AS tp_count FROM `support` WHERE `band_id` = 5 LIMIT 1   [ RunTime:0.0003s ]
SQL: SHOW COLUMNS FROM `support` [ RunTime:0.0104s ]
SQL: SHOW COLUMNS FROM `support` [ RunTime:0.0053s ]
SQL: SELECT COUNT(*) AS tp_count FROM `support` WHERE `band_id` = 6 LIMIT 1   [ RunTime:0.0003s ]
SQL: SHOW COLUMNS FROM `support` [ RunTime:0.0113s ]
SQL: SHOW COLUMNS FROM `support` [ RunTime:0.0056s ]
SQL: SELECT COUNT(*) AS tp_count FROM `support` WHERE `band_id` = 7 LIMIT 1   [ RunTime:0.0016s ]
SQL: SHOW COLUMNS FROM `support` [ RunTime:0.0086s ]
SQL: SHOW COLUMNS FROM `support` [ RunTime:0.0103s ]
SQL: SELECT COUNT(*) AS tp_count FROM `support` WHERE `band_id` = 8 LIMIT 1   [ RunTime:0.0004s ]

[ 2018-03-09T11:37:55+08:00 ] ::1 /GuDao/Band
INFO: [ app_init ] --START--
INFO: Run Behavior\BuildLiteBehavior [ RunTime:0.000017s ]
INFO: [ app_init ] --END-- [ RunTime:0.000454s ]
INFO: [ app_begin ] --START--
INFO: Run Behavior\ReadHtmlCacheBehavior [ RunTime:0.000815s ]
INFO: [ app_begin ] --END-- [ RunTime:0.000899s ]
INFO: [ view_parse ] --START--
INFO: [ template_filter ] --START--
INFO: Run Behavior\ContentReplaceBehavior [ RunTime:0.000089s ]
INFO: [ template_filter ] --END-- [ RunTime:0.000196s ]
INFO: Run Behavior\ParseTemplateBehavior [ RunTime:0.010425s ]
INFO: [ view_parse ] --END-- [ RunTime:0.010506s ]
INFO: [ view_filter ] --START--
INFO: Run Behavior\WriteHtmlCacheBehavior [ RunTime:0.000446s ]
INFO: [ view_filter ] --END-- [ RunTime:0.000494s ]
INFO: [ app_end ] --START--
INFO: Run Behavior\ShowPageTraceBehavior [ RunTime:0.000667s ]
INFO: [ app_end ] --END-- [ RunTime:0.000719s ]

[ 2018-03-09T11:37:56+08:00 ] ::1 /GuDao/Public/css/common/bootstrap.css.map
INFO: [ app_init ] --START--
INFO: Run Behavior\BuildLiteBehavior [ RunTime:0.000026s ]
INFO: [ app_init ] --END-- [ RunTime:0.000752s ]
INFO: [ app_begin ] --START--
INFO: Run Behavior\ReadHtmlCacheBehavior [ RunTime:0.001337s ]
INFO: [ app_begin ] --END-- [ RunTime:0.001457s ]
ERR: 无法加载控制器:Public

[ 2018-03-09T11:37:56+08:00 ] ::1 /GuDao/index.php/Home/Band/getBandByPage?pageIndex=1&pageSize=8
INFO: [ app_init ] --START--
INFO: Run Behavior\BuildLiteBehavior [ RunTime:0.000026s ]
INFO: [ app_init ] --END-- [ RunTime:0.000978s ]
INFO: [ app_begin ] --START--
INFO: Run Behavior\ReadHtmlCacheBehavior [ RunTime:0.001816s ]
INFO: [ app_begin ] --END-- [ RunTime:0.002253s ]
NOTIC: [8] Undefined index: initial D:\xampp\htdocs\GuDao\GuDao\Home\Controller\BandController.class.php 第 28 行.
SQL: SHOW COLUMNS FROM `band` [ RunTime:0.0125s ]
SQL: SHOW COLUMNS FROM `band` [ RunTime:0.0123s ]
SQL: SELECT * FROM `band` LIMIT 0,8   [ RunTime:0.0008s ]
SQL: SHOW COLUMNS FROM `support` [ RunTime:0.0098s ]
SQL: SHOW COLUMNS FROM `support` [ RunTime:0.0073s ]
SQL: SELECT COUNT(*) AS tp_count FROM `support` WHERE `band_id` = 1 LIMIT 1   [ RunTime:0.0003s ]
SQL: SHOW COLUMNS FROM `support` [ RunTime:0.0108s ]
SQL: SHOW COLUMNS FROM `support` [ RunTime:0.0068s ]
SQL: SELECT COUNT(*) AS tp_count FROM `support` WHERE `band_id` = 2 LIMIT 1   [ RunTime:0.0003s ]
SQL: SHOW COLUMNS FROM `support` [ RunTime:0.0127s ]
SQL: SHOW COLUMNS FROM `support` [ RunTime:0.0101s ]
SQL: SELECT COUNT(*) AS tp_count FROM `support` WHERE `band_id` = 3 LIMIT 1   [ RunTime:0.0008s ]
SQL: SHOW COLUMNS FROM `support` [ RunTime:0.0067s ]
SQL: SHOW COLUMNS FROM `support` [ RunTime:0.0126s ]
SQL: SELECT COUNT(*) AS tp_count FROM `support` WHERE `band_id` = 4 LIMIT 1   [ RunTime:0.0003s ]
SQL: SHOW COLUMNS FROM `support` [ RunTime:0.0075s ]
SQL: SHOW COLUMNS FROM `support` [ RunTime:0.0105s ]
SQL: SELECT COUNT(*) AS tp_count FROM `support` WHERE `band_id` = 5 LIMIT 1   [ RunTime:0.0004s ]
SQL: SHOW COLUMNS FROM `support` [ RunTime:0.0116s ]
SQL: SHOW COLUMNS FROM `support` [ RunTime:0.0067s ]
SQL: SELECT COUNT(*) AS tp_count FROM `support` WHERE `band_id` = 6 LIMIT 1   [ RunTime:0.0003s ]
SQL: SHOW COLUMNS FROM `support` [ RunTime:0.0124s ]
SQL: SHOW COLUMNS FROM `support` [ RunTime:0.0108s ]
SQL: SELECT COUNT(*) AS tp_count FROM `support` WHERE `band_id` = 7 LIMIT 1   [ RunTime:0.0007s ]
SQL: SHOW COLUMNS FROM `support` [ RunTime:0.0064s ]
SQL: SHOW COLUMNS FROM `support` [ RunTime:0.0123s ]
SQL: SELECT COUNT(*) AS tp_count FROM `support` WHERE `band_id` = 8 LIMIT 1   [ RunTime:0.0003s ]

[ 2018-03-09T11:38:10+08:00 ] ::1 /GuDao/Band
INFO: [ app_init ] --START--
INFO: Run Behavior\BuildLiteBehavior [ RunTime:0.000032s ]
INFO: [ app_init ] --END-- [ RunTime:0.003205s ]
INFO: [ app_begin ] --START--
INFO: Run Behavior\ReadHtmlCacheBehavior [ RunTime:0.000869s ]
INFO: [ app_begin ] --END-- [ RunTime:0.000937s ]
INFO: [ view_parse ] --START--
INFO: [ template_filter ] --START--
INFO: Run Behavior\ContentReplaceBehavior [ RunTime:0.000056s ]
INFO: [ template_filter ] --END-- [ RunTime:0.000121s ]
INFO: Run Behavior\ParseTemplateBehavior [ RunTime:0.011093s ]
INFO: [ view_parse ] --END-- [ RunTime:0.011189s ]
INFO: [ view_filter ] --START--
INFO: Run Behavior\WriteHtmlCacheBehavior [ RunTime:0.000878s ]
INFO: [ view_filter ] --END-- [ RunTime:0.000957s ]
INFO: [ app_end ] --START--
INFO: Run Behavior\ShowPageTraceBehavior [ RunTime:0.001276s ]
INFO: [ app_end ] --END-- [ RunTime:0.001348s ]

[ 2018-03-09T11:38:11+08:00 ] ::1 /GuDao/Public/css/common/bootstrap.css.map
INFO: [ app_init ] --START--
INFO: Run Behavior\BuildLiteBehavior [ RunTime:0.000018s ]
INFO: [ app_init ] --END-- [ RunTime:0.000659s ]
INFO: [ app_begin ] --START--
INFO: Run Behavior\ReadHtmlCacheBehavior [ RunTime:0.001167s ]
INFO: [ app_begin ] --END-- [ RunTime:0.001241s ]
ERR: 无法加载控制器:Public

[ 2018-03-09T11:38:11+08:00 ] ::1 /GuDao/index.php/Home/Band/getBandByPage?pageIndex=1&pageSize=3
INFO: [ app_init ] --START--
INFO: Run Behavior\BuildLiteBehavior [ RunTime:0.000020s ]
INFO: [ app_init ] --END-- [ RunTime:0.001196s ]
INFO: [ app_begin ] --START--
INFO: Run Behavior\ReadHtmlCacheBehavior [ RunTime:0.002087s ]
INFO: [ app_begin ] --END-- [ RunTime:0.002276s ]
NOTIC: [8] Undefined index: initial D:\xampp\htdocs\GuDao\GuDao\Home\Controller\BandController.class.php 第 28 行.
SQL: SHOW COLUMNS FROM `band` [ RunTime:0.0113s ]
SQL: SHOW COLUMNS FROM `band` [ RunTime:0.0063s ]
SQL: SELECT * FROM `band` LIMIT 0,3   [ RunTime:0.0004s ]
SQL: SHOW COLUMNS FROM `support` [ RunTime:0.0119s ]
SQL: SHOW COLUMNS FROM `support` [ RunTime:0.0104s ]
SQL: SELECT COUNT(*) AS tp_count FROM `support` WHERE `band_id` = 1 LIMIT 1   [ RunTime:0.0005s ]
SQL: SHOW COLUMNS FROM `support` [ RunTime:0.0074s ]
SQL: SHOW COLUMNS FROM `support` [ RunTime:0.0129s ]
SQL: SELECT COUNT(*) AS tp_count FROM `support` WHERE `band_id` = 2 LIMIT 1   [ RunTime:0.0004s ]
SQL: SHOW COLUMNS FROM `support` [ RunTime:0.0102s ]
SQL: SHOW COLUMNS FROM `support` [ RunTime:0.0090s ]
SQL: SELECT COUNT(*) AS tp_count FROM `support` WHERE `band_id` = 3 LIMIT 1   [ RunTime:0.0003s ]

[ 2018-03-09T11:39:02+08:00 ] ::1 /GuDao/Band
INFO: [ app_init ] --START--
INFO: Run Behavior\BuildLiteBehavior [ RunTime:0.000023s ]
INFO: [ app_init ] --END-- [ RunTime:0.000790s ]
INFO: [ app_begin ] --START--
INFO: Run Behavior\ReadHtmlCacheBehavior [ RunTime:0.001063s ]
INFO: [ app_begin ] --END-- [ RunTime:0.001153s ]
INFO: [ view_parse ] --START--
INFO: [ template_filter ] --START--
INFO: Run Behavior\ContentReplaceBehavior [ RunTime:0.000058s ]
INFO: [ template_filter ] --END-- [ RunTime:0.000126s ]
INFO: Run Behavior\ParseTemplateBehavior [ RunTime:0.010329s ]
INFO: [ view_parse ] --END-- [ RunTime:0.010414s ]
INFO: [ view_filter ] --START--
INFO: Run Behavior\WriteHtmlCacheBehavior [ RunTime:0.001848s ]
INFO: [ view_filter ] --END-- [ RunTime:0.001930s ]
INFO: [ app_end ] --START--
INFO: Run Behavior\ShowPageTraceBehavior [ RunTime:0.001595s ]
INFO: [ app_end ] --END-- [ RunTime:0.001712s ]

[ 2018-03-09T11:39:02+08:00 ] ::1 /GuDao/Public/css/common/bootstrap.css.map
INFO: [ app_init ] --START--
INFO: Run Behavior\BuildLiteBehavior [ RunTime:0.000024s ]
INFO: [ app_init ] --END-- [ RunTime:0.000801s ]
INFO: [ app_begin ] --START--
INFO: Run Behavior\ReadHtmlCacheBehavior [ RunTime:0.001673s ]
INFO: [ app_begin ] --END-- [ RunTime:0.001794s ]
ERR: 无法加载控制器:Public

[ 2018-03-09T11:39:02+08:00 ] ::1 /GuDao/index.php/Home/Band/getBandByPage?pageIndex=1&pageSize=3
INFO: [ app_init ] --START--
INFO: Run Behavior\BuildLiteBehavior [ RunTime:0.000024s ]
INFO: [ app_init ] --END-- [ RunTime:0.001046s ]
INFO: [ app_begin ] --START--
INFO: Run Behavior\ReadHtmlCacheBehavior [ RunTime:0.004183s ]
INFO: [ app_begin ] --END-- [ RunTime:0.004508s ]
NOTIC: [8] Undefined index: initial D:\xampp\htdocs\GuDao\GuDao\Home\Controller\BandController.class.php 第 28 行.
SQL: SHOW COLUMNS FROM `band` [ RunTime:0.0114s ]
NOTIC: [8] Undefined variable: condition D:\xampp\htdocs\GuDao\GuDao\Home\Controller\BandController.class.php 第 32 行.
SQL: SHOW COLUMNS FROM `band` [ RunTime:0.0088s ]
SQL: SELECT * FROM `band` WHERE `band_nameInitial` = null LIMIT 0,3   [ RunTime:0.0003s ]

[ 2018-03-09T11:39:33+08:00 ] ::1 /GuDao/Band
INFO: [ app_init ] --START--
INFO: Run Behavior\BuildLiteBehavior [ RunTime:0.000023s ]
INFO: [ app_init ] --END-- [ RunTime:0.002084s ]
INFO: [ app_begin ] --START--
INFO: Run Behavior\ReadHtmlCacheBehavior [ RunTime:0.000881s ]
INFO: [ app_begin ] --END-- [ RunTime:0.000951s ]
INFO: [ view_parse ] --START--
INFO: [ template_filter ] --START--
INFO: Run Behavior\ContentReplaceBehavior [ RunTime:0.000056s ]
INFO: [ template_filter ] --END-- [ RunTime:0.000121s ]
INFO: Run Behavior\ParseTemplateBehavior [ RunTime:0.011165s ]
INFO: [ view_parse ] --END-- [ RunTime:0.011240s ]
INFO: [ view_filter ] --START--
INFO: Run Behavior\WriteHtmlCacheBehavior [ RunTime:0.000806s ]
INFO: [ view_filter ] --END-- [ RunTime:0.000878s ]
INFO: [ app_end ] --START--
INFO: Run Behavior\ShowPageTraceBehavior [ RunTime:0.000909s ]
INFO: [ app_end ] --END-- [ RunTime:0.000963s ]

[ 2018-03-09T11:39:33+08:00 ] ::1 /GuDao/Public/css/common/bootstrap.css.map
INFO: [ app_init ] --START--
INFO: Run Behavior\BuildLiteBehavior [ RunTime:0.000031s ]
INFO: [ app_init ] --END-- [ RunTime:0.001017s ]
INFO: [ app_begin ] --START--
INFO: Run Behavior\ReadHtmlCacheBehavior [ RunTime:0.001361s ]
INFO: [ app_begin ] --END-- [ RunTime:0.001497s ]
ERR: 无法加载控制器:Public

[ 2018-03-09T11:39:33+08:00 ] ::1 /GuDao/index.php/Home/Band/getBandByPage?pageIndex=1&pageSize=3
INFO: [ app_init ] --START--
INFO: Run Behavior\BuildLiteBehavior [ RunTime:0.000028s ]
INFO: [ app_init ] --END-- [ RunTime:0.001046s ]
INFO: [ app_begin ] --START--
INFO: Run Behavior\ReadHtmlCacheBehavior [ RunTime:0.001613s ]
INFO: [ app_begin ] --END-- [ RunTime:0.001735s ]
NOTIC: [8] Undefined index: initial D:\xampp\htdocs\GuDao\GuDao\Home\Controller\BandController.class.php 第 28 行.
SQL: SHOW COLUMNS FROM `band` [ RunTime:0.0116s ]
NOTIC: [8] Undefined variable: condition D:\xampp\htdocs\GuDao\GuDao\Home\Controller\BandController.class.php 第 32 行.
SQL: SHOW COLUMNS FROM `band` [ RunTime:0.0162s ]
SQL: SELECT * FROM `band` WHERE `band_nameInitial` = null LIMIT 0,3   [ RunTime:0.0012s ]

[ 2018-03-09T11:40:57+08:00 ] ::1 /GuDao/Band
INFO: [ app_init ] --START--
INFO: Run Behavior\BuildLiteBehavior [ RunTime:0.000021s ]
INFO: [ app_init ] --END-- [ RunTime:0.000727s ]
INFO: [ app_begin ] --START--
INFO: Run Behavior\ReadHtmlCacheBehavior [ RunTime:0.001025s ]
INFO: [ app_begin ] --END-- [ RunTime:0.001099s ]
INFO: [ view_parse ] --START--
INFO: [ template_filter ] --START--
INFO: Run Behavior\ContentReplaceBehavior [ RunTime:0.000092s ]
INFO: [ template_filter ] --END-- [ RunTime:0.000202s ]
INFO: Run Behavior\ParseTemplateBehavior [ RunTime:0.012823s ]
INFO: [ view_parse ] --END-- [ RunTime:0.012915s ]
INFO: [ view_filter ] --START--
INFO: Run Behavior\WriteHtmlCacheBehavior [ RunTime:0.000735s ]
INFO: [ view_filter ] --END-- [ RunTime:0.000785s ]
INFO: [ app_end ] --START--
INFO: Run Behavior\ShowPageTraceBehavior [ RunTime:0.000941s ]
INFO: [ app_end ] --END-- [ RunTime:0.000995s ]

[ 2018-03-09T11:40:57+08:00 ] ::1 /GuDao/Public/css/common/bootstrap.css.map
INFO: [ app_init ] --START--
INFO: Run Behavior\BuildLiteBehavior [ RunTime:0.000018s ]
INFO: [ app_init ] --END-- [ RunTime:0.000692s ]
INFO: [ app_begin ] --START--
INFO: Run Behavior\ReadHtmlCacheBehavior [ RunTime:0.000934s ]
INFO: [ app_begin ] --END-- [ RunTime:0.001000s ]
ERR: 无法加载控制器:Public

[ 2018-03-09T11:40:57+08:00 ] ::1 /GuDao/index.php/Home/Band/getBandByPage?pageIndex=1&pageSize=3
INFO: [ app_init ] --START--
INFO: Run Behavior\BuildLiteBehavior [ RunTime:0.000034s ]
INFO: [ app_init ] --END-- [ RunTime:0.001132s ]
INFO: [ app_begin ] --START--
INFO: Run Behavior\ReadHtmlCacheBehavior [ RunTime:0.001415s ]
INFO: [ app_begin ] --END-- [ RunTime:0.001562s ]
NOTIC: [8] Undefined index: initial D:\xampp\htdocs\GuDao\GuDao\Home\Controller\BandController.class.php 第 28 行.
SQL: SHOW COLUMNS FROM `band` [ RunTime:0.0057s ]
NOTIC: [8] Undefined variable: condition D:\xampp\htdocs\GuDao\GuDao\Home\Controller\BandController.class.php 第 32 行.
SQL: SHOW COLUMNS FROM `band` [ RunTime:0.0121s ]
SQL: SELECT * FROM `band` LIMIT 0,3   [ RunTime:0.0004s ]
SQL: SHOW COLUMNS FROM `support` [ RunTime:0.0120s ]
SQL: SHOW COLUMNS FROM `support` [ RunTime:0.0059s ]
SQL: SELECT COUNT(*) AS tp_count FROM `support` WHERE `band_id` = 1 LIMIT 1   [ RunTime:0.0003s ]
SQL: SHOW COLUMNS FROM `support` [ RunTime:0.0116s ]
SQL: SHOW COLUMNS FROM `support` [ RunTime:0.0055s ]
SQL: SELECT COUNT(*) AS tp_count FROM `support` WHERE `band_id` = 2 LIMIT 1   [ RunTime:0.0018s ]
SQL: SHOW COLUMNS FROM `support` [ RunTime:0.0091s ]
SQL: SHOW COLUMNS FROM `support` [ RunTime:0.0121s ]
SQL: SELECT COUNT(*) AS tp_count FROM `support` WHERE `band_id` = 3 LIMIT 1   [ RunTime:0.0003s ]

[ 2018-03-09T11:41:09+08:00 ] ::1 /GuDao/Band
INFO: [ app_init ] --START--
INFO: Run Behavior\BuildLiteBehavior [ RunTime:0.000017s ]
INFO: [ app_init ] --END-- [ RunTime:0.000465s ]
INFO: [ app_begin ] --START--
INFO: Run Behavior\ReadHtmlCacheBehavior [ RunTime:0.000590s ]
INFO: [ app_begin ] --END-- [ RunTime:0.000668s ]
INFO: [ view_parse ] --START--
INFO: [ template_filter ] --START--
INFO: Run Behavior\ContentReplaceBehavior [ RunTime:0.000057s ]
INFO: [ template_filter ] --END-- [ RunTime:0.000124s ]
INFO: Run Behavior\ParseTemplateBehavior [ RunTime:0.010792s ]
INFO: [ view_parse ] --END-- [ RunTime:0.010895s ]
INFO: [ view_filter ] --START--
INFO: Run Behavior\WriteHtmlCacheBehavior [ RunTime:0.000448s ]
INFO: [ view_filter ] --END-- [ RunTime:0.000499s ]
INFO: [ app_end ] --START--
INFO: Run Behavior\ShowPageTraceBehavior [ RunTime:0.000672s ]
INFO: [ app_end ] --END-- [ RunTime:0.000725s ]

[ 2018-03-09T11:41:09+08:00 ] ::1 /GuDao/Public/css/common/bootstrap.css.map
INFO: [ app_init ] --START--
INFO: Run Behavior\BuildLiteBehavior [ RunTime:0.000043s ]
INFO: [ app_init ] --END-- [ RunTime:0.000773s ]
INFO: [ app_begin ] --START--
INFO: Run Behavior\ReadHtmlCacheBehavior [ RunTime:0.001031s ]
INFO: [ app_begin ] --END-- [ RunTime:0.001119s ]
ERR: 无法加载控制器:Public

[ 2018-03-09T11:41:09+08:00 ] ::1 /GuDao/index.php/Home/Band/getBandByPage?pageIndex=1&pageSize=10
INFO: [ app_init ] --START--
INFO: Run Behavior\BuildLiteBehavior [ RunTime:0.000029s ]
INFO: [ app_init ] --END-- [ RunTime:0.000857s ]
INFO: [ app_begin ] --START--
INFO: Run Behavior\ReadHtmlCacheBehavior [ RunTime:0.001148s ]
INFO: [ app_begin ] --END-- [ RunTime:0.001232s ]
NOTIC: [8] Undefined index: initial D:\xampp\htdocs\GuDao\GuDao\Home\Controller\BandController.class.php 第 28 行.
SQL: SHOW COLUMNS FROM `band` [ RunTime:0.0087s ]
NOTIC: [8] Undefined variable: condition D:\xampp\htdocs\GuDao\GuDao\Home\Controller\BandController.class.php 第 32 行.
SQL: SHOW COLUMNS FROM `band` [ RunTime:0.0102s ]
SQL: SELECT * FROM `band` LIMIT 0,10   [ RunTime:0.0005s ]
SQL: SHOW COLUMNS FROM `support` [ RunTime:0.0140s ]
SQL: SHOW COLUMNS FROM `support` [ RunTime:0.0133s ]
SQL: SELECT COUNT(*) AS tp_count FROM `support` WHERE `band_id` = 1 LIMIT 1   [ RunTime:0.0004s ]
SQL: SHOW COLUMNS FROM `support` [ RunTime:0.0119s ]
SQL: SHOW COLUMNS FROM `support` [ RunTime:0.0103s ]
SQL: SELECT COUNT(*) AS tp_count FROM `support` WHERE `band_id` = 2 LIMIT 1   [ RunTime:0.0011s ]
SQL: SHOW COLUMNS FROM `support` [ RunTime:0.0095s ]
SQL: SHOW COLUMNS FROM `support` [ RunTime:0.0120s ]
SQL: SELECT COUNT(*) AS tp_count FROM `support` WHERE `band_id` = 3 LIMIT 1   [ RunTime:0.0003s ]
SQL: SHOW COLUMNS FROM `support` [ RunTime:0.0052s ]
SQL: SHOW COLUMNS FROM `support` [ RunTime:0.0131s ]
SQL: SELECT COUNT(*) AS tp_count FROM `support` WHERE `band_id` = 4 LIMIT 1   [ RunTime:0.0003s ]
SQL: SHOW COLUMNS FROM `support` [ RunTime:0.0112s ]
SQL: SHOW COLUMNS FROM `support` [ RunTime:0.0064s ]
SQL: SELECT COUNT(*) AS tp_count FROM `support` WHERE `band_id` = 5 LIMIT 1   [ RunTime:0.0003s ]
SQL: SHOW COLUMNS FROM `support` [ RunTime:0.0131s ]
SQL: SHOW COLUMNS FROM `support` [ RunTime:0.0101s ]
SQL: SELECT COUNT(*) AS tp_count FROM `support` WHERE `band_id` = 6 LIMIT 1   [ RunTime:0.0006s ]
SQL: SHOW COLUMNS FROM `support` [ RunTime:0.0071s ]
SQL: SHOW COLUMNS FROM `support` [ RunTime:0.0119s ]
SQL: SELECT COUNT(*) AS tp_count FROM `support` WHERE `band_id` = 7 LIMIT 1   [ RunTime:0.0003s ]
SQL: SHOW COLUMNS FROM `support` [ RunTime:0.0052s ]
SQL: SHOW COLUMNS FROM `support` [ RunTime:0.0122s ]
SQL: SELECT COUNT(*) AS tp_count FROM `support` WHERE `band_id` = 8 LIMIT 1   [ RunTime:0.0003s ]
SQL: SHOW COLUMNS FROM `support` [ RunTime:0.0083s ]
SQL: SHOW COLUMNS FROM `support` [ RunTime:0.0089s ]
SQL: SELECT COUNT(*) AS tp_count FROM `support` WHERE `band_id` = 9 LIMIT 1   [ RunTime:0.0768s ]

[ 2018-03-09T11:41:51+08:00 ] ::1 /GuDao/Band
INFO: [ app_init ] --START--
INFO: Run Behavior\BuildLiteBehavior [ RunTime:0.000016s ]
INFO: [ app_init ] --END-- [ RunTime:0.000514s ]
INFO: [ app_begin ] --START--
INFO: Run Behavior\ReadHtmlCacheBehavior [ RunTime:0.000850s ]
INFO: [ app_begin ] --END-- [ RunTime:0.000911s ]
INFO: [ view_parse ] --START--
INFO: [ template_filter ] --START--
INFO: Run Behavior\ContentReplaceBehavior [ RunTime:0.000058s ]
INFO: [ template_filter ] --END-- [ RunTime:0.000125s ]
INFO: Run Behavior\ParseTemplateBehavior [ RunTime:0.010762s ]
INFO: [ view_parse ] --END-- [ RunTime:0.010832s ]
INFO: [ view_filter ] --START--
INFO: Run Behavior\WriteHtmlCacheBehavior [ RunTime:0.000615s ]
INFO: [ view_filter ] --END-- [ RunTime:0.000665s ]
INFO: [ app_end ] --START--
INFO: Run Behavior\ShowPageTraceBehavior [ RunTime:0.000863s ]
INFO: [ app_end ] --END-- [ RunTime:0.000921s ]

[ 2018-03-09T11:41:51+08:00 ] ::1 /GuDao/Public/css/common/bootstrap.css.map
INFO: [ app_init ] --START--
INFO: Run Behavior\BuildLiteBehavior [ RunTime:0.000017s ]
INFO: [ app_init ] --END-- [ RunTime:0.000526s ]
INFO: [ app_begin ] --START--
INFO: Run Behavior\ReadHtmlCacheBehavior [ RunTime:0.001229s ]
INFO: [ app_begin ] --END-- [ RunTime:0.001305s ]
ERR: 无法加载控制器:Public

[ 2018-03-09T11:41:51+08:00 ] ::1 /GuDao/index.php/Home/Band/getBandByPage?pageIndex=1&pageSize=10&initial=L
INFO: [ app_init ] --START--
INFO: Run Behavior\BuildLiteBehavior [ RunTime:0.000017s ]
INFO: [ app_init ] --END-- [ RunTime:0.000528s ]
INFO: [ app_begin ] --START--
INFO: Run Behavior\ReadHtmlCacheBehavior [ RunTime:0.000549s ]
INFO: [ app_begin ] --END-- [ RunTime:0.000602s ]
SQL: SHOW COLUMNS FROM `band` [ RunTime:0.0069s ]
SQL: SHOW COLUMNS FROM `band` [ RunTime:0.0098s ]
SQL: SELECT * FROM `band` LIMIT 0,10   [ RunTime:0.0003s ]
SQL: SHOW COLUMNS FROM `support` [ RunTime:0.0115s ]
SQL: SHOW COLUMNS FROM `support` [ RunTime:0.0055s ]
SQL: SELECT COUNT(*) AS tp_count FROM `support` WHERE `band_id` = 1 LIMIT 1   [ RunTime:0.0003s ]
SQL: SHOW COLUMNS FROM `support` [ RunTime:0.0125s ]
SQL: SHOW COLUMNS FROM `support` [ RunTime:0.0085s ]
SQL: SELECT COUNT(*) AS tp_count FROM `support` WHERE `band_id` = 2 LIMIT 1   [ RunTime:0.0007s ]
SQL: SHOW COLUMNS FROM `support` [ RunTime:0.0071s ]
SQL: SHOW COLUMNS FROM `support` [ RunTime:0.0107s ]
SQL: SELECT COUNT(*) AS tp_count FROM `support` WHERE `band_id` = 3 LIMIT 1   [ RunTime:0.0006s ]
SQL: SHOW COLUMNS FROM `support` [ RunTime:0.0120s ]
SQL: SHOW COLUMNS FROM `support` [ RunTime:0.0101s ]
SQL: SELECT COUNT(*) AS tp_count FROM `support` WHERE `band_id` = 4 LIMIT 1   [ RunTime:0.0004s ]
SQL: SHOW COLUMNS FROM `support` [ RunTime:0.0132s ]
SQL: SHOW COLUMNS FROM `support` [ RunTime:0.0123s ]
SQL: SELECT COUNT(*) AS tp_count FROM `support` WHERE `band_id` = 5 LIMIT 1   [ RunTime:0.0003s ]
SQL: SHOW COLUMNS FROM `support` [ RunTime:0.0059s ]
SQL: SHOW COLUMNS FROM `support` [ RunTime:0.0112s ]
SQL: SELECT COUNT(*) AS tp_count FROM `support` WHERE `band_id` = 6 LIMIT 1   [ RunTime:0.0004s ]
SQL: SHOW COLUMNS FROM `support` [ RunTime:0.0057s ]
SQL: SHOW COLUMNS FROM `support` [ RunTime:0.0119s ]
SQL: SELECT COUNT(*) AS tp_count FROM `support` WHERE `band_id` = 7 LIMIT 1   [ RunTime:0.0003s ]
SQL: SHOW COLUMNS FROM `support` [ RunTime:0.0091s ]
SQL: SHOW COLUMNS FROM `support` [ RunTime:0.0100s ]
SQL: SELECT COUNT(*) AS tp_count FROM `support` WHERE `band_id` = 8 LIMIT 1   [ RunTime:0.0004s ]
SQL: SHOW COLUMNS FROM `support` [ RunTime:0.0126s ]
SQL: SHOW COLUMNS FROM `support` [ RunTime:0.0097s ]
SQL: SELECT COUNT(*) AS tp_count FROM `support` WHERE `band_id` = 9 LIMIT 1   [ RunTime:0.0006s ]

[ 2018-03-09T11:42:14+08:00 ] ::1 /GuDao/Band
INFO: [ app_init ] --START--
INFO: Run Behavior\BuildLiteBehavior [ RunTime:0.000017s ]
INFO: [ app_init ] --END-- [ RunTime:0.000467s ]
INFO: [ app_begin ] --START--
INFO: Run Behavior\ReadHtmlCacheBehavior [ RunTime:0.000567s ]
INFO: [ app_begin ] --END-- [ RunTime:0.000629s ]
INFO: [ view_parse ] --START--
INFO: [ template_filter ] --START--
INFO: Run Behavior\ContentReplaceBehavior [ RunTime:0.000055s ]
INFO: [ template_filter ] --END-- [ RunTime:0.000119s ]
INFO: Run Behavior\ParseTemplateBehavior [ RunTime:0.009133s ]
INFO: [ view_parse ] --END-- [ RunTime:0.009215s ]
INFO: [ view_filter ] --START--
INFO: Run Behavior\WriteHtmlCacheBehavior [ RunTime:0.000416s ]
INFO: [ view_filter ] --END-- [ RunTime:0.000494s ]
INFO: [ app_end ] --START--
INFO: Run Behavior\ShowPageTraceBehavior [ RunTime:0.000779s ]
INFO: [ app_end ] --END-- [ RunTime:0.000922s ]

[ 2018-03-09T11:42:15+08:00 ] ::1 /GuDao/Public/css/common/bootstrap.css.map
INFO: [ app_init ] --START--
INFO: Run Behavior\BuildLiteBehavior [ RunTime:0.000029s ]
INFO: [ app_init ] --END-- [ RunTime:0.000880s ]
INFO: [ app_begin ] --START--
INFO: Run Behavior\ReadHtmlCacheBehavior [ RunTime:0.002173s ]
INFO: [ app_begin ] --END-- [ RunTime:0.002282s ]
ERR: 无法加载控制器:Public

[ 2018-03-09T11:42:15+08:00 ] ::1 /GuDao/index.php/Home/Band/getBandByPage?pageIndex=1&pageSize=10&initial=L
INFO: [ app_init ] --START--
INFO: Run Behavior\BuildLiteBehavior [ RunTime:0.000018s ]
INFO: [ app_init ] --END-- [ RunTime:0.000521s ]
INFO: [ app_begin ] --START--
INFO: Run Behavior\ReadHtmlCacheBehavior [ RunTime:0.000959s ]
INFO: [ app_begin ] --END-- [ RunTime:0.001022s ]
SQL: SHOW COLUMNS FROM `band` [ RunTime:0.0120s ]
SQL: SHOW COLUMNS FROM `band` [ RunTime:0.0068s ]
SQL: SELECT * FROM `band` WHERE `band_initial` = 'L' LIMIT 0,10   [ RunTime:0.0018s ]
SQL: SHOW COLUMNS FROM `support` [ RunTime:0.0073s ]
SQL: SHOW COLUMNS FROM `support` [ RunTime:0.0119s ]
SQL: SELECT COUNT(*) AS tp_count FROM `support` WHERE `band_id` = 1 LIMIT 1   [ RunTime:0.0003s ]
SQL: SHOW COLUMNS FROM `support` [ RunTime:0.0052s ]
SQL: SHOW COLUMNS FROM `support` [ RunTime:0.0123s ]
SQL: SELECT COUNT(*) AS tp_count FROM `support` WHERE `band_id` = 8 LIMIT 1   [ RunTime:0.0003s ]

[ 2018-03-09T11:42:30+08:00 ] ::1 /GuDao/Band
INFO: [ app_init ] --START--
INFO: Run Behavior\BuildLiteBehavior [ RunTime:0.000017s ]
INFO: [ app_init ] --END-- [ RunTime:0.000542s ]
INFO: [ app_begin ] --START--
INFO: Run Behavior\ReadHtmlCacheBehavior [ RunTime:0.001474s ]
INFO: [ app_begin ] --END-- [ RunTime:0.001635s ]
INFO: [ view_parse ] --START--
INFO: [ template_filter ] --START--
INFO: Run Behavior\ContentReplaceBehavior [ RunTime:0.000058s ]
INFO: [ template_filter ] --END-- [ RunTime:0.000126s ]
INFO: Run Behavior\ParseTemplateBehavior [ RunTime:0.009405s ]
INFO: [ view_parse ] --END-- [ RunTime:0.010711s ]
INFO: [ view_filter ] --START--
INFO: Run Behavior\WriteHtmlCacheBehavior [ RunTime:0.000826s ]
INFO: [ view_filter ] --END-- [ RunTime:0.000886s ]
INFO: [ app_end ] --START--
INFO: Run Behavior\ShowPageTraceBehavior [ RunTime:0.000970s ]
INFO: [ app_end ] --END-- [ RunTime:0.001022s ]

[ 2018-03-09T11:42:31+08:00 ] ::1 /GuDao/Public/css/common/bootstrap.css.map
INFO: [ app_init ] --START--
INFO: Run Behavior\BuildLiteBehavior [ RunTime:0.000017s ]
INFO: [ app_init ] --END-- [ RunTime:0.000541s ]
INFO: [ app_begin ] --START--
INFO: Run Behavior\ReadHtmlCacheBehavior [ RunTime:0.000943s ]
INFO: [ app_begin ] --END-- [ RunTime:0.001011s ]
ERR: 无法加载控制器:Public

[ 2018-03-09T11:42:31+08:00 ] ::1 /GuDao/index.php/Home/Band/getBandByPage?pageIndex=1&pageSize=10
INFO: [ app_init ] --START--
INFO: Run Behavior\BuildLiteBehavior [ RunTime:0.000018s ]
INFO: [ app_init ] --END-- [ RunTime:0.000634s ]
INFO: [ app_begin ] --START--
INFO: Run Behavior\ReadHtmlCacheBehavior [ RunTime:0.000856s ]
INFO: [ app_begin ] --END-- [ RunTime:0.000914s ]
NOTIC: [8] Undefined index: initial D:\xampp\htdocs\GuDao\GuDao\Home\Controller\BandController.class.php 第 28 行.
SQL: SHOW COLUMNS FROM `band` [ RunTime:0.0090s ]
NOTIC: [8] Undefined variable: condition D:\xampp\htdocs\GuDao\GuDao\Home\Controller\BandController.class.php 第 32 行.
SQL: SHOW COLUMNS FROM `band` [ RunTime:0.0117s ]
SQL: SELECT * FROM `band` LIMIT 0,10   [ RunTime:0.0004s ]
SQL: SHOW COLUMNS FROM `support` [ RunTime:0.0062s ]
SQL: SHOW COLUMNS FROM `support` [ RunTime:0.0114s ]
SQL: SELECT COUNT(*) AS tp_count FROM `support` WHERE `band_id` = 1 LIMIT 1   [ RunTime:0.0003s ]
SQL: SHOW COLUMNS FROM `support` [ RunTime:0.0099s ]
SQL: SHOW COLUMNS FROM `support` [ RunTime:0.0084s ]
SQL: SELECT COUNT(*) AS tp_count FROM `support` WHERE `band_id` = 2 LIMIT 1   [ RunTime:0.0003s ]
SQL: SHOW COLUMNS FROM `support` [ RunTime:0.0125s ]
SQL: SHOW COLUMNS FROM `support` [ RunTime:0.0099s ]
SQL: SELECT COUNT(*) AS tp_count FROM `support` WHERE `band_id` = 3 LIMIT 1   [ RunTime:0.0005s ]
SQL: SHOW COLUMNS FROM `support` [ RunTime:0.0077s ]
SQL: SHOW COLUMNS FROM `support` [ RunTime:0.0127s ]
SQL: SELECT COUNT(*) AS tp_count FROM `support` WHERE `band_id` = 4 LIMIT 1   [ RunTime:0.0003s ]
SQL: SHOW COLUMNS FROM `support` [ RunTime:0.0108s ]
SQL: SHOW COLUMNS FROM `support` [ RunTime:0.0086s ]
SQL: SELECT COUNT(*) AS tp_count FROM `support` WHERE `band_id` = 5 LIMIT 1   [ RunTime:0.0003s ]
SQL: SHOW COLUMNS FROM `support` [ RunTime:0.0122s ]
SQL: SHOW COLUMNS FROM `support` [ RunTime:0.0105s ]
SQL: SELECT COUNT(*) AS tp_count FROM `support` WHERE `band_id` = 6 LIMIT 1   [ RunTime:0.0004s ]
SQL: SHOW COLUMNS FROM `support` [ RunTime:0.0079s ]
SQL: SHOW COLUMNS FROM `support` [ RunTime:0.0107s ]
SQL: SELECT COUNT(*) AS tp_count FROM `support` WHERE `band_id` = 7 LIMIT 1   [ RunTime:0.0006s ]
SQL: SHOW COLUMNS FROM `support` [ RunTime:0.0062s ]
SQL: SHOW COLUMNS FROM `support` [ RunTime:0.0121s ]
SQL: SELECT COUNT(*) AS tp_count FROM `support` WHERE `band_id` = 8 LIMIT 1   [ RunTime:0.0004s ]
SQL: SHOW COLUMNS FROM `support` [ RunTime:0.0105s ]
SQL: SHOW COLUMNS FROM `support` [ RunTime:0.0076s ]
SQL: SELECT COUNT(*) AS tp_count FROM `support` WHERE `band_id` = 9 LIMIT 1   [ RunTime:0.0003s ]

[ 2018-03-09T11:42:48+08:00 ] ::1 /GuDao/Band
INFO: [ app_init ] --START--
INFO: Run Behavior\BuildLiteBehavior [ RunTime:0.000017s ]
INFO: [ app_init ] --END-- [ RunTime:0.000522s ]
INFO: [ app_begin ] --START--
INFO: Run Behavior\ReadHtmlCacheBehavior [ RunTime:0.000969s ]
INFO: [ app_begin ] --END-- [ RunTime:0.001040s ]
INFO: [ view_parse ] --START--
INFO: [ template_filter ] --START--
INFO: Run Behavior\ContentReplaceBehavior [ RunTime:0.000057s ]
INFO: [ template_filter ] --END-- [ RunTime:0.000123s ]
INFO: Run Behavior\ParseTemplateBehavior [ RunTime:0.010072s ]
INFO: [ view_parse ] --END-- [ RunTime:0.010143s ]
INFO: [ view_filter ] --START--
INFO: Run Behavior\WriteHtmlCacheBehavior [ RunTime:0.000624s ]
INFO: [ view_filter ] --END-- [ RunTime:0.000674s ]
INFO: [ app_end ] --START--
INFO: Run Behavior\ShowPageTraceBehavior [ RunTime:0.000887s ]
INFO: [ app_end ] --END-- [ RunTime:0.000942s ]

[ 2018-03-09T11:42:48+08:00 ] ::1 /GuDao/Public/css/common/bootstrap.css.map
INFO: [ app_init ] --START--
INFO: Run Behavior\BuildLiteBehavior [ RunTime:0.000017s ]
INFO: [ app_init ] --END-- [ RunTime:0.000513s ]
INFO: [ app_begin ] --START--
INFO: Run Behavior\ReadHtmlCacheBehavior [ RunTime:0.000905s ]
INFO: [ app_begin ] --END-- [ RunTime:0.000974s ]
ERR: 无法加载控制器:Public

[ 2018-03-09T11:42:48+08:00 ] ::1 /GuDao/index.php/Home/Band/getBandByPage?pageIndex=1&pageSize=10&initial=A
INFO: [ app_init ] --START--
INFO: Run Behavior\BuildLiteBehavior [ RunTime:0.000018s ]
INFO: [ app_init ] --END-- [ RunTime:0.000567s ]
INFO: [ app_begin ] --START--
INFO: Run Behavior\ReadHtmlCacheBehavior [ RunTime:0.000988s ]
INFO: [ app_begin ] --END-- [ RunTime:0.001058s ]
SQL: SHOW COLUMNS FROM `band` [ RunTime:0.0123s ]
SQL: SHOW COLUMNS FROM `band` [ RunTime:0.0058s ]
SQL: SELECT * FROM `band` WHERE `band_initial` = 'A' LIMIT 0,10   [ RunTime:0.0012s ]

