[ 2018-03-11T14:36:45+08:00 ] ::1 /GuDao/
INFO: [ app_init ] --START--
INFO: Run Behavior\BuildLiteBehavior [ RunTime:0.000021s ]
INFO: [ app_init ] --END-- [ RunTime:0.231427s ]
INFO: [ app_begin ] --START--
INFO: Run Behavior\ReadHtmlCacheBehavior [ RunTime:0.170788s ]
INFO: [ app_begin ] --END-- [ RunTime:0.170901s ]
INFO: [ view_parse ] --START--
INFO: [ template_filter ] --START--
INFO: Run Behavior\ContentReplaceBehavior [ RunTime:0.423931s ]
INFO: [ template_filter ] --END-- [ RunTime:0.424093s ]
INFO: Run Behavior\ParseTemplateBehavior [ RunTime:1.696482s ]
INFO: [ view_parse ] --END-- [ RunTime:1.696699s ]
INFO: [ view_filter ] --START--
INFO: Run Behavior\WriteHtmlCacheBehavior [ RunTime:0.044799s ]
INFO: [ view_filter ] --END-- [ RunTime:0.044957s ]
INFO: [ app_end ] --START--
INFO: Run Behavior\ShowPageTraceBehavior [ RunTime:0.099150s ]
INFO: [ app_end ] --END-- [ RunTime:0.099282s ]

[ 2018-03-11T14:37:11+08:00 ] ::1 /GuDao/Index/home
INFO: [ app_init ] --START--
INFO: Run Behavior\BuildLiteBehavior [ RunTime:0.000028s ]
INFO: [ app_init ] --END-- [ RunTime:0.000625s ]
INFO: [ app_begin ] --START--
INFO: Run Behavior\ReadHtmlCacheBehavior [ RunTime:0.000637s ]
INFO: [ app_begin ] --END-- [ RunTime:0.000706s ]
INFO: [ view_parse ] --START--
INFO: [ template_filter ] --START--
INFO: Run Behavior\ContentReplaceBehavior [ RunTime:0.000063s ]
INFO: [ template_filter ] --END-- [ RunTime:0.000126s ]
INFO: Run Behavior\ParseTemplateBehavior [ RunTime:0.157110s ]
INFO: [ view_parse ] --END-- [ RunTime:0.157184s ]
INFO: [ view_filter ] --START--
INFO: Run Behavior\WriteHtmlCacheBehavior [ RunTime:0.000317s ]
INFO: [ view_filter ] --END-- [ RunTime:0.000371s ]
INFO: [ app_end ] --START--
INFO: Run Behavior\ShowPageTraceBehavior [ RunTime:0.000566s ]
INFO: [ app_end ] --END-- [ RunTime:0.000622s ]

[ 2018-03-11T14:37:14+08:00 ] ::1 /GuDao/Public/img/user/headImg.jpg
INFO: [ app_init ] --START--
INFO: Run Behavior\BuildLiteBehavior [ RunTime:0.000021s ]
INFO: [ app_init ] --END-- [ RunTime:0.000689s ]

[ 2018-03-11T14:37:25+08:00 ] ::1 /GuDao/index.php/Home/Index/getShowCalendar
INFO: [ app_init ] --START--
INFO: Run Behavior\BuildLiteBehavior [ RunTime:0.000024s ]
INFO: [ app_init ] --END-- [ RunTime:0.000736s ]
INFO: [ app_begin ] --START--
INFO: Run Behavior\ReadHtmlCacheBehavior [ RunTime:0.001494s ]
INFO: [ app_begin ] --END-- [ RunTime:0.001607s ]
SQL: SHOW COLUMNS FROM `show` [ RunTime:1.1959s ]
SQL: SHOW COLUMNS FROM `show` [ RunTime:0.0099s ]
SQL: SELECT count('show_id') as count,`show_time` FROM `show` WHERE `show_time` LIKE '2017-11%' GROUP BY show_time  [ RunTime:0.5606s ]

[ 2018-03-11T14:37:26+08:00 ] ::1 /GuDao/index.php/Home/Index/getHotBand
INFO: [ app_init ] --START--
INFO: Run Behavior\BuildLiteBehavior [ RunTime:0.000018s ]
INFO: [ app_init ] --END-- [ RunTime:0.000788s ]
INFO: [ app_begin ] --START--
INFO: Run Behavior\ReadHtmlCacheBehavior [ RunTime:0.000830s ]
INFO: [ app_begin ] --END-- [ RunTime:0.000910s ]
SQL: SHOW COLUMNS FROM `support` [ RunTime:0.1687s ]
SQL: SHOW COLUMNS FROM `support` [ RunTime:0.0131s ]
SQL: SELECT count('user_id') as count,`band_id` FROM `support` GROUP BY band_id ORDER BY count desc LIMIT 0,4   [ RunTime:0.0007s ]
SQL: SHOW COLUMNS FROM `band` [ RunTime:0.1456s ]
SQL: SHOW COLUMNS FROM `band` [ RunTime:0.0085s ]
SQL: SELECT * FROM `band` WHERE `band_id` = 2  [ RunTime:0.1046s ]
SQL: SHOW COLUMNS FROM `band` [ RunTime:0.0073s ]
SQL: SHOW COLUMNS FROM `band` [ RunTime:0.0563s ]
SQL: SELECT * FROM `band` WHERE `band_id` = 8  [ RunTime:0.0005s ]
SQL: SHOW COLUMNS FROM `band` [ RunTime:0.0080s ]
SQL: SHOW COLUMNS FROM `band` [ RunTime:0.0092s ]
SQL: SELECT * FROM `band` WHERE `band_id` = 1  [ RunTime:0.0005s ]
SQL: SHOW COLUMNS FROM `band` [ RunTime:0.0075s ]
SQL: SHOW COLUMNS FROM `band` [ RunTime:0.0066s ]
SQL: SELECT * FROM `band` WHERE `band_id` = 4  [ RunTime:0.0003s ]

[ 2018-03-11T14:37:26+08:00 ] ::1 /GuDao/index.php/Home/Index/getHotShow
INFO: [ app_init ] --START--
INFO: Run Behavior\BuildLiteBehavior [ RunTime:0.000026s ]
INFO: [ app_init ] --END-- [ RunTime:0.001322s ]
INFO: [ app_begin ] --START--
INFO: Run Behavior\ReadHtmlCacheBehavior [ RunTime:0.000830s ]
INFO: [ app_begin ] --END-- [ RunTime:0.000906s ]
SQL: SHOW COLUMNS FROM `want` [ RunTime:0.0817s ]
SQL: SHOW COLUMNS FROM `want` [ RunTime:0.0080s ]
SQL: SELECT count('user_id') as count,`show_id` FROM `want` GROUP BY show_id ORDER BY count desc LIMIT 0,4   [ RunTime:0.0009s ]
SQL: SHOW COLUMNS FROM `show` [ RunTime:0.0087s ]
SQL: SHOW COLUMNS FROM `show` [ RunTime:0.0100s ]
SQL: SELECT * FROM `show` WHERE `show_id` = 1  [ RunTime:0.0005s ]
SQL: SHOW COLUMNS FROM `show` [ RunTime:0.0055s ]
SQL: SHOW COLUMNS FROM `show` [ RunTime:0.0076s ]
SQL: SELECT * FROM `show` WHERE `show_id` = 2  [ RunTime:0.0004s ]

[ 2018-03-11T14:37:26+08:00 ] ::1 /GuDao/index.php/Home/Index/getNotice
INFO: [ app_init ] --START--
INFO: Run Behavior\BuildLiteBehavior [ RunTime:0.000016s ]
INFO: [ app_init ] --END-- [ RunTime:0.000582s ]
INFO: [ app_begin ] --START--
INFO: Run Behavior\ReadHtmlCacheBehavior [ RunTime:0.001226s ]
INFO: [ app_begin ] --END-- [ RunTime:0.001320s ]
SQL: SHOW COLUMNS FROM `notice` [ RunTime:0.1193s ]
NOTIC: [2] Missing argument 3 for Home\Model\NoticeModel::getNoticeByPage(), called in D:\xampp\htdocs\GuDao\GuDao\Home\Controller\IndexController.class.php on line 148 and defined D:\xampp\htdocs\GuDao\GuDao\Home\Model\NoticeModel.class.php 第 11 行.
SQL: SHOW COLUMNS FROM `notice` [ RunTime:0.0075s ]
NOTIC: [8] Undefined variable: condition D:\xampp\htdocs\GuDao\GuDao\Home\Model\NoticeModel.class.php 第 13 行.
SQL: SELECT * FROM `notice` ORDER BY notice_time desc LIMIT 0,7   [ RunTime:0.1031s ]

[ 2018-03-11T14:37:26+08:00 ] ::1 /GuDao/index.php/Home/Index/getRecentShow
INFO: [ app_init ] --START--
INFO: Run Behavior\BuildLiteBehavior [ RunTime:0.000015s ]
INFO: [ app_init ] --END-- [ RunTime:0.000563s ]
INFO: [ app_begin ] --START--
INFO: Run Behavior\ReadHtmlCacheBehavior [ RunTime:0.001210s ]
INFO: [ app_begin ] --END-- [ RunTime:0.001290s ]
SQL: SHOW COLUMNS FROM `show` [ RunTime:0.0071s ]
SQL: SHOW COLUMNS FROM `show` [ RunTime:0.0066s ]
SQL: SELECT * FROM `show` ORDER BY show_time desc LIMIT 0,4   [ RunTime:0.0005s ]

[ 2018-03-11T14:37:48+08:00 ] ::1 /GuDao/Notice
INFO: [ app_init ] --START--
INFO: Run Behavior\BuildLiteBehavior [ RunTime:0.000017s ]
INFO: [ app_init ] --END-- [ RunTime:0.000471s ]
INFO: [ app_begin ] --START--
INFO: Run Behavior\ReadHtmlCacheBehavior [ RunTime:0.000554s ]
INFO: [ app_begin ] --END-- [ RunTime:0.000616s ]
INFO: [ view_parse ] --START--
INFO: [ template_filter ] --START--
INFO: Run Behavior\ContentReplaceBehavior [ RunTime:0.000102s ]
INFO: [ template_filter ] --END-- [ RunTime:0.000232s ]
INFO: Run Behavior\ParseTemplateBehavior [ RunTime:0.058181s ]
INFO: [ view_parse ] --END-- [ RunTime:0.058313s ]
INFO: [ view_filter ] --START--
INFO: Run Behavior\WriteHtmlCacheBehavior [ RunTime:0.001038s ]
INFO: [ view_filter ] --END-- [ RunTime:0.001141s ]
INFO: [ app_end ] --START--
INFO: Run Behavior\ShowPageTraceBehavior [ RunTime:0.001158s ]
INFO: [ app_end ] --END-- [ RunTime:0.001269s ]

[ 2018-03-11T14:37:48+08:00 ] ::1 /GuDao/Public/img/user/headImg.jpg
INFO: [ app_init ] --START--
INFO: Run Behavior\BuildLiteBehavior [ RunTime:0.000024s ]
INFO: [ app_init ] --END-- [ RunTime:0.000686s ]

[ 2018-03-11T14:37:48+08:00 ] ::1 /GuDao/index.php/Home/Notice/getNoticeByPage?pageIndex=1&pageSize=10
INFO: [ app_init ] --START--
INFO: Run Behavior\BuildLiteBehavior [ RunTime:0.000016s ]
INFO: [ app_init ] --END-- [ RunTime:0.000445s ]
INFO: [ app_begin ] --START--
INFO: Run Behavior\ReadHtmlCacheBehavior [ RunTime:0.000662s ]
INFO: [ app_begin ] --END-- [ RunTime:0.000736s ]
NOTIC: [8] Undefined index: type D:\xampp\htdocs\GuDao\GuDao\Home\Controller\NoticeController.class.php 第 14 行.
SQL: SHOW COLUMNS FROM `notice` [ RunTime:0.0058s ]
NOTIC: [8] Undefined variable: condition D:\xampp\htdocs\GuDao\GuDao\Home\Controller\NoticeController.class.php 第 18 行.
SQL: SHOW COLUMNS FROM `notice` [ RunTime:0.0049s ]
SQL: SELECT * FROM `notice` ORDER BY notice_time desc LIMIT 0,10   [ RunTime:0.0003s ]

[ 2018-03-11T14:37:48+08:00 ] ::1 /GuDao/index.php/Home/Notice/getNoticeByPage?pageIndex=1&pageSize=10&type=1
INFO: [ app_init ] --START--
INFO: Run Behavior\BuildLiteBehavior [ RunTime:0.000015s ]
INFO: [ app_init ] --END-- [ RunTime:0.000446s ]
INFO: [ app_begin ] --START--
INFO: Run Behavior\ReadHtmlCacheBehavior [ RunTime:0.000562s ]
INFO: [ app_begin ] --END-- [ RunTime:0.000631s ]
SQL: SHOW COLUMNS FROM `notice` [ RunTime:0.0055s ]
SQL: SHOW COLUMNS FROM `notice` [ RunTime:0.0054s ]
SQL: SELECT * FROM `notice` WHERE `notice_type` = 1 ORDER BY notice_time desc LIMIT 0,10   [ RunTime:0.0004s ]

[ 2018-03-11T14:37:52+08:00 ] ::1 /GuDao/Show
INFO: [ app_init ] --START--
INFO: Run Behavior\BuildLiteBehavior [ RunTime:0.000021s ]
INFO: [ app_init ] --END-- [ RunTime:0.000822s ]
INFO: [ app_begin ] --START--
INFO: Run Behavior\ReadHtmlCacheBehavior [ RunTime:0.000618s ]
INFO: [ app_begin ] --END-- [ RunTime:0.000680s ]
INFO: [ view_parse ] --START--
INFO: [ template_filter ] --START--
INFO: Run Behavior\ContentReplaceBehavior [ RunTime:0.000070s ]
INFO: [ template_filter ] --END-- [ RunTime:0.000142s ]
INFO: Run Behavior\ParseTemplateBehavior [ RunTime:0.142679s ]
INFO: [ view_parse ] --END-- [ RunTime:0.142756s ]
INFO: [ view_filter ] --START--
INFO: Run Behavior\WriteHtmlCacheBehavior [ RunTime:0.000428s ]
INFO: [ view_filter ] --END-- [ RunTime:0.000474s ]
INFO: [ app_end ] --START--
INFO: Run Behavior\ShowPageTraceBehavior [ RunTime:0.000652s ]
INFO: [ app_end ] --END-- [ RunTime:0.000704s ]

[ 2018-03-11T14:37:52+08:00 ] ::1 /GuDao/Public/img/user/headImg.jpg
INFO: [ app_init ] --START--
INFO: Run Behavior\BuildLiteBehavior [ RunTime:0.000029s ]
INFO: [ app_init ] --END-- [ RunTime:0.000621s ]

[ 2018-03-11T14:37:53+08:00 ] ::1 /GuDao/Show/getShowByPage?pageIndex=1&pageSize=6
INFO: [ app_init ] --START--
INFO: Run Behavior\BuildLiteBehavior [ RunTime:0.000034s ]
INFO: [ app_init ] --END-- [ RunTime:0.001796s ]
INFO: [ app_begin ] --START--
INFO: Run Behavior\ReadHtmlCacheBehavior [ RunTime:0.000591s ]
INFO: [ app_begin ] --END-- [ RunTime:0.000654s ]
NOTIC: [8] Undefined index: place D:\xampp\htdocs\GuDao\GuDao\Home\Controller\ShowController.class.php 第 43 行.
NOTIC: [8] Undefined index: state D:\xampp\htdocs\GuDao\GuDao\Home\Controller\ShowController.class.php 第 46 行.
SQL: SHOW COLUMNS FROM `show` [ RunTime:0.0092s ]
NOTIC: [8] Undefined variable: condition D:\xampp\htdocs\GuDao\GuDao\Home\Controller\ShowController.class.php 第 50 行.
SQL: SHOW COLUMNS FROM `show` [ RunTime:0.0077s ]
SQL: SELECT * FROM `show` ORDER BY show_time desc LIMIT 0,6   [ RunTime:0.0013s ]
SQL: SHOW COLUMNS FROM `want` [ RunTime:0.0058s ]
SQL: SHOW COLUMNS FROM `want` [ RunTime:0.0058s ]
SQL: SELECT COUNT(*) AS tp_count FROM `want` WHERE `show_id` = 2 LIMIT 1   [ RunTime:0.0003s ]
SQL: SHOW COLUMNS FROM `attend` [ RunTime:0.1625s ]
SQL: SHOW COLUMNS FROM `attend` [ RunTime:0.0118s ]
SQL: SELECT `band_id` FROM `attend` WHERE `show_id` = 2  [ RunTime:0.0006s ]
SQL: SHOW COLUMNS FROM `band` [ RunTime:0.0117s ]
SQL: SHOW COLUMNS FROM `band` [ RunTime:0.0188s ]
SQL: SELECT * FROM `band` WHERE `band_id` = 6  [ RunTime:0.0009s ]
SQL: SHOW COLUMNS FROM `band` [ RunTime:0.0136s ]
SQL: SHOW COLUMNS FROM `band` [ RunTime:0.0061s ]
SQL: SELECT * FROM `band` WHERE `band_id` = 7  [ RunTime:0.0004s ]
SQL: SHOW COLUMNS FROM `band` [ RunTime:0.0140s ]
SQL: SHOW COLUMNS FROM `band` [ RunTime:0.0087s ]
SQL: SELECT * FROM `band` WHERE `band_id` = 8  [ RunTime:0.0005s ]
SQL: SHOW COLUMNS FROM `band` [ RunTime:0.0184s ]
SQL: SHOW COLUMNS FROM `band` [ RunTime:0.0151s ]
SQL: SELECT * FROM `band` WHERE `band_id` = 9  [ RunTime:0.0005s ]
SQL: SHOW COLUMNS FROM `want` [ RunTime:0.0087s ]
SQL: SHOW COLUMNS FROM `want` [ RunTime:0.0115s ]
SQL: SELECT COUNT(*) AS tp_count FROM `want` WHERE `show_id` = 1 LIMIT 1   [ RunTime:0.0003s ]
SQL: SHOW COLUMNS FROM `attend` [ RunTime:0.0077s ]
SQL: SHOW COLUMNS FROM `attend` [ RunTime:0.0101s ]
SQL: SELECT `band_id` FROM `attend` WHERE `show_id` = 1  [ RunTime:0.0003s ]
SQL: SHOW COLUMNS FROM `band` [ RunTime:0.0123s ]
SQL: SHOW COLUMNS FROM `band` [ RunTime:0.0055s ]
SQL: SELECT * FROM `band` WHERE `band_id` = 1  [ RunTime:0.0015s ]
SQL: SHOW COLUMNS FROM `band` [ RunTime:0.0069s ]
SQL: SHOW COLUMNS FROM `band` [ RunTime:0.0051s ]
SQL: SELECT * FROM `band` WHERE `band_id` = 2  [ RunTime:0.0003s ]
SQL: SHOW COLUMNS FROM `band` [ RunTime:0.0087s ]
SQL: SHOW COLUMNS FROM `band` [ RunTime:0.0050s ]
SQL: SELECT * FROM `band` WHERE `band_id` = 3  [ RunTime:0.0003s ]
SQL: SHOW COLUMNS FROM `band` [ RunTime:0.0085s ]
SQL: SHOW COLUMNS FROM `band` [ RunTime:0.0053s ]
SQL: SELECT * FROM `band` WHERE `band_id` = 4  [ RunTime:0.0003s ]
SQL: SHOW COLUMNS FROM `band` [ RunTime:0.0049s ]
SQL: SHOW COLUMNS FROM `band` [ RunTime:0.0078s ]
SQL: SELECT * FROM `band` WHERE `band_id` = 5  [ RunTime:0.0003s ]
NOTIC: [8] Undefined index: sort D:\xampp\htdocs\GuDao\GuDao\Home\Controller\ShowController.class.php 第 96 行.

[ 2018-03-11T14:37:53+08:00 ] ::1 /GuDao/Show/getShowPlace
INFO: [ app_init ] --START--
INFO: Run Behavior\BuildLiteBehavior [ RunTime:0.000023s ]
INFO: [ app_init ] --END-- [ RunTime:0.000710s ]
INFO: [ app_begin ] --START--
INFO: Run Behavior\ReadHtmlCacheBehavior [ RunTime:0.000856s ]
INFO: [ app_begin ] --END-- [ RunTime:0.000947s ]
SQL: SHOW COLUMNS FROM `show` [ RunTime:0.0057s ]
SQL: SHOW COLUMNS FROM `show` [ RunTime:0.0056s ]
SQL: SELECT `show_place` FROM `show` GROUP BY show_place  [ RunTime:0.0998s ]

[ 2018-03-11T14:38:11+08:00 ] ::1 /GuDao/Show/getShowByPage?pageIndex=1&pageSize=6&place=%E5%B9%BF%E4%B8%9C%E5%A4%96%E8%AF%AD%E5%A4%96%E8%B4%B8%E5%A4%A7%E5%AD%A6&state=0
INFO: [ app_init ] --START--
INFO: Run Behavior\BuildLiteBehavior [ RunTime:0.000018s ]
INFO: [ app_init ] --END-- [ RunTime:0.000629s ]
INFO: [ app_begin ] --START--
INFO: Run Behavior\ReadHtmlCacheBehavior [ RunTime:0.000796s ]
INFO: [ app_begin ] --END-- [ RunTime:0.000866s ]
SQL: SHOW COLUMNS FROM `show` [ RunTime:0.0181s ]
SQL: SHOW COLUMNS FROM `show` [ RunTime:0.0155s ]
SQL: SELECT * FROM `show` WHERE `show_place` = '广东外语外贸大学' ORDER BY show_time desc LIMIT 0,6   [ RunTime:0.0004s ]
SQL: SHOW COLUMNS FROM `want` [ RunTime:0.0162s ]
SQL: SHOW COLUMNS FROM `want` [ RunTime:0.0145s ]
SQL: SELECT COUNT(*) AS tp_count FROM `want` WHERE `show_id` = 2 LIMIT 1   [ RunTime:0.0006s ]
SQL: SHOW COLUMNS FROM `attend` [ RunTime:0.0161s ]
SQL: SHOW COLUMNS FROM `attend` [ RunTime:0.0160s ]
SQL: SELECT `band_id` FROM `attend` WHERE `show_id` = 2  [ RunTime:0.0004s ]
SQL: SHOW COLUMNS FROM `band` [ RunTime:0.0168s ]
SQL: SHOW COLUMNS FROM `band` [ RunTime:0.0174s ]
SQL: SELECT * FROM `band` WHERE `band_id` = 6  [ RunTime:0.0012s ]
SQL: SHOW COLUMNS FROM `band` [ RunTime:0.0146s ]
SQL: SHOW COLUMNS FROM `band` [ RunTime:0.0115s ]
SQL: SELECT * FROM `band` WHERE `band_id` = 7  [ RunTime:0.0012s ]
SQL: SHOW COLUMNS FROM `band` [ RunTime:0.0178s ]
SQL: SHOW COLUMNS FROM `band` [ RunTime:0.0151s ]
SQL: SELECT * FROM `band` WHERE `band_id` = 8  [ RunTime:0.0027s ]
SQL: SHOW COLUMNS FROM `band` [ RunTime:0.0128s ]
SQL: SHOW COLUMNS FROM `band` [ RunTime:0.0131s ]
SQL: SELECT * FROM `band` WHERE `band_id` = 9  [ RunTime:0.0014s ]
NOTIC: [8] Undefined index: sort D:\xampp\htdocs\GuDao\GuDao\Home\Controller\ShowController.class.php 第 96 行.

[ 2018-03-11T14:38:13+08:00 ] ::1 /GuDao/Show/getShowByPage?pageIndex=1&pageSize=6&place=&state=0
INFO: [ app_init ] --START--
INFO: Run Behavior\BuildLiteBehavior [ RunTime:0.000063s ]
INFO: [ app_init ] --END-- [ RunTime:0.000884s ]
INFO: [ app_begin ] --START--
INFO: Run Behavior\ReadHtmlCacheBehavior [ RunTime:0.001337s ]
INFO: [ app_begin ] --END-- [ RunTime:0.001501s ]
SQL: SHOW COLUMNS FROM `show` [ RunTime:0.0143s ]
NOTIC: [8] Undefined variable: condition D:\xampp\htdocs\GuDao\GuDao\Home\Controller\ShowController.class.php 第 50 行.
SQL: SHOW COLUMNS FROM `show` [ RunTime:0.0159s ]
SQL: SELECT * FROM `show` ORDER BY show_time desc LIMIT 0,6   [ RunTime:0.0009s ]
SQL: SHOW COLUMNS FROM `want` [ RunTime:0.0159s ]
SQL: SHOW COLUMNS FROM `want` [ RunTime:0.0156s ]
SQL: SELECT COUNT(*) AS tp_count FROM `want` WHERE `show_id` = 2 LIMIT 1   [ RunTime:0.0007s ]
SQL: SHOW COLUMNS FROM `attend` [ RunTime:0.0191s ]
SQL: SHOW COLUMNS FROM `attend` [ RunTime:0.0152s ]
SQL: SELECT `band_id` FROM `attend` WHERE `show_id` = 2  [ RunTime:0.0012s ]
SQL: SHOW COLUMNS FROM `band` [ RunTime:0.0176s ]
SQL: SHOW COLUMNS FROM `band` [ RunTime:0.0150s ]
SQL: SELECT * FROM `band` WHERE `band_id` = 6  [ RunTime:0.0013s ]
SQL: SHOW COLUMNS FROM `band` [ RunTime:0.0181s ]
SQL: SHOW COLUMNS FROM `band` [ RunTime:0.0163s ]
SQL: SELECT * FROM `band` WHERE `band_id` = 7  [ RunTime:0.0007s ]
SQL: SHOW COLUMNS FROM `band` [ RunTime:0.0151s ]
SQL: SHOW COLUMNS FROM `band` [ RunTime:0.0122s ]
SQL: SELECT * FROM `band` WHERE `band_id` = 8  [ RunTime:0.0006s ]
SQL: SHOW COLUMNS FROM `band` [ RunTime:0.0181s ]
SQL: SHOW COLUMNS FROM `band` [ RunTime:0.0140s ]
SQL: SELECT * FROM `band` WHERE `band_id` = 9  [ RunTime:0.0006s ]
SQL: SHOW COLUMNS FROM `want` [ RunTime:0.0159s ]
SQL: SHOW COLUMNS FROM `want` [ RunTime:0.0142s ]
SQL: SELECT COUNT(*) AS tp_count FROM `want` WHERE `show_id` = 1 LIMIT 1   [ RunTime:0.0006s ]
SQL: SHOW COLUMNS FROM `attend` [ RunTime:0.0130s ]
SQL: SHOW COLUMNS FROM `attend` [ RunTime:0.0160s ]
SQL: SELECT `band_id` FROM `attend` WHERE `show_id` = 1  [ RunTime:0.0009s ]
SQL: SHOW COLUMNS FROM `band` [ RunTime:0.0125s ]
SQL: SHOW COLUMNS FROM `band` [ RunTime:0.0155s ]
SQL: SELECT * FROM `band` WHERE `band_id` = 1  [ RunTime:0.0021s ]
SQL: SHOW COLUMNS FROM `band` [ RunTime:0.0154s ]
SQL: SHOW COLUMNS FROM `band` [ RunTime:0.0162s ]
SQL: SELECT * FROM `band` WHERE `band_id` = 2  [ RunTime:0.0004s ]
SQL: SHOW COLUMNS FROM `band` [ RunTime:0.0061s ]
SQL: SHOW COLUMNS FROM `band` [ RunTime:0.0075s ]
SQL: SELECT * FROM `band` WHERE `band_id` = 3  [ RunTime:0.0003s ]
SQL: SHOW COLUMNS FROM `band` [ RunTime:0.0051s ]
SQL: SHOW COLUMNS FROM `band` [ RunTime:0.0069s ]
SQL: SELECT * FROM `band` WHERE `band_id` = 4  [ RunTime:0.0004s ]
SQL: SHOW COLUMNS FROM `band` [ RunTime:0.0056s ]
SQL: SHOW COLUMNS FROM `band` [ RunTime:0.0053s ]
SQL: SELECT * FROM `band` WHERE `band_id` = 5  [ RunTime:0.0003s ]
NOTIC: [8] Undefined index: sort D:\xampp\htdocs\GuDao\GuDao\Home\Controller\ShowController.class.php 第 96 行.

[ 2018-03-11T14:38:24+08:00 ] ::1 /GuDao/Show/detail?id=1
INFO: [ app_init ] --START--
INFO: Run Behavior\BuildLiteBehavior [ RunTime:0.000020s ]
INFO: [ app_init ] --END-- [ RunTime:0.000542s ]
INFO: [ app_begin ] --START--
INFO: Run Behavior\ReadHtmlCacheBehavior [ RunTime:0.000578s ]
INFO: [ app_begin ] --END-- [ RunTime:0.000643s ]
INFO: [ view_parse ] --START--
INFO: [ template_filter ] --START--
INFO: Run Behavior\ContentReplaceBehavior [ RunTime:0.000095s ]
INFO: [ template_filter ] --END-- [ RunTime:0.000162s ]
INFO: Run Behavior\ParseTemplateBehavior [ RunTime:0.036806s ]
INFO: [ view_parse ] --END-- [ RunTime:0.036889s ]
INFO: [ view_filter ] --START--
INFO: Run Behavior\WriteHtmlCacheBehavior [ RunTime:0.000315s ]
INFO: [ view_filter ] --END-- [ RunTime:0.000360s ]
INFO: [ app_end ] --START--
INFO: Run Behavior\ShowPageTraceBehavior [ RunTime:0.001517s ]
INFO: [ app_end ] --END-- [ RunTime:0.001581s ]

[ 2018-03-11T14:38:24+08:00 ] ::1 /GuDao/Public/img/user/headImg.jpg
INFO: [ app_init ] --START--
INFO: Run Behavior\BuildLiteBehavior [ RunTime:0.000016s ]
INFO: [ app_init ] --END-- [ RunTime:0.000470s ]

[ 2018-03-11T14:38:24+08:00 ] ::1 /GuDao/Show/getShowByID?id=1
INFO: [ app_init ] --START--
INFO: Run Behavior\BuildLiteBehavior [ RunTime:0.000025s ]
INFO: [ app_init ] --END-- [ RunTime:0.000632s ]
INFO: [ app_begin ] --START--
INFO: Run Behavior\ReadHtmlCacheBehavior [ RunTime:0.000820s ]
INFO: [ app_begin ] --END-- [ RunTime:0.000905s ]
SQL: SHOW COLUMNS FROM `show` [ RunTime:0.0077s ]
SQL: SHOW COLUMNS FROM `show` [ RunTime:0.0073s ]
SQL: SELECT * FROM `show` WHERE `show_id` = 1  [ RunTime:0.0004s ]

[ 2018-03-11T14:38:24+08:00 ] ::1 /GuDao/Show/getBandByShow?id=1
INFO: [ app_init ] --START--
INFO: Run Behavior\BuildLiteBehavior [ RunTime:0.000023s ]
INFO: [ app_init ] --END-- [ RunTime:0.000662s ]
INFO: [ app_begin ] --START--
INFO: Run Behavior\ReadHtmlCacheBehavior [ RunTime:0.000848s ]
INFO: [ app_begin ] --END-- [ RunTime:0.000945s ]
SQL: SHOW COLUMNS FROM `attend` [ RunTime:0.0076s ]
SQL: SHOW COLUMNS FROM `attend` [ RunTime:0.0085s ]
SQL: SELECT `band_id` FROM `attend` WHERE `show_id` = 1  [ RunTime:0.0004s ]
SQL: SHOW COLUMNS FROM `band` [ RunTime:0.0061s ]
SQL: SHOW COLUMNS FROM `band` [ RunTime:0.0060s ]
SQL: SELECT * FROM `band` WHERE `band_id` = 1  [ RunTime:0.0004s ]
SQL: SHOW COLUMNS FROM `band` [ RunTime:0.0083s ]
SQL: SHOW COLUMNS FROM `band` [ RunTime:0.0084s ]
SQL: SELECT * FROM `band` WHERE `band_id` = 2  [ RunTime:0.0004s ]
SQL: SHOW COLUMNS FROM `band` [ RunTime:0.0058s ]
SQL: SHOW COLUMNS FROM `band` [ RunTime:0.0069s ]
SQL: SELECT * FROM `band` WHERE `band_id` = 3  [ RunTime:0.0003s ]
SQL: SHOW COLUMNS FROM `band` [ RunTime:0.0073s ]
SQL: SHOW COLUMNS FROM `band` [ RunTime:0.0080s ]
SQL: SELECT * FROM `band` WHERE `band_id` = 4  [ RunTime:0.0003s ]
SQL: SHOW COLUMNS FROM `band` [ RunTime:0.0064s ]
SQL: SHOW COLUMNS FROM `band` [ RunTime:0.0051s ]
SQL: SELECT * FROM `band` WHERE `band_id` = 5  [ RunTime:0.0003s ]

[ 2018-03-11T14:38:24+08:00 ] ::1 /GuDao/Show/getWantUserNum?id=1
INFO: [ app_init ] --START--
INFO: Run Behavior\BuildLiteBehavior [ RunTime:0.000026s ]
INFO: [ app_init ] --END-- [ RunTime:0.000706s ]
INFO: [ app_begin ] --START--
INFO: Run Behavior\ReadHtmlCacheBehavior [ RunTime:0.000821s ]
INFO: [ app_begin ] --END-- [ RunTime:0.000908s ]
SQL: SHOW COLUMNS FROM `want` [ RunTime:0.0069s ]
SQL: SHOW COLUMNS FROM `want` [ RunTime:0.0062s ]
SQL: SELECT COUNT(*) AS tp_count FROM `want` WHERE `show_id` = 1 LIMIT 1   [ RunTime:0.0003s ]

[ 2018-03-11T14:38:24+08:00 ] ::1 /GuDao/Public/img/user/headImg.jpg
INFO: [ app_init ] --START--
INFO: Run Behavior\BuildLiteBehavior [ RunTime:0.000025s ]
INFO: [ app_init ] --END-- [ RunTime:0.000664s ]

[ 2018-03-11T14:38:25+08:00 ] ::1 /GuDao/Show/getCommentNReply?target=1&id=1
INFO: [ app_init ] --START--
INFO: Run Behavior\BuildLiteBehavior [ RunTime:0.000024s ]
INFO: [ app_init ] --END-- [ RunTime:0.000685s ]
INFO: [ app_begin ] --START--
INFO: Run Behavior\ReadHtmlCacheBehavior [ RunTime:0.000817s ]
INFO: [ app_begin ] --END-- [ RunTime:0.000905s ]
SQL: SHOW COLUMNS FROM `comment` [ RunTime:0.0894s ]
SQL: SHOW COLUMNS FROM `comment` [ RunTime:0.0066s ]
SQL: SELECT * FROM `comment` WHERE `comment_target` = 1 AND `target_id` = 1 ORDER BY comment_time desc  [ RunTime:0.0006s ]
SQL: SHOW COLUMNS FROM `user` [ RunTime:0.1162s ]
SQL: SHOW COLUMNS FROM `user` [ RunTime:0.0121s ]
SQL: SELECT `user_id`,`username`,`gender`,`birthday`,`headshot`,`intro` FROM `user` WHERE `user_id` = 1  [ RunTime:0.0005s ]
SQL: SHOW COLUMNS FROM `reply` [ RunTime:0.2252s ]
SQL: SHOW COLUMNS FROM `reply` [ RunTime:0.0145s ]
SQL: SELECT * FROM `reply` WHERE `comment_id` = 20 ORDER BY reply_time asc  [ RunTime:0.0005s ]
SQL: SHOW COLUMNS FROM `user` [ RunTime:0.0131s ]
SQL: SHOW COLUMNS FROM `user` [ RunTime:0.0056s ]
SQL: SELECT `user_id`,`username`,`gender`,`birthday`,`headshot`,`intro` FROM `user` WHERE `user_id` = 1  [ RunTime:0.0004s ]
SQL: SHOW COLUMNS FROM `reply` [ RunTime:0.0068s ]
SQL: SHOW COLUMNS FROM `reply` [ RunTime:0.0055s ]
SQL: SELECT * FROM `reply` WHERE `comment_id` = 19 ORDER BY reply_time asc  [ RunTime:0.0004s ]
SQL: SHOW COLUMNS FROM `user` [ RunTime:0.0084s ]
SQL: SHOW COLUMNS FROM `user` [ RunTime:0.0055s ]
SQL: SELECT `user_id`,`username`,`gender`,`birthday`,`headshot`,`intro` FROM `user` WHERE `user_id` = 1  [ RunTime:0.0003s ]
SQL: SHOW COLUMNS FROM `reply` [ RunTime:0.0068s ]
SQL: SHOW COLUMNS FROM `reply` [ RunTime:0.0080s ]
SQL: SELECT * FROM `reply` WHERE `comment_id` = 18 ORDER BY reply_time asc  [ RunTime:0.0003s ]
SQL: SHOW COLUMNS FROM `user` [ RunTime:0.0055s ]
SQL: SHOW COLUMNS FROM `user` [ RunTime:0.0081s ]
SQL: SELECT `user_id`,`username`,`gender`,`birthday`,`headshot`,`intro` FROM `user` WHERE `user_id` = 1  [ RunTime:0.0004s ]
SQL: SHOW COLUMNS FROM `reply` [ RunTime:0.0051s ]
SQL: SHOW COLUMNS FROM `reply` [ RunTime:0.0075s ]
SQL: SELECT * FROM `reply` WHERE `comment_id` = 17 ORDER BY reply_time asc  [ RunTime:0.0003s ]
SQL: SHOW COLUMNS FROM `user` [ RunTime:0.0059s ]
SQL: SHOW COLUMNS FROM `user` [ RunTime:0.0067s ]
SQL: SELECT `user_id`,`username`,`gender`,`birthday`,`headshot`,`intro` FROM `user` WHERE `user_id` = 1  [ RunTime:0.0004s ]
SQL: SHOW COLUMNS FROM `reply` [ RunTime:0.0064s ]
SQL: SHOW COLUMNS FROM `reply` [ RunTime:0.0054s ]
SQL: SELECT * FROM `reply` WHERE `comment_id` = 16 ORDER BY reply_time asc  [ RunTime:0.0003s ]
SQL: SHOW COLUMNS FROM `user` [ RunTime:0.0079s ]
SQL: SHOW COLUMNS FROM `user` [ RunTime:0.0053s ]
SQL: SELECT `user_id`,`username`,`gender`,`birthday`,`headshot`,`intro` FROM `user` WHERE `user_id` = 1  [ RunTime:0.0003s ]
SQL: SHOW COLUMNS FROM `reply` [ RunTime:0.0076s ]
SQL: SHOW COLUMNS FROM `reply` [ RunTime:0.0059s ]
SQL: SELECT * FROM `reply` WHERE `comment_id` = 15 ORDER BY reply_time asc  [ RunTime:0.0004s ]
SQL: SHOW COLUMNS FROM `user` [ RunTime:0.0059s ]
SQL: SHOW COLUMNS FROM `user` [ RunTime:0.0070s ]
SQL: SELECT `user_id`,`username`,`gender`,`birthday`,`headshot`,`intro` FROM `user` WHERE `user_id` = 1  [ RunTime:0.0003s ]
SQL: SHOW COLUMNS FROM `user` [ RunTime:0.0052s ]
SQL: SELECT `user_id`,`username`,`gender`,`birthday`,`headshot`,`intro` FROM `user` WHERE `user_id` = 1  [ RunTime:0.0003s ]
SQL: SHOW COLUMNS FROM `user` [ RunTime:0.0072s ]
SQL: SHOW COLUMNS FROM `user` [ RunTime:0.0051s ]
SQL: SELECT `user_id`,`username`,`gender`,`birthday`,`headshot`,`intro` FROM `user` WHERE `user_id` = 1  [ RunTime:0.0003s ]
SQL: SHOW COLUMNS FROM `user` [ RunTime:0.0053s ]
SQL: SELECT `user_id`,`username`,`gender`,`birthday`,`headshot`,`intro` FROM `user` WHERE `user_id` = 1  [ RunTime:0.0005s ]
SQL: SHOW COLUMNS FROM `user` [ RunTime:0.0059s ]
SQL: SHOW COLUMNS FROM `user` [ RunTime:0.0059s ]
SQL: SELECT `user_id`,`username`,`gender`,`birthday`,`headshot`,`intro` FROM `user` WHERE `user_id` = 1  [ RunTime:0.0003s ]
SQL: SHOW COLUMNS FROM `reply` [ RunTime:0.0065s ]
SQL: SHOW COLUMNS FROM `reply` [ RunTime:0.0051s ]
SQL: SELECT * FROM `reply` WHERE `comment_id` = 14 ORDER BY reply_time asc  [ RunTime:0.0004s ]
SQL: SHOW COLUMNS FROM `user` [ RunTime:0.0056s ]
SQL: SHOW COLUMNS FROM `user` [ RunTime:0.0062s ]
SQL: SELECT `user_id`,`username`,`gender`,`birthday`,`headshot`,`intro` FROM `user` WHERE `user_id` = 1  [ RunTime:0.0003s ]
SQL: SHOW COLUMNS FROM `user` [ RunTime:0.0052s ]
SQL: SELECT `user_id`,`username`,`gender`,`birthday`,`headshot`,`intro` FROM `user` WHERE `user_id` = 1  [ RunTime:0.0003s ]
SQL: SHOW COLUMNS FROM `user` [ RunTime:0.0064s ]
SQL: SHOW COLUMNS FROM `user` [ RunTime:0.0064s ]
SQL: SELECT `user_id`,`username`,`gender`,`birthday`,`headshot`,`intro` FROM `user` WHERE `user_id` = 1  [ RunTime:0.0003s ]
SQL: SHOW COLUMNS FROM `reply` [ RunTime:0.0053s ]
SQL: SHOW COLUMNS FROM `reply` [ RunTime:0.0059s ]
SQL: SELECT * FROM `reply` WHERE `comment_id` = 13 ORDER BY reply_time asc  [ RunTime:0.0003s ]
SQL: SHOW COLUMNS FROM `user` [ RunTime:0.0054s ]
SQL: SHOW COLUMNS FROM `user` [ RunTime:0.0062s ]
SQL: SELECT `user_id`,`username`,`gender`,`birthday`,`headshot`,`intro` FROM `user` WHERE `user_id` = 1  [ RunTime:0.0005s ]
SQL: SHOW COLUMNS FROM `reply` [ RunTime:0.0075s ]
SQL: SHOW COLUMNS FROM `reply` [ RunTime:0.0066s ]
SQL: SELECT * FROM `reply` WHERE `comment_id` = 10 ORDER BY reply_time asc  [ RunTime:0.0006s ]

[ 2018-03-11T14:38:25+08:00 ] ::1 /GuDao/Show/checkWant
INFO: [ app_init ] --START--
INFO: Run Behavior\BuildLiteBehavior [ RunTime:0.000025s ]
INFO: [ app_init ] --END-- [ RunTime:0.000686s ]
INFO: [ app_begin ] --START--
INFO: Run Behavior\ReadHtmlCacheBehavior [ RunTime:0.000867s ]
INFO: [ app_begin ] --END-- [ RunTime:0.000954s ]
SQL: SHOW COLUMNS FROM `want` [ RunTime:0.0071s ]
SQL: SHOW COLUMNS FROM `want` [ RunTime:0.0064s ]
SQL: SELECT * FROM `want` WHERE `user_id` = 0 AND `show_id` = 1  [ RunTime:0.0003s ]

[ 2018-03-11T14:38:25+08:00 ] ::1 /GuDao/Public/img/user/headImg.jpg
INFO: [ app_init ] --START--
INFO: Run Behavior\BuildLiteBehavior [ RunTime:0.000031s ]
INFO: [ app_init ] --END-- [ RunTime:0.001325s ]

[ 2018-03-11T14:38:37+08:00 ] ::1 /GuDao/Show
INFO: [ app_init ] --START--
INFO: Run Behavior\BuildLiteBehavior [ RunTime:0.000017s ]
INFO: [ app_init ] --END-- [ RunTime:0.000487s ]
INFO: [ app_begin ] --START--
INFO: Run Behavior\ReadHtmlCacheBehavior [ RunTime:0.000570s ]
INFO: [ app_begin ] --END-- [ RunTime:0.000632s ]
INFO: [ view_parse ] --START--
INFO: [ template_filter ] --START--
INFO: Run Behavior\ContentReplaceBehavior [ RunTime:0.000133s ]
INFO: [ template_filter ] --END-- [ RunTime:0.000279s ]
INFO: Run Behavior\ParseTemplateBehavior [ RunTime:0.030164s ]
INFO: [ view_parse ] --END-- [ RunTime:0.030237s ]
INFO: [ view_filter ] --START--
INFO: Run Behavior\WriteHtmlCacheBehavior [ RunTime:0.000425s ]
INFO: [ view_filter ] --END-- [ RunTime:0.000472s ]
INFO: [ app_end ] --START--
INFO: Run Behavior\ShowPageTraceBehavior [ RunTime:0.000663s ]
INFO: [ app_end ] --END-- [ RunTime:0.000713s ]

[ 2018-03-11T14:38:37+08:00 ] ::1 /GuDao/Show/getShowPlace
INFO: [ app_init ] --START--
INFO: Run Behavior\BuildLiteBehavior [ RunTime:0.000026s ]
INFO: [ app_init ] --END-- [ RunTime:0.000648s ]
INFO: [ app_begin ] --START--
INFO: Run Behavior\ReadHtmlCacheBehavior [ RunTime:0.000796s ]
INFO: [ app_begin ] --END-- [ RunTime:0.000880s ]
SQL: SHOW COLUMNS FROM `show` [ RunTime:0.0079s ]
SQL: SHOW COLUMNS FROM `show` [ RunTime:0.0080s ]
SQL: SELECT `show_place` FROM `show` GROUP BY show_place  [ RunTime:0.0081s ]

[ 2018-03-11T14:38:37+08:00 ] ::1 /GuDao/Public/img/user/headImg.jpg
INFO: [ app_init ] --START--
INFO: Run Behavior\BuildLiteBehavior [ RunTime:0.000032s ]
INFO: [ app_init ] --END-- [ RunTime:0.001294s ]

[ 2018-03-11T14:38:38+08:00 ] ::1 /GuDao/Show/getShowByPage?pageIndex=1&pageSize=6
INFO: [ app_init ] --START--
INFO: Run Behavior\BuildLiteBehavior [ RunTime:0.000027s ]
INFO: [ app_init ] --END-- [ RunTime:0.000797s ]
INFO: [ app_begin ] --START--
INFO: Run Behavior\ReadHtmlCacheBehavior [ RunTime:0.001516s ]
INFO: [ app_begin ] --END-- [ RunTime:0.001811s ]
NOTIC: [8] Undefined index: place D:\xampp\htdocs\GuDao\GuDao\Home\Controller\ShowController.class.php 第 43 行.
NOTIC: [8] Undefined index: state D:\xampp\htdocs\GuDao\GuDao\Home\Controller\ShowController.class.php 第 46 行.
SQL: SHOW COLUMNS FROM `show` [ RunTime:0.0085s ]
NOTIC: [8] Undefined variable: condition D:\xampp\htdocs\GuDao\GuDao\Home\Controller\ShowController.class.php 第 50 行.
SQL: SHOW COLUMNS FROM `show` [ RunTime:0.0144s ]
SQL: SELECT * FROM `show` ORDER BY show_time desc LIMIT 0,6   [ RunTime:0.0006s ]
SQL: SHOW COLUMNS FROM `want` [ RunTime:0.0092s ]
SQL: SHOW COLUMNS FROM `want` [ RunTime:0.0088s ]
SQL: SELECT COUNT(*) AS tp_count FROM `want` WHERE `show_id` = 2 LIMIT 1   [ RunTime:0.0005s ]
SQL: SHOW COLUMNS FROM `attend` [ RunTime:0.0156s ]
SQL: SHOW COLUMNS FROM `attend` [ RunTime:0.0094s ]
SQL: SELECT `band_id` FROM `attend` WHERE `show_id` = 2  [ RunTime:0.0003s ]
SQL: SHOW COLUMNS FROM `band` [ RunTime:0.0157s ]
SQL: SHOW COLUMNS FROM `band` [ RunTime:0.0175s ]
SQL: SELECT * FROM `band` WHERE `band_id` = 6  [ RunTime:0.0004s ]
SQL: SHOW COLUMNS FROM `band` [ RunTime:0.0174s ]
SQL: SHOW COLUMNS FROM `band` [ RunTime:0.0176s ]
SQL: SELECT * FROM `band` WHERE `band_id` = 7  [ RunTime:0.0015s ]
SQL: SHOW COLUMNS FROM `band` [ RunTime:0.0135s ]
SQL: SHOW COLUMNS FROM `band` [ RunTime:0.0159s ]
SQL: SELECT * FROM `band` WHERE `band_id` = 8  [ RunTime:0.0014s ]
SQL: SHOW COLUMNS FROM `band` [ RunTime:0.0114s ]
SQL: SHOW COLUMNS FROM `band` [ RunTime:0.0199s ]
SQL: SELECT * FROM `band` WHERE `band_id` = 9  [ RunTime:0.0013s ]
SQL: SHOW COLUMNS FROM `want` [ RunTime:0.0175s ]
SQL: SHOW COLUMNS FROM `want` [ RunTime:0.0175s ]
SQL: SELECT COUNT(*) AS tp_count FROM `want` WHERE `show_id` = 1 LIMIT 1   [ RunTime:0.0007s ]
SQL: SHOW COLUMNS FROM `attend` [ RunTime:0.0204s ]
SQL: SHOW COLUMNS FROM `attend` [ RunTime:0.0179s ]
SQL: SELECT `band_id` FROM `attend` WHERE `show_id` = 1  [ RunTime:0.0015s ]
SQL: SHOW COLUMNS FROM `band` [ RunTime:0.0176s ]
SQL: SHOW COLUMNS FROM `band` [ RunTime:0.0198s ]
SQL: SELECT * FROM `band` WHERE `band_id` = 1  [ RunTime:0.0005s ]
SQL: SHOW COLUMNS FROM `band` [ RunTime:0.0062s ]
SQL: SHOW COLUMNS FROM `band` [ RunTime:0.0080s ]
SQL: SELECT * FROM `band` WHERE `band_id` = 2  [ RunTime:0.0003s ]
SQL: SHOW COLUMNS FROM `band` [ RunTime:0.0057s ]
SQL: SHOW COLUMNS FROM `band` [ RunTime:0.0084s ]
SQL: SELECT * FROM `band` WHERE `band_id` = 3  [ RunTime:0.0003s ]
SQL: SHOW COLUMNS FROM `band` [ RunTime:0.0050s ]
SQL: SHOW COLUMNS FROM `band` [ RunTime:0.0054s ]
SQL: SELECT * FROM `band` WHERE `band_id` = 4  [ RunTime:0.0013s ]
SQL: SHOW COLUMNS FROM `band` [ RunTime:0.0071s ]
SQL: SHOW COLUMNS FROM `band` [ RunTime:0.0054s ]
SQL: SELECT * FROM `band` WHERE `band_id` = 5  [ RunTime:0.0003s ]
NOTIC: [8] Undefined index: sort D:\xampp\htdocs\GuDao\GuDao\Home\Controller\ShowController.class.php 第 96 行.

[ 2018-03-11T14:38:41+08:00 ] ::1 /GuDao/Band
INFO: [ app_init ] --START--
INFO: Run Behavior\BuildLiteBehavior [ RunTime:0.000018s ]
INFO: [ app_init ] --END-- [ RunTime:0.000443s ]
INFO: [ app_begin ] --START--
INFO: Run Behavior\ReadHtmlCacheBehavior [ RunTime:0.000548s ]
INFO: [ app_begin ] --END-- [ RunTime:0.000606s ]
INFO: [ view_parse ] --START--
INFO: [ template_filter ] --START--
INFO: Run Behavior\ContentReplaceBehavior [ RunTime:0.000101s ]
INFO: [ template_filter ] --END-- [ RunTime:0.000220s ]
INFO: Run Behavior\ParseTemplateBehavior [ RunTime:0.044357s ]
INFO: [ view_parse ] --END-- [ RunTime:0.044434s ]
INFO: [ view_filter ] --START--
INFO: Run Behavior\WriteHtmlCacheBehavior [ RunTime:0.000429s ]
INFO: [ view_filter ] --END-- [ RunTime:0.000475s ]
INFO: [ app_end ] --START--
INFO: Run Behavior\ShowPageTraceBehavior [ RunTime:0.000657s ]
INFO: [ app_end ] --END-- [ RunTime:0.000708s ]

[ 2018-03-11T14:38:41+08:00 ] ::1 /GuDao/Public/img/user/headImg.jpg
INFO: [ app_init ] --START--
INFO: Run Behavior\BuildLiteBehavior [ RunTime:0.000024s ]
INFO: [ app_init ] --END-- [ RunTime:0.000687s ]

[ 2018-03-11T14:38:41+08:00 ] ::1 /GuDao/index.php/Home/Band/getBandByPage?pageIndex=1&pageSize=10&initial=L
INFO: [ app_init ] --START--
INFO: Run Behavior\BuildLiteBehavior [ RunTime:0.000028s ]
INFO: [ app_init ] --END-- [ RunTime:0.000725s ]
INFO: [ app_begin ] --START--
INFO: Run Behavior\ReadHtmlCacheBehavior [ RunTime:0.001233s ]
INFO: [ app_begin ] --END-- [ RunTime:0.001479s ]
SQL: SHOW COLUMNS FROM `band` [ RunTime:0.0098s ]
SQL: SHOW COLUMNS FROM `band` [ RunTime:0.0151s ]
SQL: SELECT * FROM `band` WHERE `band_initial` = 'L' LIMIT 0,10   [ RunTime:0.0025s ]
SQL: SHOW COLUMNS FROM `support` [ RunTime:0.0171s ]
SQL: SHOW COLUMNS FROM `support` [ RunTime:0.0155s ]
SQL: SELECT COUNT(*) AS tp_count FROM `support` WHERE `band_id` = 1 LIMIT 1   [ RunTime:0.0008s ]
SQL: SHOW COLUMNS FROM `support` [ RunTime:0.0165s ]
SQL: SHOW COLUMNS FROM `support` [ RunTime:0.0148s ]
SQL: SELECT COUNT(*) AS tp_count FROM `support` WHERE `band_id` = 8 LIMIT 1   [ RunTime:0.0005s ]

[ 2018-03-11T14:38:42+08:00 ] ::1 /GuDao/index.php/Home/Band/getBandByPage?pageIndex=1&pageSize=10
INFO: [ app_init ] --START--
INFO: Run Behavior\BuildLiteBehavior [ RunTime:0.000028s ]
INFO: [ app_init ] --END-- [ RunTime:0.000939s ]
INFO: [ app_begin ] --START--
INFO: Run Behavior\ReadHtmlCacheBehavior [ RunTime:0.000996s ]
INFO: [ app_begin ] --END-- [ RunTime:0.001109s ]
NOTIC: [8] Undefined index: initial D:\xampp\htdocs\GuDao\GuDao\Home\Controller\BandController.class.php 第 44 行.
SQL: SHOW COLUMNS FROM `band` [ RunTime:0.0144s ]
NOTIC: [8] Undefined variable: condition D:\xampp\htdocs\GuDao\GuDao\Home\Controller\BandController.class.php 第 48 行.
SQL: SHOW COLUMNS FROM `band` [ RunTime:0.0114s ]
SQL: SELECT * FROM `band` LIMIT 0,10   [ RunTime:0.0004s ]
SQL: SHOW COLUMNS FROM `support` [ RunTime:0.0130s ]
SQL: SHOW COLUMNS FROM `support` [ RunTime:0.0174s ]
SQL: SELECT COUNT(*) AS tp_count FROM `support` WHERE `band_id` = 1 LIMIT 1   [ RunTime:0.0005s ]
SQL: SHOW COLUMNS FROM `support` [ RunTime:0.0179s ]
SQL: SHOW COLUMNS FROM `support` [ RunTime:0.0189s ]
SQL: SELECT COUNT(*) AS tp_count FROM `support` WHERE `band_id` = 2 LIMIT 1   [ RunTime:0.0004s ]
SQL: SHOW COLUMNS FROM `support` [ RunTime:0.0253s ]
SQL: SHOW COLUMNS FROM `support` [ RunTime:0.0178s ]
SQL: SELECT COUNT(*) AS tp_count FROM `support` WHERE `band_id` = 3 LIMIT 1   [ RunTime:0.0008s ]
SQL: SHOW COLUMNS FROM `support` [ RunTime:0.0190s ]
SQL: SHOW COLUMNS FROM `support` [ RunTime:0.0176s ]
SQL: SELECT COUNT(*) AS tp_count FROM `support` WHERE `band_id` = 4 LIMIT 1   [ RunTime:0.0014s ]
SQL: SHOW COLUMNS FROM `support` [ RunTime:0.0165s ]
SQL: SHOW COLUMNS FROM `support` [ RunTime:0.0145s ]
SQL: SELECT COUNT(*) AS tp_count FROM `support` WHERE `band_id` = 5 LIMIT 1   [ RunTime:0.0017s ]
SQL: SHOW COLUMNS FROM `support` [ RunTime:0.0057s ]
SQL: SHOW COLUMNS FROM `support` [ RunTime:0.0080s ]
SQL: SELECT COUNT(*) AS tp_count FROM `support` WHERE `band_id` = 6 LIMIT 1   [ RunTime:0.0003s ]
SQL: SHOW COLUMNS FROM `support` [ RunTime:0.0050s ]
SQL: SHOW COLUMNS FROM `support` [ RunTime:0.0048s ]
SQL: SELECT COUNT(*) AS tp_count FROM `support` WHERE `band_id` = 7 LIMIT 1   [ RunTime:0.0002s ]
SQL: SHOW COLUMNS FROM `support` [ RunTime:0.0069s ]
SQL: SHOW COLUMNS FROM `support` [ RunTime:0.0050s ]
SQL: SELECT COUNT(*) AS tp_count FROM `support` WHERE `band_id` = 8 LIMIT 1   [ RunTime:0.0003s ]
SQL: SHOW COLUMNS FROM `support` [ RunTime:0.0050s ]
SQL: SHOW COLUMNS FROM `support` [ RunTime:0.0069s ]
SQL: SELECT COUNT(*) AS tp_count FROM `support` WHERE `band_id` = 9 LIMIT 1   [ RunTime:0.0003s ]

[ 2018-03-11T14:38:42+08:00 ] ::1 /GuDao/index.php/Home/Band/getInitial
INFO: [ app_init ] --START--
INFO: Run Behavior\BuildLiteBehavior [ RunTime:0.000022s ]
INFO: [ app_init ] --END-- [ RunTime:0.000735s ]
INFO: [ app_begin ] --START--
INFO: Run Behavior\ReadHtmlCacheBehavior [ RunTime:0.002271s ]
INFO: [ app_begin ] --END-- [ RunTime:0.002905s ]
SQL: SHOW COLUMNS FROM `band` [ RunTime:0.0057s ]
SQL: SHOW COLUMNS FROM `band` [ RunTime:0.0067s ]
SQL: SELECT `band_initial` FROM `band` GROUP BY band_initial  [ RunTime:0.0005s ]

[ 2018-03-11T14:38:44+08:00 ] ::1 /GuDao/Index/login
INFO: [ app_init ] --START--
INFO: Run Behavior\BuildLiteBehavior [ RunTime:0.000022s ]
INFO: [ app_init ] --END-- [ RunTime:0.001051s ]
INFO: [ app_begin ] --START--
INFO: Run Behavior\ReadHtmlCacheBehavior [ RunTime:0.000647s ]
INFO: [ app_begin ] --END-- [ RunTime:0.000716s ]
INFO: [ view_parse ] --START--
INFO: [ template_filter ] --START--
INFO: Run Behavior\ContentReplaceBehavior [ RunTime:0.000063s ]
INFO: [ template_filter ] --END-- [ RunTime:0.000129s ]
INFO: Run Behavior\ParseTemplateBehavior [ RunTime:0.123691s ]
INFO: [ view_parse ] --END-- [ RunTime:0.123893s ]
INFO: [ view_filter ] --START--
INFO: Run Behavior\WriteHtmlCacheBehavior [ RunTime:0.001034s ]
INFO: [ view_filter ] --END-- [ RunTime:0.001145s ]
INFO: [ app_end ] --START--
INFO: Run Behavior\ShowPageTraceBehavior [ RunTime:0.002764s ]
INFO: [ app_end ] --END-- [ RunTime:0.002907s ]

[ 2018-03-11T14:38:45+08:00 ] ::1 /GuDao/Public/img/user/headImg.jpg
INFO: [ app_init ] --START--
INFO: Run Behavior\BuildLiteBehavior [ RunTime:0.000016s ]
INFO: [ app_init ] --END-- [ RunTime:0.000441s ]

[ 2018-03-11T14:38:46+08:00 ] ::1 /GuDao/User/forgetPassword
INFO: [ app_init ] --START--
INFO: Run Behavior\BuildLiteBehavior [ RunTime:0.000028s ]
INFO: [ app_init ] --END-- [ RunTime:0.000731s ]
INFO: [ app_begin ] --START--
INFO: Run Behavior\ReadHtmlCacheBehavior [ RunTime:0.001434s ]
INFO: [ app_begin ] --END-- [ RunTime:0.001730s ]
INFO: [ view_parse ] --START--
INFO: [ template_filter ] --START--
INFO: Run Behavior\ContentReplaceBehavior [ RunTime:0.000070s ]
INFO: [ template_filter ] --END-- [ RunTime:0.000137s ]
INFO: Run Behavior\ParseTemplateBehavior [ RunTime:0.065241s ]
INFO: [ view_parse ] --END-- [ RunTime:0.065355s ]
INFO: [ view_filter ] --START--
INFO: Run Behavior\WriteHtmlCacheBehavior [ RunTime:0.000367s ]
INFO: [ view_filter ] --END-- [ RunTime:0.000418s ]
INFO: [ app_end ] --START--
INFO: Run Behavior\ShowPageTraceBehavior [ RunTime:0.000634s ]
INFO: [ app_end ] --END-- [ RunTime:0.000691s ]

[ 2018-03-11T14:38:46+08:00 ] ::1 /GuDao/Public/img/user/headImg.jpg
INFO: [ app_init ] --START--
INFO: Run Behavior\BuildLiteBehavior [ RunTime:0.000018s ]
INFO: [ app_init ] --END-- [ RunTime:0.000469s ]

[ 2018-03-11T14:38:49+08:00 ] ::1 /GuDao/Index/register
INFO: [ app_init ] --START--
INFO: Run Behavior\BuildLiteBehavior [ RunTime:0.000017s ]
INFO: [ app_init ] --END-- [ RunTime:0.000496s ]
INFO: [ app_begin ] --START--
INFO: Run Behavior\ReadHtmlCacheBehavior [ RunTime:0.000588s ]
INFO: [ app_begin ] --END-- [ RunTime:0.000662s ]
INFO: [ view_parse ] --START--
INFO: [ template_filter ] --START--
INFO: Run Behavior\ContentReplaceBehavior [ RunTime:0.000094s ]
INFO: [ template_filter ] --END-- [ RunTime:0.000205s ]
INFO: Run Behavior\ParseTemplateBehavior [ RunTime:0.027835s ]
INFO: [ view_parse ] --END-- [ RunTime:0.027912s ]
INFO: [ view_filter ] --START--
INFO: Run Behavior\WriteHtmlCacheBehavior [ RunTime:0.000315s ]
INFO: [ view_filter ] --END-- [ RunTime:0.000362s ]
INFO: [ app_end ] --START--
INFO: Run Behavior\ShowPageTraceBehavior [ RunTime:0.000576s ]
INFO: [ app_end ] --END-- [ RunTime:0.000626s ]

[ 2018-03-11T14:38:49+08:00 ] ::1 /GuDao/Public/img/user/headImg.jpg
INFO: [ app_init ] --START--
INFO: Run Behavior\BuildLiteBehavior [ RunTime:0.000021s ]
INFO: [ app_init ] --END-- [ RunTime:0.000605s ]

[ 2018-03-11T14:39:17+08:00 ] ::1 /GuDao/Public/css/common/bootstrap.css.map
INFO: [ app_init ] --START--
INFO: Run Behavior\BuildLiteBehavior [ RunTime:0.000016s ]
INFO: [ app_init ] --END-- [ RunTime:0.000449s ]
INFO: [ app_begin ] --START--
INFO: Run Behavior\ReadHtmlCacheBehavior [ RunTime:0.001548s ]
INFO: [ app_begin ] --END-- [ RunTime:0.001706s ]
ERR: 无法加载控制器:Public

[ 2018-03-11T14:39:18+08:00 ] ::1 /GuDao/Index/register
INFO: [ app_init ] --START--
INFO: Run Behavior\BuildLiteBehavior [ RunTime:0.000021s ]
INFO: [ app_init ] --END-- [ RunTime:0.000585s ]
INFO: [ app_begin ] --START--
INFO: Run Behavior\ReadHtmlCacheBehavior [ RunTime:0.000701s ]
INFO: [ app_begin ] --END-- [ RunTime:0.000776s ]
INFO: [ view_parse ] --START--
INFO: [ template_filter ] --START--
INFO: Run Behavior\ContentReplaceBehavior [ RunTime:0.000282s ]
INFO: [ template_filter ] --END-- [ RunTime:0.000733s ]
INFO: Run Behavior\ParseTemplateBehavior [ RunTime:0.010325s ]
INFO: [ view_parse ] --END-- [ RunTime:0.010397s ]
INFO: [ view_filter ] --START--
INFO: Run Behavior\WriteHtmlCacheBehavior [ RunTime:0.000349s ]
INFO: [ view_filter ] --END-- [ RunTime:0.000402s ]
INFO: [ app_end ] --START--
INFO: Run Behavior\ShowPageTraceBehavior [ RunTime:0.000570s ]
INFO: [ app_end ] --END-- [ RunTime:0.000620s ]

[ 2018-03-11T14:39:18+08:00 ] ::1 /GuDao/Public/img/user/headImg.jpg
INFO: [ app_init ] --START--
INFO: Run Behavior\BuildLiteBehavior [ RunTime:0.000018s ]
INFO: [ app_init ] --END-- [ RunTime:0.000547s ]

[ 2018-03-11T14:39:18+08:00 ] ::1 /GuDao/Public/css/common/bootstrap.css.map
INFO: [ app_init ] --START--
INFO: Run Behavior\BuildLiteBehavior [ RunTime:0.000018s ]
INFO: [ app_init ] --END-- [ RunTime:0.000477s ]
INFO: [ app_begin ] --START--
INFO: Run Behavior\ReadHtmlCacheBehavior [ RunTime:0.000577s ]
INFO: [ app_begin ] --END-- [ RunTime:0.000638s ]
ERR: 无法加载控制器:Public

[ 2018-03-11T14:39:20+08:00 ] ::1 /GuDao/Index/register
INFO: [ app_init ] --START--
INFO: Run Behavior\BuildLiteBehavior [ RunTime:0.000023s ]
INFO: [ app_init ] --END-- [ RunTime:0.001474s ]
INFO: [ app_begin ] --START--
INFO: Run Behavior\ReadHtmlCacheBehavior [ RunTime:0.000795s ]
INFO: [ app_begin ] --END-- [ RunTime:0.000882s ]
INFO: [ view_parse ] --START--
INFO: [ template_filter ] --START--
INFO: Run Behavior\ContentReplaceBehavior [ RunTime:0.000056s ]
INFO: [ template_filter ] --END-- [ RunTime:0.000125s ]
INFO: Run Behavior\ParseTemplateBehavior [ RunTime:0.007864s ]
INFO: [ view_parse ] --END-- [ RunTime:0.007955s ]
INFO: [ view_filter ] --START--
INFO: Run Behavior\WriteHtmlCacheBehavior [ RunTime:0.000590s ]
INFO: [ view_filter ] --END-- [ RunTime:0.000717s ]
INFO: [ app_end ] --START--
INFO: Run Behavior\ShowPageTraceBehavior [ RunTime:0.000619s ]
INFO: [ app_end ] --END-- [ RunTime:0.000673s ]

[ 2018-03-11T14:39:20+08:00 ] ::1 /GuDao/Public/img/user/headImg.jpg
INFO: [ app_init ] --START--
INFO: Run Behavior\BuildLiteBehavior [ RunTime:0.000027s ]
INFO: [ app_init ] --END-- [ RunTime:0.000589s ]

[ 2018-03-11T14:39:20+08:00 ] ::1 /GuDao/Public/css/common/bootstrap.css.map
INFO: [ app_init ] --START--
INFO: Run Behavior\BuildLiteBehavior [ RunTime:0.000018s ]
INFO: [ app_init ] --END-- [ RunTime:0.000491s ]
INFO: [ app_begin ] --START--
INFO: Run Behavior\ReadHtmlCacheBehavior [ RunTime:0.000598s ]
INFO: [ app_begin ] --END-- [ RunTime:0.000662s ]
ERR: 无法加载控制器:Public

[ 2018-03-11T14:39:20+08:00 ] ::1 /GuDao/Index/register
INFO: [ app_init ] --START--
INFO: Run Behavior\BuildLiteBehavior [ RunTime:0.000018s ]
INFO: [ app_init ] --END-- [ RunTime:0.000520s ]
INFO: [ app_begin ] --START--
INFO: Run Behavior\ReadHtmlCacheBehavior [ RunTime:0.000616s ]
INFO: [ app_begin ] --END-- [ RunTime:0.000684s ]
INFO: [ view_parse ] --START--
INFO: [ template_filter ] --START--
INFO: Run Behavior\ContentReplaceBehavior [ RunTime:0.000063s ]
INFO: [ template_filter ] --END-- [ RunTime:0.000133s ]
INFO: Run Behavior\ParseTemplateBehavior [ RunTime:0.007871s ]
INFO: [ view_parse ] --END-- [ RunTime:0.007947s ]
INFO: [ view_filter ] --START--
INFO: Run Behavior\WriteHtmlCacheBehavior [ RunTime:0.000393s ]
INFO: [ view_filter ] --END-- [ RunTime:0.000455s ]
INFO: [ app_end ] --START--
INFO: Run Behavior\ShowPageTraceBehavior [ RunTime:0.000951s ]
INFO: [ app_end ] --END-- [ RunTime:0.001031s ]

[ 2018-03-11T14:39:21+08:00 ] ::1 /GuDao/Public/img/user/headImg.jpg
INFO: [ app_init ] --START--
INFO: Run Behavior\BuildLiteBehavior [ RunTime:0.000018s ]
INFO: [ app_init ] --END-- [ RunTime:0.000461s ]

[ 2018-03-11T14:39:21+08:00 ] ::1 /GuDao/Public/css/common/bootstrap.css.map
INFO: [ app_init ] --START--
INFO: Run Behavior\BuildLiteBehavior [ RunTime:0.000020s ]
INFO: [ app_init ] --END-- [ RunTime:0.000539s ]
INFO: [ app_begin ] --START--
INFO: Run Behavior\ReadHtmlCacheBehavior [ RunTime:0.001127s ]
INFO: [ app_begin ] --END-- [ RunTime:0.001244s ]
ERR: 无法加载控制器:Public

[ 2018-03-11T14:39:26+08:00 ] ::1 /GuDao/Notice
INFO: [ app_init ] --START--
INFO: Run Behavior\BuildLiteBehavior [ RunTime:0.000016s ]
INFO: [ app_init ] --END-- [ RunTime:0.000489s ]
INFO: [ app_begin ] --START--
INFO: Run Behavior\ReadHtmlCacheBehavior [ RunTime:0.001242s ]
INFO: [ app_begin ] --END-- [ RunTime:0.001314s ]
INFO: [ view_parse ] --START--
INFO: [ template_filter ] --START--
INFO: Run Behavior\ContentReplaceBehavior [ RunTime:0.000088s ]
INFO: [ template_filter ] --END-- [ RunTime:0.000166s ]
INFO: Run Behavior\ParseTemplateBehavior [ RunTime:0.007378s ]
INFO: [ view_parse ] --END-- [ RunTime:0.007454s ]
INFO: [ view_filter ] --START--
INFO: Run Behavior\WriteHtmlCacheBehavior [ RunTime:0.000319s ]
INFO: [ view_filter ] --END-- [ RunTime:0.000367s ]
INFO: [ app_end ] --START--
INFO: Run Behavior\ShowPageTraceBehavior [ RunTime:0.000566s ]
INFO: [ app_end ] --END-- [ RunTime:0.000721s ]

[ 2018-03-11T14:39:26+08:00 ] ::1 /GuDao/Public/img/user/headImg.jpg
INFO: [ app_init ] --START--
INFO: Run Behavior\BuildLiteBehavior [ RunTime:0.000029s ]
INFO: [ app_init ] --END-- [ RunTime:0.000832s ]

[ 2018-03-11T14:39:26+08:00 ] ::1 /GuDao/Public/css/common/bootstrap.css.map
INFO: [ app_init ] --START--
INFO: Run Behavior\BuildLiteBehavior [ RunTime:0.000029s ]
INFO: [ app_init ] --END-- [ RunTime:0.000829s ]
INFO: [ app_begin ] --START--
INFO: Run Behavior\ReadHtmlCacheBehavior [ RunTime:0.001358s ]
INFO: [ app_begin ] --END-- [ RunTime:0.001516s ]
ERR: 无法加载控制器:Public

[ 2018-03-11T14:39:26+08:00 ] ::1 /GuDao/index.php/Home/Notice/getNoticeByPage?pageIndex=1&pageSize=10
INFO: [ app_init ] --START--
INFO: Run Behavior\BuildLiteBehavior [ RunTime:0.000026s ]
INFO: [ app_init ] --END-- [ RunTime:0.001099s ]
INFO: [ app_begin ] --START--
INFO: Run Behavior\ReadHtmlCacheBehavior [ RunTime:0.001060s ]
INFO: [ app_begin ] --END-- [ RunTime:0.001183s ]
NOTIC: [8] Undefined index: type D:\xampp\htdocs\GuDao\GuDao\Home\Controller\NoticeController.class.php 第 14 行.
SQL: SHOW COLUMNS FROM `notice` [ RunTime:0.0161s ]
NOTIC: [8] Undefined variable: condition D:\xampp\htdocs\GuDao\GuDao\Home\Controller\NoticeController.class.php 第 18 行.
SQL: SHOW COLUMNS FROM `notice` [ RunTime:0.0171s ]
SQL: SELECT * FROM `notice` ORDER BY notice_time desc LIMIT 0,10   [ RunTime:0.0007s ]

[ 2018-03-11T14:39:26+08:00 ] ::1 /GuDao/index.php/Home/Notice/getNoticeByPage?pageIndex=1&pageSize=10&type=1
INFO: [ app_init ] --START--
INFO: Run Behavior\BuildLiteBehavior [ RunTime:0.000027s ]
INFO: [ app_init ] --END-- [ RunTime:0.001059s ]
INFO: [ app_begin ] --START--
INFO: Run Behavior\ReadHtmlCacheBehavior [ RunTime:0.001331s ]
INFO: [ app_begin ] --END-- [ RunTime:0.001466s ]
SQL: SHOW COLUMNS FROM `notice` [ RunTime:0.0058s ]
SQL: SHOW COLUMNS FROM `notice` [ RunTime:0.0087s ]
SQL: SELECT * FROM `notice` WHERE `notice_type` = 1 ORDER BY notice_time desc LIMIT 0,10   [ RunTime:0.0004s ]

[ 2018-03-11T14:39:43+08:00 ] ::1 /GuDao/Show
INFO: [ app_init ] --START--
INFO: Run Behavior\BuildLiteBehavior [ RunTime:0.000015s ]
INFO: [ app_init ] --END-- [ RunTime:0.000436s ]
INFO: [ app_begin ] --START--
INFO: Run Behavior\ReadHtmlCacheBehavior [ RunTime:0.000566s ]
INFO: [ app_begin ] --END-- [ RunTime:0.000629s ]
INFO: [ view_parse ] --START--
INFO: [ template_filter ] --START--
INFO: Run Behavior\ContentReplaceBehavior [ RunTime:0.000108s ]
INFO: [ template_filter ] --END-- [ RunTime:0.000264s ]
INFO: Run Behavior\ParseTemplateBehavior [ RunTime:0.008318s ]
INFO: [ view_parse ] --END-- [ RunTime:0.008402s ]
INFO: [ view_filter ] --START--
INFO: Run Behavior\WriteHtmlCacheBehavior [ RunTime:0.000309s ]
INFO: [ view_filter ] --END-- [ RunTime:0.000353s ]
INFO: [ app_end ] --START--
INFO: Run Behavior\ShowPageTraceBehavior [ RunTime:0.000564s ]
INFO: [ app_end ] --END-- [ RunTime:0.000612s ]

[ 2018-03-11T14:39:43+08:00 ] ::1 /GuDao/Public/css/common/bootstrap.css.map
INFO: [ app_init ] --START--
INFO: Run Behavior\BuildLiteBehavior [ RunTime:0.000018s ]
INFO: [ app_init ] --END-- [ RunTime:0.000457s ]
INFO: [ app_begin ] --START--
INFO: Run Behavior\ReadHtmlCacheBehavior [ RunTime:0.000865s ]
INFO: [ app_begin ] --END-- [ RunTime:0.000969s ]
ERR: 无法加载控制器:Public

[ 2018-03-11T14:39:43+08:00 ] ::1 /GuDao/Show/getShowPlace
INFO: [ app_init ] --START--
INFO: Run Behavior\BuildLiteBehavior [ RunTime:0.000026s ]
INFO: [ app_init ] --END-- [ RunTime:0.000696s ]
INFO: [ app_begin ] --START--
INFO: Run Behavior\ReadHtmlCacheBehavior [ RunTime:0.000697s ]
INFO: [ app_begin ] --END-- [ RunTime:0.000772s ]
SQL: SHOW COLUMNS FROM `show` [ RunTime:0.0079s ]
SQL: SHOW COLUMNS FROM `show` [ RunTime:0.0080s ]
SQL: SELECT `show_place` FROM `show` GROUP BY show_place  [ RunTime:0.0075s ]

[ 2018-03-11T14:39:43+08:00 ] ::1 /GuDao/Public/img/user/headImg.jpg
INFO: [ app_init ] --START--
INFO: Run Behavior\BuildLiteBehavior [ RunTime:0.000029s ]
INFO: [ app_init ] --END-- [ RunTime:0.000917s ]

[ 2018-03-11T14:39:44+08:00 ] ::1 /GuDao/Show/getShowByPage?pageIndex=1&pageSize=6
INFO: [ app_init ] --START--
INFO: Run Behavior\BuildLiteBehavior [ RunTime:0.000016s ]
INFO: [ app_init ] --END-- [ RunTime:0.000442s ]
INFO: [ app_begin ] --START--
INFO: Run Behavior\ReadHtmlCacheBehavior [ RunTime:0.000858s ]
INFO: [ app_begin ] --END-- [ RunTime:0.000954s ]
NOTIC: [8] Undefined index: place D:\xampp\htdocs\GuDao\GuDao\Home\Controller\ShowController.class.php 第 43 行.
NOTIC: [8] Undefined index: state D:\xampp\htdocs\GuDao\GuDao\Home\Controller\ShowController.class.php 第 46 行.
SQL: SHOW COLUMNS FROM `show` [ RunTime:0.0093s ]
NOTIC: [8] Undefined variable: condition D:\xampp\htdocs\GuDao\GuDao\Home\Controller\ShowController.class.php 第 50 行.
SQL: SHOW COLUMNS FROM `show` [ RunTime:0.0092s ]
SQL: SELECT * FROM `show` ORDER BY show_time desc LIMIT 0,6   [ RunTime:0.0006s ]
SQL: SHOW COLUMNS FROM `want` [ RunTime:0.0075s ]
SQL: SHOW COLUMNS FROM `want` [ RunTime:0.0085s ]
SQL: SELECT COUNT(*) AS tp_count FROM `want` WHERE `show_id` = 2 LIMIT 1   [ RunTime:0.0003s ]
SQL: SHOW COLUMNS FROM `attend` [ RunTime:0.0081s ]
SQL: SHOW COLUMNS FROM `attend` [ RunTime:0.0085s ]
SQL: SELECT `band_id` FROM `attend` WHERE `show_id` = 2  [ RunTime:0.0004s ]
SQL: SHOW COLUMNS FROM `band` [ RunTime:0.0112s ]
SQL: SHOW COLUMNS FROM `band` [ RunTime:0.0127s ]
SQL: SELECT * FROM `band` WHERE `band_id` = 6  [ RunTime:0.0005s ]
SQL: SHOW COLUMNS FROM `band` [ RunTime:0.0157s ]
SQL: SHOW COLUMNS FROM `band` [ RunTime:0.0132s ]
SQL: SELECT * FROM `band` WHERE `band_id` = 7  [ RunTime:0.0005s ]
SQL: SHOW COLUMNS FROM `band` [ RunTime:0.0129s ]
SQL: SHOW COLUMNS FROM `band` [ RunTime:0.0135s ]
SQL: SELECT * FROM `band` WHERE `band_id` = 8  [ RunTime:0.0024s ]
SQL: SHOW COLUMNS FROM `band` [ RunTime:0.0128s ]
SQL: SHOW COLUMNS FROM `band` [ RunTime:0.0164s ]
SQL: SELECT * FROM `band` WHERE `band_id` = 9  [ RunTime:0.0011s ]
SQL: SHOW COLUMNS FROM `want` [ RunTime:0.0216s ]
SQL: SHOW COLUMNS FROM `want` [ RunTime:0.0117s ]
SQL: SELECT COUNT(*) AS tp_count FROM `want` WHERE `show_id` = 1 LIMIT 1   [ RunTime:0.0006s ]
SQL: SHOW COLUMNS FROM `attend` [ RunTime:0.0103s ]
SQL: SHOW COLUMNS FROM `attend` [ RunTime:0.0162s ]
SQL: SELECT `band_id` FROM `attend` WHERE `show_id` = 1  [ RunTime:0.0003s ]
SQL: SHOW COLUMNS FROM `band` [ RunTime:0.0114s ]
SQL: SHOW COLUMNS FROM `band` [ RunTime:0.0081s ]
SQL: SELECT * FROM `band` WHERE `band_id` = 1  [ RunTime:0.0018s ]
SQL: SHOW COLUMNS FROM `band` [ RunTime:0.0196s ]
SQL: SHOW COLUMNS FROM `band` [ RunTime:0.0162s ]
SQL: SELECT * FROM `band` WHERE `band_id` = 2  [ RunTime:0.0007s ]
SQL: SHOW COLUMNS FROM `band` [ RunTime:0.0165s ]
SQL: SHOW COLUMNS FROM `band` [ RunTime:0.0127s ]
SQL: SELECT * FROM `band` WHERE `band_id` = 3  [ RunTime:0.0003s ]
SQL: SHOW COLUMNS FROM `band` [ RunTime:0.0053s ]
SQL: SHOW COLUMNS FROM `band` [ RunTime:0.0077s ]
SQL: SELECT * FROM `band` WHERE `band_id` = 4  [ RunTime:0.0003s ]
SQL: SHOW COLUMNS FROM `band` [ RunTime:0.0057s ]
SQL: SHOW COLUMNS FROM `band` [ RunTime:0.0055s ]
SQL: SELECT * FROM `band` WHERE `band_id` = 5  [ RunTime:0.0003s ]
NOTIC: [8] Undefined index: sort D:\xampp\htdocs\GuDao\GuDao\Home\Controller\ShowController.class.php 第 96 行.

[ 2018-03-11T14:46:14+08:00 ] ::1 /GuDao/Show/getShowByPage?pageIndex=1&pageSize=6&place=Encore%20LiveClub&state=0
INFO: [ app_init ] --START--
INFO: Run Behavior\BuildLiteBehavior [ RunTime:0.000017s ]
INFO: [ app_init ] --END-- [ RunTime:0.000641s ]
INFO: [ app_begin ] --START--
INFO: Run Behavior\ReadHtmlCacheBehavior [ RunTime:0.000822s ]
INFO: [ app_begin ] --END-- [ RunTime:0.000910s ]
SQL: SHOW COLUMNS FROM `show` [ RunTime:0.0113s ]
SQL: SHOW COLUMNS FROM `show` [ RunTime:0.0061s ]
SQL: SELECT * FROM `show` WHERE `show_place` = 'Encore LiveClub' ORDER BY show_time desc LIMIT 0,6   [ RunTime:0.0014s ]
SQL: SHOW COLUMNS FROM `want` [ RunTime:0.0082s ]
SQL: SHOW COLUMNS FROM `want` [ RunTime:0.0084s ]
SQL: SELECT COUNT(*) AS tp_count FROM `want` WHERE `show_id` = 1 LIMIT 1   [ RunTime:0.0008s ]
SQL: SHOW COLUMNS FROM `attend` [ RunTime:0.0058s ]
SQL: SHOW COLUMNS FROM `attend` [ RunTime:0.0108s ]
SQL: SELECT `band_id` FROM `attend` WHERE `show_id` = 1  [ RunTime:0.0004s ]
SQL: SHOW COLUMNS FROM `band` [ RunTime:0.0093s ]
SQL: SHOW COLUMNS FROM `band` [ RunTime:0.0092s ]
SQL: SELECT * FROM `band` WHERE `band_id` = 1  [ RunTime:0.0003s ]
SQL: SHOW COLUMNS FROM `band` [ RunTime:0.0096s ]
SQL: SHOW COLUMNS FROM `band` [ RunTime:0.0070s ]
SQL: SELECT * FROM `band` WHERE `band_id` = 2  [ RunTime:0.0003s ]
SQL: SHOW COLUMNS FROM `band` [ RunTime:0.0119s ]
SQL: SHOW COLUMNS FROM `band` [ RunTime:0.0051s ]
SQL: SELECT * FROM `band` WHERE `band_id` = 3  [ RunTime:0.0003s ]
SQL: SHOW COLUMNS FROM `band` [ RunTime:0.0112s ]
SQL: SHOW COLUMNS FROM `band` [ RunTime:0.0064s ]
SQL: SELECT * FROM `band` WHERE `band_id` = 4  [ RunTime:0.0012s ]
SQL: SHOW COLUMNS FROM `band` [ RunTime:0.0084s ]
SQL: SHOW COLUMNS FROM `band` [ RunTime:0.0079s ]
SQL: SELECT * FROM `band` WHERE `band_id` = 5  [ RunTime:0.0004s ]
NOTIC: [8] Undefined index: sort D:\xampp\htdocs\GuDao\GuDao\Home\Controller\ShowController.class.php 第 96 行.

[ 2018-03-11T14:46:15+08:00 ] ::1 /GuDao/Show/getShowByPage?pageIndex=1&pageSize=6&place=%E5%B9%BF%E4%B8%9C%E5%A4%96%E8%AF%AD%E5%A4%96%E8%B4%B8%E5%A4%A7%E5%AD%A6&state=0
INFO: [ app_init ] --START--
INFO: Run Behavior\BuildLiteBehavior [ RunTime:0.000025s ]
INFO: [ app_init ] --END-- [ RunTime:0.000819s ]
INFO: [ app_begin ] --START--
INFO: Run Behavior\ReadHtmlCacheBehavior [ RunTime:0.000988s ]
INFO: [ app_begin ] --END-- [ RunTime:0.001135s ]
SQL: SHOW COLUMNS FROM `show` [ RunTime:0.0086s ]
SQL: SHOW COLUMNS FROM `show` [ RunTime:0.0091s ]
SQL: SELECT * FROM `show` WHERE `show_place` = '广东外语外贸大学' ORDER BY show_time desc LIMIT 0,6   [ RunTime:0.0010s ]
SQL: SHOW COLUMNS FROM `want` [ RunTime:0.0067s ]
SQL: SHOW COLUMNS FROM `want` [ RunTime:0.0108s ]
SQL: SELECT COUNT(*) AS tp_count FROM `want` WHERE `show_id` = 2 LIMIT 1   [ RunTime:0.0003s ]
SQL: SHOW COLUMNS FROM `attend` [ RunTime:0.0078s ]
SQL: SHOW COLUMNS FROM `attend` [ RunTime:0.0111s ]
SQL: SELECT `band_id` FROM `attend` WHERE `show_id` = 2  [ RunTime:0.0003s ]
SQL: SHOW COLUMNS FROM `band` [ RunTime:0.0119s ]
SQL: SHOW COLUMNS FROM `band` [ RunTime:0.0073s ]
SQL: SELECT * FROM `band` WHERE `band_id` = 6  [ RunTime:0.0006s ]
SQL: SHOW COLUMNS FROM `band` [ RunTime:0.0096s ]
SQL: SHOW COLUMNS FROM `band` [ RunTime:0.0080s ]
SQL: SELECT * FROM `band` WHERE `band_id` = 7  [ RunTime:0.0008s ]
SQL: SHOW COLUMNS FROM `band` [ RunTime:0.0084s ]
SQL: SHOW COLUMNS FROM `band` [ RunTime:0.0096s ]
SQL: SELECT * FROM `band` WHERE `band_id` = 8  [ RunTime:0.0008s ]
SQL: SHOW COLUMNS FROM `band` [ RunTime:0.0063s ]
SQL: SHOW COLUMNS FROM `band` [ RunTime:0.0108s ]
SQL: SELECT * FROM `band` WHERE `band_id` = 9  [ RunTime:0.0003s ]
NOTIC: [8] Undefined index: sort D:\xampp\htdocs\GuDao\GuDao\Home\Controller\ShowController.class.php 第 96 行.

[ 2018-03-11T14:46:16+08:00 ] ::1 /GuDao/Show/getShowByPage?pageIndex=1&pageSize=6&place=Encore%20LiveClub&state=0
INFO: [ app_init ] --START--
INFO: Run Behavior\BuildLiteBehavior [ RunTime:0.000020s ]
INFO: [ app_init ] --END-- [ RunTime:0.000695s ]
INFO: [ app_begin ] --START--
INFO: Run Behavior\ReadHtmlCacheBehavior [ RunTime:0.000718s ]
INFO: [ app_begin ] --END-- [ RunTime:0.000829s ]
SQL: SHOW COLUMNS FROM `show` [ RunTime:0.0097s ]
SQL: SHOW COLUMNS FROM `show` [ RunTime:0.0071s ]
SQL: SELECT * FROM `show` WHERE `show_place` = 'Encore LiveClub' ORDER BY show_time desc LIMIT 0,6   [ RunTime:0.0008s ]
SQL: SHOW COLUMNS FROM `want` [ RunTime:0.0080s ]
SQL: SHOW COLUMNS FROM `want` [ RunTime:0.0071s ]
SQL: SELECT COUNT(*) AS tp_count FROM `want` WHERE `show_id` = 1 LIMIT 1   [ RunTime:0.0007s ]
SQL: SHOW COLUMNS FROM `attend` [ RunTime:0.0081s ]
SQL: SHOW COLUMNS FROM `attend` [ RunTime:0.0094s ]
SQL: SELECT `band_id` FROM `attend` WHERE `show_id` = 1  [ RunTime:0.0006s ]
SQL: SHOW COLUMNS FROM `band` [ RunTime:0.0082s ]
SQL: SHOW COLUMNS FROM `band` [ RunTime:0.0109s ]
SQL: SELECT * FROM `band` WHERE `band_id` = 1  [ RunTime:0.0003s ]
SQL: SHOW COLUMNS FROM `band` [ RunTime:0.0081s ]
SQL: SHOW COLUMNS FROM `band` [ RunTime:0.0088s ]
SQL: SELECT * FROM `band` WHERE `band_id` = 2  [ RunTime:0.0003s ]
SQL: SHOW COLUMNS FROM `band` [ RunTime:0.0095s ]
SQL: SHOW COLUMNS FROM `band` [ RunTime:0.0084s ]
SQL: SELECT * FROM `band` WHERE `band_id` = 3  [ RunTime:0.0009s ]
SQL: SHOW COLUMNS FROM `band` [ RunTime:0.0100s ]
SQL: SHOW COLUMNS FROM `band` [ RunTime:0.0064s ]
SQL: SELECT * FROM `band` WHERE `band_id` = 4  [ RunTime:0.0003s ]
SQL: SHOW COLUMNS FROM `band` [ RunTime:0.0107s ]
SQL: SHOW COLUMNS FROM `band` [ RunTime:0.0075s ]
SQL: SELECT * FROM `band` WHERE `band_id` = 5  [ RunTime:0.0007s ]
NOTIC: [8] Undefined index: sort D:\xampp\htdocs\GuDao\GuDao\Home\Controller\ShowController.class.php 第 96 行.

[ 2018-03-11T14:46:17+08:00 ] ::1 /GuDao/Show/getShowByPage?pageIndex=1&pageSize=6&place=&state=0
INFO: [ app_init ] --START--
INFO: Run Behavior\BuildLiteBehavior [ RunTime:0.000017s ]
INFO: [ app_init ] --END-- [ RunTime:0.000447s ]
INFO: [ app_begin ] --START--
INFO: Run Behavior\ReadHtmlCacheBehavior [ RunTime:0.000548s ]
INFO: [ app_begin ] --END-- [ RunTime:0.000603s ]
SQL: SHOW COLUMNS FROM `show` [ RunTime:0.0056s ]
NOTIC: [8] Undefined variable: condition D:\xampp\htdocs\GuDao\GuDao\Home\Controller\ShowController.class.php 第 50 行.
SQL: SHOW COLUMNS FROM `show` [ RunTime:0.0103s ]
SQL: SELECT * FROM `show` ORDER BY show_time desc LIMIT 0,6   [ RunTime:0.0004s ]
SQL: SHOW COLUMNS FROM `want` [ RunTime:0.0080s ]
SQL: SHOW COLUMNS FROM `want` [ RunTime:0.0079s ]
SQL: SELECT COUNT(*) AS tp_count FROM `want` WHERE `show_id` = 2 LIMIT 1   [ RunTime:0.0003s ]
SQL: SHOW COLUMNS FROM `attend` [ RunTime:0.0108s ]
SQL: SHOW COLUMNS FROM `attend` [ RunTime:0.0057s ]
SQL: SELECT `band_id` FROM `attend` WHERE `show_id` = 2  [ RunTime:0.0003s ]
SQL: SHOW COLUMNS FROM `band` [ RunTime:0.0118s ]
SQL: SHOW COLUMNS FROM `band` [ RunTime:0.0062s ]
SQL: SELECT * FROM `band` WHERE `band_id` = 6  [ RunTime:0.0015s ]
SQL: SHOW COLUMNS FROM `band` [ RunTime:0.0091s ]
SQL: SHOW COLUMNS FROM `band` [ RunTime:0.0096s ]
SQL: SELECT * FROM `band` WHERE `band_id` = 7  [ RunTime:0.0008s ]
SQL: SHOW COLUMNS FROM `band` [ RunTime:0.0067s ]
SQL: SHOW COLUMNS FROM `band` [ RunTime:0.0115s ]
SQL: SELECT * FROM `band` WHERE `band_id` = 8  [ RunTime:0.0003s ]
SQL: SHOW COLUMNS FROM `band` [ RunTime:0.0053s ]
SQL: SHOW COLUMNS FROM `band` [ RunTime:0.0118s ]
SQL: SELECT * FROM `band` WHERE `band_id` = 9  [ RunTime:0.0004s ]
SQL: SHOW COLUMNS FROM `want` [ RunTime:0.0095s ]
SQL: SHOW COLUMNS FROM `want` [ RunTime:0.0081s ]
SQL: SELECT COUNT(*) AS tp_count FROM `want` WHERE `show_id` = 1 LIMIT 1   [ RunTime:0.0003s ]
SQL: SHOW COLUMNS FROM `attend` [ RunTime:0.0107s ]
SQL: SHOW COLUMNS FROM `attend` [ RunTime:0.0051s ]
SQL: SELECT `band_id` FROM `attend` WHERE `show_id` = 1  [ RunTime:0.0003s ]
SQL: SHOW COLUMNS FROM `band` [ RunTime:0.0113s ]
SQL: SHOW COLUMNS FROM `band` [ RunTime:0.0062s ]
SQL: SELECT * FROM `band` WHERE `band_id` = 1  [ RunTime:0.0003s ]
SQL: SHOW COLUMNS FROM `band` [ RunTime:0.0113s ]
SQL: SHOW COLUMNS FROM `band` [ RunTime:0.0053s ]
SQL: SELECT * FROM `band` WHERE `band_id` = 2  [ RunTime:0.0010s ]
SQL: SHOW COLUMNS FROM `band` [ RunTime:0.0093s ]
SQL: SHOW COLUMNS FROM `band` [ RunTime:0.0053s ]
SQL: SELECT * FROM `band` WHERE `band_id` = 3  [ RunTime:0.0010s ]
SQL: SHOW COLUMNS FROM `band` [ RunTime:0.0096s ]
SQL: SHOW COLUMNS FROM `band` [ RunTime:0.0081s ]
SQL: SELECT * FROM `band` WHERE `band_id` = 4  [ RunTime:0.0004s ]
SQL: SHOW COLUMNS FROM `band` [ RunTime:0.0076s ]
SQL: SHOW COLUMNS FROM `band` [ RunTime:0.0082s ]
SQL: SELECT * FROM `band` WHERE `band_id` = 5  [ RunTime:0.0005s ]
NOTIC: [8] Undefined index: sort D:\xampp\htdocs\GuDao\GuDao\Home\Controller\ShowController.class.php 第 96 行.

